[0.075s] Invoking command in '/home/pi/dabom/dabom_ws/src/build/xbox_controller': CMAKE_PREFIX_PATH=${CMAKE_PREFIX_PATH}:/home/pi/dabom/dabom_ws/install/dabom_bringup:/home/pi/dabom/dabom_ws/install/x_serial:/home/pi/dabom/dabom_ws/install/serial_comm:/home/pi/dabom/dabom_ws/install/odom:/home/pi/dabom/dabom_ws/install/inv_kin:/home/pi/dabom/dabom_ws/install/dabom_joy:/opt/ros/humble /usr/bin/cmake --build /home/pi/dabom/dabom_ws/src/build/xbox_controller -- -j4 -l4
[0.311s] Invoked command in '/home/pi/dabom/dabom_ws/src/build/xbox_controller' returned '0': CMAKE_PREFIX_PATH=${CMAKE_PREFIX_PATH}:/home/pi/dabom/dabom_ws/install/dabom_bringup:/home/pi/dabom/dabom_ws/install/x_serial:/home/pi/dabom/dabom_ws/install/serial_comm:/home/pi/dabom/dabom_ws/install/odom:/home/pi/dabom/dabom_ws/install/inv_kin:/home/pi/dabom/dabom_ws/install/dabom_joy:/opt/ros/humble /usr/bin/cmake --build /home/pi/dabom/dabom_ws/src/build/xbox_controller -- -j4 -l4
[0.466s] Invoking command in '/home/pi/dabom/dabom_ws/src/build/xbox_controller': CMAKE_PREFIX_PATH=${CMAKE_PREFIX_PATH}:/home/pi/dabom/dabom_ws/install/dabom_bringup:/home/pi/dabom/dabom_ws/install/x_serial:/home/pi/dabom/dabom_ws/install/serial_comm:/home/pi/dabom/dabom_ws/install/odom:/home/pi/dabom/dabom_ws/install/inv_kin:/home/pi/dabom/dabom_ws/install/dabom_joy:/opt/ros/humble /usr/bin/cmake --install /home/pi/dabom/dabom_ws/src/build/xbox_controller
[0.554s] -- Install configuration: ""
[0.555s] -- Execute custom install script
[0.556s] -- Up-to-date symlink: /home/pi/dabom/dabom_ws/src/install/xbox_controller/lib/xbox_controller/xbox_controller_node.py
[0.557s] -- Up-to-date symlink: /home/pi/dabom/dabom_ws/src/install/xbox_controller/share/xbox_controller/launch/xbox_controller_launch.py
[0.557s] -- Up-to-date symlink: /home/pi/dabom/dabom_ws/src/install/xbox_controller/share/ament_index/resource_index/package_run_dependencies/xbox_controller
[0.558s] -- Up-to-date symlink: /home/pi/dabom/dabom_ws/src/install/xbox_controller/share/ament_index/resource_index/parent_prefix_path/xbox_controller
[0.562s] -- Up-to-date symlink: /home/pi/dabom/dabom_ws/src/install/xbox_controller/share/xbox_controller/environment/ament_prefix_path.sh
[0.571s] -- Up-to-date symlink: /home/pi/dabom/dabom_ws/src/install/xbox_controller/share/xbox_controller/environment/ament_prefix_path.dsv
[0.572s] -- Up-to-date symlink: /home/pi/dabom/dabom_ws/src/install/xbox_controller/share/xbox_controller/environment/path.sh
[0.572s] -- Up-to-date symlink: /home/pi/dabom/dabom_ws/src/install/xbox_controller/share/xbox_controller/environment/path.dsv
[0.574s] -- Up-to-date symlink: /home/pi/dabom/dabom_ws/src/install/xbox_controller/share/xbox_controller/local_setup.bash
[0.576s] -- Up-to-date symlink: /home/pi/dabom/dabom_ws/src/install/xbox_controller/share/xbox_controller/local_setup.sh
[0.577s] -- Up-to-date symlink: /home/pi/dabom/dabom_ws/src/install/xbox_controller/share/xbox_controller/local_setup.zsh
[0.578s] -- Up-to-date symlink: /home/pi/dabom/dabom_ws/src/install/xbox_controller/share/xbox_controller/local_setup.dsv
[0.590s] -- Symlinking: /home/pi/dabom/dabom_ws/src/install/xbox_controller/share/xbox_controller/package.dsv
[0.640s] -- Up-to-date symlink: /home/pi/dabom/dabom_ws/src/install/xbox_controller/share/ament_index/resource_index/packages/xbox_controller
[0.648s] -- Up-to-date symlink: /home/pi/dabom/dabom_ws/src/install/xbox_controller/share/xbox_controller/cmake/xbox_controllerConfig.cmake
[0.649s] -- Up-to-date symlink: /home/pi/dabom/dabom_ws/src/install/xbox_controller/share/xbox_controller/cmake/xbox_controllerConfig-version.cmake
[0.650s] -- Up-to-date symlink: /home/pi/dabom/dabom_ws/src/install/xbox_controller/share/xbox_controller/package.xml
[0.690s] Invoked command in '/home/pi/dabom/dabom_ws/src/build/xbox_controller' returned '0': CMAKE_PREFIX_PATH=${CMAKE_PREFIX_PATH}:/home/pi/dabom/dabom_ws/install/dabom_bringup:/home/pi/dabom/dabom_ws/install/x_serial:/home/pi/dabom/dabom_ws/install/serial_comm:/home/pi/dabom/dabom_ws/install/odom:/home/pi/dabom/dabom_ws/install/inv_kin:/home/pi/dabom/dabom_ws/install/dabom_joy:/opt/ros/humble /usr/bin/cmake --install /home/pi/dabom/dabom_ws/src/build/xbox_controller
