[0.514s] Invoking command in '/home/mees/Documents/GitHub/dabom/build/serial_comm': PYTHONPATH=/home/mees/Documents/GitHub/dabom/build/serial_comm/prefix_override:/usr/lib/python3/dist-packages/colcon_core/task/python/colcon_distutils_commands:/home/mees/Documents/GitHub/dabom/install/serial_comm/lib/python3.10/site-packages:${PYTHONPATH} /usr/bin/python3 -W ignore:setup.py install is deprecated setup.py develop --editable --build-directory /home/mees/Documents/GitHub/dabom/build/serial_comm/build --no-deps symlink_data --force
[0.731s] running develop
[0.732s] /usr/lib/python3/dist-packages/setuptools/command/easy_install.py:158: EasyInstallDeprecationWarning: easy_install command is deprecated. Use build and pip and other standards-based tools.
[0.732s]   warnings.warn(
[0.878s] running egg_info
[0.878s] writing serial_comm.egg-info/PKG-INFO
[0.878s] writing dependency_links to serial_comm.egg-info/dependency_links.txt
[0.878s] writing entry points to serial_comm.egg-info/entry_points.txt
[0.879s] writing requirements to serial_comm.egg-info/requires.txt
[0.879s] writing top-level names to serial_comm.egg-info/top_level.txt
[0.880s] reading manifest file 'serial_comm.egg-info/SOURCES.txt'
[0.881s] writing manifest file 'serial_comm.egg-info/SOURCES.txt'
[0.882s] running build_ext
[0.882s] Creating /home/mees/Documents/GitHub/dabom/install/serial_comm/lib/python3.10/site-packages/serial-comm.egg-link (link to .)
[0.883s] Installing serial_talker script to /home/mees/Documents/GitHub/dabom/install/serial_comm/lib/serial_comm
[0.883s] 
[0.883s] Installed /home/mees/Documents/GitHub/dabom/build/serial_comm
[0.883s] running symlink_data
[0.883s] symbolically linking /home/mees/Documents/GitHub/dabom/build/serial_comm/resource/serial_comm -> /home/mees/Documents/GitHub/dabom/install/serial_comm/share/ament_index/resource_index/packages
[0.883s] symbolically linking /home/mees/Documents/GitHub/dabom/build/serial_comm/package.xml -> /home/mees/Documents/GitHub/dabom/install/serial_comm/share/serial_comm
[0.905s] Invoked command in '/home/mees/Documents/GitHub/dabom/build/serial_comm' returned '0': PYTHONPATH=/home/mees/Documents/GitHub/dabom/build/serial_comm/prefix_override:/usr/lib/python3/dist-packages/colcon_core/task/python/colcon_distutils_commands:/home/mees/Documents/GitHub/dabom/install/serial_comm/lib/python3.10/site-packages:${PYTHONPATH} /usr/bin/python3 -W ignore:setup.py install is deprecated setup.py develop --editable --build-directory /home/mees/Documents/GitHub/dabom/build/serial_comm/build --no-deps symlink_data --force
