running develop
running egg_info
creating x_serial.egg-info
writing x_serial.egg-info/PKG-INFO
writing dependency_links to x_serial.egg-info/dependency_links.txt
writing entry points to x_serial.egg-info/entry_points.txt
writing requirements to x_serial.egg-info/requires.txt
writing top-level names to x_serial.egg-info/top_level.txt
writing manifest file 'x_serial.egg-info/SOURCES.txt'
reading manifest file 'x_serial.egg-info/SOURCES.txt'
writing manifest file 'x_serial.egg-info/SOURCES.txt'
running build_ext
Creating /home/pi/dabom/dabom_ws/src/install/x_serial/lib/python3.10/site-packages/x-serial.egg-link (link to .)
Installing x_serial_node script to /home/pi/dabom/dabom_ws/src/install/x_serial/lib/x_serial

Installed /home/pi/dabom/dabom_ws/src/build/x_serial
running symlink_data
creating /home/pi/dabom/dabom_ws/src/install/x_serial/share/ament_index
creating /home/pi/dabom/dabom_ws/src/install/x_serial/share/ament_index/resource_index
creating /home/pi/dabom/dabom_ws/src/install/x_serial/share/ament_index/resource_index/packages
symbolically linking /home/pi/dabom/dabom_ws/src/build/x_serial/resource/x_serial -> /home/pi/dabom/dabom_ws/src/install/x_serial/share/ament_index/resource_index/packages
symbolically linking /home/pi/dabom/dabom_ws/src/build/x_serial/package.xml -> /home/pi/dabom/dabom_ws/src/install/x_serial/share/x_serial
creating /home/pi/dabom/dabom_ws/src/install/x_serial/share/x_serial/launch
symbolically linking /home/pi/dabom/dabom_ws/src/build/x_serial/launch/x_serial_launch.py -> /home/pi/dabom/dabom_ws/src/install/x_serial/share/x_serial/launch
