[7.808s] Invoking command in '/home/pi/dabom/dabom_ws/src/build/x_serial': PYTHONPATH=/home/pi/dabom/dabom_ws/src/build/x_serial/prefix_override:/usr/lib/python3/dist-packages/colcon_core/task/python/colcon_distutils_commands:/home/pi/dabom/dabom_ws/src/install/x_serial/lib/python3.10/site-packages:${PYTHONPATH} /usr/bin/python3 -W ignore:setup.py install is deprecated setup.py develop --editable --build-directory /home/pi/dabom/dabom_ws/src/build/x_serial/build --no-deps symlink_data
[11.109s] running develop
[11.111s] /usr/lib/python3/dist-packages/setuptools/command/easy_install.py:158: EasyInstallDeprecationWarning: easy_install command is deprecated. Use build and pip and other standards-based tools.
[11.112s]   warnings.warn(
[13.043s] running egg_info
[13.043s] creating x_serial.egg-info
[13.045s] writing x_serial.egg-info/PKG-INFO
[13.046s] writing dependency_links to x_serial.egg-info/dependency_links.txt
[13.047s] writing entry points to x_serial.egg-info/entry_points.txt
[13.049s] writing requirements to x_serial.egg-info/requires.txt
[13.050s] writing top-level names to x_serial.egg-info/top_level.txt
[13.050s] writing manifest file 'x_serial.egg-info/SOURCES.txt'
[13.073s] reading manifest file 'x_serial.egg-info/SOURCES.txt'
[13.077s] writing manifest file 'x_serial.egg-info/SOURCES.txt'
[13.107s] running build_ext
[13.108s] Creating /home/pi/dabom/dabom_ws/src/install/x_serial/lib/python3.10/site-packages/x-serial.egg-link (link to .)
[13.117s] Installing x_serial_node script to /home/pi/dabom/dabom_ws/src/install/x_serial/lib/x_serial
[13.121s] 
[13.121s] Installed /home/pi/dabom/dabom_ws/src/build/x_serial
[13.122s] running symlink_data
[13.123s] creating /home/pi/dabom/dabom_ws/src/install/x_serial/share/ament_index
[13.128s] creating /home/pi/dabom/dabom_ws/src/install/x_serial/share/ament_index/resource_index
[13.129s] creating /home/pi/dabom/dabom_ws/src/install/x_serial/share/ament_index/resource_index/packages
[13.129s] symbolically linking /home/pi/dabom/dabom_ws/src/build/x_serial/resource/x_serial -> /home/pi/dabom/dabom_ws/src/install/x_serial/share/ament_index/resource_index/packages
[13.132s] symbolically linking /home/pi/dabom/dabom_ws/src/build/x_serial/package.xml -> /home/pi/dabom/dabom_ws/src/install/x_serial/share/x_serial
[13.133s] creating /home/pi/dabom/dabom_ws/src/install/x_serial/share/x_serial/launch
[13.135s] symbolically linking /home/pi/dabom/dabom_ws/src/build/x_serial/launch/x_serial_launch.py -> /home/pi/dabom/dabom_ws/src/install/x_serial/share/x_serial/launch
[13.432s] Invoked command in '/home/pi/dabom/dabom_ws/src/build/x_serial' returned '0': PYTHONPATH=/home/pi/dabom/dabom_ws/src/build/x_serial/prefix_override:/usr/lib/python3/dist-packages/colcon_core/task/python/colcon_distutils_commands:/home/pi/dabom/dabom_ws/src/install/x_serial/lib/python3.10/site-packages:${PYTHONPATH} /usr/bin/python3 -W ignore:setup.py install is deprecated setup.py develop --editable --build-directory /home/pi/dabom/dabom_ws/src/build/x_serial/build --no-deps symlink_data
