[7.980s] Invoking command in '/home/pi/dabom/dabom_ws/src/build/inv_kin': PYTHONPATH=/home/pi/dabom/dabom_ws/src/build/inv_kin/prefix_override:/usr/lib/python3/dist-packages/colcon_core/task/python/colcon_distutils_commands:/home/pi/dabom/dabom_ws/src/install/inv_kin/lib/python3.10/site-packages:${PYTHONPATH} /usr/bin/python3 -W ignore:setup.py install is deprecated setup.py develop --editable --build-directory /home/pi/dabom/dabom_ws/src/build/inv_kin/build --no-deps symlink_data
[10.179s] running develop
[10.186s] /usr/lib/python3/dist-packages/setuptools/command/easy_install.py:158: EasyInstallDeprecationWarning: easy_install command is deprecated. Use build and pip and other standards-based tools.
[10.186s]   warnings.warn(
[12.232s] running egg_info
[12.233s] creating inv_kin.egg-info
[12.233s] writing inv_kin.egg-info/PKG-INFO
[12.235s] writing dependency_links to inv_kin.egg-info/dependency_links.txt
[12.235s] writing entry points to inv_kin.egg-info/entry_points.txt
[12.240s] writing requirements to inv_kin.egg-info/requires.txt
[12.240s] writing top-level names to inv_kin.egg-info/top_level.txt
[12.241s] writing manifest file 'inv_kin.egg-info/SOURCES.txt'
[12.253s] reading manifest file 'inv_kin.egg-info/SOURCES.txt'
[12.265s] writing manifest file 'inv_kin.egg-info/SOURCES.txt'
[12.281s] running build_ext
[12.283s] Creating /home/pi/dabom/dabom_ws/src/install/inv_kin/lib/python3.10/site-packages/inv-kin.egg-link (link to .)
[12.285s] Installing inv_kin_node script to /home/pi/dabom/dabom_ws/src/install/inv_kin/lib/inv_kin
[12.287s] 
[12.291s] Installed /home/pi/dabom/dabom_ws/src/build/inv_kin
[12.300s] running symlink_data
[12.302s] creating /home/pi/dabom/dabom_ws/src/install/inv_kin/share/ament_index
[12.304s] creating /home/pi/dabom/dabom_ws/src/install/inv_kin/share/ament_index/resource_index
[12.306s] creating /home/pi/dabom/dabom_ws/src/install/inv_kin/share/ament_index/resource_index/packages
[12.308s] symbolically linking /home/pi/dabom/dabom_ws/src/build/inv_kin/resource/inv_kin -> /home/pi/dabom/dabom_ws/src/install/inv_kin/share/ament_index/resource_index/packages
[12.326s] symbolically linking /home/pi/dabom/dabom_ws/src/build/inv_kin/package.xml -> /home/pi/dabom/dabom_ws/src/install/inv_kin/share/inv_kin
[12.328s] creating /home/pi/dabom/dabom_ws/src/install/inv_kin/share/inv_kin/launch
[12.330s] creating /home/pi/dabom/dabom_ws/src/install/inv_kin/share/inv_kin/config
[12.335s] symbolically linking /home/pi/dabom/dabom_ws/src/build/inv_kin/config/inv_kin.yaml -> /home/pi/dabom/dabom_ws/src/install/inv_kin/share/inv_kin/config
[12.891s] Invoked command in '/home/pi/dabom/dabom_ws/src/build/inv_kin' returned '0': PYTHONPATH=/home/pi/dabom/dabom_ws/src/build/inv_kin/prefix_override:/usr/lib/python3/dist-packages/colcon_core/task/python/colcon_distutils_commands:/home/pi/dabom/dabom_ws/src/install/inv_kin/lib/python3.10/site-packages:${PYTHONPATH} /usr/bin/python3 -W ignore:setup.py install is deprecated setup.py develop --editable --build-directory /home/pi/dabom/dabom_ws/src/build/inv_kin/build --no-deps symlink_data
