[0.011s] Invoking command in '/home/mees/Documents/GitHub/dabom/dabom_ws/build/serial_comm': CMAKE_PREFIX_PATH=${CMAKE_PREFIX_PATH}:/opt/ros/humble /usr/bin/cmake --build /home/mees/Documents/GitHub/dabom/dabom_ws/build/serial_comm -- -j16 -l16
[0.031s] -- Found ament_cmake: 1.3.10 (/opt/ros/humble/share/ament_cmake/cmake)
[0.122s] -- Found rclcpp: 16.0.10 (/opt/ros/humble/share/rclcpp/cmake)
[0.144s] -- Found rosidl_generator_c: 3.1.5 (/opt/ros/humble/share/rosidl_generator_c/cmake)
[0.146s] -- Found rosidl_adapter: 3.1.5 (/opt/ros/humble/share/rosidl_adapter/cmake)
[0.150s] -- Found rosidl_generator_cpp: 3.1.5 (/opt/ros/humble/share/rosidl_generator_cpp/cmake)
[0.157s] -- Using all available rosidl_typesupport_c: rosidl_typesupport_fastrtps_c;rosidl_typesupport_introspection_c
[0.166s] -- Using all available rosidl_typesupport_cpp: rosidl_typesupport_fastrtps_cpp;rosidl_typesupport_introspection_cpp
[0.188s] -- Found rmw_implementation_cmake: 6.1.2 (/opt/ros/humble/share/rmw_implementation_cmake/cmake)
[0.189s] -- Found rmw_fastrtps_cpp: 6.2.7 (/opt/ros/humble/share/rmw_fastrtps_cpp/cmake)
[0.278s] -- Using RMW implementation 'rmw_fastrtps_cpp' as default
[0.312s] -- Found ament_lint_auto: 0.12.11 (/opt/ros/humble/share/ament_lint_auto/cmake)
[0.362s] -- Added test 'cppcheck' to perform static code analysis on C / C++ code
[0.362s] -- Configured cppcheck include dirs: 
[0.362s] -- Configured cppcheck exclude dirs and/or files: 
[0.362s] -- Added test 'lint_cmake' to check CMake code style
[0.363s] -- Added test 'uncrustify' to check C / C++ code style
[0.363s] -- Configured uncrustify additional arguments: 
[0.364s] -- Added test 'xmllint' to check XML markup files
[0.364s] -- Configuring done
[0.368s] -- Generating done
[0.369s] -- Build files have been written to: /home/mees/Documents/GitHub/dabom/dabom_ws/build/serial_comm
[0.391s] Invoked command in '/home/mees/Documents/GitHub/dabom/dabom_ws/build/serial_comm' returned '0': CMAKE_PREFIX_PATH=${CMAKE_PREFIX_PATH}:/opt/ros/humble /usr/bin/cmake --build /home/mees/Documents/GitHub/dabom/dabom_ws/build/serial_comm -- -j16 -l16
[0.418s] Invoking command in '/home/mees/Documents/GitHub/dabom/dabom_ws/build/serial_comm': CMAKE_PREFIX_PATH=${CMAKE_PREFIX_PATH}:/opt/ros/humble /usr/bin/cmake --install /home/mees/Documents/GitHub/dabom/dabom_ws/build/serial_comm
[0.425s] -- Install configuration: ""
[0.425s] -- Up-to-date: /home/mees/Documents/GitHub/dabom/dabom_ws/install/serial_comm/share/ament_index/resource_index/package_run_dependencies/serial_comm
[0.425s] -- Installing: /home/mees/Documents/GitHub/dabom/dabom_ws/install/serial_comm/share/ament_index/resource_index/parent_prefix_path/serial_comm
[0.425s] -- Up-to-date: /home/mees/Documents/GitHub/dabom/dabom_ws/install/serial_comm/share/serial_comm/environment/ament_prefix_path.sh
[0.425s] -- Installing: /home/mees/Documents/GitHub/dabom/dabom_ws/install/serial_comm/share/serial_comm/environment/ament_prefix_path.dsv
[0.425s] -- Up-to-date: /home/mees/Documents/GitHub/dabom/dabom_ws/install/serial_comm/share/serial_comm/environment/path.sh
[0.425s] -- Installing: /home/mees/Documents/GitHub/dabom/dabom_ws/install/serial_comm/share/serial_comm/environment/path.dsv
[0.425s] -- Up-to-date: /home/mees/Documents/GitHub/dabom/dabom_ws/install/serial_comm/share/serial_comm/local_setup.bash
[0.426s] -- Up-to-date: /home/mees/Documents/GitHub/dabom/dabom_ws/install/serial_comm/share/serial_comm/local_setup.sh
[0.426s] -- Up-to-date: /home/mees/Documents/GitHub/dabom/dabom_ws/install/serial_comm/share/serial_comm/local_setup.zsh
[0.426s] -- Installing: /home/mees/Documents/GitHub/dabom/dabom_ws/install/serial_comm/share/serial_comm/local_setup.dsv
[0.426s] -- Installing: /home/mees/Documents/GitHub/dabom/dabom_ws/install/serial_comm/share/serial_comm/package.dsv
[0.426s] -- Up-to-date: /home/mees/Documents/GitHub/dabom/dabom_ws/install/serial_comm/share/ament_index/resource_index/packages/serial_comm
[0.426s] -- Up-to-date: /home/mees/Documents/GitHub/dabom/dabom_ws/install/serial_comm/share/serial_comm/cmake/serial_commConfig.cmake
[0.426s] -- Up-to-date: /home/mees/Documents/GitHub/dabom/dabom_ws/install/serial_comm/share/serial_comm/cmake/serial_commConfig-version.cmake
[0.426s] -- Up-to-date: /home/mees/Documents/GitHub/dabom/dabom_ws/install/serial_comm/share/serial_comm/package.xml
[0.427s] Invoked command in '/home/mees/Documents/GitHub/dabom/dabom_ws/build/serial_comm' returned '0': CMAKE_PREFIX_PATH=${CMAKE_PREFIX_PATH}:/opt/ros/humble /usr/bin/cmake --install /home/mees/Documents/GitHub/dabom/dabom_ws/build/serial_comm
