[0.504s] Invoking command in '/home/mees/Documents/GitHub/dabom/dabom_ws/src/serial_comm': PYTHONPATH=/home/mees/Documents/GitHub/dabom/build/serial_comm/prefix_override:/usr/lib/python3/dist-packages/colcon_core/task/python/colcon_distutils_commands:/home/mees/Documents/GitHub/dabom/install/serial_comm/lib/python3.10/site-packages:${PYTHONPATH} /usr/bin/python3 -W ignore:setup.py install is deprecated setup.py egg_info --egg-base ../../../build/serial_comm build --build-base /home/mees/Documents/GitHub/dabom/build/serial_comm/build install --record /home/mees/Documents/GitHub/dabom/build/serial_comm/install.log --single-version-externally-managed install_data
[0.707s] running egg_info
[0.708s] writing ../../../build/serial_comm/serial_comm.egg-info/PKG-INFO
[0.708s] writing dependency_links to ../../../build/serial_comm/serial_comm.egg-info/dependency_links.txt
[0.708s] writing entry points to ../../../build/serial_comm/serial_comm.egg-info/entry_points.txt
[0.708s] writing requirements to ../../../build/serial_comm/serial_comm.egg-info/requires.txt
[0.708s] writing top-level names to ../../../build/serial_comm/serial_comm.egg-info/top_level.txt
[0.710s] reading manifest file '../../../build/serial_comm/serial_comm.egg-info/SOURCES.txt'
[0.710s] adding license file 'LICENSE'
[0.711s] writing manifest file '../../../build/serial_comm/serial_comm.egg-info/SOURCES.txt'
[0.711s] running build
[0.711s] running build_py
[0.712s] running install
[0.712s] running install_lib
[0.713s] running install_data
[0.713s] running install_egg_info
[0.714s] removing '/home/mees/Documents/GitHub/dabom/install/serial_comm/lib/python3.10/site-packages/serial_comm-0.0.0-py3.10.egg-info' (and everything under it)
[0.715s] Copying ../../../build/serial_comm/serial_comm.egg-info to /home/mees/Documents/GitHub/dabom/install/serial_comm/lib/python3.10/site-packages/serial_comm-0.0.0-py3.10.egg-info
[0.716s] running install_scripts
[0.731s] Installing serial_talker script to /home/mees/Documents/GitHub/dabom/install/serial_comm/lib/serial_comm
[0.732s] writing list of installed files to '/home/mees/Documents/GitHub/dabom/build/serial_comm/install.log'
[0.752s] Invoked command in '/home/mees/Documents/GitHub/dabom/dabom_ws/src/serial_comm' returned '0': PYTHONPATH=/home/mees/Documents/GitHub/dabom/build/serial_comm/prefix_override:/usr/lib/python3/dist-packages/colcon_core/task/python/colcon_distutils_commands:/home/mees/Documents/GitHub/dabom/install/serial_comm/lib/python3.10/site-packages:${PYTHONPATH} /usr/bin/python3 -W ignore:setup.py install is deprecated setup.py egg_info --egg-base ../../../build/serial_comm build --build-base /home/mees/Documents/GitHub/dabom/build/serial_comm/build install --record /home/mees/Documents/GitHub/dabom/build/serial_comm/install.log --single-version-externally-managed install_data
