running develop
Removing /home/mees/Documents/GitHub/dabom/install/serial_comm/lib/python3.10/site-packages/serial-comm.egg-link (link to .)
running egg_info
writing ../../../build/serial_comm/serial_comm.egg-info/PKG-INFO
writing dependency_links to ../../../build/serial_comm/serial_comm.egg-info/dependency_links.txt
writing entry points to ../../../build/serial_comm/serial_comm.egg-info/entry_points.txt
writing requirements to ../../../build/serial_comm/serial_comm.egg-info/requires.txt
writing top-level names to ../../../build/serial_comm/serial_comm.egg-info/top_level.txt
reading manifest file '../../../build/serial_comm/serial_comm.egg-info/SOURCES.txt'
adding license file 'LICENSE'
writing manifest file '../../../build/serial_comm/serial_comm.egg-info/SOURCES.txt'
running build
running build_py
copying serial_comm/serial_talker.py -> /home/mees/Documents/GitHub/dabom/build/serial_comm/build/lib/serial_comm
running install
running install_lib
creating /home/mees/Documents/GitHub/dabom/install/serial_comm/lib/python3.10/site-packages/serial_comm
copying /home/mees/Documents/GitHub/dabom/build/serial_comm/build/lib/serial_comm/serial_talker.py -> /home/mees/Documents/GitHub/dabom/install/serial_comm/lib/python3.10/site-packages/serial_comm
copying /home/mees/Documents/GitHub/dabom/build/serial_comm/build/lib/serial_comm/__init__.py -> /home/mees/Documents/GitHub/dabom/install/serial_comm/lib/python3.10/site-packages/serial_comm
byte-compiling /home/mees/Documents/GitHub/dabom/install/serial_comm/lib/python3.10/site-packages/serial_comm/serial_talker.py to serial_talker.cpython-310.pyc
byte-compiling /home/mees/Documents/GitHub/dabom/install/serial_comm/lib/python3.10/site-packages/serial_comm/__init__.py to __init__.cpython-310.pyc
running install_data
copying resource/serial_comm -> /home/mees/Documents/GitHub/dabom/install/serial_comm/share/ament_index/resource_index/packages
copying package.xml -> /home/mees/Documents/GitHub/dabom/install/serial_comm/share/serial_comm
running install_egg_info
Copying ../../../build/serial_comm/serial_comm.egg-info to /home/mees/Documents/GitHub/dabom/install/serial_comm/lib/python3.10/site-packages/serial_comm-0.0.0-py3.10.egg-info
running install_scripts
Installing serial_talker script to /home/mees/Documents/GitHub/dabom/install/serial_comm/lib/serial_comm
writing list of installed files to '/home/mees/Documents/GitHub/dabom/build/serial_comm/install.log'
