[0.504s] Invoking command in '/home/mees/Documents/GitHub/dabom/build/serial_comm': PYTHONPATH=/home/mees/Documents/GitHub/dabom/build/serial_comm/prefix_override:/usr/lib/python3/dist-packages/colcon_core/task/python/colcon_distutils_commands:/home/mees/Documents/GitHub/dabom/install/serial_comm/lib/python3.10/site-packages:${PYTHONPATH} /usr/bin/python3 -W ignore:setup.py install is deprecated setup.py develop --uninstall --editable --build-directory /home/mees/Documents/GitHub/dabom/build/serial_comm/build
[0.712s] running develop
[0.713s] /usr/lib/python3/dist-packages/setuptools/command/easy_install.py:158: EasyInstallDeprecationWarning: easy_install command is deprecated. Use build and pip and other standards-based tools.
[0.713s]   warnings.warn(
[0.859s] Removing /home/mees/Documents/GitHub/dabom/install/serial_comm/lib/python3.10/site-packages/serial-comm.egg-link (link to .)
[0.879s] Invoked command in '/home/mees/Documents/GitHub/dabom/build/serial_comm' returned '0': PYTHONPATH=/home/mees/Documents/GitHub/dabom/build/serial_comm/prefix_override:/usr/lib/python3/dist-packages/colcon_core/task/python/colcon_distutils_commands:/home/mees/Documents/GitHub/dabom/install/serial_comm/lib/python3.10/site-packages:${PYTHONPATH} /usr/bin/python3 -W ignore:setup.py install is deprecated setup.py develop --uninstall --editable --build-directory /home/mees/Documents/GitHub/dabom/build/serial_comm/build
[0.880s] Invoking command in '/home/mees/Documents/GitHub/dabom/dabom_ws/src/serial_comm': PYTHONPATH=/home/mees/Documents/GitHub/dabom/build/serial_comm/prefix_override:/usr/lib/python3/dist-packages/colcon_core/task/python/colcon_distutils_commands:/home/mees/Documents/GitHub/dabom/install/serial_comm/lib/python3.10/site-packages:${PYTHONPATH} /usr/bin/python3 -W ignore:setup.py install is deprecated setup.py egg_info --egg-base ../../../build/serial_comm build --build-base /home/mees/Documents/GitHub/dabom/build/serial_comm/build install --record /home/mees/Documents/GitHub/dabom/build/serial_comm/install.log --single-version-externally-managed install_data --force
[1.074s] running egg_info
[1.075s] writing ../../../build/serial_comm/serial_comm.egg-info/PKG-INFO
[1.075s] writing dependency_links to ../../../build/serial_comm/serial_comm.egg-info/dependency_links.txt
[1.075s] writing entry points to ../../../build/serial_comm/serial_comm.egg-info/entry_points.txt
[1.075s] writing requirements to ../../../build/serial_comm/serial_comm.egg-info/requires.txt
[1.075s] writing top-level names to ../../../build/serial_comm/serial_comm.egg-info/top_level.txt
[1.076s] reading manifest file '../../../build/serial_comm/serial_comm.egg-info/SOURCES.txt'
[1.076s] adding license file 'LICENSE'
[1.077s] writing manifest file '../../../build/serial_comm/serial_comm.egg-info/SOURCES.txt'
[1.077s] running build
[1.077s] running build_py
[1.077s] copying serial_comm/serial_talker.py -> /home/mees/Documents/GitHub/dabom/build/serial_comm/build/lib/serial_comm
[1.077s] running install
[1.078s] running install_lib
[1.078s] creating /home/mees/Documents/GitHub/dabom/install/serial_comm/lib/python3.10/site-packages/serial_comm
[1.078s] copying /home/mees/Documents/GitHub/dabom/build/serial_comm/build/lib/serial_comm/serial_talker.py -> /home/mees/Documents/GitHub/dabom/install/serial_comm/lib/python3.10/site-packages/serial_comm
[1.078s] copying /home/mees/Documents/GitHub/dabom/build/serial_comm/build/lib/serial_comm/__init__.py -> /home/mees/Documents/GitHub/dabom/install/serial_comm/lib/python3.10/site-packages/serial_comm
[1.079s] byte-compiling /home/mees/Documents/GitHub/dabom/install/serial_comm/lib/python3.10/site-packages/serial_comm/serial_talker.py to serial_talker.cpython-310.pyc
[1.079s] byte-compiling /home/mees/Documents/GitHub/dabom/install/serial_comm/lib/python3.10/site-packages/serial_comm/__init__.py to __init__.cpython-310.pyc
[1.079s] running install_data
[1.079s] copying resource/serial_comm -> /home/mees/Documents/GitHub/dabom/install/serial_comm/share/ament_index/resource_index/packages
[1.079s] copying package.xml -> /home/mees/Documents/GitHub/dabom/install/serial_comm/share/serial_comm
[1.079s] running install_egg_info
[1.081s] Copying ../../../build/serial_comm/serial_comm.egg-info to /home/mees/Documents/GitHub/dabom/install/serial_comm/lib/python3.10/site-packages/serial_comm-0.0.0-py3.10.egg-info
[1.082s] running install_scripts
[1.096s] Installing serial_talker script to /home/mees/Documents/GitHub/dabom/install/serial_comm/lib/serial_comm
[1.096s] writing list of installed files to '/home/mees/Documents/GitHub/dabom/build/serial_comm/install.log'
[1.113s] Invoked command in '/home/mees/Documents/GitHub/dabom/dabom_ws/src/serial_comm' returned '0': PYTHONPATH=/home/mees/Documents/GitHub/dabom/build/serial_comm/prefix_override:/usr/lib/python3/dist-packages/colcon_core/task/python/colcon_distutils_commands:/home/mees/Documents/GitHub/dabom/install/serial_comm/lib/python3.10/site-packages:${PYTHONPATH} /usr/bin/python3 -W ignore:setup.py install is deprecated setup.py egg_info --egg-base ../../../build/serial_comm build --build-base /home/mees/Documents/GitHub/dabom/build/serial_comm/build install --record /home/mees/Documents/GitHub/dabom/build/serial_comm/install.log --single-version-externally-managed install_data --force
