running develop
running egg_info
creating dabom_joy.egg-info
writing dabom_joy.egg-info/PKG-INFO
writing dependency_links to dabom_joy.egg-info/dependency_links.txt
writing entry points to dabom_joy.egg-info/entry_points.txt
writing requirements to dabom_joy.egg-info/requires.txt
writing top-level names to dabom_joy.egg-info/top_level.txt
writing manifest file 'dabom_joy.egg-info/SOURCES.txt'
reading manifest file 'dabom_joy.egg-info/SOURCES.txt'
writing manifest file 'dabom_joy.egg-info/SOURCES.txt'
running build_ext
Creating /home/pi/dabom/dabom_ws/src/install/dabom_joy/lib/python3.10/site-packages/dabom-joy.egg-link (link to .)

Installed /home/pi/dabom/dabom_ws/src/build/dabom_joy
running symlink_data
creating /home/pi/dabom/dabom_ws/src/install/dabom_joy/share/ament_index
creating /home/pi/dabom/dabom_ws/src/install/dabom_joy/share/ament_index/resource_index
creating /home/pi/dabom/dabom_ws/src/install/dabom_joy/share/ament_index/resource_index/packages
symbolically linking /home/pi/dabom/dabom_ws/src/build/dabom_joy/resource/dabom_joy -> /home/pi/dabom/dabom_ws/src/install/dabom_joy/share/ament_index/resource_index/packages
symbolically linking /home/pi/dabom/dabom_ws/src/build/dabom_joy/package.xml -> /home/pi/dabom/dabom_ws/src/install/dabom_joy/share/dabom_joy
creating /home/pi/dabom/dabom_ws/src/install/dabom_joy/share/dabom_joy/launch
symbolically linking /home/pi/dabom/dabom_ws/src/build/dabom_joy/launch/joy_teleop_launch.py -> /home/pi/dabom/dabom_ws/src/install/dabom_joy/share/dabom_joy/launch
creating /home/pi/dabom/dabom_ws/src/install/dabom_joy/share/dabom_joy/config
symbolically linking /home/pi/dabom/dabom_ws/src/build/dabom_joy/config/joystick.yaml -> /home/pi/dabom/dabom_ws/src/install/dabom_joy/share/dabom_joy/config
