[8.268s] Invoking command in '/home/pi/dabom/dabom_ws/src/build/dabom_joy': PYTHONPATH=/home/pi/dabom/dabom_ws/src/build/dabom_joy/prefix_override:/usr/lib/python3/dist-packages/colcon_core/task/python/colcon_distutils_commands:/home/pi/dabom/dabom_ws/src/install/dabom_joy/lib/python3.10/site-packages:${PYTHONPATH} /usr/bin/python3 -W ignore:setup.py install is deprecated setup.py develop --editable --build-directory /home/pi/dabom/dabom_ws/src/build/dabom_joy/build --no-deps symlink_data
[12.220s] running develop
[12.228s] /usr/lib/python3/dist-packages/setuptools/command/easy_install.py:158: EasyInstallDeprecationWarning: easy_install command is deprecated. Use build and pip and other standards-based tools.
[12.229s]   warnings.warn(
[14.440s] running egg_info
[14.441s] creating dabom_joy.egg-info
[14.442s] writing dabom_joy.egg-info/PKG-INFO
[14.450s] writing dependency_links to dabom_joy.egg-info/dependency_links.txt
[14.454s] writing entry points to dabom_joy.egg-info/entry_points.txt
[14.455s] writing requirements to dabom_joy.egg-info/requires.txt
[14.456s] writing top-level names to dabom_joy.egg-info/top_level.txt
[14.458s] writing manifest file 'dabom_joy.egg-info/SOURCES.txt'
[14.464s] reading manifest file 'dabom_joy.egg-info/SOURCES.txt'
[14.467s] writing manifest file 'dabom_joy.egg-info/SOURCES.txt'
[14.485s] running build_ext
[14.497s] Creating /home/pi/dabom/dabom_ws/src/install/dabom_joy/lib/python3.10/site-packages/dabom-joy.egg-link (link to .)
[14.504s] 
[14.505s] Installed /home/pi/dabom/dabom_ws/src/build/dabom_joy
[14.506s] running symlink_data
[14.506s] creating /home/pi/dabom/dabom_ws/src/install/dabom_joy/share/ament_index
[14.521s] creating /home/pi/dabom/dabom_ws/src/install/dabom_joy/share/ament_index/resource_index
[14.524s] creating /home/pi/dabom/dabom_ws/src/install/dabom_joy/share/ament_index/resource_index/packages
[14.533s] symbolically linking /home/pi/dabom/dabom_ws/src/build/dabom_joy/resource/dabom_joy -> /home/pi/dabom/dabom_ws/src/install/dabom_joy/share/ament_index/resource_index/packages
[14.551s] symbolically linking /home/pi/dabom/dabom_ws/src/build/dabom_joy/package.xml -> /home/pi/dabom/dabom_ws/src/install/dabom_joy/share/dabom_joy
[14.553s] creating /home/pi/dabom/dabom_ws/src/install/dabom_joy/share/dabom_joy/launch
[14.556s] symbolically linking /home/pi/dabom/dabom_ws/src/build/dabom_joy/launch/joy_teleop_launch.py -> /home/pi/dabom/dabom_ws/src/install/dabom_joy/share/dabom_joy/launch
[14.563s] creating /home/pi/dabom/dabom_ws/src/install/dabom_joy/share/dabom_joy/config
[14.565s] symbolically linking /home/pi/dabom/dabom_ws/src/build/dabom_joy/config/joystick.yaml -> /home/pi/dabom/dabom_ws/src/install/dabom_joy/share/dabom_joy/config
[15.147s] Invoked command in '/home/pi/dabom/dabom_ws/src/build/dabom_joy' returned '0': PYTHONPATH=/home/pi/dabom/dabom_ws/src/build/dabom_joy/prefix_override:/usr/lib/python3/dist-packages/colcon_core/task/python/colcon_distutils_commands:/home/pi/dabom/dabom_ws/src/install/dabom_joy/lib/python3.10/site-packages:${PYTHONPATH} /usr/bin/python3 -W ignore:setup.py install is deprecated setup.py develop --editable --build-directory /home/pi/dabom/dabom_ws/src/build/dabom_joy/build --no-deps symlink_data
