running develop
running egg_info
creating serial_comm.egg-info
writing serial_comm.egg-info/PKG-INFO
writing dependency_links to serial_comm.egg-info/dependency_links.txt
writing entry points to serial_comm.egg-info/entry_points.txt
writing requirements to serial_comm.egg-info/requires.txt
writing top-level names to serial_comm.egg-info/top_level.txt
writing manifest file 'serial_comm.egg-info/SOURCES.txt'
reading manifest file 'serial_comm.egg-info/SOURCES.txt'
writing manifest file 'serial_comm.egg-info/SOURCES.txt'
running build_ext
Creating /home/pi/dabom/dabom_ws/src/install/serial_comm/lib/python3.10/site-packages/serial-comm.egg-link (link to .)
Installing serial_talker script to /home/pi/dabom/dabom_ws/src/install/serial_comm/lib/serial_comm

Installed /home/pi/dabom/dabom_ws/src/build/serial_comm
running symlink_data
creating /home/pi/dabom/dabom_ws/src/install/serial_comm/share/ament_index
creating /home/pi/dabom/dabom_ws/src/install/serial_comm/share/ament_index/resource_index
creating /home/pi/dabom/dabom_ws/src/install/serial_comm/share/ament_index/resource_index/packages
symbolically linking /home/pi/dabom/dabom_ws/src/build/serial_comm/resource/serial_comm -> /home/pi/dabom/dabom_ws/src/install/serial_comm/share/ament_index/resource_index/packages
symbolically linking /home/pi/dabom/dabom_ws/src/build/serial_comm/package.xml -> /home/pi/dabom/dabom_ws/src/install/serial_comm/share/serial_comm
creating /home/pi/dabom/dabom_ws/src/install/serial_comm/share/serial_comm/launch
symbolically linking /home/pi/dabom/dabom_ws/src/build/serial_comm/launch/serial_talker_launch.py -> /home/pi/dabom/dabom_ws/src/install/serial_comm/share/serial_comm/launch
