[0.465s] DEBUG:colcon:Command line arguments: ['/usr/bin/colcon', 'build', '--symlink-install']
[0.465s] DEBUG:colcon:Parsed command line arguments: Namespace(log_base=None, log_level=None, verb_name='build', build_base='build', install_base='install', merge_install=False, symlink_install=True, test_result_base=None, continue_on_error=False, executor='parallel', parallel_workers=4, event_handlers=None, ignore_user_meta=False, metas=['./colcon.meta'], base_paths=['.'], packages_ignore=None, packages_ignore_regex=None, paths=None, packages_up_to=None, packages_up_to_regex=None, packages_above=None, packages_above_and_dependencies=None, packages_above_depth=None, packages_select_by_dep=None, packages_skip_by_dep=None, packages_skip_up_to=None, packages_select_build_failed=False, packages_skip_build_finished=False, packages_select_test_failures=False, packages_skip_test_passed=False, packages_select=None, packages_skip=None, packages_select_regex=None, packages_skip_regex=None, packages_start=None, packages_end=None, allow_overriding=[], cmake_args=None, cmake_target=None, cmake_target_skip_unavailable=False, cmake_clean_cache=False, cmake_clean_first=False, cmake_force_configure=False, ament_cmake_args=None, catkin_cmake_args=None, catkin_skip_building_tests=False, mixin_files=None, mixin=None, verb_parser=<colcon_mixin.mixin.mixin_argument.MixinArgumentDecorator object at 0xffff969d1c90>, verb_extension=<colcon_core.verb.build.BuildVerb object at 0xffff969d17e0>, main=<bound method BuildVerb.main of <colcon_core.verb.build.BuildVerb object at 0xffff969d17e0>>, mixin_verb=('build',))
[1.151s] Level 1:colcon.colcon_core.package_discovery:discover_packages(colcon_meta) check parameters
[1.152s] Level 1:colcon.colcon_core.package_discovery:discover_packages(recursive) check parameters
[1.152s] Level 1:colcon.colcon_core.package_discovery:discover_packages(ignore) check parameters
[1.152s] Level 1:colcon.colcon_core.package_discovery:discover_packages(path) check parameters
[1.152s] Level 1:colcon.colcon_core.package_discovery:discover_packages(colcon_meta) discover
[1.152s] Level 1:colcon.colcon_core.package_discovery:discover_packages(recursive) discover
[1.153s] INFO:colcon.colcon_core.package_discovery:Crawling recursively for packages in '/home/pi/dabom/dabom_ws/src'
[1.153s] Level 1:colcon.colcon_core.package_identification:_identify(.) by extensions ['ignore', 'ignore_ament_install']
[1.154s] Level 1:colcon.colcon_core.package_identification:_identify(.) by extension 'ignore'
[1.154s] Level 1:colcon.colcon_core.package_identification:_identify(.) by extension 'ignore_ament_install'
[1.154s] Level 1:colcon.colcon_core.package_identification:_identify(.) by extensions ['colcon_pkg']
[1.154s] Level 1:colcon.colcon_core.package_identification:_identify(.) by extension 'colcon_pkg'
[1.154s] Level 1:colcon.colcon_core.package_identification:_identify(.) by extensions ['colcon_meta']
[1.155s] Level 1:colcon.colcon_core.package_identification:_identify(.) by extension 'colcon_meta'
[1.155s] Level 1:colcon.colcon_core.package_identification:_identify(.) by extensions ['ros']
[1.155s] Level 1:colcon.colcon_core.package_identification:_identify(.) by extension 'ros'
[1.166s] Level 1:colcon.colcon_core.package_identification:_identify(.) by extensions ['cmake', 'python']
[1.166s] Level 1:colcon.colcon_core.package_identification:_identify(.) by extension 'cmake'
[1.166s] Level 1:colcon.colcon_core.package_identification:_identify(.) by extension 'python'
[1.167s] Level 1:colcon.colcon_core.package_identification:_identify(.) by extensions ['python_setup_py']
[1.167s] Level 1:colcon.colcon_core.package_identification:_identify(.) by extension 'python_setup_py'
[1.167s] Level 1:colcon.colcon_core.package_identification:_identify(build) by extensions ['ignore', 'ignore_ament_install']
[1.168s] Level 1:colcon.colcon_core.package_identification:_identify(build) by extension 'ignore'
[1.168s] Level 1:colcon.colcon_core.package_identification:_identify(build) ignored
[1.168s] Level 1:colcon.colcon_core.package_identification:_identify(dabom_bringup) by extensions ['ignore', 'ignore_ament_install']
[1.169s] Level 1:colcon.colcon_core.package_identification:_identify(dabom_bringup) by extension 'ignore'
[1.169s] Level 1:colcon.colcon_core.package_identification:_identify(dabom_bringup) by extension 'ignore_ament_install'
[1.169s] Level 1:colcon.colcon_core.package_identification:_identify(dabom_bringup) by extensions ['colcon_pkg']
[1.170s] Level 1:colcon.colcon_core.package_identification:_identify(dabom_bringup) by extension 'colcon_pkg'
[1.170s] Level 1:colcon.colcon_core.package_identification:_identify(dabom_bringup) by extensions ['colcon_meta']
[1.170s] Level 1:colcon.colcon_core.package_identification:_identify(dabom_bringup) by extension 'colcon_meta'
[1.170s] Level 1:colcon.colcon_core.package_identification:_identify(dabom_bringup) by extensions ['ros']
[1.170s] Level 1:colcon.colcon_core.package_identification:_identify(dabom_bringup) by extension 'ros'
[1.181s] DEBUG:colcon.colcon_core.package_identification:Package 'dabom_bringup' with type 'ros.ament_python' and name 'dabom_bringup'
[1.182s] Level 1:colcon.colcon_core.package_identification:_identify(dabom_joy) by extensions ['ignore', 'ignore_ament_install']
[1.183s] Level 1:colcon.colcon_core.package_identification:_identify(dabom_joy) by extension 'ignore'
[1.183s] Level 1:colcon.colcon_core.package_identification:_identify(dabom_joy) by extension 'ignore_ament_install'
[1.183s] Level 1:colcon.colcon_core.package_identification:_identify(dabom_joy) by extensions ['colcon_pkg']
[1.183s] Level 1:colcon.colcon_core.package_identification:_identify(dabom_joy) by extension 'colcon_pkg'
[1.183s] Level 1:colcon.colcon_core.package_identification:_identify(dabom_joy) by extensions ['colcon_meta']
[1.183s] Level 1:colcon.colcon_core.package_identification:_identify(dabom_joy) by extension 'colcon_meta'
[1.184s] Level 1:colcon.colcon_core.package_identification:_identify(dabom_joy) by extensions ['ros']
[1.184s] Level 1:colcon.colcon_core.package_identification:_identify(dabom_joy) by extension 'ros'
[1.186s] DEBUG:colcon.colcon_core.package_identification:Package 'dabom_joy' with type 'ros.ament_python' and name 'dabom_joy'
[1.186s] Level 1:colcon.colcon_core.package_identification:_identify(dabomb_description) by extensions ['ignore', 'ignore_ament_install']
[1.187s] Level 1:colcon.colcon_core.package_identification:_identify(dabomb_description) by extension 'ignore'
[1.187s] Level 1:colcon.colcon_core.package_identification:_identify(dabomb_description) by extension 'ignore_ament_install'
[1.187s] Level 1:colcon.colcon_core.package_identification:_identify(dabomb_description) by extensions ['colcon_pkg']
[1.188s] Level 1:colcon.colcon_core.package_identification:_identify(dabomb_description) by extension 'colcon_pkg'
[1.188s] Level 1:colcon.colcon_core.package_identification:_identify(dabomb_description) by extensions ['colcon_meta']
[1.188s] Level 1:colcon.colcon_core.package_identification:_identify(dabomb_description) by extension 'colcon_meta'
[1.188s] Level 1:colcon.colcon_core.package_identification:_identify(dabomb_description) by extensions ['ros']
[1.188s] Level 1:colcon.colcon_core.package_identification:_identify(dabomb_description) by extension 'ros'
[1.192s] DEBUG:colcon.colcon_core.package_identification:Package 'dabomb_description' with type 'ros.ament_cmake' and name 'dabomb_description'
[1.192s] Level 1:colcon.colcon_core.package_identification:_identify(install) by extensions ['ignore', 'ignore_ament_install']
[1.193s] Level 1:colcon.colcon_core.package_identification:_identify(install) by extension 'ignore'
[1.193s] Level 1:colcon.colcon_core.package_identification:_identify(install) ignored
[1.194s] Level 1:colcon.colcon_core.package_identification:_identify(inv_kin) by extensions ['ignore', 'ignore_ament_install']
[1.194s] Level 1:colcon.colcon_core.package_identification:_identify(inv_kin) by extension 'ignore'
[1.194s] Level 1:colcon.colcon_core.package_identification:_identify(inv_kin) by extension 'ignore_ament_install'
[1.194s] Level 1:colcon.colcon_core.package_identification:_identify(inv_kin) by extensions ['colcon_pkg']
[1.195s] Level 1:colcon.colcon_core.package_identification:_identify(inv_kin) by extension 'colcon_pkg'
[1.195s] Level 1:colcon.colcon_core.package_identification:_identify(inv_kin) by extensions ['colcon_meta']
[1.195s] Level 1:colcon.colcon_core.package_identification:_identify(inv_kin) by extension 'colcon_meta'
[1.195s] Level 1:colcon.colcon_core.package_identification:_identify(inv_kin) by extensions ['ros']
[1.195s] Level 1:colcon.colcon_core.package_identification:_identify(inv_kin) by extension 'ros'
[1.198s] DEBUG:colcon.colcon_core.package_identification:Package 'inv_kin' with type 'ros.ament_python' and name 'inv_kin'
[1.199s] Level 1:colcon.colcon_core.package_identification:_identify(log) by extensions ['ignore', 'ignore_ament_install']
[1.199s] Level 1:colcon.colcon_core.package_identification:_identify(log) by extension 'ignore'
[1.199s] Level 1:colcon.colcon_core.package_identification:_identify(log) ignored
[1.200s] Level 1:colcon.colcon_core.package_identification:_identify(odom) by extensions ['ignore', 'ignore_ament_install']
[1.200s] Level 1:colcon.colcon_core.package_identification:_identify(odom) by extension 'ignore'
[1.200s] Level 1:colcon.colcon_core.package_identification:_identify(odom) by extension 'ignore_ament_install'
[1.200s] Level 1:colcon.colcon_core.package_identification:_identify(odom) by extensions ['colcon_pkg']
[1.201s] Level 1:colcon.colcon_core.package_identification:_identify(odom) by extension 'colcon_pkg'
[1.201s] Level 1:colcon.colcon_core.package_identification:_identify(odom) by extensions ['colcon_meta']
[1.201s] Level 1:colcon.colcon_core.package_identification:_identify(odom) by extension 'colcon_meta'
[1.201s] Level 1:colcon.colcon_core.package_identification:_identify(odom) by extensions ['ros']
[1.201s] Level 1:colcon.colcon_core.package_identification:_identify(odom) by extension 'ros'
[1.204s] DEBUG:colcon.colcon_core.package_identification:Package 'odom' with type 'ros.ament_python' and name 'odom'
[1.205s] Level 1:colcon.colcon_core.package_identification:_identify(rplidar_ros) by extensions ['ignore', 'ignore_ament_install']
[1.205s] Level 1:colcon.colcon_core.package_identification:_identify(rplidar_ros) by extension 'ignore'
[1.205s] Level 1:colcon.colcon_core.package_identification:_identify(rplidar_ros) by extension 'ignore_ament_install'
[1.206s] Level 1:colcon.colcon_core.package_identification:_identify(rplidar_ros) by extensions ['colcon_pkg']
[1.206s] Level 1:colcon.colcon_core.package_identification:_identify(rplidar_ros) by extension 'colcon_pkg'
[1.206s] Level 1:colcon.colcon_core.package_identification:_identify(rplidar_ros) by extensions ['colcon_meta']
[1.206s] Level 1:colcon.colcon_core.package_identification:_identify(rplidar_ros) by extension 'colcon_meta'
[1.206s] Level 1:colcon.colcon_core.package_identification:_identify(rplidar_ros) by extensions ['ros']
[1.206s] Level 1:colcon.colcon_core.package_identification:_identify(rplidar_ros) by extension 'ros'
[1.209s] DEBUG:colcon.colcon_core.package_identification:Package 'rplidar_ros' with type 'ros.ament_cmake' and name 'rplidar_ros'
[1.209s] Level 1:colcon.colcon_core.package_identification:_identify(serial_comm) by extensions ['ignore', 'ignore_ament_install']
[1.210s] Level 1:colcon.colcon_core.package_identification:_identify(serial_comm) by extension 'ignore'
[1.210s] Level 1:colcon.colcon_core.package_identification:_identify(serial_comm) by extension 'ignore_ament_install'
[1.210s] Level 1:colcon.colcon_core.package_identification:_identify(serial_comm) by extensions ['colcon_pkg']
[1.210s] Level 1:colcon.colcon_core.package_identification:_identify(serial_comm) by extension 'colcon_pkg'
[1.211s] Level 1:colcon.colcon_core.package_identification:_identify(serial_comm) by extensions ['colcon_meta']
[1.211s] Level 1:colcon.colcon_core.package_identification:_identify(serial_comm) by extension 'colcon_meta'
[1.211s] Level 1:colcon.colcon_core.package_identification:_identify(serial_comm) by extensions ['ros']
[1.211s] Level 1:colcon.colcon_core.package_identification:_identify(serial_comm) by extension 'ros'
[1.213s] DEBUG:colcon.colcon_core.package_identification:Package 'serial_comm' with type 'ros.ament_python' and name 'serial_comm'
[1.214s] Level 1:colcon.colcon_core.package_identification:_identify(x_serial) by extensions ['ignore', 'ignore_ament_install']
[1.214s] Level 1:colcon.colcon_core.package_identification:_identify(x_serial) by extension 'ignore'
[1.215s] Level 1:colcon.colcon_core.package_identification:_identify(x_serial) by extension 'ignore_ament_install'
[1.215s] Level 1:colcon.colcon_core.package_identification:_identify(x_serial) by extensions ['colcon_pkg']
[1.215s] Level 1:colcon.colcon_core.package_identification:_identify(x_serial) by extension 'colcon_pkg'
[1.215s] Level 1:colcon.colcon_core.package_identification:_identify(x_serial) by extensions ['colcon_meta']
[1.215s] Level 1:colcon.colcon_core.package_identification:_identify(x_serial) by extension 'colcon_meta'
[1.215s] Level 1:colcon.colcon_core.package_identification:_identify(x_serial) by extensions ['ros']
[1.216s] Level 1:colcon.colcon_core.package_identification:_identify(x_serial) by extension 'ros'
[1.218s] DEBUG:colcon.colcon_core.package_identification:Package 'x_serial' with type 'ros.ament_python' and name 'x_serial'
[1.219s] Level 1:colcon.colcon_core.package_identification:_identify(xbox_controller) by extensions ['ignore', 'ignore_ament_install']
[1.219s] Level 1:colcon.colcon_core.package_identification:_identify(xbox_controller) by extension 'ignore'
[1.219s] Level 1:colcon.colcon_core.package_identification:_identify(xbox_controller) by extension 'ignore_ament_install'
[1.220s] Level 1:colcon.colcon_core.package_identification:_identify(xbox_controller) by extensions ['colcon_pkg']
[1.220s] Level 1:colcon.colcon_core.package_identification:_identify(xbox_controller) by extension 'colcon_pkg'
[1.220s] Level 1:colcon.colcon_core.package_identification:_identify(xbox_controller) by extensions ['colcon_meta']
[1.220s] Level 1:colcon.colcon_core.package_identification:_identify(xbox_controller) by extension 'colcon_meta'
[1.220s] Level 1:colcon.colcon_core.package_identification:_identify(xbox_controller) by extensions ['ros']
[1.220s] Level 1:colcon.colcon_core.package_identification:_identify(xbox_controller) by extension 'ros'
[1.223s] DEBUG:colcon.colcon_core.package_identification:Package 'xbox_controller' with type 'ros.ament_cmake' and name 'xbox_controller'
[1.223s] Level 1:colcon.colcon_core.package_discovery:discover_packages(recursive) using defaults
[1.223s] Level 1:colcon.colcon_core.package_discovery:discover_packages(ignore) discover
[1.223s] Level 1:colcon.colcon_core.package_discovery:discover_packages(ignore) using defaults
[1.223s] Level 1:colcon.colcon_core.package_discovery:discover_packages(path) discover
[1.223s] Level 1:colcon.colcon_core.package_discovery:discover_packages(path) using defaults
[1.312s] Level 1:colcon.colcon_core.package_discovery:discover_packages(prefix_path) check parameters
[1.313s] Level 1:colcon.colcon_core.package_discovery:discover_packages(prefix_path) discover
[1.323s] DEBUG:colcon.colcon_installed_package_information.package_discovery:Found 9 installed packages in /home/pi/dabom/dabom_ws/install
[1.332s] DEBUG:colcon.colcon_installed_package_information.package_discovery:Found 242 installed packages in /opt/ros/humble
[1.337s] Level 1:colcon.colcon_core.package_discovery:discover_packages(prefix_path) using defaults
[1.519s] Level 5:colcon.colcon_core.verb:set package 'dabom_joy' build argument 'cmake_args' from command line to 'None'
[1.519s] Level 5:colcon.colcon_core.verb:set package 'dabom_joy' build argument 'cmake_target' from command line to 'None'
[1.519s] Level 5:colcon.colcon_core.verb:set package 'dabom_joy' build argument 'cmake_target_skip_unavailable' from command line to 'False'
[1.519s] Level 5:colcon.colcon_core.verb:set package 'dabom_joy' build argument 'cmake_clean_cache' from command line to 'False'
[1.520s] Level 5:colcon.colcon_core.verb:set package 'dabom_joy' build argument 'cmake_clean_first' from command line to 'False'
[1.520s] Level 5:colcon.colcon_core.verb:set package 'dabom_joy' build argument 'cmake_force_configure' from command line to 'False'
[1.520s] Level 5:colcon.colcon_core.verb:set package 'dabom_joy' build argument 'ament_cmake_args' from command line to 'None'
[1.520s] Level 5:colcon.colcon_core.verb:set package 'dabom_joy' build argument 'catkin_cmake_args' from command line to 'None'
[1.520s] Level 5:colcon.colcon_core.verb:set package 'dabom_joy' build argument 'catkin_skip_building_tests' from command line to 'False'
[1.520s] DEBUG:colcon.colcon_core.verb:Building package 'dabom_joy' with the following arguments: {'ament_cmake_args': None, 'build_base': '/home/pi/dabom/dabom_ws/src/build/dabom_joy', 'catkin_cmake_args': None, 'catkin_skip_building_tests': False, 'cmake_args': None, 'cmake_clean_cache': False, 'cmake_clean_first': False, 'cmake_force_configure': False, 'cmake_target': None, 'cmake_target_skip_unavailable': False, 'install_base': '/home/pi/dabom/dabom_ws/src/install/dabom_joy', 'merge_install': False, 'path': '/home/pi/dabom/dabom_ws/src/dabom_joy', 'symlink_install': True, 'test_result_base': None}
[1.522s] Level 5:colcon.colcon_core.verb:set package 'dabomb_description' build argument 'cmake_args' from command line to 'None'
[1.522s] Level 5:colcon.colcon_core.verb:set package 'dabomb_description' build argument 'cmake_target' from command line to 'None'
[1.522s] Level 5:colcon.colcon_core.verb:set package 'dabomb_description' build argument 'cmake_target_skip_unavailable' from command line to 'False'
[1.522s] Level 5:colcon.colcon_core.verb:set package 'dabomb_description' build argument 'cmake_clean_cache' from command line to 'False'
[1.522s] Level 5:colcon.colcon_core.verb:set package 'dabomb_description' build argument 'cmake_clean_first' from command line to 'False'
[1.522s] Level 5:colcon.colcon_core.verb:set package 'dabomb_description' build argument 'cmake_force_configure' from command line to 'False'
[1.522s] Level 5:colcon.colcon_core.verb:set package 'dabomb_description' build argument 'ament_cmake_args' from command line to 'None'
[1.523s] Level 5:colcon.colcon_core.verb:set package 'dabomb_description' build argument 'catkin_cmake_args' from command line to 'None'
[1.523s] Level 5:colcon.colcon_core.verb:set package 'dabomb_description' build argument 'catkin_skip_building_tests' from command line to 'False'
[1.523s] DEBUG:colcon.colcon_core.verb:Building package 'dabomb_description' with the following arguments: {'ament_cmake_args': None, 'build_base': '/home/pi/dabom/dabom_ws/src/build/dabomb_description', 'catkin_cmake_args': None, 'catkin_skip_building_tests': False, 'cmake_args': None, 'cmake_clean_cache': False, 'cmake_clean_first': False, 'cmake_force_configure': False, 'cmake_target': None, 'cmake_target_skip_unavailable': False, 'install_base': '/home/pi/dabom/dabom_ws/src/install/dabomb_description', 'merge_install': False, 'path': '/home/pi/dabom/dabom_ws/src/dabomb_description', 'symlink_install': True, 'test_result_base': None}
[1.524s] Level 5:colcon.colcon_core.verb:set package 'inv_kin' build argument 'cmake_args' from command line to 'None'
[1.524s] Level 5:colcon.colcon_core.verb:set package 'inv_kin' build argument 'cmake_target' from command line to 'None'
[1.525s] Level 5:colcon.colcon_core.verb:set package 'inv_kin' build argument 'cmake_target_skip_unavailable' from command line to 'False'
[1.525s] Level 5:colcon.colcon_core.verb:set package 'inv_kin' build argument 'cmake_clean_cache' from command line to 'False'
[1.525s] Level 5:colcon.colcon_core.verb:set package 'inv_kin' build argument 'cmake_clean_first' from command line to 'False'
[1.525s] Level 5:colcon.colcon_core.verb:set package 'inv_kin' build argument 'cmake_force_configure' from command line to 'False'
[1.525s] Level 5:colcon.colcon_core.verb:set package 'inv_kin' build argument 'ament_cmake_args' from command line to 'None'
[1.525s] Level 5:colcon.colcon_core.verb:set package 'inv_kin' build argument 'catkin_cmake_args' from command line to 'None'
[1.525s] Level 5:colcon.colcon_core.verb:set package 'inv_kin' build argument 'catkin_skip_building_tests' from command line to 'False'
[1.525s] DEBUG:colcon.colcon_core.verb:Building package 'inv_kin' with the following arguments: {'ament_cmake_args': None, 'build_base': '/home/pi/dabom/dabom_ws/src/build/inv_kin', 'catkin_cmake_args': None, 'catkin_skip_building_tests': False, 'cmake_args': None, 'cmake_clean_cache': False, 'cmake_clean_first': False, 'cmake_force_configure': False, 'cmake_target': None, 'cmake_target_skip_unavailable': False, 'install_base': '/home/pi/dabom/dabom_ws/src/install/inv_kin', 'merge_install': False, 'path': '/home/pi/dabom/dabom_ws/src/inv_kin', 'symlink_install': True, 'test_result_base': None}
[1.527s] Level 5:colcon.colcon_core.verb:set package 'odom' build argument 'cmake_args' from command line to 'None'
[1.527s] Level 5:colcon.colcon_core.verb:set package 'odom' build argument 'cmake_target' from command line to 'None'
[1.527s] Level 5:colcon.colcon_core.verb:set package 'odom' build argument 'cmake_target_skip_unavailable' from command line to 'False'
[1.527s] Level 5:colcon.colcon_core.verb:set package 'odom' build argument 'cmake_clean_cache' from command line to 'False'
[1.527s] Level 5:colcon.colcon_core.verb:set package 'odom' build argument 'cmake_clean_first' from command line to 'False'
[1.527s] Level 5:colcon.colcon_core.verb:set package 'odom' build argument 'cmake_force_configure' from command line to 'False'
[1.528s] Level 5:colcon.colcon_core.verb:set package 'odom' build argument 'ament_cmake_args' from command line to 'None'
[1.528s] Level 5:colcon.colcon_core.verb:set package 'odom' build argument 'catkin_cmake_args' from command line to 'None'
[1.528s] Level 5:colcon.colcon_core.verb:set package 'odom' build argument 'catkin_skip_building_tests' from command line to 'False'
[1.528s] DEBUG:colcon.colcon_core.verb:Building package 'odom' with the following arguments: {'ament_cmake_args': None, 'build_base': '/home/pi/dabom/dabom_ws/src/build/odom', 'catkin_cmake_args': None, 'catkin_skip_building_tests': False, 'cmake_args': None, 'cmake_clean_cache': False, 'cmake_clean_first': False, 'cmake_force_configure': False, 'cmake_target': None, 'cmake_target_skip_unavailable': False, 'install_base': '/home/pi/dabom/dabom_ws/src/install/odom', 'merge_install': False, 'path': '/home/pi/dabom/dabom_ws/src/odom', 'symlink_install': True, 'test_result_base': None}
[1.529s] Level 5:colcon.colcon_core.verb:set package 'rplidar_ros' build argument 'cmake_args' from command line to 'None'
[1.530s] Level 5:colcon.colcon_core.verb:set package 'rplidar_ros' build argument 'cmake_target' from command line to 'None'
[1.530s] Level 5:colcon.colcon_core.verb:set package 'rplidar_ros' build argument 'cmake_target_skip_unavailable' from command line to 'False'
[1.530s] Level 5:colcon.colcon_core.verb:set package 'rplidar_ros' build argument 'cmake_clean_cache' from command line to 'False'
[1.530s] Level 5:colcon.colcon_core.verb:set package 'rplidar_ros' build argument 'cmake_clean_first' from command line to 'False'
[1.530s] Level 5:colcon.colcon_core.verb:set package 'rplidar_ros' build argument 'cmake_force_configure' from command line to 'False'
[1.530s] Level 5:colcon.colcon_core.verb:set package 'rplidar_ros' build argument 'ament_cmake_args' from command line to 'None'
[1.530s] Level 5:colcon.colcon_core.verb:set package 'rplidar_ros' build argument 'catkin_cmake_args' from command line to 'None'
[1.530s] Level 5:colcon.colcon_core.verb:set package 'rplidar_ros' build argument 'catkin_skip_building_tests' from command line to 'False'
[1.530s] DEBUG:colcon.colcon_core.verb:Building package 'rplidar_ros' with the following arguments: {'ament_cmake_args': None, 'build_base': '/home/pi/dabom/dabom_ws/src/build/rplidar_ros', 'catkin_cmake_args': None, 'catkin_skip_building_tests': False, 'cmake_args': None, 'cmake_clean_cache': False, 'cmake_clean_first': False, 'cmake_force_configure': False, 'cmake_target': None, 'cmake_target_skip_unavailable': False, 'install_base': '/home/pi/dabom/dabom_ws/src/install/rplidar_ros', 'merge_install': False, 'path': '/home/pi/dabom/dabom_ws/src/rplidar_ros', 'symlink_install': True, 'test_result_base': None}
[1.532s] Level 5:colcon.colcon_core.verb:set package 'serial_comm' build argument 'cmake_args' from command line to 'None'
[1.532s] Level 5:colcon.colcon_core.verb:set package 'serial_comm' build argument 'cmake_target' from command line to 'None'
[1.532s] Level 5:colcon.colcon_core.verb:set package 'serial_comm' build argument 'cmake_target_skip_unavailable' from command line to 'False'
[1.532s] Level 5:colcon.colcon_core.verb:set package 'serial_comm' build argument 'cmake_clean_cache' from command line to 'False'
[1.532s] Level 5:colcon.colcon_core.verb:set package 'serial_comm' build argument 'cmake_clean_first' from command line to 'False'
[1.532s] Level 5:colcon.colcon_core.verb:set package 'serial_comm' build argument 'cmake_force_configure' from command line to 'False'
[1.533s] Level 5:colcon.colcon_core.verb:set package 'serial_comm' build argument 'ament_cmake_args' from command line to 'None'
[1.533s] Level 5:colcon.colcon_core.verb:set package 'serial_comm' build argument 'catkin_cmake_args' from command line to 'None'
[1.533s] Level 5:colcon.colcon_core.verb:set package 'serial_comm' build argument 'catkin_skip_building_tests' from command line to 'False'
[1.533s] DEBUG:colcon.colcon_core.verb:Building package 'serial_comm' with the following arguments: {'ament_cmake_args': None, 'build_base': '/home/pi/dabom/dabom_ws/src/build/serial_comm', 'catkin_cmake_args': None, 'catkin_skip_building_tests': False, 'cmake_args': None, 'cmake_clean_cache': False, 'cmake_clean_first': False, 'cmake_force_configure': False, 'cmake_target': None, 'cmake_target_skip_unavailable': False, 'install_base': '/home/pi/dabom/dabom_ws/src/install/serial_comm', 'merge_install': False, 'path': '/home/pi/dabom/dabom_ws/src/serial_comm', 'symlink_install': True, 'test_result_base': None}
[1.534s] Level 5:colcon.colcon_core.verb:set package 'x_serial' build argument 'cmake_args' from command line to 'None'
[1.534s] Level 5:colcon.colcon_core.verb:set package 'x_serial' build argument 'cmake_target' from command line to 'None'
[1.535s] Level 5:colcon.colcon_core.verb:set package 'x_serial' build argument 'cmake_target_skip_unavailable' from command line to 'False'
[1.535s] Level 5:colcon.colcon_core.verb:set package 'x_serial' build argument 'cmake_clean_cache' from command line to 'False'
[1.535s] Level 5:colcon.colcon_core.verb:set package 'x_serial' build argument 'cmake_clean_first' from command line to 'False'
[1.535s] Level 5:colcon.colcon_core.verb:set package 'x_serial' build argument 'cmake_force_configure' from command line to 'False'
[1.535s] Level 5:colcon.colcon_core.verb:set package 'x_serial' build argument 'ament_cmake_args' from command line to 'None'
[1.535s] Level 5:colcon.colcon_core.verb:set package 'x_serial' build argument 'catkin_cmake_args' from command line to 'None'
[1.535s] Level 5:colcon.colcon_core.verb:set package 'x_serial' build argument 'catkin_skip_building_tests' from command line to 'False'
[1.535s] DEBUG:colcon.colcon_core.verb:Building package 'x_serial' with the following arguments: {'ament_cmake_args': None, 'build_base': '/home/pi/dabom/dabom_ws/src/build/x_serial', 'catkin_cmake_args': None, 'catkin_skip_building_tests': False, 'cmake_args': None, 'cmake_clean_cache': False, 'cmake_clean_first': False, 'cmake_force_configure': False, 'cmake_target': None, 'cmake_target_skip_unavailable': False, 'install_base': '/home/pi/dabom/dabom_ws/src/install/x_serial', 'merge_install': False, 'path': '/home/pi/dabom/dabom_ws/src/x_serial', 'symlink_install': True, 'test_result_base': None}
[1.537s] Level 5:colcon.colcon_core.verb:set package 'xbox_controller' build argument 'cmake_args' from command line to 'None'
[1.537s] Level 5:colcon.colcon_core.verb:set package 'xbox_controller' build argument 'cmake_target' from command line to 'None'
[1.537s] Level 5:colcon.colcon_core.verb:set package 'xbox_controller' build argument 'cmake_target_skip_unavailable' from command line to 'False'
[1.537s] Level 5:colcon.colcon_core.verb:set package 'xbox_controller' build argument 'cmake_clean_cache' from command line to 'False'
[1.537s] Level 5:colcon.colcon_core.verb:set package 'xbox_controller' build argument 'cmake_clean_first' from command line to 'False'
[1.538s] Level 5:colcon.colcon_core.verb:set package 'xbox_controller' build argument 'cmake_force_configure' from command line to 'False'
[1.538s] Level 5:colcon.colcon_core.verb:set package 'xbox_controller' build argument 'ament_cmake_args' from command line to 'None'
[1.538s] Level 5:colcon.colcon_core.verb:set package 'xbox_controller' build argument 'catkin_cmake_args' from command line to 'None'
[1.538s] Level 5:colcon.colcon_core.verb:set package 'xbox_controller' build argument 'catkin_skip_building_tests' from command line to 'False'
[1.538s] DEBUG:colcon.colcon_core.verb:Building package 'xbox_controller' with the following arguments: {'ament_cmake_args': None, 'build_base': '/home/pi/dabom/dabom_ws/src/build/xbox_controller', 'catkin_cmake_args': None, 'catkin_skip_building_tests': False, 'cmake_args': None, 'cmake_clean_cache': False, 'cmake_clean_first': False, 'cmake_force_configure': False, 'cmake_target': None, 'cmake_target_skip_unavailable': False, 'install_base': '/home/pi/dabom/dabom_ws/src/install/xbox_controller', 'merge_install': False, 'path': '/home/pi/dabom/dabom_ws/src/xbox_controller', 'symlink_install': True, 'test_result_base': None}
[1.539s] Level 5:colcon.colcon_core.verb:set package 'dabom_bringup' build argument 'cmake_args' from command line to 'None'
[1.540s] Level 5:colcon.colcon_core.verb:set package 'dabom_bringup' build argument 'cmake_target' from command line to 'None'
[1.540s] Level 5:colcon.colcon_core.verb:set package 'dabom_bringup' build argument 'cmake_target_skip_unavailable' from command line to 'False'
[1.540s] Level 5:colcon.colcon_core.verb:set package 'dabom_bringup' build argument 'cmake_clean_cache' from command line to 'False'
[1.540s] Level 5:colcon.colcon_core.verb:set package 'dabom_bringup' build argument 'cmake_clean_first' from command line to 'False'
[1.540s] Level 5:colcon.colcon_core.verb:set package 'dabom_bringup' build argument 'cmake_force_configure' from command line to 'False'
[1.540s] Level 5:colcon.colcon_core.verb:set package 'dabom_bringup' build argument 'ament_cmake_args' from command line to 'None'
[1.540s] Level 5:colcon.colcon_core.verb:set package 'dabom_bringup' build argument 'catkin_cmake_args' from command line to 'None'
[1.540s] Level 5:colcon.colcon_core.verb:set package 'dabom_bringup' build argument 'catkin_skip_building_tests' from command line to 'False'
[1.540s] DEBUG:colcon.colcon_core.verb:Building package 'dabom_bringup' with the following arguments: {'ament_cmake_args': None, 'build_base': '/home/pi/dabom/dabom_ws/src/build/dabom_bringup', 'catkin_cmake_args': None, 'catkin_skip_building_tests': False, 'cmake_args': None, 'cmake_clean_cache': False, 'cmake_clean_first': False, 'cmake_force_configure': False, 'cmake_target': None, 'cmake_target_skip_unavailable': False, 'install_base': '/home/pi/dabom/dabom_ws/src/install/dabom_bringup', 'merge_install': False, 'path': '/home/pi/dabom/dabom_ws/src/dabom_bringup', 'symlink_install': True, 'test_result_base': None}
[1.541s] INFO:colcon.colcon_core.executor:Executing jobs using 'parallel' executor
[1.544s] DEBUG:colcon.colcon_parallel_executor.executor.parallel:run_until_complete
[1.546s] INFO:colcon.colcon_ros.task.ament_python.build:Building ROS package in '/home/pi/dabom/dabom_ws/src/inv_kin' with build type 'ament_python'
[1.546s] Level 1:colcon.colcon_core.shell:create_environment_hook('inv_kin', 'ament_prefix_path')
[1.558s] INFO:colcon.colcon_core.plugin_system:Skipping extension 'colcon_core.shell.bat': Not used on non-Windows systems
[1.558s] INFO:colcon.colcon_core.shell:Creating environment hook '/home/pi/dabom/dabom_ws/src/install/inv_kin/share/inv_kin/hook/ament_prefix_path.ps1'
[1.561s] INFO:colcon.colcon_core.shell:Creating environment descriptor '/home/pi/dabom/dabom_ws/src/install/inv_kin/share/inv_kin/hook/ament_prefix_path.dsv'
[1.563s] INFO:colcon.colcon_core.shell:Creating environment hook '/home/pi/dabom/dabom_ws/src/install/inv_kin/share/inv_kin/hook/ament_prefix_path.sh'
[1.567s] INFO:colcon.colcon_core.shell:Skip shell extension 'powershell' for command environment: Not usable outside of PowerShell
[1.567s] DEBUG:colcon.colcon_core.shell:Skip shell extension 'dsv' for command environment
[1.588s] INFO:colcon.colcon_ros.task.ament_python.build:Building ROS package in '/home/pi/dabom/dabom_ws/src/odom' with build type 'ament_python'
[1.588s] Level 1:colcon.colcon_core.shell:create_environment_hook('odom', 'ament_prefix_path')
[1.589s] INFO:colcon.colcon_core.shell:Creating environment hook '/home/pi/dabom/dabom_ws/src/install/odom/share/odom/hook/ament_prefix_path.ps1'
[1.592s] INFO:colcon.colcon_core.shell:Creating environment descriptor '/home/pi/dabom/dabom_ws/src/install/odom/share/odom/hook/ament_prefix_path.dsv'
[1.594s] INFO:colcon.colcon_core.shell:Creating environment hook '/home/pi/dabom/dabom_ws/src/install/odom/share/odom/hook/ament_prefix_path.sh'
[1.598s] INFO:colcon.colcon_core.shell:Skip shell extension 'powershell' for command environment: Not usable outside of PowerShell
[1.598s] DEBUG:colcon.colcon_core.shell:Skip shell extension 'dsv' for command environment
[1.618s] INFO:colcon.colcon_ros.task.ament_cmake.build:Building ROS package in '/home/pi/dabom/dabom_ws/src/rplidar_ros' with build type 'ament_cmake'
[1.618s] INFO:colcon.colcon_cmake.task.cmake.build:Building CMake package in '/home/pi/dabom/dabom_ws/src/rplidar_ros'
[1.620s] INFO:colcon.colcon_core.shell:Skip shell extension 'powershell' for command environment: Not usable outside of PowerShell
[1.620s] DEBUG:colcon.colcon_core.shell:Skip shell extension 'dsv' for command environment
[1.642s] INFO:colcon.colcon_ros.task.ament_python.build:Building ROS package in '/home/pi/dabom/dabom_ws/src/serial_comm' with build type 'ament_python'
[1.642s] Level 1:colcon.colcon_core.shell:create_environment_hook('serial_comm', 'ament_prefix_path')
[1.644s] INFO:colcon.colcon_core.shell:Creating environment hook '/home/pi/dabom/dabom_ws/src/install/serial_comm/share/serial_comm/hook/ament_prefix_path.ps1'
[1.647s] INFO:colcon.colcon_core.shell:Creating environment descriptor '/home/pi/dabom/dabom_ws/src/install/serial_comm/share/serial_comm/hook/ament_prefix_path.dsv'
[1.649s] INFO:colcon.colcon_core.shell:Creating environment hook '/home/pi/dabom/dabom_ws/src/install/serial_comm/share/serial_comm/hook/ament_prefix_path.sh'
[1.653s] INFO:colcon.colcon_core.shell:Skip shell extension 'powershell' for command environment: Not usable outside of PowerShell
[1.653s] DEBUG:colcon.colcon_core.shell:Skip shell extension 'dsv' for command environment
[2.814s] INFO:colcon.colcon_core.task.python.build:Building Python package in '/home/pi/dabom/dabom_ws/src/inv_kin'
[2.816s] INFO:colcon.colcon_core.shell:Skip shell extension 'powershell' for command environment: Not usable outside of PowerShell
[2.816s] DEBUG:colcon.colcon_core.shell:Skip shell extension 'dsv' for command environment
[3.972s] INFO:colcon.colcon_core.task.python.build:Building Python package in '/home/pi/dabom/dabom_ws/src/odom'
[3.973s] INFO:colcon.colcon_core.shell:Skip shell extension 'powershell' for command environment: Not usable outside of PowerShell
[3.973s] DEBUG:colcon.colcon_core.shell:Skip shell extension 'dsv' for command environment
[4.019s] DEBUG:colcon.colcon_core.event_handler.log_command:Invoking command in '/home/pi/dabom/dabom_ws/src/build/rplidar_ros': CMAKE_PREFIX_PATH=${CMAKE_PREFIX_PATH}:/home/pi/dabom/dabom_ws/install/dabom_bringup:/home/pi/dabom/dabom_ws/install/x_serial:/home/pi/dabom/dabom_ws/install/serial_comm:/home/pi/dabom/dabom_ws/install/odom:/home/pi/dabom/dabom_ws/install/inv_kin:/home/pi/dabom/dabom_ws/install/dabom_joy:/opt/ros/humble /usr/bin/cmake --build /home/pi/dabom/dabom_ws/src/build/rplidar_ros -- -j4 -l4
[5.282s] INFO:colcon.colcon_core.task.python.build:Building Python package in '/home/pi/dabom/dabom_ws/src/serial_comm'
[5.283s] INFO:colcon.colcon_core.shell:Skip shell extension 'powershell' for command environment: Not usable outside of PowerShell
[5.284s] DEBUG:colcon.colcon_core.shell:Skip shell extension 'dsv' for command environment
[5.330s] DEBUG:colcon.colcon_core.event_handler.log_command:Invoked command in '/home/pi/dabom/dabom_ws/src/build/rplidar_ros' returned '0': CMAKE_PREFIX_PATH=${CMAKE_PREFIX_PATH}:/home/pi/dabom/dabom_ws/install/dabom_bringup:/home/pi/dabom/dabom_ws/install/x_serial:/home/pi/dabom/dabom_ws/install/serial_comm:/home/pi/dabom/dabom_ws/install/odom:/home/pi/dabom/dabom_ws/install/inv_kin:/home/pi/dabom/dabom_ws/install/dabom_joy:/opt/ros/humble /usr/bin/cmake --build /home/pi/dabom/dabom_ws/src/build/rplidar_ros -- -j4 -l4
[6.169s] DEBUG:colcon.colcon_core.event_handler.log_command:Invoking command in '/home/pi/dabom/dabom_ws/src/build/rplidar_ros': CMAKE_PREFIX_PATH=${CMAKE_PREFIX_PATH}:/home/pi/dabom/dabom_ws/install/dabom_bringup:/home/pi/dabom/dabom_ws/install/x_serial:/home/pi/dabom/dabom_ws/install/serial_comm:/home/pi/dabom/dabom_ws/install/odom:/home/pi/dabom/dabom_ws/install/inv_kin:/home/pi/dabom/dabom_ws/install/dabom_joy:/opt/ros/humble /usr/bin/cmake --install /home/pi/dabom/dabom_ws/src/build/rplidar_ros
[6.441s] Level 1:colcon.colcon_core.environment:create_environment_scripts_only(rplidar_ros)
[6.446s] DEBUG:colcon.colcon_core.event_handler.log_command:Invoked command in '/home/pi/dabom/dabom_ws/src/build/rplidar_ros' returned '0': CMAKE_PREFIX_PATH=${CMAKE_PREFIX_PATH}:/home/pi/dabom/dabom_ws/install/dabom_bringup:/home/pi/dabom/dabom_ws/install/x_serial:/home/pi/dabom/dabom_ws/install/serial_comm:/home/pi/dabom/dabom_ws/install/odom:/home/pi/dabom/dabom_ws/install/inv_kin:/home/pi/dabom/dabom_ws/install/dabom_joy:/opt/ros/humble /usr/bin/cmake --install /home/pi/dabom/dabom_ws/src/build/rplidar_ros
[6.458s] Level 1:colcon.colcon_core.environment:checking '/home/pi/dabom/dabom_ws/src/install/rplidar_ros' for CMake module files
[6.463s] Level 1:colcon.colcon_core.environment:checking '/home/pi/dabom/dabom_ws/src/install/rplidar_ros' for CMake config files
[6.468s] Level 1:colcon.colcon_core.shell:create_environment_hook('rplidar_ros', 'cmake_prefix_path')
[6.470s] INFO:colcon.colcon_core.shell:Creating environment hook '/home/pi/dabom/dabom_ws/src/install/rplidar_ros/share/rplidar_ros/hook/cmake_prefix_path.ps1'
[6.472s] INFO:colcon.colcon_core.shell:Creating environment descriptor '/home/pi/dabom/dabom_ws/src/install/rplidar_ros/share/rplidar_ros/hook/cmake_prefix_path.dsv'
[6.476s] INFO:colcon.colcon_core.shell:Creating environment hook '/home/pi/dabom/dabom_ws/src/install/rplidar_ros/share/rplidar_ros/hook/cmake_prefix_path.sh'
[6.484s] Level 1:colcon.colcon_core.environment:checking '/home/pi/dabom/dabom_ws/src/install/rplidar_ros/lib'
[6.487s] Level 1:colcon.colcon_core.environment:checking '/home/pi/dabom/dabom_ws/src/install/rplidar_ros/bin'
[6.488s] Level 1:colcon.colcon_core.environment:checking '/home/pi/dabom/dabom_ws/src/install/rplidar_ros/lib/pkgconfig/rplidar_ros.pc'
[6.490s] Level 1:colcon.colcon_core.environment:checking '/home/pi/dabom/dabom_ws/src/install/rplidar_ros/lib/python3.10/site-packages'
[6.493s] Level 1:colcon.colcon_core.environment:checking '/home/pi/dabom/dabom_ws/src/install/rplidar_ros/bin'
[6.496s] INFO:colcon.colcon_core.shell:Creating package script '/home/pi/dabom/dabom_ws/src/install/rplidar_ros/share/rplidar_ros/package.ps1'
[6.501s] INFO:colcon.colcon_core.shell:Creating package descriptor '/home/pi/dabom/dabom_ws/src/install/rplidar_ros/share/rplidar_ros/package.dsv'
[6.504s] INFO:colcon.colcon_core.shell:Creating package script '/home/pi/dabom/dabom_ws/src/install/rplidar_ros/share/rplidar_ros/package.sh'
[6.509s] INFO:colcon.colcon_core.shell:Creating package script '/home/pi/dabom/dabom_ws/src/install/rplidar_ros/share/rplidar_ros/package.bash'
[6.514s] INFO:colcon.colcon_core.shell:Creating package script '/home/pi/dabom/dabom_ws/src/install/rplidar_ros/share/rplidar_ros/package.zsh'
[6.518s] Level 1:colcon.colcon_core.environment:create_file_with_runtime_dependencies(/home/pi/dabom/dabom_ws/src/install/rplidar_ros/share/colcon-core/packages/rplidar_ros)
[7.052s] Level 1:colcon.colcon_core.environment:create_environment_scripts_only(rplidar_ros)
[7.055s] Level 1:colcon.colcon_core.environment:checking '/home/pi/dabom/dabom_ws/src/install/rplidar_ros' for CMake module files
[7.059s] Level 1:colcon.colcon_core.environment:checking '/home/pi/dabom/dabom_ws/src/install/rplidar_ros' for CMake config files
[7.068s] Level 1:colcon.colcon_core.shell:create_environment_hook('rplidar_ros', 'cmake_prefix_path')
[7.069s] INFO:colcon.colcon_core.shell:Creating environment hook '/home/pi/dabom/dabom_ws/src/install/rplidar_ros/share/rplidar_ros/hook/cmake_prefix_path.ps1'
[7.075s] INFO:colcon.colcon_core.shell:Creating environment descriptor '/home/pi/dabom/dabom_ws/src/install/rplidar_ros/share/rplidar_ros/hook/cmake_prefix_path.dsv'
[7.080s] INFO:colcon.colcon_core.shell:Creating environment hook '/home/pi/dabom/dabom_ws/src/install/rplidar_ros/share/rplidar_ros/hook/cmake_prefix_path.sh'
[7.084s] Level 1:colcon.colcon_core.environment:checking '/home/pi/dabom/dabom_ws/src/install/rplidar_ros/lib'
[7.085s] Level 1:colcon.colcon_core.environment:checking '/home/pi/dabom/dabom_ws/src/install/rplidar_ros/bin'
[7.086s] Level 1:colcon.colcon_core.environment:checking '/home/pi/dabom/dabom_ws/src/install/rplidar_ros/lib/pkgconfig/rplidar_ros.pc'
[7.088s] Level 1:colcon.colcon_core.environment:checking '/home/pi/dabom/dabom_ws/src/install/rplidar_ros/lib/python3.10/site-packages'
[7.093s] Level 1:colcon.colcon_core.environment:checking '/home/pi/dabom/dabom_ws/src/install/rplidar_ros/bin'
[7.099s] INFO:colcon.colcon_core.shell:Creating package script '/home/pi/dabom/dabom_ws/src/install/rplidar_ros/share/rplidar_ros/package.ps1'
[7.104s] INFO:colcon.colcon_core.shell:Creating package descriptor '/home/pi/dabom/dabom_ws/src/install/rplidar_ros/share/rplidar_ros/package.dsv'
[7.109s] INFO:colcon.colcon_core.shell:Creating package script '/home/pi/dabom/dabom_ws/src/install/rplidar_ros/share/rplidar_ros/package.sh'
[7.113s] INFO:colcon.colcon_core.shell:Creating package script '/home/pi/dabom/dabom_ws/src/install/rplidar_ros/share/rplidar_ros/package.bash'
[7.116s] INFO:colcon.colcon_core.shell:Creating package script '/home/pi/dabom/dabom_ws/src/install/rplidar_ros/share/rplidar_ros/package.zsh'
[7.124s] Level 1:colcon.colcon_core.environment:create_file_with_runtime_dependencies(/home/pi/dabom/dabom_ws/src/install/rplidar_ros/share/colcon-core/packages/rplidar_ros)
[7.132s] INFO:colcon.colcon_ros.task.ament_python.build:Building ROS package in '/home/pi/dabom/dabom_ws/src/x_serial' with build type 'ament_python'
[7.136s] Level 1:colcon.colcon_core.shell:create_environment_hook('x_serial', 'ament_prefix_path')
[7.139s] INFO:colcon.colcon_core.shell:Creating environment hook '/home/pi/dabom/dabom_ws/src/install/x_serial/share/x_serial/hook/ament_prefix_path.ps1'
[7.146s] INFO:colcon.colcon_core.shell:Creating environment descriptor '/home/pi/dabom/dabom_ws/src/install/x_serial/share/x_serial/hook/ament_prefix_path.dsv'
[7.149s] INFO:colcon.colcon_core.shell:Creating environment hook '/home/pi/dabom/dabom_ws/src/install/x_serial/share/x_serial/hook/ament_prefix_path.sh'
[7.153s] INFO:colcon.colcon_core.shell:Skip shell extension 'powershell' for command environment: Not usable outside of PowerShell
[7.154s] DEBUG:colcon.colcon_core.shell:Skip shell extension 'dsv' for command environment
[8.803s] INFO:colcon.colcon_core.task.python.build:Building Python package in '/home/pi/dabom/dabom_ws/src/x_serial'
[8.804s] INFO:colcon.colcon_core.shell:Skip shell extension 'powershell' for command environment: Not usable outside of PowerShell
[8.805s] DEBUG:colcon.colcon_core.shell:Skip shell extension 'dsv' for command environment
[8.840s] DEBUG:colcon.colcon_core.event_handler.log_command:Invoking command in '/home/pi/dabom/dabom_ws/src/build/odom': PYTHONPATH=/home/pi/dabom/dabom_ws/src/build/odom/prefix_override:/usr/lib/python3/dist-packages/colcon_core/task/python/colcon_distutils_commands:/home/pi/dabom/dabom_ws/src/install/odom/lib/python3.10/site-packages:${PYTHONPATH} /usr/bin/python3 -W ignore:setup.py install is deprecated setup.py develop --editable --build-directory /home/pi/dabom/dabom_ws/src/build/odom/build --no-deps symlink_data
[8.855s] DEBUG:colcon.colcon_core.event_handler.log_command:Invoking command in '/home/pi/dabom/dabom_ws/src/build/inv_kin': PYTHONPATH=/home/pi/dabom/dabom_ws/src/build/inv_kin/prefix_override:/usr/lib/python3/dist-packages/colcon_core/task/python/colcon_distutils_commands:/home/pi/dabom/dabom_ws/src/install/inv_kin/lib/python3.10/site-packages:${PYTHONPATH} /usr/bin/python3 -W ignore:setup.py install is deprecated setup.py develop --editable --build-directory /home/pi/dabom/dabom_ws/src/build/inv_kin/build --no-deps symlink_data
[8.867s] DEBUG:colcon.colcon_core.event_handler.log_command:Invoking command in '/home/pi/dabom/dabom_ws/src/build/serial_comm': PYTHONPATH=/home/pi/dabom/dabom_ws/src/build/serial_comm/prefix_override:/usr/lib/python3/dist-packages/colcon_core/task/python/colcon_distutils_commands:/home/pi/dabom/dabom_ws/src/install/serial_comm/lib/python3.10/site-packages:${PYTHONPATH} /usr/bin/python3 -W ignore:setup.py install is deprecated setup.py develop --editable --build-directory /home/pi/dabom/dabom_ws/src/build/serial_comm/build --no-deps symlink_data
[11.438s] DEBUG:colcon.colcon_core.event_handler.log_command:Invoking command in '/home/pi/dabom/dabom_ws/src/build/x_serial': PYTHONPATH=/home/pi/dabom/dabom_ws/src/build/x_serial/prefix_override:/usr/lib/python3/dist-packages/colcon_core/task/python/colcon_distutils_commands:/home/pi/dabom/dabom_ws/src/install/x_serial/lib/python3.10/site-packages:${PYTHONPATH} /usr/bin/python3 -W ignore:setup.py install is deprecated setup.py develop --editable --build-directory /home/pi/dabom/dabom_ws/src/build/x_serial/build --no-deps symlink_data
[11.955s] Level 1:colcon.colcon_core.shell:create_environment_hook('inv_kin', 'pythonpath_develop')
[11.960s] INFO:colcon.colcon_core.shell:Creating environment hook '/home/pi/dabom/dabom_ws/src/build/inv_kin/share/inv_kin/hook/pythonpath_develop.ps1'
[11.958s] DEBUG:colcon.colcon_core.event_handler.log_command:Invoked command in '/home/pi/dabom/dabom_ws/src/build/inv_kin' returned '0': PYTHONPATH=/home/pi/dabom/dabom_ws/src/build/inv_kin/prefix_override:/usr/lib/python3/dist-packages/colcon_core/task/python/colcon_distutils_commands:/home/pi/dabom/dabom_ws/src/install/inv_kin/lib/python3.10/site-packages:${PYTHONPATH} /usr/bin/python3 -W ignore:setup.py install is deprecated setup.py develop --editable --build-directory /home/pi/dabom/dabom_ws/src/build/inv_kin/build --no-deps symlink_data
[11.967s] INFO:colcon.colcon_core.shell:Creating environment descriptor '/home/pi/dabom/dabom_ws/src/build/inv_kin/share/inv_kin/hook/pythonpath_develop.dsv'
[11.974s] INFO:colcon.colcon_core.shell:Creating environment hook '/home/pi/dabom/dabom_ws/src/build/inv_kin/share/inv_kin/hook/pythonpath_develop.sh'
[11.978s] Level 1:colcon.colcon_core.environment:checking '/home/pi/dabom/dabom_ws/src/install/inv_kin' for CMake module files
[11.981s] Level 1:colcon.colcon_core.environment:checking '/home/pi/dabom/dabom_ws/src/install/inv_kin' for CMake config files
[11.986s] Level 1:colcon.colcon_core.environment:checking '/home/pi/dabom/dabom_ws/src/install/inv_kin/lib'
[11.987s] Level 1:colcon.colcon_core.environment:checking '/home/pi/dabom/dabom_ws/src/install/inv_kin/bin'
[11.988s] Level 1:colcon.colcon_core.environment:checking '/home/pi/dabom/dabom_ws/src/install/inv_kin/lib/pkgconfig/inv_kin.pc'
[11.990s] Level 1:colcon.colcon_core.environment:checking '/home/pi/dabom/dabom_ws/src/install/inv_kin/lib/python3.10/site-packages'
[11.990s] Level 1:colcon.colcon_core.shell:create_environment_hook('inv_kin', 'pythonpath')
[11.991s] INFO:colcon.colcon_core.shell:Creating environment hook '/home/pi/dabom/dabom_ws/src/install/inv_kin/share/inv_kin/hook/pythonpath.ps1'
[11.996s] INFO:colcon.colcon_core.shell:Creating environment descriptor '/home/pi/dabom/dabom_ws/src/install/inv_kin/share/inv_kin/hook/pythonpath.dsv'
[12.006s] INFO:colcon.colcon_core.shell:Creating environment hook '/home/pi/dabom/dabom_ws/src/install/inv_kin/share/inv_kin/hook/pythonpath.sh'
[12.013s] Level 1:colcon.colcon_core.environment:checking '/home/pi/dabom/dabom_ws/src/install/inv_kin/bin'
[12.015s] Level 1:colcon.colcon_core.environment:create_environment_scripts_only(inv_kin)
[12.017s] INFO:colcon.colcon_core.shell:Creating package script '/home/pi/dabom/dabom_ws/src/install/inv_kin/share/inv_kin/package.ps1'
[12.025s] INFO:colcon.colcon_core.shell:Creating package descriptor '/home/pi/dabom/dabom_ws/src/install/inv_kin/share/inv_kin/package.dsv'
[12.034s] INFO:colcon.colcon_core.shell:Creating package script '/home/pi/dabom/dabom_ws/src/install/inv_kin/share/inv_kin/package.sh'
[12.041s] INFO:colcon.colcon_core.shell:Creating package script '/home/pi/dabom/dabom_ws/src/install/inv_kin/share/inv_kin/package.bash'
[12.047s] INFO:colcon.colcon_core.shell:Creating package script '/home/pi/dabom/dabom_ws/src/install/inv_kin/share/inv_kin/package.zsh'
[12.052s] Level 1:colcon.colcon_core.environment:create_file_with_runtime_dependencies(/home/pi/dabom/dabom_ws/src/install/inv_kin/share/colcon-core/packages/inv_kin)
[12.064s] INFO:colcon.colcon_ros.task.ament_python.build:Building ROS package in '/home/pi/dabom/dabom_ws/src/dabom_joy' with build type 'ament_python'
[12.072s] Level 1:colcon.colcon_core.shell:create_environment_hook('dabom_joy', 'ament_prefix_path')
[12.074s] INFO:colcon.colcon_core.shell:Creating environment hook '/home/pi/dabom/dabom_ws/src/install/dabom_joy/share/dabom_joy/hook/ament_prefix_path.ps1'
[12.079s] INFO:colcon.colcon_core.shell:Creating environment descriptor '/home/pi/dabom/dabom_ws/src/install/dabom_joy/share/dabom_joy/hook/ament_prefix_path.dsv'
[12.083s] INFO:colcon.colcon_core.shell:Creating environment hook '/home/pi/dabom/dabom_ws/src/install/dabom_joy/share/dabom_joy/hook/ament_prefix_path.sh'
[12.090s] INFO:colcon.colcon_core.shell:Skip shell extension 'powershell' for command environment: Not usable outside of PowerShell
[12.091s] DEBUG:colcon.colcon_core.shell:Skip shell extension 'dsv' for command environment
[12.131s] Level 1:colcon.colcon_core.shell:create_environment_hook('odom', 'pythonpath_develop')
[12.136s] INFO:colcon.colcon_core.shell:Creating environment hook '/home/pi/dabom/dabom_ws/src/build/odom/share/odom/hook/pythonpath_develop.ps1'
[12.134s] DEBUG:colcon.colcon_core.event_handler.log_command:Invoked command in '/home/pi/dabom/dabom_ws/src/build/odom' returned '0': PYTHONPATH=/home/pi/dabom/dabom_ws/src/build/odom/prefix_override:/usr/lib/python3/dist-packages/colcon_core/task/python/colcon_distutils_commands:/home/pi/dabom/dabom_ws/src/install/odom/lib/python3.10/site-packages:${PYTHONPATH} /usr/bin/python3 -W ignore:setup.py install is deprecated setup.py develop --editable --build-directory /home/pi/dabom/dabom_ws/src/build/odom/build --no-deps symlink_data
[12.142s] INFO:colcon.colcon_core.shell:Creating environment descriptor '/home/pi/dabom/dabom_ws/src/build/odom/share/odom/hook/pythonpath_develop.dsv'
[12.150s] INFO:colcon.colcon_core.shell:Creating environment hook '/home/pi/dabom/dabom_ws/src/build/odom/share/odom/hook/pythonpath_develop.sh'
[12.156s] Level 1:colcon.colcon_core.environment:checking '/home/pi/dabom/dabom_ws/src/install/odom' for CMake module files
[12.160s] Level 1:colcon.colcon_core.environment:checking '/home/pi/dabom/dabom_ws/src/install/odom' for CMake config files
[12.166s] Level 1:colcon.colcon_core.environment:checking '/home/pi/dabom/dabom_ws/src/install/odom/lib'
[12.168s] Level 1:colcon.colcon_core.environment:checking '/home/pi/dabom/dabom_ws/src/install/odom/bin'
[12.169s] Level 1:colcon.colcon_core.environment:checking '/home/pi/dabom/dabom_ws/src/install/odom/lib/pkgconfig/odom.pc'
[12.174s] Level 1:colcon.colcon_core.environment:checking '/home/pi/dabom/dabom_ws/src/install/odom/lib/python3.10/site-packages'
[12.175s] Level 1:colcon.colcon_core.shell:create_environment_hook('odom', 'pythonpath')
[12.178s] INFO:colcon.colcon_core.shell:Creating environment hook '/home/pi/dabom/dabom_ws/src/install/odom/share/odom/hook/pythonpath.ps1'
[12.183s] INFO:colcon.colcon_core.shell:Creating environment descriptor '/home/pi/dabom/dabom_ws/src/install/odom/share/odom/hook/pythonpath.dsv'
[12.186s] INFO:colcon.colcon_core.shell:Creating environment hook '/home/pi/dabom/dabom_ws/src/install/odom/share/odom/hook/pythonpath.sh'
[12.190s] Level 1:colcon.colcon_core.environment:checking '/home/pi/dabom/dabom_ws/src/install/odom/bin'
[12.191s] Level 1:colcon.colcon_core.environment:create_environment_scripts_only(odom)
[12.193s] INFO:colcon.colcon_core.shell:Creating package script '/home/pi/dabom/dabom_ws/src/install/odom/share/odom/package.ps1'
[12.196s] INFO:colcon.colcon_core.shell:Creating package descriptor '/home/pi/dabom/dabom_ws/src/install/odom/share/odom/package.dsv'
[12.199s] INFO:colcon.colcon_core.shell:Creating package script '/home/pi/dabom/dabom_ws/src/install/odom/share/odom/package.sh'
[12.201s] INFO:colcon.colcon_core.shell:Creating package script '/home/pi/dabom/dabom_ws/src/install/odom/share/odom/package.bash'
[12.203s] INFO:colcon.colcon_core.shell:Creating package script '/home/pi/dabom/dabom_ws/src/install/odom/share/odom/package.zsh'
[12.206s] Level 1:colcon.colcon_core.environment:create_file_with_runtime_dependencies(/home/pi/dabom/dabom_ws/src/install/odom/share/colcon-core/packages/odom)
[12.209s] INFO:colcon.colcon_ros.task.ament_cmake.build:Building ROS package in '/home/pi/dabom/dabom_ws/src/dabomb_description' with build type 'ament_cmake'
[12.210s] INFO:colcon.colcon_cmake.task.cmake.build:Building CMake package in '/home/pi/dabom/dabom_ws/src/dabomb_description'
[12.211s] INFO:colcon.colcon_core.shell:Skip shell extension 'powershell' for command environment: Not usable outside of PowerShell
[12.211s] DEBUG:colcon.colcon_core.shell:Skip shell extension 'dsv' for command environment
[12.239s] Level 1:colcon.colcon_core.shell:create_environment_hook('serial_comm', 'pythonpath_develop')
[12.240s] INFO:colcon.colcon_core.shell:Creating environment hook '/home/pi/dabom/dabom_ws/src/build/serial_comm/share/serial_comm/hook/pythonpath_develop.ps1'
[12.242s] DEBUG:colcon.colcon_core.event_handler.log_command:Invoked command in '/home/pi/dabom/dabom_ws/src/build/serial_comm' returned '0': PYTHONPATH=/home/pi/dabom/dabom_ws/src/build/serial_comm/prefix_override:/usr/lib/python3/dist-packages/colcon_core/task/python/colcon_distutils_commands:/home/pi/dabom/dabom_ws/src/install/serial_comm/lib/python3.10/site-packages:${PYTHONPATH} /usr/bin/python3 -W ignore:setup.py install is deprecated setup.py develop --editable --build-directory /home/pi/dabom/dabom_ws/src/build/serial_comm/build --no-deps symlink_data
[12.244s] INFO:colcon.colcon_core.shell:Creating environment descriptor '/home/pi/dabom/dabom_ws/src/build/serial_comm/share/serial_comm/hook/pythonpath_develop.dsv'
[12.246s] INFO:colcon.colcon_core.shell:Creating environment hook '/home/pi/dabom/dabom_ws/src/build/serial_comm/share/serial_comm/hook/pythonpath_develop.sh'
[12.251s] Level 1:colcon.colcon_core.environment:checking '/home/pi/dabom/dabom_ws/src/install/serial_comm' for CMake module files
[12.254s] Level 1:colcon.colcon_core.environment:checking '/home/pi/dabom/dabom_ws/src/install/serial_comm' for CMake config files
[12.258s] Level 1:colcon.colcon_core.environment:checking '/home/pi/dabom/dabom_ws/src/install/serial_comm/lib'
[12.259s] Level 1:colcon.colcon_core.environment:checking '/home/pi/dabom/dabom_ws/src/install/serial_comm/bin'
[12.259s] Level 1:colcon.colcon_core.environment:checking '/home/pi/dabom/dabom_ws/src/install/serial_comm/lib/pkgconfig/serial_comm.pc'
[12.260s] Level 1:colcon.colcon_core.environment:checking '/home/pi/dabom/dabom_ws/src/install/serial_comm/lib/python3.10/site-packages'
[12.261s] Level 1:colcon.colcon_core.shell:create_environment_hook('serial_comm', 'pythonpath')
[12.262s] INFO:colcon.colcon_core.shell:Creating environment hook '/home/pi/dabom/dabom_ws/src/install/serial_comm/share/serial_comm/hook/pythonpath.ps1'
[12.265s] INFO:colcon.colcon_core.shell:Creating environment descriptor '/home/pi/dabom/dabom_ws/src/install/serial_comm/share/serial_comm/hook/pythonpath.dsv'
[12.268s] INFO:colcon.colcon_core.shell:Creating environment hook '/home/pi/dabom/dabom_ws/src/install/serial_comm/share/serial_comm/hook/pythonpath.sh'
[12.272s] Level 1:colcon.colcon_core.environment:checking '/home/pi/dabom/dabom_ws/src/install/serial_comm/bin'
[12.273s] Level 1:colcon.colcon_core.environment:create_environment_scripts_only(serial_comm)
[12.274s] INFO:colcon.colcon_core.shell:Creating package script '/home/pi/dabom/dabom_ws/src/install/serial_comm/share/serial_comm/package.ps1'
[12.278s] INFO:colcon.colcon_core.shell:Creating package descriptor '/home/pi/dabom/dabom_ws/src/install/serial_comm/share/serial_comm/package.dsv'
[12.282s] INFO:colcon.colcon_core.shell:Creating package script '/home/pi/dabom/dabom_ws/src/install/serial_comm/share/serial_comm/package.sh'
[12.285s] INFO:colcon.colcon_core.shell:Creating package script '/home/pi/dabom/dabom_ws/src/install/serial_comm/share/serial_comm/package.bash'
[12.288s] INFO:colcon.colcon_core.shell:Creating package script '/home/pi/dabom/dabom_ws/src/install/serial_comm/share/serial_comm/package.zsh'
[12.290s] Level 1:colcon.colcon_core.environment:create_file_with_runtime_dependencies(/home/pi/dabom/dabom_ws/src/install/serial_comm/share/colcon-core/packages/serial_comm)
[13.618s] INFO:colcon.colcon_core.task.python.build:Building Python package in '/home/pi/dabom/dabom_ws/src/dabom_joy'
[13.619s] INFO:colcon.colcon_core.shell:Skip shell extension 'powershell' for command environment: Not usable outside of PowerShell
[13.619s] DEBUG:colcon.colcon_core.shell:Skip shell extension 'dsv' for command environment
[13.641s] INFO:colcon.colcon_ros.task.ament_cmake.build:Building ROS package in '/home/pi/dabom/dabom_ws/src/xbox_controller' with build type 'ament_cmake'
[13.642s] INFO:colcon.colcon_cmake.task.cmake.build:Building CMake package in '/home/pi/dabom/dabom_ws/src/xbox_controller'
[13.644s] INFO:colcon.colcon_core.shell:Skip shell extension 'powershell' for command environment: Not usable outside of PowerShell
[13.644s] DEBUG:colcon.colcon_core.shell:Skip shell extension 'dsv' for command environment
[13.685s] DEBUG:colcon.colcon_core.event_handler.log_command:Invoking command in '/home/pi/dabom/dabom_ws/src/build/dabomb_description': CMAKE_PREFIX_PATH=${CMAKE_PREFIX_PATH}:/home/pi/dabom/dabom_ws/install/dabom_bringup:/home/pi/dabom/dabom_ws/install/x_serial:/home/pi/dabom/dabom_ws/install/serial_comm:/home/pi/dabom/dabom_ws/install/odom:/home/pi/dabom/dabom_ws/install/inv_kin:/home/pi/dabom/dabom_ws/install/dabom_joy:/opt/ros/humble /usr/bin/cmake --build /home/pi/dabom/dabom_ws/src/build/dabomb_description -- -j4 -l4
[13.718s] DEBUG:colcon.colcon_core.event_handler.log_command:Invoking command in '/home/pi/dabom/dabom_ws/src/build/xbox_controller': CMAKE_PREFIX_PATH=${CMAKE_PREFIX_PATH}:/home/pi/dabom/dabom_ws/install/dabom_bringup:/home/pi/dabom/dabom_ws/install/x_serial:/home/pi/dabom/dabom_ws/install/serial_comm:/home/pi/dabom/dabom_ws/install/odom:/home/pi/dabom/dabom_ws/install/inv_kin:/home/pi/dabom/dabom_ws/install/dabom_joy:/opt/ros/humble /usr/bin/cmake --build /home/pi/dabom/dabom_ws/src/build/xbox_controller -- -j4 -l4
[13.913s] DEBUG:colcon.colcon_core.event_handler.log_command:Invoked command in '/home/pi/dabom/dabom_ws/src/build/dabomb_description' returned '0': CMAKE_PREFIX_PATH=${CMAKE_PREFIX_PATH}:/home/pi/dabom/dabom_ws/install/dabom_bringup:/home/pi/dabom/dabom_ws/install/x_serial:/home/pi/dabom/dabom_ws/install/serial_comm:/home/pi/dabom/dabom_ws/install/odom:/home/pi/dabom/dabom_ws/install/inv_kin:/home/pi/dabom/dabom_ws/install/dabom_joy:/opt/ros/humble /usr/bin/cmake --build /home/pi/dabom/dabom_ws/src/build/dabomb_description -- -j4 -l4
[13.954s] DEBUG:colcon.colcon_core.event_handler.log_command:Invoked command in '/home/pi/dabom/dabom_ws/src/build/xbox_controller' returned '0': CMAKE_PREFIX_PATH=${CMAKE_PREFIX_PATH}:/home/pi/dabom/dabom_ws/install/dabom_bringup:/home/pi/dabom/dabom_ws/install/x_serial:/home/pi/dabom/dabom_ws/install/serial_comm:/home/pi/dabom/dabom_ws/install/odom:/home/pi/dabom/dabom_ws/install/inv_kin:/home/pi/dabom/dabom_ws/install/dabom_joy:/opt/ros/humble /usr/bin/cmake --build /home/pi/dabom/dabom_ws/src/build/xbox_controller -- -j4 -l4
[14.080s] DEBUG:colcon.colcon_core.event_handler.log_command:Invoking command in '/home/pi/dabom/dabom_ws/src/build/dabomb_description': CMAKE_PREFIX_PATH=${CMAKE_PREFIX_PATH}:/home/pi/dabom/dabom_ws/install/dabom_bringup:/home/pi/dabom/dabom_ws/install/x_serial:/home/pi/dabom/dabom_ws/install/serial_comm:/home/pi/dabom/dabom_ws/install/odom:/home/pi/dabom/dabom_ws/install/inv_kin:/home/pi/dabom/dabom_ws/install/dabom_joy:/opt/ros/humble /usr/bin/cmake --install /home/pi/dabom/dabom_ws/src/build/dabomb_description
[14.109s] DEBUG:colcon.colcon_core.event_handler.log_command:Invoking command in '/home/pi/dabom/dabom_ws/src/build/xbox_controller': CMAKE_PREFIX_PATH=${CMAKE_PREFIX_PATH}:/home/pi/dabom/dabom_ws/install/dabom_bringup:/home/pi/dabom/dabom_ws/install/x_serial:/home/pi/dabom/dabom_ws/install/serial_comm:/home/pi/dabom/dabom_ws/install/odom:/home/pi/dabom/dabom_ws/install/inv_kin:/home/pi/dabom/dabom_ws/install/dabom_joy:/opt/ros/humble /usr/bin/cmake --install /home/pi/dabom/dabom_ws/src/build/xbox_controller
[14.185s] Level 1:colcon.colcon_core.environment:create_environment_scripts_only(dabomb_description)
[14.187s] Level 1:colcon.colcon_core.environment:checking '/home/pi/dabom/dabom_ws/src/install/dabomb_description' for CMake module files
[14.192s] DEBUG:colcon.colcon_core.event_handler.log_command:Invoked command in '/home/pi/dabom/dabom_ws/src/build/dabomb_description' returned '0': CMAKE_PREFIX_PATH=${CMAKE_PREFIX_PATH}:/home/pi/dabom/dabom_ws/install/dabom_bringup:/home/pi/dabom/dabom_ws/install/x_serial:/home/pi/dabom/dabom_ws/install/serial_comm:/home/pi/dabom/dabom_ws/install/odom:/home/pi/dabom/dabom_ws/install/inv_kin:/home/pi/dabom/dabom_ws/install/dabom_joy:/opt/ros/humble /usr/bin/cmake --install /home/pi/dabom/dabom_ws/src/build/dabomb_description
[14.193s] Level 1:colcon.colcon_core.environment:checking '/home/pi/dabom/dabom_ws/src/install/dabomb_description' for CMake config files
[14.221s] Level 1:colcon.colcon_core.shell:create_environment_hook('dabomb_description', 'cmake_prefix_path')
[14.222s] INFO:colcon.colcon_core.shell:Creating environment hook '/home/pi/dabom/dabom_ws/src/install/dabomb_description/share/dabomb_description/hook/cmake_prefix_path.ps1'
[14.226s] INFO:colcon.colcon_core.shell:Creating environment descriptor '/home/pi/dabom/dabom_ws/src/install/dabomb_description/share/dabomb_description/hook/cmake_prefix_path.dsv'
[14.235s] INFO:colcon.colcon_core.shell:Creating environment hook '/home/pi/dabom/dabom_ws/src/install/dabomb_description/share/dabomb_description/hook/cmake_prefix_path.sh'
[14.247s] Level 1:colcon.colcon_core.environment:checking '/home/pi/dabom/dabom_ws/src/install/dabomb_description/bin'
[14.248s] Level 1:colcon.colcon_core.environment:checking '/home/pi/dabom/dabom_ws/src/install/dabomb_description/lib/pkgconfig/dabomb_description.pc'
[14.250s] Level 1:colcon.colcon_core.environment:checking '/home/pi/dabom/dabom_ws/src/install/dabomb_description/lib/python3.10/site-packages'
[14.252s] Level 1:colcon.colcon_core.environment:checking '/home/pi/dabom/dabom_ws/src/install/dabomb_description/bin'
[14.255s] INFO:colcon.colcon_core.shell:Creating package script '/home/pi/dabom/dabom_ws/src/install/dabomb_description/share/dabomb_description/package.ps1'
[14.284s] INFO:colcon.colcon_core.shell:Creating package descriptor '/home/pi/dabom/dabom_ws/src/install/dabomb_description/share/dabomb_description/package.dsv'
[14.296s] INFO:colcon.colcon_core.shell:Creating package script '/home/pi/dabom/dabom_ws/src/install/dabomb_description/share/dabomb_description/package.sh'
[14.305s] INFO:colcon.colcon_core.shell:Creating package script '/home/pi/dabom/dabom_ws/src/install/dabomb_description/share/dabomb_description/package.bash'
[14.309s] INFO:colcon.colcon_core.shell:Creating package script '/home/pi/dabom/dabom_ws/src/install/dabomb_description/share/dabomb_description/package.zsh'
[14.314s] Level 1:colcon.colcon_core.environment:create_file_with_runtime_dependencies(/home/pi/dabom/dabom_ws/src/install/dabomb_description/share/colcon-core/packages/dabomb_description)
[14.330s] Level 1:colcon.colcon_core.environment:create_environment_scripts_only(xbox_controller)
[14.333s] DEBUG:colcon.colcon_core.event_handler.log_command:Invoked command in '/home/pi/dabom/dabom_ws/src/build/xbox_controller' returned '0': CMAKE_PREFIX_PATH=${CMAKE_PREFIX_PATH}:/home/pi/dabom/dabom_ws/install/dabom_bringup:/home/pi/dabom/dabom_ws/install/x_serial:/home/pi/dabom/dabom_ws/install/serial_comm:/home/pi/dabom/dabom_ws/install/odom:/home/pi/dabom/dabom_ws/install/inv_kin:/home/pi/dabom/dabom_ws/install/dabom_joy:/opt/ros/humble /usr/bin/cmake --install /home/pi/dabom/dabom_ws/src/build/xbox_controller
[14.335s] Level 1:colcon.colcon_core.environment:checking '/home/pi/dabom/dabom_ws/src/install/xbox_controller' for CMake module files
[14.341s] Level 1:colcon.colcon_core.environment:checking '/home/pi/dabom/dabom_ws/src/install/xbox_controller' for CMake config files
[14.349s] Level 1:colcon.colcon_core.shell:create_environment_hook('xbox_controller', 'cmake_prefix_path')
[14.351s] INFO:colcon.colcon_core.shell:Creating environment hook '/home/pi/dabom/dabom_ws/src/install/xbox_controller/share/xbox_controller/hook/cmake_prefix_path.ps1'
[14.356s] INFO:colcon.colcon_core.shell:Creating environment descriptor '/home/pi/dabom/dabom_ws/src/install/xbox_controller/share/xbox_controller/hook/cmake_prefix_path.dsv'
[14.360s] INFO:colcon.colcon_core.shell:Creating environment hook '/home/pi/dabom/dabom_ws/src/install/xbox_controller/share/xbox_controller/hook/cmake_prefix_path.sh'
[14.366s] Level 1:colcon.colcon_core.environment:checking '/home/pi/dabom/dabom_ws/src/install/xbox_controller/lib'
[14.367s] Level 1:colcon.colcon_core.environment:checking '/home/pi/dabom/dabom_ws/src/install/xbox_controller/bin'
[14.368s] Level 1:colcon.colcon_core.environment:checking '/home/pi/dabom/dabom_ws/src/install/xbox_controller/lib/pkgconfig/xbox_controller.pc'
[14.371s] Level 1:colcon.colcon_core.environment:checking '/home/pi/dabom/dabom_ws/src/install/xbox_controller/lib/python3.10/site-packages'
[14.373s] Level 1:colcon.colcon_core.environment:checking '/home/pi/dabom/dabom_ws/src/install/xbox_controller/bin'
[14.376s] INFO:colcon.colcon_core.shell:Creating package script '/home/pi/dabom/dabom_ws/src/install/xbox_controller/share/xbox_controller/package.ps1'
[14.381s] INFO:colcon.colcon_core.shell:Creating package descriptor '/home/pi/dabom/dabom_ws/src/install/xbox_controller/share/xbox_controller/package.dsv'
[14.388s] INFO:colcon.colcon_core.shell:Creating package script '/home/pi/dabom/dabom_ws/src/install/xbox_controller/share/xbox_controller/package.sh'
[14.395s] INFO:colcon.colcon_core.shell:Creating package script '/home/pi/dabom/dabom_ws/src/install/xbox_controller/share/xbox_controller/package.bash'
[14.400s] INFO:colcon.colcon_core.shell:Creating package script '/home/pi/dabom/dabom_ws/src/install/xbox_controller/share/xbox_controller/package.zsh'
[14.404s] Level 1:colcon.colcon_core.environment:create_file_with_runtime_dependencies(/home/pi/dabom/dabom_ws/src/install/xbox_controller/share/colcon-core/packages/xbox_controller)
[14.452s] Level 1:colcon.colcon_core.shell:create_environment_hook('x_serial', 'pythonpath_develop')
[14.453s] INFO:colcon.colcon_core.shell:Creating environment hook '/home/pi/dabom/dabom_ws/src/build/x_serial/share/x_serial/hook/pythonpath_develop.ps1'
[14.457s] DEBUG:colcon.colcon_core.event_handler.log_command:Invoked command in '/home/pi/dabom/dabom_ws/src/build/x_serial' returned '0': PYTHONPATH=/home/pi/dabom/dabom_ws/src/build/x_serial/prefix_override:/usr/lib/python3/dist-packages/colcon_core/task/python/colcon_distutils_commands:/home/pi/dabom/dabom_ws/src/install/x_serial/lib/python3.10/site-packages:${PYTHONPATH} /usr/bin/python3 -W ignore:setup.py install is deprecated setup.py develop --editable --build-directory /home/pi/dabom/dabom_ws/src/build/x_serial/build --no-deps symlink_data
[14.461s] INFO:colcon.colcon_core.shell:Creating environment descriptor '/home/pi/dabom/dabom_ws/src/build/x_serial/share/x_serial/hook/pythonpath_develop.dsv'
[14.463s] INFO:colcon.colcon_core.shell:Creating environment hook '/home/pi/dabom/dabom_ws/src/build/x_serial/share/x_serial/hook/pythonpath_develop.sh'
[14.467s] Level 1:colcon.colcon_core.environment:checking '/home/pi/dabom/dabom_ws/src/install/x_serial' for CMake module files
[14.470s] Level 1:colcon.colcon_core.environment:checking '/home/pi/dabom/dabom_ws/src/install/x_serial' for CMake config files
[14.475s] Level 1:colcon.colcon_core.environment:checking '/home/pi/dabom/dabom_ws/src/install/x_serial/lib'
[14.475s] Level 1:colcon.colcon_core.environment:checking '/home/pi/dabom/dabom_ws/src/install/x_serial/bin'
[14.476s] Level 1:colcon.colcon_core.environment:checking '/home/pi/dabom/dabom_ws/src/install/x_serial/lib/pkgconfig/x_serial.pc'
[14.477s] Level 1:colcon.colcon_core.environment:checking '/home/pi/dabom/dabom_ws/src/install/x_serial/lib/python3.10/site-packages'
[14.478s] Level 1:colcon.colcon_core.shell:create_environment_hook('x_serial', 'pythonpath')
[14.479s] INFO:colcon.colcon_core.shell:Creating environment hook '/home/pi/dabom/dabom_ws/src/install/x_serial/share/x_serial/hook/pythonpath.ps1'
[14.482s] INFO:colcon.colcon_core.shell:Creating environment descriptor '/home/pi/dabom/dabom_ws/src/install/x_serial/share/x_serial/hook/pythonpath.dsv'
[14.484s] INFO:colcon.colcon_core.shell:Creating environment hook '/home/pi/dabom/dabom_ws/src/install/x_serial/share/x_serial/hook/pythonpath.sh'
[14.488s] Level 1:colcon.colcon_core.environment:checking '/home/pi/dabom/dabom_ws/src/install/x_serial/bin'
[14.489s] Level 1:colcon.colcon_core.environment:create_environment_scripts_only(x_serial)
[14.491s] INFO:colcon.colcon_core.shell:Creating package script '/home/pi/dabom/dabom_ws/src/install/x_serial/share/x_serial/package.ps1'
[14.495s] INFO:colcon.colcon_core.shell:Creating package descriptor '/home/pi/dabom/dabom_ws/src/install/x_serial/share/x_serial/package.dsv'
[14.500s] INFO:colcon.colcon_core.shell:Creating package script '/home/pi/dabom/dabom_ws/src/install/x_serial/share/x_serial/package.sh'
[14.504s] INFO:colcon.colcon_core.shell:Creating package script '/home/pi/dabom/dabom_ws/src/install/x_serial/share/x_serial/package.bash'
[14.507s] INFO:colcon.colcon_core.shell:Creating package script '/home/pi/dabom/dabom_ws/src/install/x_serial/share/x_serial/package.zsh'
[14.509s] Level 1:colcon.colcon_core.environment:create_file_with_runtime_dependencies(/home/pi/dabom/dabom_ws/src/install/x_serial/share/colcon-core/packages/x_serial)
[14.517s] INFO:colcon.colcon_ros.task.ament_python.build:Building ROS package in '/home/pi/dabom/dabom_ws/src/dabom_bringup' with build type 'ament_python'
[14.518s] Level 1:colcon.colcon_core.shell:create_environment_hook('dabom_bringup', 'ament_prefix_path')
[14.520s] INFO:colcon.colcon_core.shell:Creating environment hook '/home/pi/dabom/dabom_ws/src/install/dabom_bringup/share/dabom_bringup/hook/ament_prefix_path.ps1'
[14.523s] INFO:colcon.colcon_core.shell:Creating environment descriptor '/home/pi/dabom/dabom_ws/src/install/dabom_bringup/share/dabom_bringup/hook/ament_prefix_path.dsv'
[14.526s] INFO:colcon.colcon_core.shell:Creating environment hook '/home/pi/dabom/dabom_ws/src/install/dabom_bringup/share/dabom_bringup/hook/ament_prefix_path.sh'
[14.529s] INFO:colcon.colcon_core.shell:Skip shell extension 'powershell' for command environment: Not usable outside of PowerShell
[14.530s] DEBUG:colcon.colcon_core.shell:Skip shell extension 'dsv' for command environment
[14.565s] Level 1:colcon.colcon_core.environment:create_environment_scripts_only(dabomb_description)
[14.566s] Level 1:colcon.colcon_core.environment:checking '/home/pi/dabom/dabom_ws/src/install/dabomb_description' for CMake module files
[14.570s] Level 1:colcon.colcon_core.environment:checking '/home/pi/dabom/dabom_ws/src/install/dabomb_description' for CMake config files
[14.573s] Level 1:colcon.colcon_core.shell:create_environment_hook('dabomb_description', 'cmake_prefix_path')
[14.574s] INFO:colcon.colcon_core.shell:Creating environment hook '/home/pi/dabom/dabom_ws/src/install/dabomb_description/share/dabomb_description/hook/cmake_prefix_path.ps1'
[14.577s] INFO:colcon.colcon_core.shell:Creating environment descriptor '/home/pi/dabom/dabom_ws/src/install/dabomb_description/share/dabomb_description/hook/cmake_prefix_path.dsv'
[14.580s] INFO:colcon.colcon_core.shell:Creating environment hook '/home/pi/dabom/dabom_ws/src/install/dabomb_description/share/dabomb_description/hook/cmake_prefix_path.sh'
[14.584s] Level 1:colcon.colcon_core.environment:checking '/home/pi/dabom/dabom_ws/src/install/dabomb_description/bin'
[14.584s] Level 1:colcon.colcon_core.environment:checking '/home/pi/dabom/dabom_ws/src/install/dabomb_description/lib/pkgconfig/dabomb_description.pc'
[14.586s] Level 1:colcon.colcon_core.environment:checking '/home/pi/dabom/dabom_ws/src/install/dabomb_description/lib/python3.10/site-packages'
[14.588s] Level 1:colcon.colcon_core.environment:checking '/home/pi/dabom/dabom_ws/src/install/dabomb_description/bin'
[14.589s] INFO:colcon.colcon_core.shell:Creating package script '/home/pi/dabom/dabom_ws/src/install/dabomb_description/share/dabomb_description/package.ps1'
[14.592s] INFO:colcon.colcon_core.shell:Creating package descriptor '/home/pi/dabom/dabom_ws/src/install/dabomb_description/share/dabomb_description/package.dsv'
[14.596s] INFO:colcon.colcon_core.shell:Creating package script '/home/pi/dabom/dabom_ws/src/install/dabomb_description/share/dabomb_description/package.sh'
[14.600s] INFO:colcon.colcon_core.shell:Creating package script '/home/pi/dabom/dabom_ws/src/install/dabomb_description/share/dabomb_description/package.bash'
[14.603s] INFO:colcon.colcon_core.shell:Creating package script '/home/pi/dabom/dabom_ws/src/install/dabomb_description/share/dabomb_description/package.zsh'
[14.607s] Level 1:colcon.colcon_core.environment:create_file_with_runtime_dependencies(/home/pi/dabom/dabom_ws/src/install/dabomb_description/share/colcon-core/packages/dabomb_description)
[14.610s] Level 1:colcon.colcon_core.environment:create_environment_scripts_only(xbox_controller)
[14.611s] Level 1:colcon.colcon_core.environment:checking '/home/pi/dabom/dabom_ws/src/install/xbox_controller' for CMake module files
[14.617s] Level 1:colcon.colcon_core.environment:checking '/home/pi/dabom/dabom_ws/src/install/xbox_controller' for CMake config files
[14.621s] Level 1:colcon.colcon_core.shell:create_environment_hook('xbox_controller', 'cmake_prefix_path')
[14.623s] INFO:colcon.colcon_core.shell:Creating environment hook '/home/pi/dabom/dabom_ws/src/install/xbox_controller/share/xbox_controller/hook/cmake_prefix_path.ps1'
[14.626s] INFO:colcon.colcon_core.shell:Creating environment descriptor '/home/pi/dabom/dabom_ws/src/install/xbox_controller/share/xbox_controller/hook/cmake_prefix_path.dsv'
[14.629s] INFO:colcon.colcon_core.shell:Creating environment hook '/home/pi/dabom/dabom_ws/src/install/xbox_controller/share/xbox_controller/hook/cmake_prefix_path.sh'
[14.633s] Level 1:colcon.colcon_core.environment:checking '/home/pi/dabom/dabom_ws/src/install/xbox_controller/lib'
[14.634s] Level 1:colcon.colcon_core.environment:checking '/home/pi/dabom/dabom_ws/src/install/xbox_controller/bin'
[14.635s] Level 1:colcon.colcon_core.environment:checking '/home/pi/dabom/dabom_ws/src/install/xbox_controller/lib/pkgconfig/xbox_controller.pc'
[14.636s] Level 1:colcon.colcon_core.environment:checking '/home/pi/dabom/dabom_ws/src/install/xbox_controller/lib/python3.10/site-packages'
[14.637s] Level 1:colcon.colcon_core.environment:checking '/home/pi/dabom/dabom_ws/src/install/xbox_controller/bin'
[14.639s] INFO:colcon.colcon_core.shell:Creating package script '/home/pi/dabom/dabom_ws/src/install/xbox_controller/share/xbox_controller/package.ps1'
[14.642s] INFO:colcon.colcon_core.shell:Creating package descriptor '/home/pi/dabom/dabom_ws/src/install/xbox_controller/share/xbox_controller/package.dsv'
[14.645s] INFO:colcon.colcon_core.shell:Creating package script '/home/pi/dabom/dabom_ws/src/install/xbox_controller/share/xbox_controller/package.sh'
[14.648s] INFO:colcon.colcon_core.shell:Creating package script '/home/pi/dabom/dabom_ws/src/install/xbox_controller/share/xbox_controller/package.bash'
[14.651s] INFO:colcon.colcon_core.shell:Creating package script '/home/pi/dabom/dabom_ws/src/install/xbox_controller/share/xbox_controller/package.zsh'
[14.654s] Level 1:colcon.colcon_core.environment:create_file_with_runtime_dependencies(/home/pi/dabom/dabom_ws/src/install/xbox_controller/share/colcon-core/packages/xbox_controller)
[16.092s] INFO:colcon.colcon_core.task.python.build:Building Python package in '/home/pi/dabom/dabom_ws/src/dabom_bringup'
[16.093s] INFO:colcon.colcon_core.shell:Skip shell extension 'powershell' for command environment: Not usable outside of PowerShell
[16.094s] DEBUG:colcon.colcon_core.shell:Skip shell extension 'dsv' for command environment
[16.134s] DEBUG:colcon.colcon_core.event_handler.log_command:Invoking command in '/home/pi/dabom/dabom_ws/src/build/dabom_joy': PYTHONPATH=/home/pi/dabom/dabom_ws/src/build/dabom_joy/prefix_override:/usr/lib/python3/dist-packages/colcon_core/task/python/colcon_distutils_commands:/home/pi/dabom/dabom_ws/src/install/dabom_joy/lib/python3.10/site-packages:${PYTHONPATH} /usr/bin/python3 -W ignore:setup.py install is deprecated setup.py develop --editable --build-directory /home/pi/dabom/dabom_ws/src/build/dabom_joy/build --no-deps symlink_data
[18.006s] DEBUG:colcon.colcon_core.event_handler.log_command:Invoking command in '/home/pi/dabom/dabom_ws/src/build/dabom_bringup': AMENT_PREFIX_PATH=/home/pi/dabom/dabom_ws/src/install/x_serial:/home/pi/dabom/dabom_ws/src/install/serial_comm:/home/pi/dabom/dabom_ws/src/install/rplidar_ros:/home/pi/dabom/dabom_ws/src/install/odom:/home/pi/dabom/dabom_ws/src/install/inv_kin:${AMENT_PREFIX_PATH} CMAKE_PREFIX_PATH=/home/pi/dabom/dabom_ws/src/install/rplidar_ros:${CMAKE_PREFIX_PATH} PYTHONPATH=/home/pi/dabom/dabom_ws/src/build/dabom_bringup/prefix_override:/usr/lib/python3/dist-packages/colcon_core/task/python/colcon_distutils_commands:/home/pi/dabom/dabom_ws/src/install/dabom_bringup/lib/python3.10/site-packages:/home/pi/dabom/dabom_ws/src/build/x_serial:/home/pi/dabom/dabom_ws/src/install/x_serial/lib/python3.10/site-packages:/home/pi/dabom/dabom_ws/src/build/serial_comm:/home/pi/dabom/dabom_ws/src/install/serial_comm/lib/python3.10/site-packages:/home/pi/dabom/dabom_ws/src/build/odom:/home/pi/dabom/dabom_ws/src/install/odom/lib/python3.10/site-packages:/home/pi/dabom/dabom_ws/src/build/inv_kin:/home/pi/dabom/dabom_ws/src/install/inv_kin/lib/python3.10/site-packages:${PYTHONPATH} /usr/bin/python3 -W ignore:setup.py install is deprecated setup.py develop --editable --build-directory /home/pi/dabom/dabom_ws/src/build/dabom_bringup/build --no-deps symlink_data
[18.412s] Level 1:colcon.colcon_core.shell:create_environment_hook('dabom_joy', 'pythonpath_develop')
[18.413s] INFO:colcon.colcon_core.shell:Creating environment hook '/home/pi/dabom/dabom_ws/src/build/dabom_joy/share/dabom_joy/hook/pythonpath_develop.ps1'
[18.415s] DEBUG:colcon.colcon_core.event_handler.log_command:Invoked command in '/home/pi/dabom/dabom_ws/src/build/dabom_joy' returned '0': PYTHONPATH=/home/pi/dabom/dabom_ws/src/build/dabom_joy/prefix_override:/usr/lib/python3/dist-packages/colcon_core/task/python/colcon_distutils_commands:/home/pi/dabom/dabom_ws/src/install/dabom_joy/lib/python3.10/site-packages:${PYTHONPATH} /usr/bin/python3 -W ignore:setup.py install is deprecated setup.py develop --editable --build-directory /home/pi/dabom/dabom_ws/src/build/dabom_joy/build --no-deps symlink_data
[18.417s] INFO:colcon.colcon_core.shell:Creating environment descriptor '/home/pi/dabom/dabom_ws/src/build/dabom_joy/share/dabom_joy/hook/pythonpath_develop.dsv'
[18.420s] INFO:colcon.colcon_core.shell:Creating environment hook '/home/pi/dabom/dabom_ws/src/build/dabom_joy/share/dabom_joy/hook/pythonpath_develop.sh'
[18.423s] Level 1:colcon.colcon_core.environment:checking '/home/pi/dabom/dabom_ws/src/install/dabom_joy' for CMake module files
[18.425s] Level 1:colcon.colcon_core.environment:checking '/home/pi/dabom/dabom_ws/src/install/dabom_joy' for CMake config files
[18.429s] Level 1:colcon.colcon_core.environment:checking '/home/pi/dabom/dabom_ws/src/install/dabom_joy/lib'
[18.429s] Level 1:colcon.colcon_core.environment:checking '/home/pi/dabom/dabom_ws/src/install/dabom_joy/bin'
[18.430s] Level 1:colcon.colcon_core.environment:checking '/home/pi/dabom/dabom_ws/src/install/dabom_joy/lib/pkgconfig/dabom_joy.pc'
[18.431s] Level 1:colcon.colcon_core.environment:checking '/home/pi/dabom/dabom_ws/src/install/dabom_joy/lib/python3.10/site-packages'
[18.431s] Level 1:colcon.colcon_core.shell:create_environment_hook('dabom_joy', 'pythonpath')
[18.432s] INFO:colcon.colcon_core.shell:Creating environment hook '/home/pi/dabom/dabom_ws/src/install/dabom_joy/share/dabom_joy/hook/pythonpath.ps1'
[18.434s] INFO:colcon.colcon_core.shell:Creating environment descriptor '/home/pi/dabom/dabom_ws/src/install/dabom_joy/share/dabom_joy/hook/pythonpath.dsv'
[18.436s] INFO:colcon.colcon_core.shell:Creating environment hook '/home/pi/dabom/dabom_ws/src/install/dabom_joy/share/dabom_joy/hook/pythonpath.sh'
[18.441s] Level 1:colcon.colcon_core.environment:checking '/home/pi/dabom/dabom_ws/src/install/dabom_joy/bin'
[18.441s] Level 1:colcon.colcon_core.environment:create_environment_scripts_only(dabom_joy)
[18.443s] INFO:colcon.colcon_core.shell:Creating package script '/home/pi/dabom/dabom_ws/src/install/dabom_joy/share/dabom_joy/package.ps1'
[18.447s] INFO:colcon.colcon_core.shell:Creating package descriptor '/home/pi/dabom/dabom_ws/src/install/dabom_joy/share/dabom_joy/package.dsv'
[18.450s] INFO:colcon.colcon_core.shell:Creating package script '/home/pi/dabom/dabom_ws/src/install/dabom_joy/share/dabom_joy/package.sh'
[18.452s] INFO:colcon.colcon_core.shell:Creating package script '/home/pi/dabom/dabom_ws/src/install/dabom_joy/share/dabom_joy/package.bash'
[18.455s] INFO:colcon.colcon_core.shell:Creating package script '/home/pi/dabom/dabom_ws/src/install/dabom_joy/share/dabom_joy/package.zsh'
[18.457s] Level 1:colcon.colcon_core.environment:create_file_with_runtime_dependencies(/home/pi/dabom/dabom_ws/src/install/dabom_joy/share/colcon-core/packages/dabom_joy)
[20.051s] Level 1:colcon.colcon_core.shell:create_environment_hook('dabom_bringup', 'pythonpath_develop')
[20.052s] INFO:colcon.colcon_core.shell:Creating environment hook '/home/pi/dabom/dabom_ws/src/build/dabom_bringup/share/dabom_bringup/hook/pythonpath_develop.ps1'
[20.054s] DEBUG:colcon.colcon_core.event_handler.log_command:Invoked command in '/home/pi/dabom/dabom_ws/src/build/dabom_bringup' returned '0': AMENT_PREFIX_PATH=/home/pi/dabom/dabom_ws/src/install/x_serial:/home/pi/dabom/dabom_ws/src/install/serial_comm:/home/pi/dabom/dabom_ws/src/install/rplidar_ros:/home/pi/dabom/dabom_ws/src/install/odom:/home/pi/dabom/dabom_ws/src/install/inv_kin:${AMENT_PREFIX_PATH} CMAKE_PREFIX_PATH=/home/pi/dabom/dabom_ws/src/install/rplidar_ros:${CMAKE_PREFIX_PATH} PYTHONPATH=/home/pi/dabom/dabom_ws/src/build/dabom_bringup/prefix_override:/usr/lib/python3/dist-packages/colcon_core/task/python/colcon_distutils_commands:/home/pi/dabom/dabom_ws/src/install/dabom_bringup/lib/python3.10/site-packages:/home/pi/dabom/dabom_ws/src/build/x_serial:/home/pi/dabom/dabom_ws/src/install/x_serial/lib/python3.10/site-packages:/home/pi/dabom/dabom_ws/src/build/serial_comm:/home/pi/dabom/dabom_ws/src/install/serial_comm/lib/python3.10/site-packages:/home/pi/dabom/dabom_ws/src/build/odom:/home/pi/dabom/dabom_ws/src/install/odom/lib/python3.10/site-packages:/home/pi/dabom/dabom_ws/src/build/inv_kin:/home/pi/dabom/dabom_ws/src/install/inv_kin/lib/python3.10/site-packages:${PYTHONPATH} /usr/bin/python3 -W ignore:setup.py install is deprecated setup.py develop --editable --build-directory /home/pi/dabom/dabom_ws/src/build/dabom_bringup/build --no-deps symlink_data
[20.056s] INFO:colcon.colcon_core.shell:Creating environment descriptor '/home/pi/dabom/dabom_ws/src/build/dabom_bringup/share/dabom_bringup/hook/pythonpath_develop.dsv'
[20.058s] INFO:colcon.colcon_core.shell:Creating environment hook '/home/pi/dabom/dabom_ws/src/build/dabom_bringup/share/dabom_bringup/hook/pythonpath_develop.sh'
[20.061s] Level 1:colcon.colcon_core.environment:checking '/home/pi/dabom/dabom_ws/src/install/dabom_bringup' for CMake module files
[20.064s] Level 1:colcon.colcon_core.environment:checking '/home/pi/dabom/dabom_ws/src/install/dabom_bringup' for CMake config files
[20.067s] Level 1:colcon.colcon_core.environment:checking '/home/pi/dabom/dabom_ws/src/install/dabom_bringup/lib'
[20.068s] Level 1:colcon.colcon_core.environment:checking '/home/pi/dabom/dabom_ws/src/install/dabom_bringup/bin'
[20.068s] Level 1:colcon.colcon_core.environment:checking '/home/pi/dabom/dabom_ws/src/install/dabom_bringup/lib/pkgconfig/dabom_bringup.pc'
[20.069s] Level 1:colcon.colcon_core.environment:checking '/home/pi/dabom/dabom_ws/src/install/dabom_bringup/lib/python3.10/site-packages'
[20.069s] Level 1:colcon.colcon_core.shell:create_environment_hook('dabom_bringup', 'pythonpath')
[20.071s] INFO:colcon.colcon_core.shell:Creating environment hook '/home/pi/dabom/dabom_ws/src/install/dabom_bringup/share/dabom_bringup/hook/pythonpath.ps1'
[20.073s] INFO:colcon.colcon_core.shell:Creating environment descriptor '/home/pi/dabom/dabom_ws/src/install/dabom_bringup/share/dabom_bringup/hook/pythonpath.dsv'
[20.075s] INFO:colcon.colcon_core.shell:Creating environment hook '/home/pi/dabom/dabom_ws/src/install/dabom_bringup/share/dabom_bringup/hook/pythonpath.sh'
[20.078s] Level 1:colcon.colcon_core.environment:checking '/home/pi/dabom/dabom_ws/src/install/dabom_bringup/bin'
[20.079s] Level 1:colcon.colcon_core.environment:create_environment_scripts_only(dabom_bringup)
[20.080s] INFO:colcon.colcon_core.shell:Creating package script '/home/pi/dabom/dabom_ws/src/install/dabom_bringup/share/dabom_bringup/package.ps1'
[20.083s] INFO:colcon.colcon_core.shell:Creating package descriptor '/home/pi/dabom/dabom_ws/src/install/dabom_bringup/share/dabom_bringup/package.dsv'
[20.085s] INFO:colcon.colcon_core.shell:Creating package script '/home/pi/dabom/dabom_ws/src/install/dabom_bringup/share/dabom_bringup/package.sh'
[20.087s] INFO:colcon.colcon_core.shell:Creating package script '/home/pi/dabom/dabom_ws/src/install/dabom_bringup/share/dabom_bringup/package.bash'
[20.089s] INFO:colcon.colcon_core.shell:Creating package script '/home/pi/dabom/dabom_ws/src/install/dabom_bringup/share/dabom_bringup/package.zsh'
[20.091s] Level 1:colcon.colcon_core.environment:create_file_with_runtime_dependencies(/home/pi/dabom/dabom_ws/src/install/dabom_bringup/share/colcon-core/packages/dabom_bringup)
[20.092s] DEBUG:colcon.colcon_parallel_executor.executor.parallel:closing loop
[20.094s] DEBUG:colcon.colcon_parallel_executor.executor.parallel:loop closed
[20.094s] DEBUG:colcon.colcon_parallel_executor.executor.parallel:run_until_complete finished with '0'
[20.094s] DEBUG:colcon.colcon_core.event_reactor:joining thread
[20.118s] INFO:colcon.colcon_core.plugin_system:Skipping extension 'colcon_notification.desktop_notification.notify_send': Could not find 'notify-send'
[20.119s] INFO:colcon.colcon_core.plugin_system:Skipping extension 'colcon_notification.desktop_notification.terminal_notifier': Not used on non-Darwin systems
[20.119s] INFO:colcon.colcon_core.plugin_system:Skipping extension 'colcon_notification.desktop_notification.win32': Not used on non-Windows systems
[20.119s] INFO:colcon.colcon_notification.desktop_notification:Sending desktop notification using 'notify2'
[20.122s] DEBUG:colcon.colcon_notification.desktop_notification.notify2:Failed to initialize notify2: org.freedesktop.DBus.Error.ServiceUnknown: The name org.freedesktop.Notifications was not provided by any .service files
[20.123s] DEBUG:colcon.colcon_core.event_reactor:joined thread
[20.124s] INFO:colcon.colcon_core.shell:Creating prefix script '/home/pi/dabom/dabom_ws/src/install/local_setup.ps1'
[20.128s] INFO:colcon.colcon_core.shell:Creating prefix util module '/home/pi/dabom/dabom_ws/src/install/_local_setup_util_ps1.py'
[20.135s] INFO:colcon.colcon_core.shell:Creating prefix chain script '/home/pi/dabom/dabom_ws/src/install/setup.ps1'
[20.144s] INFO:colcon.colcon_core.shell:Creating prefix script '/home/pi/dabom/dabom_ws/src/install/local_setup.sh'
[20.146s] INFO:colcon.colcon_core.shell:Creating prefix util module '/home/pi/dabom/dabom_ws/src/install/_local_setup_util_sh.py'
[20.150s] INFO:colcon.colcon_core.shell:Creating prefix chain script '/home/pi/dabom/dabom_ws/src/install/setup.sh'
[20.157s] INFO:colcon.colcon_core.shell:Creating prefix script '/home/pi/dabom/dabom_ws/src/install/local_setup.bash'
[20.159s] INFO:colcon.colcon_core.shell:Creating prefix chain script '/home/pi/dabom/dabom_ws/src/install/setup.bash'
[20.166s] INFO:colcon.colcon_core.shell:Creating prefix script '/home/pi/dabom/dabom_ws/src/install/local_setup.zsh'
[20.169s] INFO:colcon.colcon_core.shell:Creating prefix chain script '/home/pi/dabom/dabom_ws/src/install/setup.zsh'
