[0.486s] Invoking command in '/home/mees/Documents/GitHub/dabom/dabom_ws/src/serial_comm': PYTHONPATH=/home/mees/Documents/GitHub/dabom/dabom_ws/build/serial_comm/prefix_override:/usr/lib/python3/dist-packages/colcon_core/task/python/colcon_distutils_commands:/home/mees/Documents/GitHub/dabom/dabom_ws/install/serial_comm/lib/python3.10/site-packages:${PYTHONPATH} /usr/bin/python3 -W ignore:setup.py install is deprecated setup.py egg_info --egg-base ../../build/serial_comm build --build-base /home/mees/Documents/GitHub/dabom/dabom_ws/build/serial_comm/build install --record /home/mees/Documents/GitHub/dabom/dabom_ws/build/serial_comm/install.log --single-version-externally-managed install_data
[0.678s] running egg_info
[0.679s] writing ../../build/serial_comm/serial_comm.egg-info/PKG-INFO
[0.679s] writing dependency_links to ../../build/serial_comm/serial_comm.egg-info/dependency_links.txt
[0.679s] writing entry points to ../../build/serial_comm/serial_comm.egg-info/entry_points.txt
[0.679s] writing requirements to ../../build/serial_comm/serial_comm.egg-info/requires.txt
[0.679s] writing top-level names to ../../build/serial_comm/serial_comm.egg-info/top_level.txt
[0.680s] reading manifest file '../../build/serial_comm/serial_comm.egg-info/SOURCES.txt'
[0.681s] adding license file 'LICENSE'
[0.681s] writing manifest file '../../build/serial_comm/serial_comm.egg-info/SOURCES.txt'
[0.681s] running build
[0.681s] running build_py
[0.682s] running install
[0.682s] running install_lib
[0.683s] running install_data
[0.683s] running install_egg_info
[0.684s] removing '/home/mees/Documents/GitHub/dabom/dabom_ws/install/serial_comm/lib/python3.10/site-packages/serial_comm-0.0.0-py3.10.egg-info' (and everything under it)
[0.685s] Copying ../../build/serial_comm/serial_comm.egg-info to /home/mees/Documents/GitHub/dabom/dabom_ws/install/serial_comm/lib/python3.10/site-packages/serial_comm-0.0.0-py3.10.egg-info
[0.686s] running install_scripts
[0.701s] Installing serial_talker script to /home/mees/Documents/GitHub/dabom/dabom_ws/install/serial_comm/lib/serial_comm
[0.701s] writing list of installed files to '/home/mees/Documents/GitHub/dabom/dabom_ws/build/serial_comm/install.log'
[0.721s] Invoked command in '/home/mees/Documents/GitHub/dabom/dabom_ws/src/serial_comm' returned '0': PYTHONPATH=/home/mees/Documents/GitHub/dabom/dabom_ws/build/serial_comm/prefix_override:/usr/lib/python3/dist-packages/colcon_core/task/python/colcon_distutils_commands:/home/mees/Documents/GitHub/dabom/dabom_ws/install/serial_comm/lib/python3.10/site-packages:${PYTHONPATH} /usr/bin/python3 -W ignore:setup.py install is deprecated setup.py egg_info --egg-base ../../build/serial_comm build --build-base /home/mees/Documents/GitHub/dabom/dabom_ws/build/serial_comm/build install --record /home/mees/Documents/GitHub/dabom/dabom_ws/build/serial_comm/install.log --single-version-externally-managed install_data
