[0.010s] Invoking command in '/home/mees/Documents/GitHub/dabom/dabom_ws/build/serial_comm': CMAKE_PREFIX_PATH=${CMAKE_PREFIX_PATH}:/opt/ros/humble /usr/bin/cmake --build /home/mees/Documents/GitHub/dabom/dabom_ws/build/serial_comm -- -j16 -l16
[0.046s] Invoked command in '/home/mees/Documents/GitHub/dabom/dabom_ws/build/serial_comm' returned '0': CMAKE_PREFIX_PATH=${CMAKE_PREFIX_PATH}:/opt/ros/humble /usr/bin/cmake --build /home/mees/Documents/GitHub/dabom/dabom_ws/build/serial_comm -- -j16 -l16
[0.073s] Invoking command in '/home/mees/Documents/GitHub/dabom/dabom_ws/build/serial_comm': CMAKE_PREFIX_PATH=${CMAKE_PREFIX_PATH}:/opt/ros/humble /usr/bin/cmake --install /home/mees/Documents/GitHub/dabom/dabom_ws/build/serial_comm
[0.078s] -- Install configuration: ""
[0.079s] -- Up-to-date: /home/mees/Documents/GitHub/dabom/dabom_ws/install/serial_comm/share/ament_index/resource_index/package_run_dependencies/serial_comm
[0.079s] -- Up-to-date: /home/mees/Documents/GitHub/dabom/dabom_ws/install/serial_comm/share/ament_index/resource_index/parent_prefix_path/serial_comm
[0.079s] -- Up-to-date: /home/mees/Documents/GitHub/dabom/dabom_ws/install/serial_comm/share/serial_comm/environment/ament_prefix_path.sh
[0.079s] -- Up-to-date: /home/mees/Documents/GitHub/dabom/dabom_ws/install/serial_comm/share/serial_comm/environment/ament_prefix_path.dsv
[0.079s] -- Up-to-date: /home/mees/Documents/GitHub/dabom/dabom_ws/install/serial_comm/share/serial_comm/environment/path.sh
[0.079s] -- Up-to-date: /home/mees/Documents/GitHub/dabom/dabom_ws/install/serial_comm/share/serial_comm/environment/path.dsv
[0.079s] -- Up-to-date: /home/mees/Documents/GitHub/dabom/dabom_ws/install/serial_comm/share/serial_comm/local_setup.bash
[0.079s] -- Up-to-date: /home/mees/Documents/GitHub/dabom/dabom_ws/install/serial_comm/share/serial_comm/local_setup.sh
[0.079s] -- Up-to-date: /home/mees/Documents/GitHub/dabom/dabom_ws/install/serial_comm/share/serial_comm/local_setup.zsh
[0.079s] -- Up-to-date: /home/mees/Documents/GitHub/dabom/dabom_ws/install/serial_comm/share/serial_comm/local_setup.dsv
[0.079s] -- Installing: /home/mees/Documents/GitHub/dabom/dabom_ws/install/serial_comm/share/serial_comm/package.dsv
[0.079s] -- Up-to-date: /home/mees/Documents/GitHub/dabom/dabom_ws/install/serial_comm/share/ament_index/resource_index/packages/serial_comm
[0.079s] -- Up-to-date: /home/mees/Documents/GitHub/dabom/dabom_ws/install/serial_comm/share/serial_comm/cmake/serial_commConfig.cmake
[0.079s] -- Up-to-date: /home/mees/Documents/GitHub/dabom/dabom_ws/install/serial_comm/share/serial_comm/cmake/serial_commConfig-version.cmake
[0.079s] -- Up-to-date: /home/mees/Documents/GitHub/dabom/dabom_ws/install/serial_comm/share/serial_comm/package.xml
[0.081s] Invoked command in '/home/mees/Documents/GitHub/dabom/dabom_ws/build/serial_comm' returned '0': CMAKE_PREFIX_PATH=${CMAKE_PREFIX_PATH}:/opt/ros/humble /usr/bin/cmake --install /home/mees/Documents/GitHub/dabom/dabom_ws/build/serial_comm
