[0.008s] Invoking command in '/home/mees/Documents/GitHub/dabom/dabom_ws/build/serial_comm': CMAKE_PREFIX_PATH=/opt/ros/humble /usr/bin/cmake /home/mees/Documents/GitHub/dabom/dabom_ws/src/serial_comm -DCMAKE_INSTALL_PREFIX=/home/mees/Documents/GitHub/dabom/dabom_ws/install/serial_comm
[0.088s] -- The C compiler identification is GNU 11.4.0
[0.153s] -- The CXX compiler identification is GNU 11.4.0
[0.162s] -- Detecting C compiler ABI info
[0.216s] -- Detecting C compiler ABI info - done
[0.221s] -- Check for working C compiler: /usr/bin/cc - skipped
[0.221s] -- Detecting C compile features
[0.221s] -- Detecting C compile features - done
[0.224s] -- Detecting CXX compiler ABI info
[0.286s] -- Detecting CXX compiler ABI info - done
[0.291s] -- Check for working CXX compiler: /usr/bin/c++ - skipped
[0.291s] -- Detecting CXX compile features
[0.291s] -- Detecting CXX compile features - done
[0.296s] -- Found ament_cmake: 1.3.10 (/opt/ros/humble/share/ament_cmake/cmake)
[0.406s] -- Found Python3: /usr/bin/python3 (found version "3.10.12") found components: Interpreter 
[0.484s] -- Found rclcpp: 16.0.10 (/opt/ros/humble/share/rclcpp/cmake)
[0.528s] -- Found rosidl_generator_c: 3.1.5 (/opt/ros/humble/share/rosidl_generator_c/cmake)
[0.534s] -- Found rosidl_adapter: 3.1.5 (/opt/ros/humble/share/rosidl_adapter/cmake)
[0.542s] -- Found rosidl_generator_cpp: 3.1.5 (/opt/ros/humble/share/rosidl_generator_cpp/cmake)
[0.554s] -- Using all available rosidl_typesupport_c: rosidl_typesupport_fastrtps_c;rosidl_typesupport_introspection_c
[0.569s] -- Using all available rosidl_typesupport_cpp: rosidl_typesupport_fastrtps_cpp;rosidl_typesupport_introspection_cpp
[0.613s] -- Found rmw_implementation_cmake: 6.1.2 (/opt/ros/humble/share/rmw_implementation_cmake/cmake)
[0.616s] -- Found rmw_fastrtps_cpp: 6.2.7 (/opt/ros/humble/share/rmw_fastrtps_cpp/cmake)
[0.696s] -- Found OpenSSL: /usr/lib/x86_64-linux-gnu/libcrypto.so (found version "3.0.2")  
[0.720s] -- Found FastRTPS: /opt/ros/humble/include  
[0.757s] -- Using RMW implementation 'rmw_fastrtps_cpp' as default
[0.767s] -- Looking for pthread.h
[0.823s] -- Looking for pthread.h - found
[0.824s] -- Performing Test CMAKE_HAVE_LIBC_PTHREAD
[0.880s] -- Performing Test CMAKE_HAVE_LIBC_PTHREAD - Success
[0.881s] -- Found Threads: TRUE  
[0.927s] -- Found ament_lint_auto: 0.12.11 (/opt/ros/humble/share/ament_lint_auto/cmake)
[0.989s] -- Added test 'cppcheck' to perform static code analysis on C / C++ code
[0.989s] -- Configured cppcheck include dirs: 
[0.989s] -- Configured cppcheck exclude dirs and/or files: 
[0.989s] -- Added test 'lint_cmake' to check CMake code style
[0.991s] -- Added test 'uncrustify' to check C / C++ code style
[0.991s] -- Configured uncrustify additional arguments: 
[0.991s] -- Added test 'xmllint' to check XML markup files
[0.992s] -- Configuring done
[0.997s] -- Generating done
[0.997s] -- Build files have been written to: /home/mees/Documents/GitHub/dabom/dabom_ws/build/serial_comm
[1.005s] Invoked command in '/home/mees/Documents/GitHub/dabom/dabom_ws/build/serial_comm' returned '0': CMAKE_PREFIX_PATH=/opt/ros/humble /usr/bin/cmake /home/mees/Documents/GitHub/dabom/dabom_ws/src/serial_comm -DCMAKE_INSTALL_PREFIX=/home/mees/Documents/GitHub/dabom/dabom_ws/install/serial_comm
[1.007s] Invoking command in '/home/mees/Documents/GitHub/dabom/dabom_ws/build/serial_comm': CMAKE_PREFIX_PATH=/opt/ros/humble /usr/bin/cmake --build /home/mees/Documents/GitHub/dabom/dabom_ws/build/serial_comm -- -j16 -l16
[1.039s] Invoked command in '/home/mees/Documents/GitHub/dabom/dabom_ws/build/serial_comm' returned '0': CMAKE_PREFIX_PATH=/opt/ros/humble /usr/bin/cmake --build /home/mees/Documents/GitHub/dabom/dabom_ws/build/serial_comm -- -j16 -l16
[1.064s] Invoking command in '/home/mees/Documents/GitHub/dabom/dabom_ws/build/serial_comm': CMAKE_PREFIX_PATH=/opt/ros/humble /usr/bin/cmake --install /home/mees/Documents/GitHub/dabom/dabom_ws/build/serial_comm
[1.069s] -- Install configuration: ""
[1.069s] -- Installing: /home/mees/Documents/GitHub/dabom/dabom_ws/install/serial_comm/share/ament_index/resource_index/package_run_dependencies/serial_comm
[1.069s] -- Installing: /home/mees/Documents/GitHub/dabom/dabom_ws/install/serial_comm/share/ament_index/resource_index/parent_prefix_path/serial_comm
[1.069s] -- Installing: /home/mees/Documents/GitHub/dabom/dabom_ws/install/serial_comm/share/serial_comm/environment/ament_prefix_path.sh
[1.070s] -- Installing: /home/mees/Documents/GitHub/dabom/dabom_ws/install/serial_comm/share/serial_comm/environment/ament_prefix_path.dsv
[1.070s] -- Installing: /home/mees/Documents/GitHub/dabom/dabom_ws/install/serial_comm/share/serial_comm/environment/path.sh
[1.070s] -- Installing: /home/mees/Documents/GitHub/dabom/dabom_ws/install/serial_comm/share/serial_comm/environment/path.dsv
[1.070s] -- Installing: /home/mees/Documents/GitHub/dabom/dabom_ws/install/serial_comm/share/serial_comm/local_setup.bash
[1.070s] -- Installing: /home/mees/Documents/GitHub/dabom/dabom_ws/install/serial_comm/share/serial_comm/local_setup.sh
[1.070s] -- Installing: /home/mees/Documents/GitHub/dabom/dabom_ws/install/serial_comm/share/serial_comm/local_setup.zsh
[1.070s] -- Installing: /home/mees/Documents/GitHub/dabom/dabom_ws/install/serial_comm/share/serial_comm/local_setup.dsv
[1.071s] -- Installing: /home/mees/Documents/GitHub/dabom/dabom_ws/install/serial_comm/share/serial_comm/package.dsv
[1.071s] -- Installing: /home/mees/Documents/GitHub/dabom/dabom_ws/install/serial_comm/share/ament_index/resource_index/packages/serial_comm
[1.071s] -- Installing: /home/mees/Documents/GitHub/dabom/dabom_ws/install/serial_comm/share/serial_comm/cmake/serial_commConfig.cmake
[1.071s] -- Installing: /home/mees/Documents/GitHub/dabom/dabom_ws/install/serial_comm/share/serial_comm/cmake/serial_commConfig-version.cmake
[1.071s] -- Installing: /home/mees/Documents/GitHub/dabom/dabom_ws/install/serial_comm/share/serial_comm/package.xml
[1.072s] Invoked command in '/home/mees/Documents/GitHub/dabom/dabom_ws/build/serial_comm' returned '0': CMAKE_PREFIX_PATH=/opt/ros/humble /usr/bin/cmake --install /home/mees/Documents/GitHub/dabom/dabom_ws/build/serial_comm
