[0.524s] Invoking command in '/home/mees/Documents/GitHub/dabom/dabom_ws/src/serial_comm': PYTHONPATH=/home/mees/Documents/GitHub/dabom/build/serial_comm/prefix_override:/usr/lib/python3/dist-packages/colcon_core/task/python/colcon_distutils_commands:/home/mees/Documents/GitHub/dabom/install/serial_comm/lib/python3.10/site-packages:${PYTHONPATH} /usr/bin/python3 -W ignore:setup.py install is deprecated setup.py egg_info --egg-base ../../../build/serial_comm build --build-base /home/mees/Documents/GitHub/dabom/build/serial_comm/build install --record /home/mees/Documents/GitHub/dabom/build/serial_comm/install.log --single-version-externally-managed install_data
[0.730s] running egg_info
[0.730s] writing ../../../build/serial_comm/serial_comm.egg-info/PKG-INFO
[0.730s] writing dependency_links to ../../../build/serial_comm/serial_comm.egg-info/dependency_links.txt
[0.730s] writing entry points to ../../../build/serial_comm/serial_comm.egg-info/entry_points.txt
[0.730s] writing requirements to ../../../build/serial_comm/serial_comm.egg-info/requires.txt
[0.730s] writing top-level names to ../../../build/serial_comm/serial_comm.egg-info/top_level.txt
[0.732s] reading manifest file '../../../build/serial_comm/serial_comm.egg-info/SOURCES.txt'
[0.732s] adding license file 'LICENSE'
[0.733s] writing manifest file '../../../build/serial_comm/serial_comm.egg-info/SOURCES.txt'
[0.733s] running build
[0.733s] running build_py
[0.733s] copying serial_comm/serial_talker.py -> /home/mees/Documents/GitHub/dabom/build/serial_comm/build/lib/serial_comm
[0.733s] running install
[0.733s] running install_lib
[0.734s] copying /home/mees/Documents/GitHub/dabom/build/serial_comm/build/lib/serial_comm/serial_talker.py -> /home/mees/Documents/GitHub/dabom/install/serial_comm/lib/python3.10/site-packages/serial_comm
[0.734s] byte-compiling /home/mees/Documents/GitHub/dabom/install/serial_comm/lib/python3.10/site-packages/serial_comm/serial_talker.py to serial_talker.cpython-310.pyc
[0.735s] running install_data
[0.735s] running install_egg_info
[0.736s] removing '/home/mees/Documents/GitHub/dabom/install/serial_comm/lib/python3.10/site-packages/serial_comm-0.0.0-py3.10.egg-info' (and everything under it)
[0.737s] Copying ../../../build/serial_comm/serial_comm.egg-info to /home/mees/Documents/GitHub/dabom/install/serial_comm/lib/python3.10/site-packages/serial_comm-0.0.0-py3.10.egg-info
[0.738s] running install_scripts
[0.752s] Installing serial_talker script to /home/mees/Documents/GitHub/dabom/install/serial_comm/lib/serial_comm
[0.753s] writing list of installed files to '/home/mees/Documents/GitHub/dabom/build/serial_comm/install.log'
[0.770s] Invoked command in '/home/mees/Documents/GitHub/dabom/dabom_ws/src/serial_comm' returned '0': PYTHONPATH=/home/mees/Documents/GitHub/dabom/build/serial_comm/prefix_override:/usr/lib/python3/dist-packages/colcon_core/task/python/colcon_distutils_commands:/home/mees/Documents/GitHub/dabom/install/serial_comm/lib/python3.10/site-packages:${PYTHONPATH} /usr/bin/python3 -W ignore:setup.py install is deprecated setup.py egg_info --egg-base ../../../build/serial_comm build --build-base /home/mees/Documents/GitHub/dabom/build/serial_comm/build install --record /home/mees/Documents/GitHub/dabom/build/serial_comm/install.log --single-version-externally-managed install_data
