[0.187s] Invoking command in '/home/abdulhadi/ROS_Projects/Python/dabom/dabom_ws/build/unique_joint_state_publisher': CMAKE_PREFIX_PATH=${CMAKE_PREFIX_PATH}:/home/abdulhadi/ROS_Projects/Python/dabom/dabom_ws/install/xbox_controller:/opt/ros/humble /usr/bin/cmake /home/abdulhadi/ROS_Projects/Python/dabom/dabom_ws/src/unique_joint_state_publisher -DCMAKE_INSTALL_PREFIX=/home/abdulhadi/ROS_Projects/Python/dabom/dabom_ws/install/unique_joint_state_publisher
[0.222s] -- The C compiler identification is GNU 11.4.0
[0.280s] -- The CXX compiler identification is GNU 11.4.0
[0.290s] -- Detecting C compiler ABI info
[0.343s] -- Detecting C compiler ABI info - done
[0.353s] -- Check for working C compiler: /usr/bin/cc - skipped
[0.353s] -- Detecting C compile features
[0.353s] -- Detecting C compile features - done
[0.357s] -- Detecting CXX compiler ABI info
[0.413s] -- Detecting CXX compiler ABI info - done
[0.421s] -- Check for working CXX compiler: /usr/bin/c++ - skipped
[0.421s] -- Detecting CXX compile features
[0.421s] -- Detecting CXX compile features - done
[0.427s] -- Found ament_cmake: 1.3.10 (/opt/ros/humble/share/ament_cmake/cmake)
[0.538s] -- Found Python3: /usr/bin/python3 (found version "3.10.12") found components: Interpreter 
[0.646s] -- Found rclpy: 3.3.14 (/opt/ros/humble/share/rclpy/cmake)
[0.649s] -- Found sensor_msgs: 4.2.4 (/opt/ros/humble/share/sensor_msgs/cmake)
[0.719s] -- Found rosidl_generator_c: 3.1.5 (/opt/ros/humble/share/rosidl_generator_c/cmake)
[0.729s] -- Found rosidl_adapter: 3.1.5 (/opt/ros/humble/share/rosidl_adapter/cmake)
[0.740s] -- Found rosidl_generator_cpp: 3.1.5 (/opt/ros/humble/share/rosidl_generator_cpp/cmake)
[0.754s] -- Using all available rosidl_typesupport_c: rosidl_typesupport_fastrtps_c;rosidl_typesupport_introspection_c
[0.770s] -- Using all available rosidl_typesupport_cpp: rosidl_typesupport_fastrtps_cpp;rosidl_typesupport_introspection_cpp
[0.882s] -- Configuring done
[0.884s] -- Generating done
[0.885s] -- Build files have been written to: /home/abdulhadi/ROS_Projects/Python/dabom/dabom_ws/build/unique_joint_state_publisher
