[0.471s] DEBUG:colcon:Command line arguments: ['/usr/bin/colcon', 'build', '--symlink-install']
[0.471s] DEBUG:colcon:Parsed command line arguments: Namespace(log_base=None, log_level=None, verb_name='build', build_base='build', install_base='install', merge_install=False, symlink_install=True, test_result_base=None, continue_on_error=False, executor='parallel', parallel_workers=4, event_handlers=None, ignore_user_meta=False, metas=['./colcon.meta'], base_paths=['.'], packages_ignore=None, packages_ignore_regex=None, paths=None, packages_up_to=None, packages_up_to_regex=None, packages_above=None, packages_above_and_dependencies=None, packages_above_depth=None, packages_select_by_dep=None, packages_skip_by_dep=None, packages_skip_up_to=None, packages_select_build_failed=False, packages_skip_build_finished=False, packages_select_test_failures=False, packages_skip_test_passed=False, packages_select=None, packages_skip=None, packages_select_regex=None, packages_skip_regex=None, packages_start=None, packages_end=None, allow_overriding=[], cmake_args=None, cmake_target=None, cmake_target_skip_unavailable=False, cmake_clean_cache=False, cmake_clean_first=False, cmake_force_configure=False, ament_cmake_args=None, catkin_cmake_args=None, catkin_skip_building_tests=False, mixin_files=None, mixin=None, verb_parser=<colcon_mixin.mixin.mixin_argument.MixinArgumentDecorator object at 0xffffa20e1c90>, verb_extension=<colcon_core.verb.build.BuildVerb object at 0xffffa20e17e0>, main=<bound method BuildVerb.main of <colcon_core.verb.build.BuildVerb object at 0xffffa20e17e0>>, mixin_verb=('build',))
[1.568s] Level 1:colcon.colcon_core.package_discovery:discover_packages(colcon_meta) check parameters
[1.569s] Level 1:colcon.colcon_core.package_discovery:discover_packages(recursive) check parameters
[1.569s] Level 1:colcon.colcon_core.package_discovery:discover_packages(ignore) check parameters
[1.569s] Level 1:colcon.colcon_core.package_discovery:discover_packages(path) check parameters
[1.569s] Level 1:colcon.colcon_core.package_discovery:discover_packages(colcon_meta) discover
[1.570s] Level 1:colcon.colcon_core.package_discovery:discover_packages(recursive) discover
[1.570s] INFO:colcon.colcon_core.package_discovery:Crawling recursively for packages in '/home/pi/dabom/dabom_ws/src'
[1.570s] Level 1:colcon.colcon_core.package_identification:_identify(.) by extensions ['ignore', 'ignore_ament_install']
[1.571s] Level 1:colcon.colcon_core.package_identification:_identify(.) by extension 'ignore'
[1.571s] Level 1:colcon.colcon_core.package_identification:_identify(.) by extension 'ignore_ament_install'
[1.571s] Level 1:colcon.colcon_core.package_identification:_identify(.) by extensions ['colcon_pkg']
[1.572s] Level 1:colcon.colcon_core.package_identification:_identify(.) by extension 'colcon_pkg'
[1.572s] Level 1:colcon.colcon_core.package_identification:_identify(.) by extensions ['colcon_meta']
[1.572s] Level 1:colcon.colcon_core.package_identification:_identify(.) by extension 'colcon_meta'
[1.572s] Level 1:colcon.colcon_core.package_identification:_identify(.) by extensions ['ros']
[1.572s] Level 1:colcon.colcon_core.package_identification:_identify(.) by extension 'ros'
[1.587s] Level 1:colcon.colcon_core.package_identification:_identify(.) by extensions ['cmake', 'python']
[1.587s] Level 1:colcon.colcon_core.package_identification:_identify(.) by extension 'cmake'
[1.587s] Level 1:colcon.colcon_core.package_identification:_identify(.) by extension 'python'
[1.588s] Level 1:colcon.colcon_core.package_identification:_identify(.) by extensions ['python_setup_py']
[1.588s] Level 1:colcon.colcon_core.package_identification:_identify(.) by extension 'python_setup_py'
[1.588s] Level 1:colcon.colcon_core.package_identification:_identify(build) by extensions ['ignore', 'ignore_ament_install']
[1.589s] Level 1:colcon.colcon_core.package_identification:_identify(build) by extension 'ignore'
[1.589s] Level 1:colcon.colcon_core.package_identification:_identify(build) ignored
[1.590s] Level 1:colcon.colcon_core.package_identification:_identify(dabom_bringup) by extensions ['ignore', 'ignore_ament_install']
[1.590s] Level 1:colcon.colcon_core.package_identification:_identify(dabom_bringup) by extension 'ignore'
[1.590s] Level 1:colcon.colcon_core.package_identification:_identify(dabom_bringup) by extension 'ignore_ament_install'
[1.590s] Level 1:colcon.colcon_core.package_identification:_identify(dabom_bringup) by extensions ['colcon_pkg']
[1.591s] Level 1:colcon.colcon_core.package_identification:_identify(dabom_bringup) by extension 'colcon_pkg'
[1.591s] Level 1:colcon.colcon_core.package_identification:_identify(dabom_bringup) by extensions ['colcon_meta']
[1.591s] Level 1:colcon.colcon_core.package_identification:_identify(dabom_bringup) by extension 'colcon_meta'
[1.591s] Level 1:colcon.colcon_core.package_identification:_identify(dabom_bringup) by extensions ['ros']
[1.591s] Level 1:colcon.colcon_core.package_identification:_identify(dabom_bringup) by extension 'ros'
[1.607s] DEBUG:colcon.colcon_core.package_identification:Package 'dabom_bringup' with type 'ros.ament_python' and name 'dabom_bringup'
[1.608s] Level 1:colcon.colcon_core.package_identification:_identify(dabom_joy) by extensions ['ignore', 'ignore_ament_install']
[1.608s] Level 1:colcon.colcon_core.package_identification:_identify(dabom_joy) by extension 'ignore'
[1.608s] Level 1:colcon.colcon_core.package_identification:_identify(dabom_joy) by extension 'ignore_ament_install'
[1.609s] Level 1:colcon.colcon_core.package_identification:_identify(dabom_joy) by extensions ['colcon_pkg']
[1.609s] Level 1:colcon.colcon_core.package_identification:_identify(dabom_joy) by extension 'colcon_pkg'
[1.609s] Level 1:colcon.colcon_core.package_identification:_identify(dabom_joy) by extensions ['colcon_meta']
[1.609s] Level 1:colcon.colcon_core.package_identification:_identify(dabom_joy) by extension 'colcon_meta'
[1.609s] Level 1:colcon.colcon_core.package_identification:_identify(dabom_joy) by extensions ['ros']
[1.609s] Level 1:colcon.colcon_core.package_identification:_identify(dabom_joy) by extension 'ros'
[1.612s] DEBUG:colcon.colcon_core.package_identification:Package 'dabom_joy' with type 'ros.ament_python' and name 'dabom_joy'
[1.613s] Level 1:colcon.colcon_core.package_identification:_identify(dabomb_description) by extensions ['ignore', 'ignore_ament_install']
[1.614s] Level 1:colcon.colcon_core.package_identification:_identify(dabomb_description) by extension 'ignore'
[1.614s] Level 1:colcon.colcon_core.package_identification:_identify(dabomb_description) by extension 'ignore_ament_install'
[1.614s] Level 1:colcon.colcon_core.package_identification:_identify(dabomb_description) by extensions ['colcon_pkg']
[1.614s] Level 1:colcon.colcon_core.package_identification:_identify(dabomb_description) by extension 'colcon_pkg'
[1.614s] Level 1:colcon.colcon_core.package_identification:_identify(dabomb_description) by extensions ['colcon_meta']
[1.615s] Level 1:colcon.colcon_core.package_identification:_identify(dabomb_description) by extension 'colcon_meta'
[1.615s] Level 1:colcon.colcon_core.package_identification:_identify(dabomb_description) by extensions ['ros']
[1.615s] Level 1:colcon.colcon_core.package_identification:_identify(dabomb_description) by extension 'ros'
[1.619s] DEBUG:colcon.colcon_core.package_identification:Package 'dabomb_description' with type 'ros.ament_cmake' and name 'dabomb_description'
[1.620s] Level 1:colcon.colcon_core.package_identification:_identify(install) by extensions ['ignore', 'ignore_ament_install']
[1.621s] Level 1:colcon.colcon_core.package_identification:_identify(install) by extension 'ignore'
[1.621s] Level 1:colcon.colcon_core.package_identification:_identify(install) ignored
[1.621s] Level 1:colcon.colcon_core.package_identification:_identify(inv_kin) by extensions ['ignore', 'ignore_ament_install']
[1.622s] Level 1:colcon.colcon_core.package_identification:_identify(inv_kin) by extension 'ignore'
[1.622s] Level 1:colcon.colcon_core.package_identification:_identify(inv_kin) by extension 'ignore_ament_install'
[1.622s] Level 1:colcon.colcon_core.package_identification:_identify(inv_kin) by extensions ['colcon_pkg']
[1.622s] Level 1:colcon.colcon_core.package_identification:_identify(inv_kin) by extension 'colcon_pkg'
[1.623s] Level 1:colcon.colcon_core.package_identification:_identify(inv_kin) by extensions ['colcon_meta']
[1.623s] Level 1:colcon.colcon_core.package_identification:_identify(inv_kin) by extension 'colcon_meta'
[1.623s] Level 1:colcon.colcon_core.package_identification:_identify(inv_kin) by extensions ['ros']
[1.623s] Level 1:colcon.colcon_core.package_identification:_identify(inv_kin) by extension 'ros'
[1.627s] DEBUG:colcon.colcon_core.package_identification:Package 'inv_kin' with type 'ros.ament_python' and name 'inv_kin'
[1.628s] Level 1:colcon.colcon_core.package_identification:_identify(log) by extensions ['ignore', 'ignore_ament_install']
[1.628s] Level 1:colcon.colcon_core.package_identification:_identify(log) by extension 'ignore'
[1.628s] Level 1:colcon.colcon_core.package_identification:_identify(log) ignored
[1.629s] Level 1:colcon.colcon_core.package_identification:_identify(odom) by extensions ['ignore', 'ignore_ament_install']
[1.629s] Level 1:colcon.colcon_core.package_identification:_identify(odom) by extension 'ignore'
[1.629s] Level 1:colcon.colcon_core.package_identification:_identify(odom) by extension 'ignore_ament_install'
[1.630s] Level 1:colcon.colcon_core.package_identification:_identify(odom) by extensions ['colcon_pkg']
[1.630s] Level 1:colcon.colcon_core.package_identification:_identify(odom) by extension 'colcon_pkg'
[1.630s] Level 1:colcon.colcon_core.package_identification:_identify(odom) by extensions ['colcon_meta']
[1.630s] Level 1:colcon.colcon_core.package_identification:_identify(odom) by extension 'colcon_meta'
[1.630s] Level 1:colcon.colcon_core.package_identification:_identify(odom) by extensions ['ros']
[1.630s] Level 1:colcon.colcon_core.package_identification:_identify(odom) by extension 'ros'
[1.634s] DEBUG:colcon.colcon_core.package_identification:Package 'odom' with type 'ros.ament_python' and name 'odom'
[1.635s] Level 1:colcon.colcon_core.package_identification:_identify(rplidar_ros) by extensions ['ignore', 'ignore_ament_install']
[1.636s] Level 1:colcon.colcon_core.package_identification:_identify(rplidar_ros) by extension 'ignore'
[1.636s] Level 1:colcon.colcon_core.package_identification:_identify(rplidar_ros) by extension 'ignore_ament_install'
[1.637s] Level 1:colcon.colcon_core.package_identification:_identify(rplidar_ros) by extensions ['colcon_pkg']
[1.637s] Level 1:colcon.colcon_core.package_identification:_identify(rplidar_ros) by extension 'colcon_pkg'
[1.637s] Level 1:colcon.colcon_core.package_identification:_identify(rplidar_ros) by extensions ['colcon_meta']
[1.638s] Level 1:colcon.colcon_core.package_identification:_identify(rplidar_ros) by extension 'colcon_meta'
[1.638s] Level 1:colcon.colcon_core.package_identification:_identify(rplidar_ros) by extensions ['ros']
[1.638s] Level 1:colcon.colcon_core.package_identification:_identify(rplidar_ros) by extension 'ros'
[1.642s] DEBUG:colcon.colcon_core.package_identification:Package 'rplidar_ros' with type 'ros.ament_cmake' and name 'rplidar_ros'
[1.643s] Level 1:colcon.colcon_core.package_identification:_identify(serial_comm) by extensions ['ignore', 'ignore_ament_install']
[1.644s] Level 1:colcon.colcon_core.package_identification:_identify(serial_comm) by extension 'ignore'
[1.644s] Level 1:colcon.colcon_core.package_identification:_identify(serial_comm) by extension 'ignore_ament_install'
[1.645s] Level 1:colcon.colcon_core.package_identification:_identify(serial_comm) by extensions ['colcon_pkg']
[1.645s] Level 1:colcon.colcon_core.package_identification:_identify(serial_comm) by extension 'colcon_pkg'
[1.646s] Level 1:colcon.colcon_core.package_identification:_identify(serial_comm) by extensions ['colcon_meta']
[1.646s] Level 1:colcon.colcon_core.package_identification:_identify(serial_comm) by extension 'colcon_meta'
[1.646s] Level 1:colcon.colcon_core.package_identification:_identify(serial_comm) by extensions ['ros']
[1.647s] Level 1:colcon.colcon_core.package_identification:_identify(serial_comm) by extension 'ros'
[1.650s] DEBUG:colcon.colcon_core.package_identification:Package 'serial_comm' with type 'ros.ament_python' and name 'serial_comm'
[1.651s] Level 1:colcon.colcon_core.package_identification:_identify(x_serial) by extensions ['ignore', 'ignore_ament_install']
[1.651s] Level 1:colcon.colcon_core.package_identification:_identify(x_serial) by extension 'ignore'
[1.651s] Level 1:colcon.colcon_core.package_identification:_identify(x_serial) by extension 'ignore_ament_install'
[1.652s] Level 1:colcon.colcon_core.package_identification:_identify(x_serial) by extensions ['colcon_pkg']
[1.652s] Level 1:colcon.colcon_core.package_identification:_identify(x_serial) by extension 'colcon_pkg'
[1.652s] Level 1:colcon.colcon_core.package_identification:_identify(x_serial) by extensions ['colcon_meta']
[1.652s] Level 1:colcon.colcon_core.package_identification:_identify(x_serial) by extension 'colcon_meta'
[1.652s] Level 1:colcon.colcon_core.package_identification:_identify(x_serial) by extensions ['ros']
[1.652s] Level 1:colcon.colcon_core.package_identification:_identify(x_serial) by extension 'ros'
[1.656s] DEBUG:colcon.colcon_core.package_identification:Package 'x_serial' with type 'ros.ament_python' and name 'x_serial'
[1.657s] Level 1:colcon.colcon_core.package_identification:_identify(xbox_controller) by extensions ['ignore', 'ignore_ament_install']
[1.658s] Level 1:colcon.colcon_core.package_identification:_identify(xbox_controller) by extension 'ignore'
[1.658s] Level 1:colcon.colcon_core.package_identification:_identify(xbox_controller) by extension 'ignore_ament_install'
[1.658s] Level 1:colcon.colcon_core.package_identification:_identify(xbox_controller) by extensions ['colcon_pkg']
[1.659s] Level 1:colcon.colcon_core.package_identification:_identify(xbox_controller) by extension 'colcon_pkg'
[1.659s] Level 1:colcon.colcon_core.package_identification:_identify(xbox_controller) by extensions ['colcon_meta']
[1.659s] Level 1:colcon.colcon_core.package_identification:_identify(xbox_controller) by extension 'colcon_meta'
[1.660s] Level 1:colcon.colcon_core.package_identification:_identify(xbox_controller) by extensions ['ros']
[1.660s] Level 1:colcon.colcon_core.package_identification:_identify(xbox_controller) by extension 'ros'
[1.665s] DEBUG:colcon.colcon_core.package_identification:Package 'xbox_controller' with type 'ros.ament_cmake' and name 'xbox_controller'
[1.665s] Level 1:colcon.colcon_core.package_discovery:discover_packages(recursive) using defaults
[1.665s] Level 1:colcon.colcon_core.package_discovery:discover_packages(ignore) discover
[1.665s] Level 1:colcon.colcon_core.package_discovery:discover_packages(ignore) using defaults
[1.666s] Level 1:colcon.colcon_core.package_discovery:discover_packages(path) discover
[1.666s] Level 1:colcon.colcon_core.package_discovery:discover_packages(path) using defaults
[1.791s] Level 1:colcon.colcon_core.package_discovery:discover_packages(prefix_path) check parameters
[1.792s] Level 1:colcon.colcon_core.package_discovery:discover_packages(prefix_path) discover
[1.812s] DEBUG:colcon.colcon_installed_package_information.package_discovery:Found 9 installed packages in /home/pi/dabom/dabom_ws/install
[1.822s] DEBUG:colcon.colcon_installed_package_information.package_discovery:Found 242 installed packages in /opt/ros/humble
[1.829s] Level 1:colcon.colcon_core.package_discovery:discover_packages(prefix_path) using defaults
[2.066s] Level 5:colcon.colcon_core.verb:set package 'dabom_joy' build argument 'cmake_args' from command line to 'None'
[2.067s] Level 5:colcon.colcon_core.verb:set package 'dabom_joy' build argument 'cmake_target' from command line to 'None'
[2.067s] Level 5:colcon.colcon_core.verb:set package 'dabom_joy' build argument 'cmake_target_skip_unavailable' from command line to 'False'
[2.067s] Level 5:colcon.colcon_core.verb:set package 'dabom_joy' build argument 'cmake_clean_cache' from command line to 'False'
[2.067s] Level 5:colcon.colcon_core.verb:set package 'dabom_joy' build argument 'cmake_clean_first' from command line to 'False'
[2.067s] Level 5:colcon.colcon_core.verb:set package 'dabom_joy' build argument 'cmake_force_configure' from command line to 'False'
[2.068s] Level 5:colcon.colcon_core.verb:set package 'dabom_joy' build argument 'ament_cmake_args' from command line to 'None'
[2.068s] Level 5:colcon.colcon_core.verb:set package 'dabom_joy' build argument 'catkin_cmake_args' from command line to 'None'
[2.068s] Level 5:colcon.colcon_core.verb:set package 'dabom_joy' build argument 'catkin_skip_building_tests' from command line to 'False'
[2.068s] DEBUG:colcon.colcon_core.verb:Building package 'dabom_joy' with the following arguments: {'ament_cmake_args': None, 'build_base': '/home/pi/dabom/dabom_ws/src/build/dabom_joy', 'catkin_cmake_args': None, 'catkin_skip_building_tests': False, 'cmake_args': None, 'cmake_clean_cache': False, 'cmake_clean_first': False, 'cmake_force_configure': False, 'cmake_target': None, 'cmake_target_skip_unavailable': False, 'install_base': '/home/pi/dabom/dabom_ws/src/install/dabom_joy', 'merge_install': False, 'path': '/home/pi/dabom/dabom_ws/src/dabom_joy', 'symlink_install': True, 'test_result_base': None}
[2.070s] Level 5:colcon.colcon_core.verb:set package 'dabomb_description' build argument 'cmake_args' from command line to 'None'
[2.070s] Level 5:colcon.colcon_core.verb:set package 'dabomb_description' build argument 'cmake_target' from command line to 'None'
[2.070s] Level 5:colcon.colcon_core.verb:set package 'dabomb_description' build argument 'cmake_target_skip_unavailable' from command line to 'False'
[2.071s] Level 5:colcon.colcon_core.verb:set package 'dabomb_description' build argument 'cmake_clean_cache' from command line to 'False'
[2.071s] Level 5:colcon.colcon_core.verb:set package 'dabomb_description' build argument 'cmake_clean_first' from command line to 'False'
[2.071s] Level 5:colcon.colcon_core.verb:set package 'dabomb_description' build argument 'cmake_force_configure' from command line to 'False'
[2.071s] Level 5:colcon.colcon_core.verb:set package 'dabomb_description' build argument 'ament_cmake_args' from command line to 'None'
[2.071s] Level 5:colcon.colcon_core.verb:set package 'dabomb_description' build argument 'catkin_cmake_args' from command line to 'None'
[2.071s] Level 5:colcon.colcon_core.verb:set package 'dabomb_description' build argument 'catkin_skip_building_tests' from command line to 'False'
[2.072s] DEBUG:colcon.colcon_core.verb:Building package 'dabomb_description' with the following arguments: {'ament_cmake_args': None, 'build_base': '/home/pi/dabom/dabom_ws/src/build/dabomb_description', 'catkin_cmake_args': None, 'catkin_skip_building_tests': False, 'cmake_args': None, 'cmake_clean_cache': False, 'cmake_clean_first': False, 'cmake_force_configure': False, 'cmake_target': None, 'cmake_target_skip_unavailable': False, 'install_base': '/home/pi/dabom/dabom_ws/src/install/dabomb_description', 'merge_install': False, 'path': '/home/pi/dabom/dabom_ws/src/dabomb_description', 'symlink_install': True, 'test_result_base': None}
[2.073s] Level 5:colcon.colcon_core.verb:set package 'inv_kin' build argument 'cmake_args' from command line to 'None'
[2.074s] Level 5:colcon.colcon_core.verb:set package 'inv_kin' build argument 'cmake_target' from command line to 'None'
[2.074s] Level 5:colcon.colcon_core.verb:set package 'inv_kin' build argument 'cmake_target_skip_unavailable' from command line to 'False'
[2.074s] Level 5:colcon.colcon_core.verb:set package 'inv_kin' build argument 'cmake_clean_cache' from command line to 'False'
[2.074s] Level 5:colcon.colcon_core.verb:set package 'inv_kin' build argument 'cmake_clean_first' from command line to 'False'
[2.074s] Level 5:colcon.colcon_core.verb:set package 'inv_kin' build argument 'cmake_force_configure' from command line to 'False'
[2.074s] Level 5:colcon.colcon_core.verb:set package 'inv_kin' build argument 'ament_cmake_args' from command line to 'None'
[2.075s] Level 5:colcon.colcon_core.verb:set package 'inv_kin' build argument 'catkin_cmake_args' from command line to 'None'
[2.075s] Level 5:colcon.colcon_core.verb:set package 'inv_kin' build argument 'catkin_skip_building_tests' from command line to 'False'
[2.075s] DEBUG:colcon.colcon_core.verb:Building package 'inv_kin' with the following arguments: {'ament_cmake_args': None, 'build_base': '/home/pi/dabom/dabom_ws/src/build/inv_kin', 'catkin_cmake_args': None, 'catkin_skip_building_tests': False, 'cmake_args': None, 'cmake_clean_cache': False, 'cmake_clean_first': False, 'cmake_force_configure': False, 'cmake_target': None, 'cmake_target_skip_unavailable': False, 'install_base': '/home/pi/dabom/dabom_ws/src/install/inv_kin', 'merge_install': False, 'path': '/home/pi/dabom/dabom_ws/src/inv_kin', 'symlink_install': True, 'test_result_base': None}
[2.077s] Level 5:colcon.colcon_core.verb:set package 'odom' build argument 'cmake_args' from command line to 'None'
[2.077s] Level 5:colcon.colcon_core.verb:set package 'odom' build argument 'cmake_target' from command line to 'None'
[2.077s] Level 5:colcon.colcon_core.verb:set package 'odom' build argument 'cmake_target_skip_unavailable' from command line to 'False'
[2.078s] Level 5:colcon.colcon_core.verb:set package 'odom' build argument 'cmake_clean_cache' from command line to 'False'
[2.078s] Level 5:colcon.colcon_core.verb:set package 'odom' build argument 'cmake_clean_first' from command line to 'False'
[2.078s] Level 5:colcon.colcon_core.verb:set package 'odom' build argument 'cmake_force_configure' from command line to 'False'
[2.078s] Level 5:colcon.colcon_core.verb:set package 'odom' build argument 'ament_cmake_args' from command line to 'None'
[2.078s] Level 5:colcon.colcon_core.verb:set package 'odom' build argument 'catkin_cmake_args' from command line to 'None'
[2.078s] Level 5:colcon.colcon_core.verb:set package 'odom' build argument 'catkin_skip_building_tests' from command line to 'False'
[2.078s] DEBUG:colcon.colcon_core.verb:Building package 'odom' with the following arguments: {'ament_cmake_args': None, 'build_base': '/home/pi/dabom/dabom_ws/src/build/odom', 'catkin_cmake_args': None, 'catkin_skip_building_tests': False, 'cmake_args': None, 'cmake_clean_cache': False, 'cmake_clean_first': False, 'cmake_force_configure': False, 'cmake_target': None, 'cmake_target_skip_unavailable': False, 'install_base': '/home/pi/dabom/dabom_ws/src/install/odom', 'merge_install': False, 'path': '/home/pi/dabom/dabom_ws/src/odom', 'symlink_install': True, 'test_result_base': None}
[2.080s] Level 5:colcon.colcon_core.verb:set package 'rplidar_ros' build argument 'cmake_args' from command line to 'None'
[2.080s] Level 5:colcon.colcon_core.verb:set package 'rplidar_ros' build argument 'cmake_target' from command line to 'None'
[2.080s] Level 5:colcon.colcon_core.verb:set package 'rplidar_ros' build argument 'cmake_target_skip_unavailable' from command line to 'False'
[2.081s] Level 5:colcon.colcon_core.verb:set package 'rplidar_ros' build argument 'cmake_clean_cache' from command line to 'False'
[2.081s] Level 5:colcon.colcon_core.verb:set package 'rplidar_ros' build argument 'cmake_clean_first' from command line to 'False'
[2.081s] Level 5:colcon.colcon_core.verb:set package 'rplidar_ros' build argument 'cmake_force_configure' from command line to 'False'
[2.081s] Level 5:colcon.colcon_core.verb:set package 'rplidar_ros' build argument 'ament_cmake_args' from command line to 'None'
[2.081s] Level 5:colcon.colcon_core.verb:set package 'rplidar_ros' build argument 'catkin_cmake_args' from command line to 'None'
[2.081s] Level 5:colcon.colcon_core.verb:set package 'rplidar_ros' build argument 'catkin_skip_building_tests' from command line to 'False'
[2.081s] DEBUG:colcon.colcon_core.verb:Building package 'rplidar_ros' with the following arguments: {'ament_cmake_args': None, 'build_base': '/home/pi/dabom/dabom_ws/src/build/rplidar_ros', 'catkin_cmake_args': None, 'catkin_skip_building_tests': False, 'cmake_args': None, 'cmake_clean_cache': False, 'cmake_clean_first': False, 'cmake_force_configure': False, 'cmake_target': None, 'cmake_target_skip_unavailable': False, 'install_base': '/home/pi/dabom/dabom_ws/src/install/rplidar_ros', 'merge_install': False, 'path': '/home/pi/dabom/dabom_ws/src/rplidar_ros', 'symlink_install': True, 'test_result_base': None}
[2.083s] Level 5:colcon.colcon_core.verb:set package 'serial_comm' build argument 'cmake_args' from command line to 'None'
[2.083s] Level 5:colcon.colcon_core.verb:set package 'serial_comm' build argument 'cmake_target' from command line to 'None'
[2.083s] Level 5:colcon.colcon_core.verb:set package 'serial_comm' build argument 'cmake_target_skip_unavailable' from command line to 'False'
[2.083s] Level 5:colcon.colcon_core.verb:set package 'serial_comm' build argument 'cmake_clean_cache' from command line to 'False'
[2.083s] Level 5:colcon.colcon_core.verb:set package 'serial_comm' build argument 'cmake_clean_first' from command line to 'False'
[2.083s] Level 5:colcon.colcon_core.verb:set package 'serial_comm' build argument 'cmake_force_configure' from command line to 'False'
[2.083s] Level 5:colcon.colcon_core.verb:set package 'serial_comm' build argument 'ament_cmake_args' from command line to 'None'
[2.084s] Level 5:colcon.colcon_core.verb:set package 'serial_comm' build argument 'catkin_cmake_args' from command line to 'None'
[2.084s] Level 5:colcon.colcon_core.verb:set package 'serial_comm' build argument 'catkin_skip_building_tests' from command line to 'False'
[2.084s] DEBUG:colcon.colcon_core.verb:Building package 'serial_comm' with the following arguments: {'ament_cmake_args': None, 'build_base': '/home/pi/dabom/dabom_ws/src/build/serial_comm', 'catkin_cmake_args': None, 'catkin_skip_building_tests': False, 'cmake_args': None, 'cmake_clean_cache': False, 'cmake_clean_first': False, 'cmake_force_configure': False, 'cmake_target': None, 'cmake_target_skip_unavailable': False, 'install_base': '/home/pi/dabom/dabom_ws/src/install/serial_comm', 'merge_install': False, 'path': '/home/pi/dabom/dabom_ws/src/serial_comm', 'symlink_install': True, 'test_result_base': None}
[2.085s] Level 5:colcon.colcon_core.verb:set package 'x_serial' build argument 'cmake_args' from command line to 'None'
[2.085s] Level 5:colcon.colcon_core.verb:set package 'x_serial' build argument 'cmake_target' from command line to 'None'
[2.085s] Level 5:colcon.colcon_core.verb:set package 'x_serial' build argument 'cmake_target_skip_unavailable' from command line to 'False'
[2.086s] Level 5:colcon.colcon_core.verb:set package 'x_serial' build argument 'cmake_clean_cache' from command line to 'False'
[2.086s] Level 5:colcon.colcon_core.verb:set package 'x_serial' build argument 'cmake_clean_first' from command line to 'False'
[2.086s] Level 5:colcon.colcon_core.verb:set package 'x_serial' build argument 'cmake_force_configure' from command line to 'False'
[2.086s] Level 5:colcon.colcon_core.verb:set package 'x_serial' build argument 'ament_cmake_args' from command line to 'None'
[2.086s] Level 5:colcon.colcon_core.verb:set package 'x_serial' build argument 'catkin_cmake_args' from command line to 'None'
[2.086s] Level 5:colcon.colcon_core.verb:set package 'x_serial' build argument 'catkin_skip_building_tests' from command line to 'False'
[2.086s] DEBUG:colcon.colcon_core.verb:Building package 'x_serial' with the following arguments: {'ament_cmake_args': None, 'build_base': '/home/pi/dabom/dabom_ws/src/build/x_serial', 'catkin_cmake_args': None, 'catkin_skip_building_tests': False, 'cmake_args': None, 'cmake_clean_cache': False, 'cmake_clean_first': False, 'cmake_force_configure': False, 'cmake_target': None, 'cmake_target_skip_unavailable': False, 'install_base': '/home/pi/dabom/dabom_ws/src/install/x_serial', 'merge_install': False, 'path': '/home/pi/dabom/dabom_ws/src/x_serial', 'symlink_install': True, 'test_result_base': None}
[2.088s] Level 5:colcon.colcon_core.verb:set package 'xbox_controller' build argument 'cmake_args' from command line to 'None'
[2.088s] Level 5:colcon.colcon_core.verb:set package 'xbox_controller' build argument 'cmake_target' from command line to 'None'
[2.088s] Level 5:colcon.colcon_core.verb:set package 'xbox_controller' build argument 'cmake_target_skip_unavailable' from command line to 'False'
[2.088s] Level 5:colcon.colcon_core.verb:set package 'xbox_controller' build argument 'cmake_clean_cache' from command line to 'False'
[2.088s] Level 5:colcon.colcon_core.verb:set package 'xbox_controller' build argument 'cmake_clean_first' from command line to 'False'
[2.088s] Level 5:colcon.colcon_core.verb:set package 'xbox_controller' build argument 'cmake_force_configure' from command line to 'False'
[2.088s] Level 5:colcon.colcon_core.verb:set package 'xbox_controller' build argument 'ament_cmake_args' from command line to 'None'
[2.089s] Level 5:colcon.colcon_core.verb:set package 'xbox_controller' build argument 'catkin_cmake_args' from command line to 'None'
[2.089s] Level 5:colcon.colcon_core.verb:set package 'xbox_controller' build argument 'catkin_skip_building_tests' from command line to 'False'
[2.089s] DEBUG:colcon.colcon_core.verb:Building package 'xbox_controller' with the following arguments: {'ament_cmake_args': None, 'build_base': '/home/pi/dabom/dabom_ws/src/build/xbox_controller', 'catkin_cmake_args': None, 'catkin_skip_building_tests': False, 'cmake_args': None, 'cmake_clean_cache': False, 'cmake_clean_first': False, 'cmake_force_configure': False, 'cmake_target': None, 'cmake_target_skip_unavailable': False, 'install_base': '/home/pi/dabom/dabom_ws/src/install/xbox_controller', 'merge_install': False, 'path': '/home/pi/dabom/dabom_ws/src/xbox_controller', 'symlink_install': True, 'test_result_base': None}
[2.090s] Level 5:colcon.colcon_core.verb:set package 'dabom_bringup' build argument 'cmake_args' from command line to 'None'
[2.091s] Level 5:colcon.colcon_core.verb:set package 'dabom_bringup' build argument 'cmake_target' from command line to 'None'
[2.091s] Level 5:colcon.colcon_core.verb:set package 'dabom_bringup' build argument 'cmake_target_skip_unavailable' from command line to 'False'
[2.091s] Level 5:colcon.colcon_core.verb:set package 'dabom_bringup' build argument 'cmake_clean_cache' from command line to 'False'
[2.091s] Level 5:colcon.colcon_core.verb:set package 'dabom_bringup' build argument 'cmake_clean_first' from command line to 'False'
[2.091s] Level 5:colcon.colcon_core.verb:set package 'dabom_bringup' build argument 'cmake_force_configure' from command line to 'False'
[2.091s] Level 5:colcon.colcon_core.verb:set package 'dabom_bringup' build argument 'ament_cmake_args' from command line to 'None'
[2.091s] Level 5:colcon.colcon_core.verb:set package 'dabom_bringup' build argument 'catkin_cmake_args' from command line to 'None'
[2.091s] Level 5:colcon.colcon_core.verb:set package 'dabom_bringup' build argument 'catkin_skip_building_tests' from command line to 'False'
[2.092s] DEBUG:colcon.colcon_core.verb:Building package 'dabom_bringup' with the following arguments: {'ament_cmake_args': None, 'build_base': '/home/pi/dabom/dabom_ws/src/build/dabom_bringup', 'catkin_cmake_args': None, 'catkin_skip_building_tests': False, 'cmake_args': None, 'cmake_clean_cache': False, 'cmake_clean_first': False, 'cmake_force_configure': False, 'cmake_target': None, 'cmake_target_skip_unavailable': False, 'install_base': '/home/pi/dabom/dabom_ws/src/install/dabom_bringup', 'merge_install': False, 'path': '/home/pi/dabom/dabom_ws/src/dabom_bringup', 'symlink_install': True, 'test_result_base': None}
[2.092s] INFO:colcon.colcon_core.executor:Executing jobs using 'parallel' executor
[2.096s] DEBUG:colcon.colcon_parallel_executor.executor.parallel:run_until_complete
[2.097s] INFO:colcon.colcon_ros.task.ament_python.build:Building ROS package in '/home/pi/dabom/dabom_ws/src/inv_kin' with build type 'ament_python'
[2.098s] Level 1:colcon.colcon_core.shell:create_environment_hook('inv_kin', 'ament_prefix_path')
[2.117s] INFO:colcon.colcon_core.plugin_system:Skipping extension 'colcon_core.shell.bat': Not used on non-Windows systems
[2.117s] INFO:colcon.colcon_core.shell:Creating environment hook '/home/pi/dabom/dabom_ws/src/install/inv_kin/share/inv_kin/hook/ament_prefix_path.ps1'
[2.121s] INFO:colcon.colcon_core.shell:Creating environment descriptor '/home/pi/dabom/dabom_ws/src/install/inv_kin/share/inv_kin/hook/ament_prefix_path.dsv'
[2.124s] INFO:colcon.colcon_core.shell:Creating environment hook '/home/pi/dabom/dabom_ws/src/install/inv_kin/share/inv_kin/hook/ament_prefix_path.sh'
[2.129s] INFO:colcon.colcon_core.shell:Skip shell extension 'powershell' for command environment: Not usable outside of PowerShell
[2.129s] DEBUG:colcon.colcon_core.shell:Skip shell extension 'dsv' for command environment
[2.151s] INFO:colcon.colcon_ros.task.ament_python.build:Building ROS package in '/home/pi/dabom/dabom_ws/src/odom' with build type 'ament_python'
[2.152s] Level 1:colcon.colcon_core.shell:create_environment_hook('odom', 'ament_prefix_path')
[2.154s] INFO:colcon.colcon_core.shell:Creating environment hook '/home/pi/dabom/dabom_ws/src/install/odom/share/odom/hook/ament_prefix_path.ps1'
[2.156s] INFO:colcon.colcon_core.shell:Creating environment descriptor '/home/pi/dabom/dabom_ws/src/install/odom/share/odom/hook/ament_prefix_path.dsv'
[2.158s] INFO:colcon.colcon_core.shell:Creating environment hook '/home/pi/dabom/dabom_ws/src/install/odom/share/odom/hook/ament_prefix_path.sh'
[2.162s] INFO:colcon.colcon_core.shell:Skip shell extension 'powershell' for command environment: Not usable outside of PowerShell
[2.163s] DEBUG:colcon.colcon_core.shell:Skip shell extension 'dsv' for command environment
[2.182s] INFO:colcon.colcon_ros.task.ament_cmake.build:Building ROS package in '/home/pi/dabom/dabom_ws/src/rplidar_ros' with build type 'ament_cmake'
[2.183s] INFO:colcon.colcon_cmake.task.cmake.build:Building CMake package in '/home/pi/dabom/dabom_ws/src/rplidar_ros'
[2.184s] INFO:colcon.colcon_core.shell:Skip shell extension 'powershell' for command environment: Not usable outside of PowerShell
[2.185s] DEBUG:colcon.colcon_core.shell:Skip shell extension 'dsv' for command environment
[2.207s] INFO:colcon.colcon_ros.task.ament_python.build:Building ROS package in '/home/pi/dabom/dabom_ws/src/serial_comm' with build type 'ament_python'
[2.208s] Level 1:colcon.colcon_core.shell:create_environment_hook('serial_comm', 'ament_prefix_path')
[2.209s] INFO:colcon.colcon_core.shell:Creating environment hook '/home/pi/dabom/dabom_ws/src/install/serial_comm/share/serial_comm/hook/ament_prefix_path.ps1'
[2.212s] INFO:colcon.colcon_core.shell:Creating environment descriptor '/home/pi/dabom/dabom_ws/src/install/serial_comm/share/serial_comm/hook/ament_prefix_path.dsv'
[2.214s] INFO:colcon.colcon_core.shell:Creating environment hook '/home/pi/dabom/dabom_ws/src/install/serial_comm/share/serial_comm/hook/ament_prefix_path.sh'
[2.218s] INFO:colcon.colcon_core.shell:Skip shell extension 'powershell' for command environment: Not usable outside of PowerShell
[2.218s] DEBUG:colcon.colcon_core.shell:Skip shell extension 'dsv' for command environment
[3.404s] INFO:colcon.colcon_core.task.python.build:Building Python package in '/home/pi/dabom/dabom_ws/src/inv_kin'
[3.405s] INFO:colcon.colcon_core.shell:Skip shell extension 'powershell' for command environment: Not usable outside of PowerShell
[3.405s] DEBUG:colcon.colcon_core.shell:Skip shell extension 'dsv' for command environment
[4.694s] INFO:colcon.colcon_core.task.python.build:Building Python package in '/home/pi/dabom/dabom_ws/src/odom'
[4.695s] INFO:colcon.colcon_core.shell:Skip shell extension 'powershell' for command environment: Not usable outside of PowerShell
[4.695s] DEBUG:colcon.colcon_core.shell:Skip shell extension 'dsv' for command environment
[4.732s] DEBUG:colcon.colcon_core.event_handler.log_command:Invoking command in '/home/pi/dabom/dabom_ws/src/build/rplidar_ros': CMAKE_PREFIX_PATH=${CMAKE_PREFIX_PATH}:/home/pi/dabom/dabom_ws/install/dabom_bringup:/home/pi/dabom/dabom_ws/install/x_serial:/home/pi/dabom/dabom_ws/install/serial_comm:/home/pi/dabom/dabom_ws/install/odom:/home/pi/dabom/dabom_ws/install/inv_kin:/home/pi/dabom/dabom_ws/install/dabom_joy:/opt/ros/humble /usr/bin/cmake --build /home/pi/dabom/dabom_ws/src/build/rplidar_ros -- -j4 -l4
[6.136s] INFO:colcon.colcon_core.task.python.build:Building Python package in '/home/pi/dabom/dabom_ws/src/serial_comm'
[6.137s] INFO:colcon.colcon_core.shell:Skip shell extension 'powershell' for command environment: Not usable outside of PowerShell
[6.137s] DEBUG:colcon.colcon_core.shell:Skip shell extension 'dsv' for command environment
[6.186s] DEBUG:colcon.colcon_core.event_handler.log_command:Invoked command in '/home/pi/dabom/dabom_ws/src/build/rplidar_ros' returned '0': CMAKE_PREFIX_PATH=${CMAKE_PREFIX_PATH}:/home/pi/dabom/dabom_ws/install/dabom_bringup:/home/pi/dabom/dabom_ws/install/x_serial:/home/pi/dabom/dabom_ws/install/serial_comm:/home/pi/dabom/dabom_ws/install/odom:/home/pi/dabom/dabom_ws/install/inv_kin:/home/pi/dabom/dabom_ws/install/dabom_joy:/opt/ros/humble /usr/bin/cmake --build /home/pi/dabom/dabom_ws/src/build/rplidar_ros -- -j4 -l4
[6.805s] DEBUG:colcon.colcon_core.event_handler.log_command:Invoking command in '/home/pi/dabom/dabom_ws/src/build/rplidar_ros': CMAKE_PREFIX_PATH=${CMAKE_PREFIX_PATH}:/home/pi/dabom/dabom_ws/install/dabom_bringup:/home/pi/dabom/dabom_ws/install/x_serial:/home/pi/dabom/dabom_ws/install/serial_comm:/home/pi/dabom/dabom_ws/install/odom:/home/pi/dabom/dabom_ws/install/inv_kin:/home/pi/dabom/dabom_ws/install/dabom_joy:/opt/ros/humble /usr/bin/cmake --install /home/pi/dabom/dabom_ws/src/build/rplidar_ros
[7.126s] Level 1:colcon.colcon_core.environment:create_environment_scripts_only(rplidar_ros)
[7.130s] DEBUG:colcon.colcon_core.event_handler.log_command:Invoked command in '/home/pi/dabom/dabom_ws/src/build/rplidar_ros' returned '0': CMAKE_PREFIX_PATH=${CMAKE_PREFIX_PATH}:/home/pi/dabom/dabom_ws/install/dabom_bringup:/home/pi/dabom/dabom_ws/install/x_serial:/home/pi/dabom/dabom_ws/install/serial_comm:/home/pi/dabom/dabom_ws/install/odom:/home/pi/dabom/dabom_ws/install/inv_kin:/home/pi/dabom/dabom_ws/install/dabom_joy:/opt/ros/humble /usr/bin/cmake --install /home/pi/dabom/dabom_ws/src/build/rplidar_ros
[7.161s] Level 1:colcon.colcon_core.environment:checking '/home/pi/dabom/dabom_ws/src/install/rplidar_ros' for CMake module files
[7.165s] Level 1:colcon.colcon_core.environment:checking '/home/pi/dabom/dabom_ws/src/install/rplidar_ros' for CMake config files
[7.172s] Level 1:colcon.colcon_core.shell:create_environment_hook('rplidar_ros', 'cmake_prefix_path')
[7.174s] INFO:colcon.colcon_core.shell:Creating environment hook '/home/pi/dabom/dabom_ws/src/install/rplidar_ros/share/rplidar_ros/hook/cmake_prefix_path.ps1'
[7.178s] INFO:colcon.colcon_core.shell:Creating environment descriptor '/home/pi/dabom/dabom_ws/src/install/rplidar_ros/share/rplidar_ros/hook/cmake_prefix_path.dsv'
[7.182s] INFO:colcon.colcon_core.shell:Creating environment hook '/home/pi/dabom/dabom_ws/src/install/rplidar_ros/share/rplidar_ros/hook/cmake_prefix_path.sh'
[7.190s] Level 1:colcon.colcon_core.environment:checking '/home/pi/dabom/dabom_ws/src/install/rplidar_ros/lib'
[7.192s] Level 1:colcon.colcon_core.environment:checking '/home/pi/dabom/dabom_ws/src/install/rplidar_ros/bin'
[7.193s] Level 1:colcon.colcon_core.environment:checking '/home/pi/dabom/dabom_ws/src/install/rplidar_ros/lib/pkgconfig/rplidar_ros.pc'
[7.195s] Level 1:colcon.colcon_core.environment:checking '/home/pi/dabom/dabom_ws/src/install/rplidar_ros/lib/python3.10/site-packages'
[7.196s] Level 1:colcon.colcon_core.environment:checking '/home/pi/dabom/dabom_ws/src/install/rplidar_ros/bin'
[7.199s] INFO:colcon.colcon_core.shell:Creating package script '/home/pi/dabom/dabom_ws/src/install/rplidar_ros/share/rplidar_ros/package.ps1'
[7.210s] INFO:colcon.colcon_core.shell:Creating package descriptor '/home/pi/dabom/dabom_ws/src/install/rplidar_ros/share/rplidar_ros/package.dsv'
[7.222s] INFO:colcon.colcon_core.shell:Creating package script '/home/pi/dabom/dabom_ws/src/install/rplidar_ros/share/rplidar_ros/package.sh'
[7.240s] INFO:colcon.colcon_core.shell:Creating package script '/home/pi/dabom/dabom_ws/src/install/rplidar_ros/share/rplidar_ros/package.bash'
[7.249s] INFO:colcon.colcon_core.shell:Creating package script '/home/pi/dabom/dabom_ws/src/install/rplidar_ros/share/rplidar_ros/package.zsh'
[7.271s] Level 1:colcon.colcon_core.environment:create_file_with_runtime_dependencies(/home/pi/dabom/dabom_ws/src/install/rplidar_ros/share/colcon-core/packages/rplidar_ros)
[7.960s] Level 1:colcon.colcon_core.environment:create_environment_scripts_only(rplidar_ros)
[7.962s] Level 1:colcon.colcon_core.environment:checking '/home/pi/dabom/dabom_ws/src/install/rplidar_ros' for CMake module files
[7.966s] Level 1:colcon.colcon_core.environment:checking '/home/pi/dabom/dabom_ws/src/install/rplidar_ros' for CMake config files
[7.974s] Level 1:colcon.colcon_core.shell:create_environment_hook('rplidar_ros', 'cmake_prefix_path')
[7.980s] INFO:colcon.colcon_core.shell:Creating environment hook '/home/pi/dabom/dabom_ws/src/install/rplidar_ros/share/rplidar_ros/hook/cmake_prefix_path.ps1'
[7.985s] INFO:colcon.colcon_core.shell:Creating environment descriptor '/home/pi/dabom/dabom_ws/src/install/rplidar_ros/share/rplidar_ros/hook/cmake_prefix_path.dsv'
[7.989s] INFO:colcon.colcon_core.shell:Creating environment hook '/home/pi/dabom/dabom_ws/src/install/rplidar_ros/share/rplidar_ros/hook/cmake_prefix_path.sh'
[7.994s] Level 1:colcon.colcon_core.environment:checking '/home/pi/dabom/dabom_ws/src/install/rplidar_ros/lib'
[7.995s] Level 1:colcon.colcon_core.environment:checking '/home/pi/dabom/dabom_ws/src/install/rplidar_ros/bin'
[7.995s] Level 1:colcon.colcon_core.environment:checking '/home/pi/dabom/dabom_ws/src/install/rplidar_ros/lib/pkgconfig/rplidar_ros.pc'
[7.996s] Level 1:colcon.colcon_core.environment:checking '/home/pi/dabom/dabom_ws/src/install/rplidar_ros/lib/python3.10/site-packages'
[7.998s] Level 1:colcon.colcon_core.environment:checking '/home/pi/dabom/dabom_ws/src/install/rplidar_ros/bin'
[7.999s] INFO:colcon.colcon_core.shell:Creating package script '/home/pi/dabom/dabom_ws/src/install/rplidar_ros/share/rplidar_ros/package.ps1'
[8.002s] INFO:colcon.colcon_core.shell:Creating package descriptor '/home/pi/dabom/dabom_ws/src/install/rplidar_ros/share/rplidar_ros/package.dsv'
[8.004s] INFO:colcon.colcon_core.shell:Creating package script '/home/pi/dabom/dabom_ws/src/install/rplidar_ros/share/rplidar_ros/package.sh'
[8.007s] INFO:colcon.colcon_core.shell:Creating package script '/home/pi/dabom/dabom_ws/src/install/rplidar_ros/share/rplidar_ros/package.bash'
[8.009s] INFO:colcon.colcon_core.shell:Creating package script '/home/pi/dabom/dabom_ws/src/install/rplidar_ros/share/rplidar_ros/package.zsh'
[8.011s] Level 1:colcon.colcon_core.environment:create_file_with_runtime_dependencies(/home/pi/dabom/dabom_ws/src/install/rplidar_ros/share/colcon-core/packages/rplidar_ros)
[8.013s] INFO:colcon.colcon_ros.task.ament_python.build:Building ROS package in '/home/pi/dabom/dabom_ws/src/x_serial' with build type 'ament_python'
[8.014s] Level 1:colcon.colcon_core.shell:create_environment_hook('x_serial', 'ament_prefix_path')
[8.018s] INFO:colcon.colcon_core.shell:Creating environment hook '/home/pi/dabom/dabom_ws/src/install/x_serial/share/x_serial/hook/ament_prefix_path.ps1'
[8.022s] INFO:colcon.colcon_core.shell:Creating environment descriptor '/home/pi/dabom/dabom_ws/src/install/x_serial/share/x_serial/hook/ament_prefix_path.dsv'
[8.025s] INFO:colcon.colcon_core.shell:Creating environment hook '/home/pi/dabom/dabom_ws/src/install/x_serial/share/x_serial/hook/ament_prefix_path.sh'
[8.028s] INFO:colcon.colcon_core.shell:Skip shell extension 'powershell' for command environment: Not usable outside of PowerShell
[8.028s] DEBUG:colcon.colcon_core.shell:Skip shell extension 'dsv' for command environment
[9.760s] INFO:colcon.colcon_core.task.python.build:Building Python package in '/home/pi/dabom/dabom_ws/src/x_serial'
[9.762s] INFO:colcon.colcon_core.shell:Skip shell extension 'powershell' for command environment: Not usable outside of PowerShell
[9.762s] DEBUG:colcon.colcon_core.shell:Skip shell extension 'dsv' for command environment
[9.796s] DEBUG:colcon.colcon_core.event_handler.log_command:Invoking command in '/home/pi/dabom/dabom_ws/src/build/odom': PYTHONPATH=/home/pi/dabom/dabom_ws/src/build/odom/prefix_override:/usr/lib/python3/dist-packages/colcon_core/task/python/colcon_distutils_commands:/home/pi/dabom/dabom_ws/src/install/odom/lib/python3.10/site-packages:${PYTHONPATH} /usr/bin/python3 -W ignore:setup.py install is deprecated setup.py develop --editable --build-directory /home/pi/dabom/dabom_ws/src/build/odom/build --no-deps symlink_data
[9.807s] DEBUG:colcon.colcon_core.event_handler.log_command:Invoking command in '/home/pi/dabom/dabom_ws/src/build/inv_kin': PYTHONPATH=/home/pi/dabom/dabom_ws/src/build/inv_kin/prefix_override:/usr/lib/python3/dist-packages/colcon_core/task/python/colcon_distutils_commands:/home/pi/dabom/dabom_ws/src/install/inv_kin/lib/python3.10/site-packages:${PYTHONPATH} /usr/bin/python3 -W ignore:setup.py install is deprecated setup.py develop --editable --build-directory /home/pi/dabom/dabom_ws/src/build/inv_kin/build --no-deps symlink_data
[9.821s] DEBUG:colcon.colcon_core.event_handler.log_command:Invoking command in '/home/pi/dabom/dabom_ws/src/build/serial_comm': PYTHONPATH=/home/pi/dabom/dabom_ws/src/build/serial_comm/prefix_override:/usr/lib/python3/dist-packages/colcon_core/task/python/colcon_distutils_commands:/home/pi/dabom/dabom_ws/src/install/serial_comm/lib/python3.10/site-packages:${PYTHONPATH} /usr/bin/python3 -W ignore:setup.py install is deprecated setup.py develop --editable --build-directory /home/pi/dabom/dabom_ws/src/build/serial_comm/build --no-deps symlink_data
[12.344s] DEBUG:colcon.colcon_core.event_handler.log_command:Invoking command in '/home/pi/dabom/dabom_ws/src/build/x_serial': PYTHONPATH=/home/pi/dabom/dabom_ws/src/build/x_serial/prefix_override:/usr/lib/python3/dist-packages/colcon_core/task/python/colcon_distutils_commands:/home/pi/dabom/dabom_ws/src/install/x_serial/lib/python3.10/site-packages:${PYTHONPATH} /usr/bin/python3 -W ignore:setup.py install is deprecated setup.py develop --editable --build-directory /home/pi/dabom/dabom_ws/src/build/x_serial/build --no-deps symlink_data
[13.004s] Level 1:colcon.colcon_core.shell:create_environment_hook('odom', 'pythonpath_develop')
[13.006s] INFO:colcon.colcon_core.shell:Creating environment hook '/home/pi/dabom/dabom_ws/src/build/odom/share/odom/hook/pythonpath_develop.ps1'
[13.010s] DEBUG:colcon.colcon_core.event_handler.log_command:Invoked command in '/home/pi/dabom/dabom_ws/src/build/odom' returned '0': PYTHONPATH=/home/pi/dabom/dabom_ws/src/build/odom/prefix_override:/usr/lib/python3/dist-packages/colcon_core/task/python/colcon_distutils_commands:/home/pi/dabom/dabom_ws/src/install/odom/lib/python3.10/site-packages:${PYTHONPATH} /usr/bin/python3 -W ignore:setup.py install is deprecated setup.py develop --editable --build-directory /home/pi/dabom/dabom_ws/src/build/odom/build --no-deps symlink_data
[13.018s] INFO:colcon.colcon_core.shell:Creating environment descriptor '/home/pi/dabom/dabom_ws/src/build/odom/share/odom/hook/pythonpath_develop.dsv'
[13.029s] INFO:colcon.colcon_core.shell:Creating environment hook '/home/pi/dabom/dabom_ws/src/build/odom/share/odom/hook/pythonpath_develop.sh'
[13.038s] Level 1:colcon.colcon_core.environment:checking '/home/pi/dabom/dabom_ws/src/install/odom' for CMake module files
[13.041s] Level 1:colcon.colcon_core.environment:checking '/home/pi/dabom/dabom_ws/src/install/odom' for CMake config files
[13.046s] Level 1:colcon.colcon_core.environment:checking '/home/pi/dabom/dabom_ws/src/install/odom/lib'
[13.048s] Level 1:colcon.colcon_core.environment:checking '/home/pi/dabom/dabom_ws/src/install/odom/bin'
[13.049s] Level 1:colcon.colcon_core.environment:checking '/home/pi/dabom/dabom_ws/src/install/odom/lib/pkgconfig/odom.pc'
[13.051s] Level 1:colcon.colcon_core.environment:checking '/home/pi/dabom/dabom_ws/src/install/odom/lib/python3.10/site-packages'
[13.052s] Level 1:colcon.colcon_core.shell:create_environment_hook('odom', 'pythonpath')
[13.057s] INFO:colcon.colcon_core.shell:Creating environment hook '/home/pi/dabom/dabom_ws/src/install/odom/share/odom/hook/pythonpath.ps1'
[13.068s] INFO:colcon.colcon_core.shell:Creating environment descriptor '/home/pi/dabom/dabom_ws/src/install/odom/share/odom/hook/pythonpath.dsv'
[13.079s] INFO:colcon.colcon_core.shell:Creating environment hook '/home/pi/dabom/dabom_ws/src/install/odom/share/odom/hook/pythonpath.sh'
[13.086s] Level 1:colcon.colcon_core.environment:checking '/home/pi/dabom/dabom_ws/src/install/odom/bin'
[13.086s] Level 1:colcon.colcon_core.environment:create_environment_scripts_only(odom)
[13.089s] INFO:colcon.colcon_core.shell:Creating package script '/home/pi/dabom/dabom_ws/src/install/odom/share/odom/package.ps1'
[13.103s] INFO:colcon.colcon_core.shell:Creating package descriptor '/home/pi/dabom/dabom_ws/src/install/odom/share/odom/package.dsv'
[13.107s] INFO:colcon.colcon_core.shell:Creating package script '/home/pi/dabom/dabom_ws/src/install/odom/share/odom/package.sh'
[13.110s] INFO:colcon.colcon_core.shell:Creating package script '/home/pi/dabom/dabom_ws/src/install/odom/share/odom/package.bash'
[13.114s] INFO:colcon.colcon_core.shell:Creating package script '/home/pi/dabom/dabom_ws/src/install/odom/share/odom/package.zsh'
[13.117s] Level 1:colcon.colcon_core.environment:create_file_with_runtime_dependencies(/home/pi/dabom/dabom_ws/src/install/odom/share/colcon-core/packages/odom)
[13.120s] INFO:colcon.colcon_ros.task.ament_python.build:Building ROS package in '/home/pi/dabom/dabom_ws/src/dabom_joy' with build type 'ament_python'
[13.121s] Level 1:colcon.colcon_core.shell:create_environment_hook('dabom_joy', 'ament_prefix_path')
[13.123s] INFO:colcon.colcon_core.shell:Creating environment hook '/home/pi/dabom/dabom_ws/src/install/dabom_joy/share/dabom_joy/hook/ament_prefix_path.ps1'
[13.154s] INFO:colcon.colcon_core.shell:Creating environment descriptor '/home/pi/dabom/dabom_ws/src/install/dabom_joy/share/dabom_joy/hook/ament_prefix_path.dsv'
[13.168s] INFO:colcon.colcon_core.shell:Creating environment hook '/home/pi/dabom/dabom_ws/src/install/dabom_joy/share/dabom_joy/hook/ament_prefix_path.sh'
[13.177s] INFO:colcon.colcon_core.shell:Skip shell extension 'powershell' for command environment: Not usable outside of PowerShell
[13.179s] DEBUG:colcon.colcon_core.shell:Skip shell extension 'dsv' for command environment
[13.239s] Level 1:colcon.colcon_core.shell:create_environment_hook('serial_comm', 'pythonpath_develop')
[13.241s] DEBUG:colcon.colcon_core.event_handler.log_command:Invoked command in '/home/pi/dabom/dabom_ws/src/build/serial_comm' returned '0': PYTHONPATH=/home/pi/dabom/dabom_ws/src/build/serial_comm/prefix_override:/usr/lib/python3/dist-packages/colcon_core/task/python/colcon_distutils_commands:/home/pi/dabom/dabom_ws/src/install/serial_comm/lib/python3.10/site-packages:${PYTHONPATH} /usr/bin/python3 -W ignore:setup.py install is deprecated setup.py develop --editable --build-directory /home/pi/dabom/dabom_ws/src/build/serial_comm/build --no-deps symlink_data
[13.245s] INFO:colcon.colcon_core.shell:Creating environment hook '/home/pi/dabom/dabom_ws/src/build/serial_comm/share/serial_comm/hook/pythonpath_develop.ps1'
[13.253s] INFO:colcon.colcon_core.shell:Creating environment descriptor '/home/pi/dabom/dabom_ws/src/build/serial_comm/share/serial_comm/hook/pythonpath_develop.dsv'
[13.262s] INFO:colcon.colcon_core.shell:Creating environment hook '/home/pi/dabom/dabom_ws/src/build/serial_comm/share/serial_comm/hook/pythonpath_develop.sh'
[13.273s] Level 1:colcon.colcon_core.environment:checking '/home/pi/dabom/dabom_ws/src/install/serial_comm' for CMake module files
[13.279s] Level 1:colcon.colcon_core.environment:checking '/home/pi/dabom/dabom_ws/src/install/serial_comm' for CMake config files
[13.290s] Level 1:colcon.colcon_core.environment:checking '/home/pi/dabom/dabom_ws/src/install/serial_comm/lib'
[13.292s] Level 1:colcon.colcon_core.environment:checking '/home/pi/dabom/dabom_ws/src/install/serial_comm/bin'
[13.293s] Level 1:colcon.colcon_core.environment:checking '/home/pi/dabom/dabom_ws/src/install/serial_comm/lib/pkgconfig/serial_comm.pc'
[13.296s] Level 1:colcon.colcon_core.environment:checking '/home/pi/dabom/dabom_ws/src/install/serial_comm/lib/python3.10/site-packages'
[13.298s] Level 1:colcon.colcon_core.shell:create_environment_hook('serial_comm', 'pythonpath')
[13.300s] INFO:colcon.colcon_core.shell:Creating environment hook '/home/pi/dabom/dabom_ws/src/install/serial_comm/share/serial_comm/hook/pythonpath.ps1'
[13.306s] INFO:colcon.colcon_core.shell:Creating environment descriptor '/home/pi/dabom/dabom_ws/src/install/serial_comm/share/serial_comm/hook/pythonpath.dsv'
[13.312s] INFO:colcon.colcon_core.shell:Creating environment hook '/home/pi/dabom/dabom_ws/src/install/serial_comm/share/serial_comm/hook/pythonpath.sh'
[13.321s] Level 1:colcon.colcon_core.environment:checking '/home/pi/dabom/dabom_ws/src/install/serial_comm/bin'
[13.322s] Level 1:colcon.colcon_core.environment:create_environment_scripts_only(serial_comm)
[13.326s] INFO:colcon.colcon_core.shell:Creating package script '/home/pi/dabom/dabom_ws/src/install/serial_comm/share/serial_comm/package.ps1'
[13.333s] INFO:colcon.colcon_core.shell:Creating package descriptor '/home/pi/dabom/dabom_ws/src/install/serial_comm/share/serial_comm/package.dsv'
[13.338s] INFO:colcon.colcon_core.shell:Creating package script '/home/pi/dabom/dabom_ws/src/install/serial_comm/share/serial_comm/package.sh'
[13.342s] INFO:colcon.colcon_core.shell:Creating package script '/home/pi/dabom/dabom_ws/src/install/serial_comm/share/serial_comm/package.bash'
[13.345s] INFO:colcon.colcon_core.shell:Creating package script '/home/pi/dabom/dabom_ws/src/install/serial_comm/share/serial_comm/package.zsh'
[13.347s] Level 1:colcon.colcon_core.environment:create_file_with_runtime_dependencies(/home/pi/dabom/dabom_ws/src/install/serial_comm/share/colcon-core/packages/serial_comm)
[13.354s] INFO:colcon.colcon_ros.task.ament_cmake.build:Building ROS package in '/home/pi/dabom/dabom_ws/src/dabomb_description' with build type 'ament_cmake'
[13.356s] INFO:colcon.colcon_cmake.task.cmake.build:Building CMake package in '/home/pi/dabom/dabom_ws/src/dabomb_description'
[13.357s] INFO:colcon.colcon_core.shell:Skip shell extension 'powershell' for command environment: Not usable outside of PowerShell
[13.358s] DEBUG:colcon.colcon_core.shell:Skip shell extension 'dsv' for command environment
[14.723s] INFO:colcon.colcon_core.task.python.build:Building Python package in '/home/pi/dabom/dabom_ws/src/dabom_joy'
[14.724s] INFO:colcon.colcon_core.shell:Skip shell extension 'powershell' for command environment: Not usable outside of PowerShell
[14.725s] DEBUG:colcon.colcon_core.shell:Skip shell extension 'dsv' for command environment
[14.747s] Level 1:colcon.colcon_core.shell:create_environment_hook('inv_kin', 'pythonpath_develop')
[14.748s] INFO:colcon.colcon_core.shell:Creating environment hook '/home/pi/dabom/dabom_ws/src/build/inv_kin/share/inv_kin/hook/pythonpath_develop.ps1'
[14.750s] DEBUG:colcon.colcon_core.event_handler.log_command:Invoked command in '/home/pi/dabom/dabom_ws/src/build/inv_kin' returned '0': PYTHONPATH=/home/pi/dabom/dabom_ws/src/build/inv_kin/prefix_override:/usr/lib/python3/dist-packages/colcon_core/task/python/colcon_distutils_commands:/home/pi/dabom/dabom_ws/src/install/inv_kin/lib/python3.10/site-packages:${PYTHONPATH} /usr/bin/python3 -W ignore:setup.py install is deprecated setup.py develop --editable --build-directory /home/pi/dabom/dabom_ws/src/build/inv_kin/build --no-deps symlink_data
[14.752s] INFO:colcon.colcon_core.shell:Creating environment descriptor '/home/pi/dabom/dabom_ws/src/build/inv_kin/share/inv_kin/hook/pythonpath_develop.dsv'
[14.755s] INFO:colcon.colcon_core.shell:Creating environment hook '/home/pi/dabom/dabom_ws/src/build/inv_kin/share/inv_kin/hook/pythonpath_develop.sh'
[14.758s] Level 1:colcon.colcon_core.environment:checking '/home/pi/dabom/dabom_ws/src/install/inv_kin' for CMake module files
[14.761s] Level 1:colcon.colcon_core.environment:checking '/home/pi/dabom/dabom_ws/src/install/inv_kin' for CMake config files
[14.764s] Level 1:colcon.colcon_core.environment:checking '/home/pi/dabom/dabom_ws/src/install/inv_kin/lib'
[14.764s] Level 1:colcon.colcon_core.environment:checking '/home/pi/dabom/dabom_ws/src/install/inv_kin/bin'
[14.765s] Level 1:colcon.colcon_core.environment:checking '/home/pi/dabom/dabom_ws/src/install/inv_kin/lib/pkgconfig/inv_kin.pc'
[14.766s] Level 1:colcon.colcon_core.environment:checking '/home/pi/dabom/dabom_ws/src/install/inv_kin/lib/python3.10/site-packages'
[14.766s] Level 1:colcon.colcon_core.shell:create_environment_hook('inv_kin', 'pythonpath')
[14.767s] INFO:colcon.colcon_core.shell:Creating environment hook '/home/pi/dabom/dabom_ws/src/install/inv_kin/share/inv_kin/hook/pythonpath.ps1'
[14.770s] INFO:colcon.colcon_core.shell:Creating environment descriptor '/home/pi/dabom/dabom_ws/src/install/inv_kin/share/inv_kin/hook/pythonpath.dsv'
[14.773s] INFO:colcon.colcon_core.shell:Creating environment hook '/home/pi/dabom/dabom_ws/src/install/inv_kin/share/inv_kin/hook/pythonpath.sh'
[14.776s] Level 1:colcon.colcon_core.environment:checking '/home/pi/dabom/dabom_ws/src/install/inv_kin/bin'
[14.777s] Level 1:colcon.colcon_core.environment:create_environment_scripts_only(inv_kin)
[14.778s] INFO:colcon.colcon_core.shell:Creating package script '/home/pi/dabom/dabom_ws/src/install/inv_kin/share/inv_kin/package.ps1'
[14.781s] INFO:colcon.colcon_core.shell:Creating package descriptor '/home/pi/dabom/dabom_ws/src/install/inv_kin/share/inv_kin/package.dsv'
[14.784s] INFO:colcon.colcon_core.shell:Creating package script '/home/pi/dabom/dabom_ws/src/install/inv_kin/share/inv_kin/package.sh'
[14.787s] INFO:colcon.colcon_core.shell:Creating package script '/home/pi/dabom/dabom_ws/src/install/inv_kin/share/inv_kin/package.bash'
[14.789s] INFO:colcon.colcon_core.shell:Creating package script '/home/pi/dabom/dabom_ws/src/install/inv_kin/share/inv_kin/package.zsh'
[14.791s] Level 1:colcon.colcon_core.environment:create_file_with_runtime_dependencies(/home/pi/dabom/dabom_ws/src/install/inv_kin/share/colcon-core/packages/inv_kin)
[14.796s] INFO:colcon.colcon_ros.task.ament_cmake.build:Building ROS package in '/home/pi/dabom/dabom_ws/src/xbox_controller' with build type 'ament_cmake'
[14.797s] INFO:colcon.colcon_cmake.task.cmake.build:Building CMake package in '/home/pi/dabom/dabom_ws/src/xbox_controller'
[14.798s] INFO:colcon.colcon_core.shell:Skip shell extension 'powershell' for command environment: Not usable outside of PowerShell
[14.799s] DEBUG:colcon.colcon_core.shell:Skip shell extension 'dsv' for command environment
[14.840s] DEBUG:colcon.colcon_core.event_handler.log_command:Invoking command in '/home/pi/dabom/dabom_ws/src/build/dabomb_description': CMAKE_PREFIX_PATH=${CMAKE_PREFIX_PATH}:/home/pi/dabom/dabom_ws/install/dabom_bringup:/home/pi/dabom/dabom_ws/install/x_serial:/home/pi/dabom/dabom_ws/install/serial_comm:/home/pi/dabom/dabom_ws/install/odom:/home/pi/dabom/dabom_ws/install/inv_kin:/home/pi/dabom/dabom_ws/install/dabom_joy:/opt/ros/humble /usr/bin/cmake --build /home/pi/dabom/dabom_ws/src/build/dabomb_description -- -j4 -l4
[14.873s] DEBUG:colcon.colcon_core.event_handler.log_command:Invoking command in '/home/pi/dabom/dabom_ws/src/build/xbox_controller': CMAKE_PREFIX_PATH=${CMAKE_PREFIX_PATH}:/home/pi/dabom/dabom_ws/install/dabom_bringup:/home/pi/dabom/dabom_ws/install/x_serial:/home/pi/dabom/dabom_ws/install/serial_comm:/home/pi/dabom/dabom_ws/install/odom:/home/pi/dabom/dabom_ws/install/inv_kin:/home/pi/dabom/dabom_ws/install/dabom_joy:/opt/ros/humble /usr/bin/cmake --build /home/pi/dabom/dabom_ws/src/build/xbox_controller -- -j4 -l4
[15.097s] DEBUG:colcon.colcon_core.event_handler.log_command:Invoked command in '/home/pi/dabom/dabom_ws/src/build/dabomb_description' returned '0': CMAKE_PREFIX_PATH=${CMAKE_PREFIX_PATH}:/home/pi/dabom/dabom_ws/install/dabom_bringup:/home/pi/dabom/dabom_ws/install/x_serial:/home/pi/dabom/dabom_ws/install/serial_comm:/home/pi/dabom/dabom_ws/install/odom:/home/pi/dabom/dabom_ws/install/inv_kin:/home/pi/dabom/dabom_ws/install/dabom_joy:/opt/ros/humble /usr/bin/cmake --build /home/pi/dabom/dabom_ws/src/build/dabomb_description -- -j4 -l4
[15.183s] DEBUG:colcon.colcon_core.event_handler.log_command:Invoked command in '/home/pi/dabom/dabom_ws/src/build/xbox_controller' returned '0': CMAKE_PREFIX_PATH=${CMAKE_PREFIX_PATH}:/home/pi/dabom/dabom_ws/install/dabom_bringup:/home/pi/dabom/dabom_ws/install/x_serial:/home/pi/dabom/dabom_ws/install/serial_comm:/home/pi/dabom/dabom_ws/install/odom:/home/pi/dabom/dabom_ws/install/inv_kin:/home/pi/dabom/dabom_ws/install/dabom_joy:/opt/ros/humble /usr/bin/cmake --build /home/pi/dabom/dabom_ws/src/build/xbox_controller -- -j4 -l4
[15.286s] DEBUG:colcon.colcon_core.event_handler.log_command:Invoking command in '/home/pi/dabom/dabom_ws/src/build/dabomb_description': CMAKE_PREFIX_PATH=${CMAKE_PREFIX_PATH}:/home/pi/dabom/dabom_ws/install/dabom_bringup:/home/pi/dabom/dabom_ws/install/x_serial:/home/pi/dabom/dabom_ws/install/serial_comm:/home/pi/dabom/dabom_ws/install/odom:/home/pi/dabom/dabom_ws/install/inv_kin:/home/pi/dabom/dabom_ws/install/dabom_joy:/opt/ros/humble /usr/bin/cmake --install /home/pi/dabom/dabom_ws/src/build/dabomb_description
[15.308s] Level 1:colcon.colcon_core.shell:create_environment_hook('x_serial', 'pythonpath_develop')
[15.310s] INFO:colcon.colcon_core.shell:Creating environment hook '/home/pi/dabom/dabom_ws/src/build/x_serial/share/x_serial/hook/pythonpath_develop.ps1'
[15.313s] DEBUG:colcon.colcon_core.event_handler.log_command:Invoked command in '/home/pi/dabom/dabom_ws/src/build/x_serial' returned '0': PYTHONPATH=/home/pi/dabom/dabom_ws/src/build/x_serial/prefix_override:/usr/lib/python3/dist-packages/colcon_core/task/python/colcon_distutils_commands:/home/pi/dabom/dabom_ws/src/install/x_serial/lib/python3.10/site-packages:${PYTHONPATH} /usr/bin/python3 -W ignore:setup.py install is deprecated setup.py develop --editable --build-directory /home/pi/dabom/dabom_ws/src/build/x_serial/build --no-deps symlink_data
[15.316s] INFO:colcon.colcon_core.shell:Creating environment descriptor '/home/pi/dabom/dabom_ws/src/build/x_serial/share/x_serial/hook/pythonpath_develop.dsv'
[15.320s] INFO:colcon.colcon_core.shell:Creating environment hook '/home/pi/dabom/dabom_ws/src/build/x_serial/share/x_serial/hook/pythonpath_develop.sh'
[15.323s] Level 1:colcon.colcon_core.environment:checking '/home/pi/dabom/dabom_ws/src/install/x_serial' for CMake module files
[15.328s] Level 1:colcon.colcon_core.environment:checking '/home/pi/dabom/dabom_ws/src/install/x_serial' for CMake config files
[15.331s] Level 1:colcon.colcon_core.environment:checking '/home/pi/dabom/dabom_ws/src/install/x_serial/lib'
[15.332s] Level 1:colcon.colcon_core.environment:checking '/home/pi/dabom/dabom_ws/src/install/x_serial/bin'
[15.332s] Level 1:colcon.colcon_core.environment:checking '/home/pi/dabom/dabom_ws/src/install/x_serial/lib/pkgconfig/x_serial.pc'
[15.333s] Level 1:colcon.colcon_core.environment:checking '/home/pi/dabom/dabom_ws/src/install/x_serial/lib/python3.10/site-packages'
[15.334s] Level 1:colcon.colcon_core.shell:create_environment_hook('x_serial', 'pythonpath')
[15.335s] INFO:colcon.colcon_core.shell:Creating environment hook '/home/pi/dabom/dabom_ws/src/install/x_serial/share/x_serial/hook/pythonpath.ps1'
[15.337s] INFO:colcon.colcon_core.shell:Creating environment descriptor '/home/pi/dabom/dabom_ws/src/install/x_serial/share/x_serial/hook/pythonpath.dsv'
[15.340s] INFO:colcon.colcon_core.shell:Creating environment hook '/home/pi/dabom/dabom_ws/src/install/x_serial/share/x_serial/hook/pythonpath.sh'
[15.343s] Level 1:colcon.colcon_core.environment:checking '/home/pi/dabom/dabom_ws/src/install/x_serial/bin'
[15.343s] Level 1:colcon.colcon_core.environment:create_environment_scripts_only(x_serial)
[15.345s] INFO:colcon.colcon_core.shell:Creating package script '/home/pi/dabom/dabom_ws/src/install/x_serial/share/x_serial/package.ps1'
[15.350s] INFO:colcon.colcon_core.shell:Creating package descriptor '/home/pi/dabom/dabom_ws/src/install/x_serial/share/x_serial/package.dsv'
[15.353s] INFO:colcon.colcon_core.shell:Creating package script '/home/pi/dabom/dabom_ws/src/install/x_serial/share/x_serial/package.sh'
[15.356s] INFO:colcon.colcon_core.shell:Creating package script '/home/pi/dabom/dabom_ws/src/install/x_serial/share/x_serial/package.bash'
[15.358s] INFO:colcon.colcon_core.shell:Creating package script '/home/pi/dabom/dabom_ws/src/install/x_serial/share/x_serial/package.zsh'
[15.360s] Level 1:colcon.colcon_core.environment:create_file_with_runtime_dependencies(/home/pi/dabom/dabom_ws/src/install/x_serial/share/colcon-core/packages/x_serial)
[15.364s] INFO:colcon.colcon_ros.task.ament_python.build:Building ROS package in '/home/pi/dabom/dabom_ws/src/dabom_bringup' with build type 'ament_python'
[15.364s] Level 1:colcon.colcon_core.shell:create_environment_hook('dabom_bringup', 'ament_prefix_path')
[15.365s] INFO:colcon.colcon_core.shell:Creating environment hook '/home/pi/dabom/dabom_ws/src/install/dabom_bringup/share/dabom_bringup/hook/ament_prefix_path.ps1'
[15.369s] INFO:colcon.colcon_core.shell:Creating environment descriptor '/home/pi/dabom/dabom_ws/src/install/dabom_bringup/share/dabom_bringup/hook/ament_prefix_path.dsv'
[15.371s] INFO:colcon.colcon_core.shell:Creating environment hook '/home/pi/dabom/dabom_ws/src/install/dabom_bringup/share/dabom_bringup/hook/ament_prefix_path.sh'
[15.374s] INFO:colcon.colcon_core.shell:Skip shell extension 'powershell' for command environment: Not usable outside of PowerShell
[15.374s] DEBUG:colcon.colcon_core.shell:Skip shell extension 'dsv' for command environment
[15.436s] DEBUG:colcon.colcon_core.event_handler.log_command:Invoking command in '/home/pi/dabom/dabom_ws/src/build/xbox_controller': CMAKE_PREFIX_PATH=${CMAKE_PREFIX_PATH}:/home/pi/dabom/dabom_ws/install/dabom_bringup:/home/pi/dabom/dabom_ws/install/x_serial:/home/pi/dabom/dabom_ws/install/serial_comm:/home/pi/dabom/dabom_ws/install/odom:/home/pi/dabom/dabom_ws/install/inv_kin:/home/pi/dabom/dabom_ws/install/dabom_joy:/opt/ros/humble /usr/bin/cmake --install /home/pi/dabom/dabom_ws/src/build/xbox_controller
[16.982s] INFO:colcon.colcon_core.task.python.build:Building Python package in '/home/pi/dabom/dabom_ws/src/dabom_bringup'
[16.983s] INFO:colcon.colcon_core.shell:Skip shell extension 'powershell' for command environment: Not usable outside of PowerShell
[16.983s] DEBUG:colcon.colcon_core.shell:Skip shell extension 'dsv' for command environment
[17.006s] Level 1:colcon.colcon_core.environment:create_environment_scripts_only(dabomb_description)
[17.008s] Level 1:colcon.colcon_core.environment:checking '/home/pi/dabom/dabom_ws/src/install/dabomb_description' for CMake module files
[17.010s] DEBUG:colcon.colcon_core.event_handler.log_command:Invoked command in '/home/pi/dabom/dabom_ws/src/build/dabomb_description' returned '0': CMAKE_PREFIX_PATH=${CMAKE_PREFIX_PATH}:/home/pi/dabom/dabom_ws/install/dabom_bringup:/home/pi/dabom/dabom_ws/install/x_serial:/home/pi/dabom/dabom_ws/install/serial_comm:/home/pi/dabom/dabom_ws/install/odom:/home/pi/dabom/dabom_ws/install/inv_kin:/home/pi/dabom/dabom_ws/install/dabom_joy:/opt/ros/humble /usr/bin/cmake --install /home/pi/dabom/dabom_ws/src/build/dabomb_description
[17.013s] Level 1:colcon.colcon_core.environment:checking '/home/pi/dabom/dabom_ws/src/install/dabomb_description' for CMake config files
[17.016s] Level 1:colcon.colcon_core.shell:create_environment_hook('dabomb_description', 'cmake_prefix_path')
[17.017s] INFO:colcon.colcon_core.shell:Creating environment hook '/home/pi/dabom/dabom_ws/src/install/dabomb_description/share/dabomb_description/hook/cmake_prefix_path.ps1'
[17.020s] INFO:colcon.colcon_core.shell:Creating environment descriptor '/home/pi/dabom/dabom_ws/src/install/dabomb_description/share/dabomb_description/hook/cmake_prefix_path.dsv'
[17.022s] INFO:colcon.colcon_core.shell:Creating environment hook '/home/pi/dabom/dabom_ws/src/install/dabomb_description/share/dabomb_description/hook/cmake_prefix_path.sh'
[17.026s] Level 1:colcon.colcon_core.environment:checking '/home/pi/dabom/dabom_ws/src/install/dabomb_description/bin'
[17.027s] Level 1:colcon.colcon_core.environment:checking '/home/pi/dabom/dabom_ws/src/install/dabomb_description/lib/pkgconfig/dabomb_description.pc'
[17.028s] Level 1:colcon.colcon_core.environment:checking '/home/pi/dabom/dabom_ws/src/install/dabomb_description/lib/python3.10/site-packages'
[17.029s] Level 1:colcon.colcon_core.environment:checking '/home/pi/dabom/dabom_ws/src/install/dabomb_description/bin'
[17.031s] INFO:colcon.colcon_core.shell:Creating package script '/home/pi/dabom/dabom_ws/src/install/dabomb_description/share/dabomb_description/package.ps1'
[17.033s] INFO:colcon.colcon_core.shell:Creating package descriptor '/home/pi/dabom/dabom_ws/src/install/dabomb_description/share/dabomb_description/package.dsv'
[17.036s] INFO:colcon.colcon_core.shell:Creating package script '/home/pi/dabom/dabom_ws/src/install/dabomb_description/share/dabomb_description/package.sh'
[17.038s] INFO:colcon.colcon_core.shell:Creating package script '/home/pi/dabom/dabom_ws/src/install/dabomb_description/share/dabomb_description/package.bash'
[17.040s] INFO:colcon.colcon_core.shell:Creating package script '/home/pi/dabom/dabom_ws/src/install/dabomb_description/share/dabomb_description/package.zsh'
[17.042s] Level 1:colcon.colcon_core.environment:create_file_with_runtime_dependencies(/home/pi/dabom/dabom_ws/src/install/dabomb_description/share/colcon-core/packages/dabomb_description)
[17.064s] Level 1:colcon.colcon_core.environment:create_environment_scripts_only(xbox_controller)
[17.068s] Level 1:colcon.colcon_core.environment:checking '/home/pi/dabom/dabom_ws/src/install/xbox_controller' for CMake module files
[17.073s] DEBUG:colcon.colcon_core.event_handler.log_command:Invoking command in '/home/pi/dabom/dabom_ws/src/build/dabom_joy': PYTHONPATH=/home/pi/dabom/dabom_ws/src/build/dabom_joy/prefix_override:/usr/lib/python3/dist-packages/colcon_core/task/python/colcon_distutils_commands:/home/pi/dabom/dabom_ws/src/install/dabom_joy/lib/python3.10/site-packages:${PYTHONPATH} /usr/bin/python3 -W ignore:setup.py install is deprecated setup.py develop --editable --build-directory /home/pi/dabom/dabom_ws/src/build/dabom_joy/build --no-deps symlink_data
[17.075s] DEBUG:colcon.colcon_core.event_handler.log_command:Invoked command in '/home/pi/dabom/dabom_ws/src/build/xbox_controller' returned '0': CMAKE_PREFIX_PATH=${CMAKE_PREFIX_PATH}:/home/pi/dabom/dabom_ws/install/dabom_bringup:/home/pi/dabom/dabom_ws/install/x_serial:/home/pi/dabom/dabom_ws/install/serial_comm:/home/pi/dabom/dabom_ws/install/odom:/home/pi/dabom/dabom_ws/install/inv_kin:/home/pi/dabom/dabom_ws/install/dabom_joy:/opt/ros/humble /usr/bin/cmake --install /home/pi/dabom/dabom_ws/src/build/xbox_controller
[17.078s] Level 1:colcon.colcon_core.environment:checking '/home/pi/dabom/dabom_ws/src/install/xbox_controller' for CMake config files
[17.082s] Level 1:colcon.colcon_core.shell:create_environment_hook('xbox_controller', 'cmake_prefix_path')
[17.083s] INFO:colcon.colcon_core.shell:Creating environment hook '/home/pi/dabom/dabom_ws/src/install/xbox_controller/share/xbox_controller/hook/cmake_prefix_path.ps1'
[17.086s] INFO:colcon.colcon_core.shell:Creating environment descriptor '/home/pi/dabom/dabom_ws/src/install/xbox_controller/share/xbox_controller/hook/cmake_prefix_path.dsv'
[17.088s] INFO:colcon.colcon_core.shell:Creating environment hook '/home/pi/dabom/dabom_ws/src/install/xbox_controller/share/xbox_controller/hook/cmake_prefix_path.sh'
[17.092s] Level 1:colcon.colcon_core.environment:checking '/home/pi/dabom/dabom_ws/src/install/xbox_controller/lib'
[17.093s] Level 1:colcon.colcon_core.environment:checking '/home/pi/dabom/dabom_ws/src/install/xbox_controller/bin'
[17.093s] Level 1:colcon.colcon_core.environment:checking '/home/pi/dabom/dabom_ws/src/install/xbox_controller/lib/pkgconfig/xbox_controller.pc'
[17.095s] Level 1:colcon.colcon_core.environment:checking '/home/pi/dabom/dabom_ws/src/install/xbox_controller/lib/python3.10/site-packages'
[17.096s] Level 1:colcon.colcon_core.environment:checking '/home/pi/dabom/dabom_ws/src/install/xbox_controller/bin'
[17.097s] INFO:colcon.colcon_core.shell:Creating package script '/home/pi/dabom/dabom_ws/src/install/xbox_controller/share/xbox_controller/package.ps1'
[17.100s] INFO:colcon.colcon_core.shell:Creating package descriptor '/home/pi/dabom/dabom_ws/src/install/xbox_controller/share/xbox_controller/package.dsv'
[17.103s] INFO:colcon.colcon_core.shell:Creating package script '/home/pi/dabom/dabom_ws/src/install/xbox_controller/share/xbox_controller/package.sh'
[17.106s] INFO:colcon.colcon_core.shell:Creating package script '/home/pi/dabom/dabom_ws/src/install/xbox_controller/share/xbox_controller/package.bash'
[17.108s] INFO:colcon.colcon_core.shell:Creating package script '/home/pi/dabom/dabom_ws/src/install/xbox_controller/share/xbox_controller/package.zsh'
[17.111s] Level 1:colcon.colcon_core.environment:create_file_with_runtime_dependencies(/home/pi/dabom/dabom_ws/src/install/xbox_controller/share/colcon-core/packages/xbox_controller)
[17.169s] Level 1:colcon.colcon_core.environment:create_environment_scripts_only(dabomb_description)
[17.171s] Level 1:colcon.colcon_core.environment:checking '/home/pi/dabom/dabom_ws/src/install/dabomb_description' for CMake module files
[17.175s] Level 1:colcon.colcon_core.environment:checking '/home/pi/dabom/dabom_ws/src/install/dabomb_description' for CMake config files
[17.179s] Level 1:colcon.colcon_core.shell:create_environment_hook('dabomb_description', 'cmake_prefix_path')
[17.181s] INFO:colcon.colcon_core.shell:Creating environment hook '/home/pi/dabom/dabom_ws/src/install/dabomb_description/share/dabomb_description/hook/cmake_prefix_path.ps1'
[17.185s] INFO:colcon.colcon_core.shell:Creating environment descriptor '/home/pi/dabom/dabom_ws/src/install/dabomb_description/share/dabomb_description/hook/cmake_prefix_path.dsv'
[17.189s] INFO:colcon.colcon_core.shell:Creating environment hook '/home/pi/dabom/dabom_ws/src/install/dabomb_description/share/dabomb_description/hook/cmake_prefix_path.sh'
[17.194s] Level 1:colcon.colcon_core.environment:checking '/home/pi/dabom/dabom_ws/src/install/dabomb_description/bin'
[17.195s] Level 1:colcon.colcon_core.environment:checking '/home/pi/dabom/dabom_ws/src/install/dabomb_description/lib/pkgconfig/dabomb_description.pc'
[17.197s] Level 1:colcon.colcon_core.environment:checking '/home/pi/dabom/dabom_ws/src/install/dabomb_description/lib/python3.10/site-packages'
[17.198s] Level 1:colcon.colcon_core.environment:checking '/home/pi/dabom/dabom_ws/src/install/dabomb_description/bin'
[17.200s] INFO:colcon.colcon_core.shell:Creating package script '/home/pi/dabom/dabom_ws/src/install/dabomb_description/share/dabomb_description/package.ps1'
[17.207s] INFO:colcon.colcon_core.shell:Creating package descriptor '/home/pi/dabom/dabom_ws/src/install/dabomb_description/share/dabomb_description/package.dsv'
[17.213s] INFO:colcon.colcon_core.shell:Creating package script '/home/pi/dabom/dabom_ws/src/install/dabomb_description/share/dabomb_description/package.sh'
[17.218s] INFO:colcon.colcon_core.shell:Creating package script '/home/pi/dabom/dabom_ws/src/install/dabomb_description/share/dabomb_description/package.bash'
[17.223s] INFO:colcon.colcon_core.shell:Creating package script '/home/pi/dabom/dabom_ws/src/install/dabomb_description/share/dabomb_description/package.zsh'
[17.228s] Level 1:colcon.colcon_core.environment:create_file_with_runtime_dependencies(/home/pi/dabom/dabom_ws/src/install/dabomb_description/share/colcon-core/packages/dabomb_description)
[17.248s] Level 1:colcon.colcon_core.environment:create_environment_scripts_only(xbox_controller)
[17.249s] Level 1:colcon.colcon_core.environment:checking '/home/pi/dabom/dabom_ws/src/install/xbox_controller' for CMake module files
[17.253s] Level 1:colcon.colcon_core.environment:checking '/home/pi/dabom/dabom_ws/src/install/xbox_controller' for CMake config files
[17.257s] Level 1:colcon.colcon_core.shell:create_environment_hook('xbox_controller', 'cmake_prefix_path')
[17.258s] INFO:colcon.colcon_core.shell:Creating environment hook '/home/pi/dabom/dabom_ws/src/install/xbox_controller/share/xbox_controller/hook/cmake_prefix_path.ps1'
[17.262s] INFO:colcon.colcon_core.shell:Creating environment descriptor '/home/pi/dabom/dabom_ws/src/install/xbox_controller/share/xbox_controller/hook/cmake_prefix_path.dsv'
[17.266s] INFO:colcon.colcon_core.shell:Creating environment hook '/home/pi/dabom/dabom_ws/src/install/xbox_controller/share/xbox_controller/hook/cmake_prefix_path.sh'
[17.270s] Level 1:colcon.colcon_core.environment:checking '/home/pi/dabom/dabom_ws/src/install/xbox_controller/lib'
[17.272s] Level 1:colcon.colcon_core.environment:checking '/home/pi/dabom/dabom_ws/src/install/xbox_controller/bin'
[17.272s] Level 1:colcon.colcon_core.environment:checking '/home/pi/dabom/dabom_ws/src/install/xbox_controller/lib/pkgconfig/xbox_controller.pc'
[17.274s] Level 1:colcon.colcon_core.environment:checking '/home/pi/dabom/dabom_ws/src/install/xbox_controller/lib/python3.10/site-packages'
[17.276s] Level 1:colcon.colcon_core.environment:checking '/home/pi/dabom/dabom_ws/src/install/xbox_controller/bin'
[17.278s] INFO:colcon.colcon_core.shell:Creating package script '/home/pi/dabom/dabom_ws/src/install/xbox_controller/share/xbox_controller/package.ps1'
[17.282s] INFO:colcon.colcon_core.shell:Creating package descriptor '/home/pi/dabom/dabom_ws/src/install/xbox_controller/share/xbox_controller/package.dsv'
[17.288s] INFO:colcon.colcon_core.shell:Creating package script '/home/pi/dabom/dabom_ws/src/install/xbox_controller/share/xbox_controller/package.sh'
[17.293s] INFO:colcon.colcon_core.shell:Creating package script '/home/pi/dabom/dabom_ws/src/install/xbox_controller/share/xbox_controller/package.bash'
[17.298s] INFO:colcon.colcon_core.shell:Creating package script '/home/pi/dabom/dabom_ws/src/install/xbox_controller/share/xbox_controller/package.zsh'
[17.302s] Level 1:colcon.colcon_core.environment:create_file_with_runtime_dependencies(/home/pi/dabom/dabom_ws/src/install/xbox_controller/share/colcon-core/packages/xbox_controller)
[19.046s] DEBUG:colcon.colcon_core.event_handler.log_command:Invoking command in '/home/pi/dabom/dabom_ws/src/build/dabom_bringup': AMENT_PREFIX_PATH=/home/pi/dabom/dabom_ws/src/install/x_serial:/home/pi/dabom/dabom_ws/src/install/serial_comm:/home/pi/dabom/dabom_ws/src/install/rplidar_ros:/home/pi/dabom/dabom_ws/src/install/odom:/home/pi/dabom/dabom_ws/src/install/inv_kin:${AMENT_PREFIX_PATH} CMAKE_PREFIX_PATH=/home/pi/dabom/dabom_ws/src/install/rplidar_ros:${CMAKE_PREFIX_PATH} PYTHONPATH=/home/pi/dabom/dabom_ws/src/build/dabom_bringup/prefix_override:/usr/lib/python3/dist-packages/colcon_core/task/python/colcon_distutils_commands:/home/pi/dabom/dabom_ws/src/install/dabom_bringup/lib/python3.10/site-packages:/home/pi/dabom/dabom_ws/src/build/x_serial:/home/pi/dabom/dabom_ws/src/install/x_serial/lib/python3.10/site-packages:/home/pi/dabom/dabom_ws/src/build/serial_comm:/home/pi/dabom/dabom_ws/src/install/serial_comm/lib/python3.10/site-packages:/home/pi/dabom/dabom_ws/src/build/odom:/home/pi/dabom/dabom_ws/src/install/odom/lib/python3.10/site-packages:/home/pi/dabom/dabom_ws/src/build/inv_kin:/home/pi/dabom/dabom_ws/src/install/inv_kin/lib/python3.10/site-packages:${PYTHONPATH} /usr/bin/python3 -W ignore:setup.py install is deprecated setup.py develop --editable --build-directory /home/pi/dabom/dabom_ws/src/build/dabom_bringup/build --no-deps symlink_data
[19.477s] Level 1:colcon.colcon_core.shell:create_environment_hook('dabom_joy', 'pythonpath_develop')
[19.479s] INFO:colcon.colcon_core.shell:Creating environment hook '/home/pi/dabom/dabom_ws/src/build/dabom_joy/share/dabom_joy/hook/pythonpath_develop.ps1'
[19.481s] DEBUG:colcon.colcon_core.event_handler.log_command:Invoked command in '/home/pi/dabom/dabom_ws/src/build/dabom_joy' returned '0': PYTHONPATH=/home/pi/dabom/dabom_ws/src/build/dabom_joy/prefix_override:/usr/lib/python3/dist-packages/colcon_core/task/python/colcon_distutils_commands:/home/pi/dabom/dabom_ws/src/install/dabom_joy/lib/python3.10/site-packages:${PYTHONPATH} /usr/bin/python3 -W ignore:setup.py install is deprecated setup.py develop --editable --build-directory /home/pi/dabom/dabom_ws/src/build/dabom_joy/build --no-deps symlink_data
[19.483s] INFO:colcon.colcon_core.shell:Creating environment descriptor '/home/pi/dabom/dabom_ws/src/build/dabom_joy/share/dabom_joy/hook/pythonpath_develop.dsv'
[19.485s] INFO:colcon.colcon_core.shell:Creating environment hook '/home/pi/dabom/dabom_ws/src/build/dabom_joy/share/dabom_joy/hook/pythonpath_develop.sh'
[19.488s] Level 1:colcon.colcon_core.environment:checking '/home/pi/dabom/dabom_ws/src/install/dabom_joy' for CMake module files
[19.491s] Level 1:colcon.colcon_core.environment:checking '/home/pi/dabom/dabom_ws/src/install/dabom_joy' for CMake config files
[19.494s] Level 1:colcon.colcon_core.environment:checking '/home/pi/dabom/dabom_ws/src/install/dabom_joy/lib'
[19.495s] Level 1:colcon.colcon_core.environment:checking '/home/pi/dabom/dabom_ws/src/install/dabom_joy/bin'
[19.495s] Level 1:colcon.colcon_core.environment:checking '/home/pi/dabom/dabom_ws/src/install/dabom_joy/lib/pkgconfig/dabom_joy.pc'
[19.496s] Level 1:colcon.colcon_core.environment:checking '/home/pi/dabom/dabom_ws/src/install/dabom_joy/lib/python3.10/site-packages'
[19.497s] Level 1:colcon.colcon_core.shell:create_environment_hook('dabom_joy', 'pythonpath')
[19.498s] INFO:colcon.colcon_core.shell:Creating environment hook '/home/pi/dabom/dabom_ws/src/install/dabom_joy/share/dabom_joy/hook/pythonpath.ps1'
[19.500s] INFO:colcon.colcon_core.shell:Creating environment descriptor '/home/pi/dabom/dabom_ws/src/install/dabom_joy/share/dabom_joy/hook/pythonpath.dsv'
[19.503s] INFO:colcon.colcon_core.shell:Creating environment hook '/home/pi/dabom/dabom_ws/src/install/dabom_joy/share/dabom_joy/hook/pythonpath.sh'
[19.506s] Level 1:colcon.colcon_core.environment:checking '/home/pi/dabom/dabom_ws/src/install/dabom_joy/bin'
[19.507s] Level 1:colcon.colcon_core.environment:create_environment_scripts_only(dabom_joy)
[19.508s] INFO:colcon.colcon_core.shell:Creating package script '/home/pi/dabom/dabom_ws/src/install/dabom_joy/share/dabom_joy/package.ps1'
[19.511s] INFO:colcon.colcon_core.shell:Creating package descriptor '/home/pi/dabom/dabom_ws/src/install/dabom_joy/share/dabom_joy/package.dsv'
[19.514s] INFO:colcon.colcon_core.shell:Creating package script '/home/pi/dabom/dabom_ws/src/install/dabom_joy/share/dabom_joy/package.sh'
[19.517s] INFO:colcon.colcon_core.shell:Creating package script '/home/pi/dabom/dabom_ws/src/install/dabom_joy/share/dabom_joy/package.bash'
[19.519s] INFO:colcon.colcon_core.shell:Creating package script '/home/pi/dabom/dabom_ws/src/install/dabom_joy/share/dabom_joy/package.zsh'
[19.521s] Level 1:colcon.colcon_core.environment:create_file_with_runtime_dependencies(/home/pi/dabom/dabom_ws/src/install/dabom_joy/share/colcon-core/packages/dabom_joy)
[21.118s] Level 1:colcon.colcon_core.shell:create_environment_hook('dabom_bringup', 'pythonpath_develop')
[21.121s] INFO:colcon.colcon_core.shell:Creating environment hook '/home/pi/dabom/dabom_ws/src/build/dabom_bringup/share/dabom_bringup/hook/pythonpath_develop.ps1'
[21.123s] DEBUG:colcon.colcon_core.event_handler.log_command:Invoked command in '/home/pi/dabom/dabom_ws/src/build/dabom_bringup' returned '0': AMENT_PREFIX_PATH=/home/pi/dabom/dabom_ws/src/install/x_serial:/home/pi/dabom/dabom_ws/src/install/serial_comm:/home/pi/dabom/dabom_ws/src/install/rplidar_ros:/home/pi/dabom/dabom_ws/src/install/odom:/home/pi/dabom/dabom_ws/src/install/inv_kin:${AMENT_PREFIX_PATH} CMAKE_PREFIX_PATH=/home/pi/dabom/dabom_ws/src/install/rplidar_ros:${CMAKE_PREFIX_PATH} PYTHONPATH=/home/pi/dabom/dabom_ws/src/build/dabom_bringup/prefix_override:/usr/lib/python3/dist-packages/colcon_core/task/python/colcon_distutils_commands:/home/pi/dabom/dabom_ws/src/install/dabom_bringup/lib/python3.10/site-packages:/home/pi/dabom/dabom_ws/src/build/x_serial:/home/pi/dabom/dabom_ws/src/install/x_serial/lib/python3.10/site-packages:/home/pi/dabom/dabom_ws/src/build/serial_comm:/home/pi/dabom/dabom_ws/src/install/serial_comm/lib/python3.10/site-packages:/home/pi/dabom/dabom_ws/src/build/odom:/home/pi/dabom/dabom_ws/src/install/odom/lib/python3.10/site-packages:/home/pi/dabom/dabom_ws/src/build/inv_kin:/home/pi/dabom/dabom_ws/src/install/inv_kin/lib/python3.10/site-packages:${PYTHONPATH} /usr/bin/python3 -W ignore:setup.py install is deprecated setup.py develop --editable --build-directory /home/pi/dabom/dabom_ws/src/build/dabom_bringup/build --no-deps symlink_data
[21.125s] INFO:colcon.colcon_core.shell:Creating environment descriptor '/home/pi/dabom/dabom_ws/src/build/dabom_bringup/share/dabom_bringup/hook/pythonpath_develop.dsv'
[21.127s] INFO:colcon.colcon_core.shell:Creating environment hook '/home/pi/dabom/dabom_ws/src/build/dabom_bringup/share/dabom_bringup/hook/pythonpath_develop.sh'
[21.130s] Level 1:colcon.colcon_core.environment:checking '/home/pi/dabom/dabom_ws/src/install/dabom_bringup' for CMake module files
[21.132s] Level 1:colcon.colcon_core.environment:checking '/home/pi/dabom/dabom_ws/src/install/dabom_bringup' for CMake config files
[21.135s] Level 1:colcon.colcon_core.environment:checking '/home/pi/dabom/dabom_ws/src/install/dabom_bringup/lib'
[21.136s] Level 1:colcon.colcon_core.environment:checking '/home/pi/dabom/dabom_ws/src/install/dabom_bringup/bin'
[21.136s] Level 1:colcon.colcon_core.environment:checking '/home/pi/dabom/dabom_ws/src/install/dabom_bringup/lib/pkgconfig/dabom_bringup.pc'
[21.137s] Level 1:colcon.colcon_core.environment:checking '/home/pi/dabom/dabom_ws/src/install/dabom_bringup/lib/python3.10/site-packages'
[21.137s] Level 1:colcon.colcon_core.shell:create_environment_hook('dabom_bringup', 'pythonpath')
[21.138s] INFO:colcon.colcon_core.shell:Creating environment hook '/home/pi/dabom/dabom_ws/src/install/dabom_bringup/share/dabom_bringup/hook/pythonpath.ps1'
[21.140s] INFO:colcon.colcon_core.shell:Creating environment descriptor '/home/pi/dabom/dabom_ws/src/install/dabom_bringup/share/dabom_bringup/hook/pythonpath.dsv'
[21.142s] INFO:colcon.colcon_core.shell:Creating environment hook '/home/pi/dabom/dabom_ws/src/install/dabom_bringup/share/dabom_bringup/hook/pythonpath.sh'
[21.145s] Level 1:colcon.colcon_core.environment:checking '/home/pi/dabom/dabom_ws/src/install/dabom_bringup/bin'
[21.145s] Level 1:colcon.colcon_core.environment:create_environment_scripts_only(dabom_bringup)
[21.147s] INFO:colcon.colcon_core.shell:Creating package script '/home/pi/dabom/dabom_ws/src/install/dabom_bringup/share/dabom_bringup/package.ps1'
[21.149s] INFO:colcon.colcon_core.shell:Creating package descriptor '/home/pi/dabom/dabom_ws/src/install/dabom_bringup/share/dabom_bringup/package.dsv'
[21.152s] INFO:colcon.colcon_core.shell:Creating package script '/home/pi/dabom/dabom_ws/src/install/dabom_bringup/share/dabom_bringup/package.sh'
[21.155s] INFO:colcon.colcon_core.shell:Creating package script '/home/pi/dabom/dabom_ws/src/install/dabom_bringup/share/dabom_bringup/package.bash'
[21.157s] INFO:colcon.colcon_core.shell:Creating package script '/home/pi/dabom/dabom_ws/src/install/dabom_bringup/share/dabom_bringup/package.zsh'
[21.159s] Level 1:colcon.colcon_core.environment:create_file_with_runtime_dependencies(/home/pi/dabom/dabom_ws/src/install/dabom_bringup/share/colcon-core/packages/dabom_bringup)
[21.161s] DEBUG:colcon.colcon_parallel_executor.executor.parallel:closing loop
[21.163s] DEBUG:colcon.colcon_parallel_executor.executor.parallel:loop closed
[21.164s] DEBUG:colcon.colcon_parallel_executor.executor.parallel:run_until_complete finished with '0'
[21.165s] DEBUG:colcon.colcon_core.event_reactor:joining thread
[21.194s] INFO:colcon.colcon_core.plugin_system:Skipping extension 'colcon_notification.desktop_notification.notify_send': Could not find 'notify-send'
[21.195s] INFO:colcon.colcon_core.plugin_system:Skipping extension 'colcon_notification.desktop_notification.terminal_notifier': Not used on non-Darwin systems
[21.195s] INFO:colcon.colcon_core.plugin_system:Skipping extension 'colcon_notification.desktop_notification.win32': Not used on non-Windows systems
[21.195s] INFO:colcon.colcon_notification.desktop_notification:Sending desktop notification using 'notify2'
[21.199s] DEBUG:colcon.colcon_notification.desktop_notification.notify2:Failed to initialize notify2: org.freedesktop.DBus.Error.ServiceUnknown: The name org.freedesktop.Notifications was not provided by any .service files
[21.200s] DEBUG:colcon.colcon_core.event_reactor:joined thread
[21.201s] INFO:colcon.colcon_core.shell:Creating prefix script '/home/pi/dabom/dabom_ws/src/install/local_setup.ps1'
[21.206s] INFO:colcon.colcon_core.shell:Creating prefix util module '/home/pi/dabom/dabom_ws/src/install/_local_setup_util_ps1.py'
[21.213s] INFO:colcon.colcon_core.shell:Creating prefix chain script '/home/pi/dabom/dabom_ws/src/install/setup.ps1'
[21.221s] INFO:colcon.colcon_core.shell:Creating prefix script '/home/pi/dabom/dabom_ws/src/install/local_setup.sh'
[21.225s] INFO:colcon.colcon_core.shell:Creating prefix util module '/home/pi/dabom/dabom_ws/src/install/_local_setup_util_sh.py'
[21.228s] INFO:colcon.colcon_core.shell:Creating prefix chain script '/home/pi/dabom/dabom_ws/src/install/setup.sh'
[21.236s] INFO:colcon.colcon_core.shell:Creating prefix script '/home/pi/dabom/dabom_ws/src/install/local_setup.bash'
[21.239s] INFO:colcon.colcon_core.shell:Creating prefix chain script '/home/pi/dabom/dabom_ws/src/install/setup.bash'
[21.246s] INFO:colcon.colcon_core.shell:Creating prefix script '/home/pi/dabom/dabom_ws/src/install/local_setup.zsh'
[21.268s] INFO:colcon.colcon_core.shell:Creating prefix chain script '/home/pi/dabom/dabom_ws/src/install/setup.zsh'
