[0.102s] DEBUG:colcon:Command line arguments: ['/usr/bin/colcon', 'build']
[0.102s] DEBUG:colcon:Parsed command line arguments: Namespace(log_base=None, log_level=None, verb_name='build', build_base='build', install_base='install', merge_install=False, symlink_install=False, test_result_base=None, continue_on_error=False, executor='parallel', parallel_workers=12, event_handlers=None, ignore_user_meta=False, metas=['./colcon.meta'], base_paths=['.'], packages_ignore=None, packages_ignore_regex=None, paths=None, packages_up_to=None, packages_up_to_regex=None, packages_above=None, packages_above_and_dependencies=None, packages_above_depth=None, packages_select_by_dep=None, packages_skip_by_dep=None, packages_skip_up_to=None, packages_select_build_failed=False, packages_skip_build_finished=False, packages_select_test_failures=False, packages_skip_test_passed=False, packages_select=None, packages_skip=None, packages_select_regex=None, packages_skip_regex=None, packages_start=None, packages_end=None, allow_overriding=[], cmake_args=None, cmake_target=None, cmake_target_skip_unavailable=False, cmake_clean_cache=False, cmake_clean_first=False, cmake_force_configure=False, ament_cmake_args=None, catkin_cmake_args=None, catkin_skip_building_tests=False, mixin_files=None, mixin=None, verb_parser=<colcon_mixin.mixin.mixin_argument.MixinArgumentDecorator object at 0x7a2a4cd2ab30>, verb_extension=<colcon_core.verb.build.BuildVerb object at 0x7a2a4ce23220>, main=<bound method BuildVerb.main of <colcon_core.verb.build.BuildVerb object at 0x7a2a4ce23220>>, mixin_verb=('build',))
[0.201s] Level 1:colcon.colcon_core.package_discovery:discover_packages(colcon_meta) check parameters
[0.201s] Level 1:colcon.colcon_core.package_discovery:discover_packages(recursive) check parameters
[0.202s] Level 1:colcon.colcon_core.package_discovery:discover_packages(ignore) check parameters
[0.202s] Level 1:colcon.colcon_core.package_discovery:discover_packages(path) check parameters
[0.202s] Level 1:colcon.colcon_core.package_discovery:discover_packages(colcon_meta) discover
[0.202s] Level 1:colcon.colcon_core.package_discovery:discover_packages(recursive) discover
[0.202s] INFO:colcon.colcon_core.package_discovery:Crawling recursively for packages in '/home/abdulhadi/ROS_Projects/Python/dabom/dabom_ws'
[0.202s] Level 1:colcon.colcon_core.package_identification:_identify(.) by extensions ['ignore', 'ignore_ament_install']
[0.202s] Level 1:colcon.colcon_core.package_identification:_identify(.) by extension 'ignore'
[0.202s] Level 1:colcon.colcon_core.package_identification:_identify(.) by extension 'ignore_ament_install'
[0.202s] Level 1:colcon.colcon_core.package_identification:_identify(.) by extensions ['colcon_pkg']
[0.202s] Level 1:colcon.colcon_core.package_identification:_identify(.) by extension 'colcon_pkg'
[0.202s] Level 1:colcon.colcon_core.package_identification:_identify(.) by extensions ['colcon_meta']
[0.202s] Level 1:colcon.colcon_core.package_identification:_identify(.) by extension 'colcon_meta'
[0.202s] Level 1:colcon.colcon_core.package_identification:_identify(.) by extensions ['ros']
[0.202s] Level 1:colcon.colcon_core.package_identification:_identify(.) by extension 'ros'
[0.209s] Level 1:colcon.colcon_core.package_identification:_identify(.) by extensions ['cmake', 'python']
[0.209s] Level 1:colcon.colcon_core.package_identification:_identify(.) by extension 'cmake'
[0.209s] Level 1:colcon.colcon_core.package_identification:_identify(.) by extension 'python'
[0.209s] Level 1:colcon.colcon_core.package_identification:_identify(.) by extensions ['python_setup_py']
[0.209s] Level 1:colcon.colcon_core.package_identification:_identify(.) by extension 'python_setup_py'
[0.209s] Level 1:colcon.colcon_core.package_identification:_identify(build) by extensions ['ignore', 'ignore_ament_install']
[0.209s] Level 1:colcon.colcon_core.package_identification:_identify(build) by extension 'ignore'
[0.209s] Level 1:colcon.colcon_core.package_identification:_identify(build) ignored
[0.209s] Level 1:colcon.colcon_core.package_identification:_identify(install) by extensions ['ignore', 'ignore_ament_install']
[0.209s] Level 1:colcon.colcon_core.package_identification:_identify(install) by extension 'ignore'
[0.209s] Level 1:colcon.colcon_core.package_identification:_identify(install) ignored
[0.209s] Level 1:colcon.colcon_core.package_identification:_identify(log) by extensions ['ignore', 'ignore_ament_install']
[0.209s] Level 1:colcon.colcon_core.package_identification:_identify(log) by extension 'ignore'
[0.209s] Level 1:colcon.colcon_core.package_identification:_identify(log) ignored
[0.210s] Level 1:colcon.colcon_core.package_identification:_identify(src) by extensions ['ignore', 'ignore_ament_install']
[0.210s] Level 1:colcon.colcon_core.package_identification:_identify(src) by extension 'ignore'
[0.210s] Level 1:colcon.colcon_core.package_identification:_identify(src) by extension 'ignore_ament_install'
[0.210s] Level 1:colcon.colcon_core.package_identification:_identify(src) by extensions ['colcon_pkg']
[0.210s] Level 1:colcon.colcon_core.package_identification:_identify(src) by extension 'colcon_pkg'
[0.210s] Level 1:colcon.colcon_core.package_identification:_identify(src) by extensions ['colcon_meta']
[0.210s] Level 1:colcon.colcon_core.package_identification:_identify(src) by extension 'colcon_meta'
[0.210s] Level 1:colcon.colcon_core.package_identification:_identify(src) by extensions ['ros']
[0.210s] Level 1:colcon.colcon_core.package_identification:_identify(src) by extension 'ros'
[0.210s] Level 1:colcon.colcon_core.package_identification:_identify(src) by extensions ['cmake', 'python']
[0.210s] Level 1:colcon.colcon_core.package_identification:_identify(src) by extension 'cmake'
[0.210s] Level 1:colcon.colcon_core.package_identification:_identify(src) by extension 'python'
[0.210s] Level 1:colcon.colcon_core.package_identification:_identify(src) by extensions ['python_setup_py']
[0.210s] Level 1:colcon.colcon_core.package_identification:_identify(src) by extension 'python_setup_py'
[0.210s] Level 1:colcon.colcon_core.package_identification:_identify(src/config) by extensions ['ignore', 'ignore_ament_install']
[0.210s] Level 1:colcon.colcon_core.package_identification:_identify(src/config) by extension 'ignore'
[0.210s] Level 1:colcon.colcon_core.package_identification:_identify(src/config) by extension 'ignore_ament_install'
[0.210s] Level 1:colcon.colcon_core.package_identification:_identify(src/config) by extensions ['colcon_pkg']
[0.210s] Level 1:colcon.colcon_core.package_identification:_identify(src/config) by extension 'colcon_pkg'
[0.210s] Level 1:colcon.colcon_core.package_identification:_identify(src/config) by extensions ['colcon_meta']
[0.210s] Level 1:colcon.colcon_core.package_identification:_identify(src/config) by extension 'colcon_meta'
[0.210s] Level 1:colcon.colcon_core.package_identification:_identify(src/config) by extensions ['ros']
[0.210s] Level 1:colcon.colcon_core.package_identification:_identify(src/config) by extension 'ros'
[0.210s] Level 1:colcon.colcon_core.package_identification:_identify(src/config) by extensions ['cmake', 'python']
[0.210s] Level 1:colcon.colcon_core.package_identification:_identify(src/config) by extension 'cmake'
[0.210s] Level 1:colcon.colcon_core.package_identification:_identify(src/config) by extension 'python'
[0.210s] Level 1:colcon.colcon_core.package_identification:_identify(src/config) by extensions ['python_setup_py']
[0.210s] Level 1:colcon.colcon_core.package_identification:_identify(src/config) by extension 'python_setup_py'
[0.210s] Level 1:colcon.colcon_core.package_identification:_identify(src/dabom_bringup) by extensions ['ignore', 'ignore_ament_install']
[0.210s] Level 1:colcon.colcon_core.package_identification:_identify(src/dabom_bringup) by extension 'ignore'
[0.210s] Level 1:colcon.colcon_core.package_identification:_identify(src/dabom_bringup) by extension 'ignore_ament_install'
[0.210s] Level 1:colcon.colcon_core.package_identification:_identify(src/dabom_bringup) by extensions ['colcon_pkg']
[0.210s] Level 1:colcon.colcon_core.package_identification:_identify(src/dabom_bringup) by extension 'colcon_pkg'
[0.210s] Level 1:colcon.colcon_core.package_identification:_identify(src/dabom_bringup) by extensions ['colcon_meta']
[0.210s] Level 1:colcon.colcon_core.package_identification:_identify(src/dabom_bringup) by extension 'colcon_meta'
[0.210s] Level 1:colcon.colcon_core.package_identification:_identify(src/dabom_bringup) by extensions ['ros']
[0.210s] Level 1:colcon.colcon_core.package_identification:_identify(src/dabom_bringup) by extension 'ros'
[0.211s] Level 1:colcon.colcon_core.package_identification:_identify(src/dabom_bringup) by extensions ['cmake', 'python']
[0.211s] Level 1:colcon.colcon_core.package_identification:_identify(src/dabom_bringup) by extension 'cmake'
[0.211s] Level 1:colcon.colcon_core.package_identification:_identify(src/dabom_bringup) by extension 'python'
[0.211s] Level 1:colcon.colcon_core.package_identification:_identify(src/dabom_bringup) by extensions ['python_setup_py']
[0.211s] Level 1:colcon.colcon_core.package_identification:_identify(src/dabom_bringup) by extension 'python_setup_py'
[0.211s] Level 1:colcon.colcon_core.package_identification:_identify(src/dabom_bringup/config) by extensions ['ignore', 'ignore_ament_install']
[0.211s] Level 1:colcon.colcon_core.package_identification:_identify(src/dabom_bringup/config) by extension 'ignore'
[0.211s] Level 1:colcon.colcon_core.package_identification:_identify(src/dabom_bringup/config) by extension 'ignore_ament_install'
[0.211s] Level 1:colcon.colcon_core.package_identification:_identify(src/dabom_bringup/config) by extensions ['colcon_pkg']
[0.211s] Level 1:colcon.colcon_core.package_identification:_identify(src/dabom_bringup/config) by extension 'colcon_pkg'
[0.211s] Level 1:colcon.colcon_core.package_identification:_identify(src/dabom_bringup/config) by extensions ['colcon_meta']
[0.211s] Level 1:colcon.colcon_core.package_identification:_identify(src/dabom_bringup/config) by extension 'colcon_meta'
[0.211s] Level 1:colcon.colcon_core.package_identification:_identify(src/dabom_bringup/config) by extensions ['ros']
[0.211s] Level 1:colcon.colcon_core.package_identification:_identify(src/dabom_bringup/config) by extension 'ros'
[0.211s] Level 1:colcon.colcon_core.package_identification:_identify(src/dabom_bringup/config) by extensions ['cmake', 'python']
[0.211s] Level 1:colcon.colcon_core.package_identification:_identify(src/dabom_bringup/config) by extension 'cmake'
[0.211s] Level 1:colcon.colcon_core.package_identification:_identify(src/dabom_bringup/config) by extension 'python'
[0.211s] Level 1:colcon.colcon_core.package_identification:_identify(src/dabom_bringup/config) by extensions ['python_setup_py']
[0.211s] Level 1:colcon.colcon_core.package_identification:_identify(src/dabom_bringup/config) by extension 'python_setup_py'
[0.211s] Level 1:colcon.colcon_core.package_identification:_identify(src/dabomb_description) by extensions ['ignore', 'ignore_ament_install']
[0.211s] Level 1:colcon.colcon_core.package_identification:_identify(src/dabomb_description) by extension 'ignore'
[0.211s] Level 1:colcon.colcon_core.package_identification:_identify(src/dabomb_description) by extension 'ignore_ament_install'
[0.211s] Level 1:colcon.colcon_core.package_identification:_identify(src/dabomb_description) by extensions ['colcon_pkg']
[0.211s] Level 1:colcon.colcon_core.package_identification:_identify(src/dabomb_description) by extension 'colcon_pkg'
[0.211s] Level 1:colcon.colcon_core.package_identification:_identify(src/dabomb_description) by extensions ['colcon_meta']
[0.211s] Level 1:colcon.colcon_core.package_identification:_identify(src/dabomb_description) by extension 'colcon_meta'
[0.211s] Level 1:colcon.colcon_core.package_identification:_identify(src/dabomb_description) by extensions ['ros']
[0.211s] Level 1:colcon.colcon_core.package_identification:_identify(src/dabomb_description) by extension 'ros'
[0.213s] DEBUG:colcon.colcon_core.package_identification:Package 'src/dabomb_description' with type 'ros.ament_cmake' and name 'dabomb_description'
[0.213s] Level 1:colcon.colcon_core.package_identification:_identify(src/inverse_kinematics) by extensions ['ignore', 'ignore_ament_install']
[0.213s] Level 1:colcon.colcon_core.package_identification:_identify(src/inverse_kinematics) by extension 'ignore'
[0.213s] Level 1:colcon.colcon_core.package_identification:_identify(src/inverse_kinematics) by extension 'ignore_ament_install'
[0.213s] Level 1:colcon.colcon_core.package_identification:_identify(src/inverse_kinematics) by extensions ['colcon_pkg']
[0.213s] Level 1:colcon.colcon_core.package_identification:_identify(src/inverse_kinematics) by extension 'colcon_pkg'
[0.213s] Level 1:colcon.colcon_core.package_identification:_identify(src/inverse_kinematics) by extensions ['colcon_meta']
[0.213s] Level 1:colcon.colcon_core.package_identification:_identify(src/inverse_kinematics) by extension 'colcon_meta'
[0.213s] Level 1:colcon.colcon_core.package_identification:_identify(src/inverse_kinematics) by extensions ['ros']
[0.213s] Level 1:colcon.colcon_core.package_identification:_identify(src/inverse_kinematics) by extension 'ros'
[0.213s] DEBUG:colcon.colcon_core.package_identification:Package 'src/inverse_kinematics' with type 'ros.ament_cmake' and name 'inverse_kinematics'
[0.213s] Level 1:colcon.colcon_core.package_identification:_identify(src/launch) by extensions ['ignore', 'ignore_ament_install']
[0.214s] Level 1:colcon.colcon_core.package_identification:_identify(src/launch) by extension 'ignore'
[0.214s] Level 1:colcon.colcon_core.package_identification:_identify(src/launch) by extension 'ignore_ament_install'
[0.214s] Level 1:colcon.colcon_core.package_identification:_identify(src/launch) by extensions ['colcon_pkg']
[0.214s] Level 1:colcon.colcon_core.package_identification:_identify(src/launch) by extension 'colcon_pkg'
[0.214s] Level 1:colcon.colcon_core.package_identification:_identify(src/launch) by extensions ['colcon_meta']
[0.214s] Level 1:colcon.colcon_core.package_identification:_identify(src/launch) by extension 'colcon_meta'
[0.214s] Level 1:colcon.colcon_core.package_identification:_identify(src/launch) by extensions ['ros']
[0.214s] Level 1:colcon.colcon_core.package_identification:_identify(src/launch) by extension 'ros'
[0.214s] Level 1:colcon.colcon_core.package_identification:_identify(src/launch) by extensions ['cmake', 'python']
[0.214s] Level 1:colcon.colcon_core.package_identification:_identify(src/launch) by extension 'cmake'
[0.214s] Level 1:colcon.colcon_core.package_identification:_identify(src/launch) by extension 'python'
[0.214s] Level 1:colcon.colcon_core.package_identification:_identify(src/launch) by extensions ['python_setup_py']
[0.214s] Level 1:colcon.colcon_core.package_identification:_identify(src/launch) by extension 'python_setup_py'
[0.214s] Level 1:colcon.colcon_core.package_identification:_identify(src/launch/__pycache__) by extensions ['ignore', 'ignore_ament_install']
[0.214s] Level 1:colcon.colcon_core.package_identification:_identify(src/launch/__pycache__) by extension 'ignore'
[0.214s] Level 1:colcon.colcon_core.package_identification:_identify(src/launch/__pycache__) by extension 'ignore_ament_install'
[0.214s] Level 1:colcon.colcon_core.package_identification:_identify(src/launch/__pycache__) by extensions ['colcon_pkg']
[0.214s] Level 1:colcon.colcon_core.package_identification:_identify(src/launch/__pycache__) by extension 'colcon_pkg'
[0.214s] Level 1:colcon.colcon_core.package_identification:_identify(src/launch/__pycache__) by extensions ['colcon_meta']
[0.214s] Level 1:colcon.colcon_core.package_identification:_identify(src/launch/__pycache__) by extension 'colcon_meta'
[0.214s] Level 1:colcon.colcon_core.package_identification:_identify(src/launch/__pycache__) by extensions ['ros']
[0.214s] Level 1:colcon.colcon_core.package_identification:_identify(src/launch/__pycache__) by extension 'ros'
[0.214s] Level 1:colcon.colcon_core.package_identification:_identify(src/launch/__pycache__) by extensions ['cmake', 'python']
[0.214s] Level 1:colcon.colcon_core.package_identification:_identify(src/launch/__pycache__) by extension 'cmake'
[0.214s] Level 1:colcon.colcon_core.package_identification:_identify(src/launch/__pycache__) by extension 'python'
[0.214s] Level 1:colcon.colcon_core.package_identification:_identify(src/launch/__pycache__) by extensions ['python_setup_py']
[0.214s] Level 1:colcon.colcon_core.package_identification:_identify(src/launch/__pycache__) by extension 'python_setup_py'
[0.214s] Level 1:colcon.colcon_core.package_identification:_identify(src/odom) by extensions ['ignore', 'ignore_ament_install']
[0.214s] Level 1:colcon.colcon_core.package_identification:_identify(src/odom) by extension 'ignore'
[0.214s] Level 1:colcon.colcon_core.package_identification:_identify(src/odom) by extension 'ignore_ament_install'
[0.214s] Level 1:colcon.colcon_core.package_identification:_identify(src/odom) by extensions ['colcon_pkg']
[0.214s] Level 1:colcon.colcon_core.package_identification:_identify(src/odom) by extension 'colcon_pkg'
[0.214s] Level 1:colcon.colcon_core.package_identification:_identify(src/odom) by extensions ['colcon_meta']
[0.214s] Level 1:colcon.colcon_core.package_identification:_identify(src/odom) by extension 'colcon_meta'
[0.215s] Level 1:colcon.colcon_core.package_identification:_identify(src/odom) by extensions ['ros']
[0.215s] Level 1:colcon.colcon_core.package_identification:_identify(src/odom) by extension 'ros'
[0.215s] DEBUG:colcon.colcon_core.package_identification:Package 'src/odom' with type 'ros.ament_cmake' and name 'odom'
[0.215s] Level 1:colcon.colcon_core.package_identification:_identify(src/serial_comm) by extensions ['ignore', 'ignore_ament_install']
[0.215s] Level 1:colcon.colcon_core.package_identification:_identify(src/serial_comm) by extension 'ignore'
[0.215s] Level 1:colcon.colcon_core.package_identification:_identify(src/serial_comm) by extension 'ignore_ament_install'
[0.215s] Level 1:colcon.colcon_core.package_identification:_identify(src/serial_comm) by extensions ['colcon_pkg']
[0.215s] Level 1:colcon.colcon_core.package_identification:_identify(src/serial_comm) by extension 'colcon_pkg'
[0.215s] Level 1:colcon.colcon_core.package_identification:_identify(src/serial_comm) by extensions ['colcon_meta']
[0.215s] Level 1:colcon.colcon_core.package_identification:_identify(src/serial_comm) by extension 'colcon_meta'
[0.215s] Level 1:colcon.colcon_core.package_identification:_identify(src/serial_comm) by extensions ['ros']
[0.215s] Level 1:colcon.colcon_core.package_identification:_identify(src/serial_comm) by extension 'ros'
[0.216s] DEBUG:colcon.colcon_core.package_identification:Package 'src/serial_comm' with type 'ros.ament_python' and name 'serial_comm'
[0.216s] Level 1:colcon.colcon_core.package_identification:_identify(src/sllidar_ros2) by extensions ['ignore', 'ignore_ament_install']
[0.216s] Level 1:colcon.colcon_core.package_identification:_identify(src/sllidar_ros2) by extension 'ignore'
[0.216s] Level 1:colcon.colcon_core.package_identification:_identify(src/sllidar_ros2) by extension 'ignore_ament_install'
[0.216s] Level 1:colcon.colcon_core.package_identification:_identify(src/sllidar_ros2) by extensions ['colcon_pkg']
[0.216s] Level 1:colcon.colcon_core.package_identification:_identify(src/sllidar_ros2) by extension 'colcon_pkg'
[0.216s] Level 1:colcon.colcon_core.package_identification:_identify(src/sllidar_ros2) by extensions ['colcon_meta']
[0.216s] Level 1:colcon.colcon_core.package_identification:_identify(src/sllidar_ros2) by extension 'colcon_meta'
[0.216s] Level 1:colcon.colcon_core.package_identification:_identify(src/sllidar_ros2) by extensions ['ros']
[0.216s] Level 1:colcon.colcon_core.package_identification:_identify(src/sllidar_ros2) by extension 'ros'
[0.216s] DEBUG:colcon.colcon_core.package_identification:Package 'src/sllidar_ros2' with type 'ros.ament_cmake' and name 'sllidar_ros2'
[0.216s] Level 1:colcon.colcon_core.package_identification:_identify(src/unique_joint_state_publisher) by extensions ['ignore', 'ignore_ament_install']
[0.216s] Level 1:colcon.colcon_core.package_identification:_identify(src/unique_joint_state_publisher) by extension 'ignore'
[0.216s] Level 1:colcon.colcon_core.package_identification:_identify(src/unique_joint_state_publisher) by extension 'ignore_ament_install'
[0.216s] Level 1:colcon.colcon_core.package_identification:_identify(src/unique_joint_state_publisher) by extensions ['colcon_pkg']
[0.216s] Level 1:colcon.colcon_core.package_identification:_identify(src/unique_joint_state_publisher) by extension 'colcon_pkg'
[0.216s] Level 1:colcon.colcon_core.package_identification:_identify(src/unique_joint_state_publisher) by extensions ['colcon_meta']
[0.216s] Level 1:colcon.colcon_core.package_identification:_identify(src/unique_joint_state_publisher) by extension 'colcon_meta'
[0.216s] Level 1:colcon.colcon_core.package_identification:_identify(src/unique_joint_state_publisher) by extensions ['ros']
[0.216s] Level 1:colcon.colcon_core.package_identification:_identify(src/unique_joint_state_publisher) by extension 'ros'
[0.217s] DEBUG:colcon.colcon_core.package_identification:Package 'src/unique_joint_state_publisher' with type 'ros.ament_cmake' and name 'unique_joint_state_publisher'
[0.217s] Level 1:colcon.colcon_core.package_identification:_identify(src/xbox_controller) by extensions ['ignore', 'ignore_ament_install']
[0.217s] Level 1:colcon.colcon_core.package_identification:_identify(src/xbox_controller) by extension 'ignore'
[0.217s] Level 1:colcon.colcon_core.package_identification:_identify(src/xbox_controller) by extension 'ignore_ament_install'
[0.217s] Level 1:colcon.colcon_core.package_identification:_identify(src/xbox_controller) by extensions ['colcon_pkg']
[0.217s] Level 1:colcon.colcon_core.package_identification:_identify(src/xbox_controller) by extension 'colcon_pkg'
[0.217s] Level 1:colcon.colcon_core.package_identification:_identify(src/xbox_controller) by extensions ['colcon_meta']
[0.217s] Level 1:colcon.colcon_core.package_identification:_identify(src/xbox_controller) by extension 'colcon_meta'
[0.217s] Level 1:colcon.colcon_core.package_identification:_identify(src/xbox_controller) by extensions ['ros']
[0.217s] Level 1:colcon.colcon_core.package_identification:_identify(src/xbox_controller) by extension 'ros'
[0.217s] DEBUG:colcon.colcon_core.package_identification:Package 'src/xbox_controller' with type 'ros.ament_cmake' and name 'xbox_controller'
[0.218s] Level 1:colcon.colcon_core.package_discovery:discover_packages(recursive) using defaults
[0.218s] Level 1:colcon.colcon_core.package_discovery:discover_packages(ignore) discover
[0.218s] Level 1:colcon.colcon_core.package_discovery:discover_packages(ignore) using defaults
[0.218s] Level 1:colcon.colcon_core.package_discovery:discover_packages(path) discover
[0.218s] Level 1:colcon.colcon_core.package_discovery:discover_packages(path) using defaults
[0.237s] Level 1:colcon.colcon_core.package_discovery:discover_packages(prefix_path) check parameters
[0.237s] Level 1:colcon.colcon_core.package_discovery:discover_packages(prefix_path) discover
[0.238s] DEBUG:colcon.colcon_installed_package_information.package_discovery:Found 2 installed packages in /home/abdulhadi/ROS_Projects/Python/dabom/dabom_ws/install
[0.239s] DEBUG:colcon.colcon_installed_package_information.package_discovery:Found 404 installed packages in /opt/ros/humble
[0.241s] Level 1:colcon.colcon_core.package_discovery:discover_packages(prefix_path) using defaults
[0.270s] Level 5:colcon.colcon_core.verb:set package 'dabomb_description' build argument 'cmake_args' from command line to 'None'
[0.270s] Level 5:colcon.colcon_core.verb:set package 'dabomb_description' build argument 'cmake_target' from command line to 'None'
[0.270s] Level 5:colcon.colcon_core.verb:set package 'dabomb_description' build argument 'cmake_target_skip_unavailable' from command line to 'False'
[0.270s] Level 5:colcon.colcon_core.verb:set package 'dabomb_description' build argument 'cmake_clean_cache' from command line to 'False'
[0.270s] Level 5:colcon.colcon_core.verb:set package 'dabomb_description' build argument 'cmake_clean_first' from command line to 'False'
[0.270s] Level 5:colcon.colcon_core.verb:set package 'dabomb_description' build argument 'cmake_force_configure' from command line to 'False'
[0.270s] Level 5:colcon.colcon_core.verb:set package 'dabomb_description' build argument 'ament_cmake_args' from command line to 'None'
[0.270s] Level 5:colcon.colcon_core.verb:set package 'dabomb_description' build argument 'catkin_cmake_args' from command line to 'None'
[0.270s] Level 5:colcon.colcon_core.verb:set package 'dabomb_description' build argument 'catkin_skip_building_tests' from command line to 'False'
[0.270s] DEBUG:colcon.colcon_core.verb:Building package 'dabomb_description' with the following arguments: {'ament_cmake_args': None, 'build_base': '/home/abdulhadi/ROS_Projects/Python/dabom/dabom_ws/build/dabomb_description', 'catkin_cmake_args': None, 'catkin_skip_building_tests': False, 'cmake_args': None, 'cmake_clean_cache': False, 'cmake_clean_first': False, 'cmake_force_configure': False, 'cmake_target': None, 'cmake_target_skip_unavailable': False, 'install_base': '/home/abdulhadi/ROS_Projects/Python/dabom/dabom_ws/install/dabomb_description', 'merge_install': False, 'path': '/home/abdulhadi/ROS_Projects/Python/dabom/dabom_ws/src/dabomb_description', 'symlink_install': False, 'test_result_base': None}
[0.270s] Level 5:colcon.colcon_core.verb:set package 'inverse_kinematics' build argument 'cmake_args' from command line to 'None'
[0.270s] Level 5:colcon.colcon_core.verb:set package 'inverse_kinematics' build argument 'cmake_target' from command line to 'None'
[0.270s] Level 5:colcon.colcon_core.verb:set package 'inverse_kinematics' build argument 'cmake_target_skip_unavailable' from command line to 'False'
[0.270s] Level 5:colcon.colcon_core.verb:set package 'inverse_kinematics' build argument 'cmake_clean_cache' from command line to 'False'
[0.270s] Level 5:colcon.colcon_core.verb:set package 'inverse_kinematics' build argument 'cmake_clean_first' from command line to 'False'
[0.270s] Level 5:colcon.colcon_core.verb:set package 'inverse_kinematics' build argument 'cmake_force_configure' from command line to 'False'
[0.270s] Level 5:colcon.colcon_core.verb:set package 'inverse_kinematics' build argument 'ament_cmake_args' from command line to 'None'
[0.270s] Level 5:colcon.colcon_core.verb:set package 'inverse_kinematics' build argument 'catkin_cmake_args' from command line to 'None'
[0.270s] Level 5:colcon.colcon_core.verb:set package 'inverse_kinematics' build argument 'catkin_skip_building_tests' from command line to 'False'
[0.270s] DEBUG:colcon.colcon_core.verb:Building package 'inverse_kinematics' with the following arguments: {'ament_cmake_args': None, 'build_base': '/home/abdulhadi/ROS_Projects/Python/dabom/dabom_ws/build/inverse_kinematics', 'catkin_cmake_args': None, 'catkin_skip_building_tests': False, 'cmake_args': None, 'cmake_clean_cache': False, 'cmake_clean_first': False, 'cmake_force_configure': False, 'cmake_target': None, 'cmake_target_skip_unavailable': False, 'install_base': '/home/abdulhadi/ROS_Projects/Python/dabom/dabom_ws/install/inverse_kinematics', 'merge_install': False, 'path': '/home/abdulhadi/ROS_Projects/Python/dabom/dabom_ws/src/inverse_kinematics', 'symlink_install': False, 'test_result_base': None}
[0.270s] Level 5:colcon.colcon_core.verb:set package 'odom' build argument 'cmake_args' from command line to 'None'
[0.270s] Level 5:colcon.colcon_core.verb:set package 'odom' build argument 'cmake_target' from command line to 'None'
[0.270s] Level 5:colcon.colcon_core.verb:set package 'odom' build argument 'cmake_target_skip_unavailable' from command line to 'False'
[0.270s] Level 5:colcon.colcon_core.verb:set package 'odom' build argument 'cmake_clean_cache' from command line to 'False'
[0.270s] Level 5:colcon.colcon_core.verb:set package 'odom' build argument 'cmake_clean_first' from command line to 'False'
[0.270s] Level 5:colcon.colcon_core.verb:set package 'odom' build argument 'cmake_force_configure' from command line to 'False'
[0.270s] Level 5:colcon.colcon_core.verb:set package 'odom' build argument 'ament_cmake_args' from command line to 'None'
[0.270s] Level 5:colcon.colcon_core.verb:set package 'odom' build argument 'catkin_cmake_args' from command line to 'None'
[0.270s] Level 5:colcon.colcon_core.verb:set package 'odom' build argument 'catkin_skip_building_tests' from command line to 'False'
[0.270s] DEBUG:colcon.colcon_core.verb:Building package 'odom' with the following arguments: {'ament_cmake_args': None, 'build_base': '/home/abdulhadi/ROS_Projects/Python/dabom/dabom_ws/build/odom', 'catkin_cmake_args': None, 'catkin_skip_building_tests': False, 'cmake_args': None, 'cmake_clean_cache': False, 'cmake_clean_first': False, 'cmake_force_configure': False, 'cmake_target': None, 'cmake_target_skip_unavailable': False, 'install_base': '/home/abdulhadi/ROS_Projects/Python/dabom/dabom_ws/install/odom', 'merge_install': False, 'path': '/home/abdulhadi/ROS_Projects/Python/dabom/dabom_ws/src/odom', 'symlink_install': False, 'test_result_base': None}
[0.271s] Level 5:colcon.colcon_core.verb:set package 'serial_comm' build argument 'cmake_args' from command line to 'None'
[0.271s] Level 5:colcon.colcon_core.verb:set package 'serial_comm' build argument 'cmake_target' from command line to 'None'
[0.271s] Level 5:colcon.colcon_core.verb:set package 'serial_comm' build argument 'cmake_target_skip_unavailable' from command line to 'False'
[0.271s] Level 5:colcon.colcon_core.verb:set package 'serial_comm' build argument 'cmake_clean_cache' from command line to 'False'
[0.271s] Level 5:colcon.colcon_core.verb:set package 'serial_comm' build argument 'cmake_clean_first' from command line to 'False'
[0.271s] Level 5:colcon.colcon_core.verb:set package 'serial_comm' build argument 'cmake_force_configure' from command line to 'False'
[0.271s] Level 5:colcon.colcon_core.verb:set package 'serial_comm' build argument 'ament_cmake_args' from command line to 'None'
[0.271s] Level 5:colcon.colcon_core.verb:set package 'serial_comm' build argument 'catkin_cmake_args' from command line to 'None'
[0.271s] Level 5:colcon.colcon_core.verb:set package 'serial_comm' build argument 'catkin_skip_building_tests' from command line to 'False'
[0.271s] DEBUG:colcon.colcon_core.verb:Building package 'serial_comm' with the following arguments: {'ament_cmake_args': None, 'build_base': '/home/abdulhadi/ROS_Projects/Python/dabom/dabom_ws/build/serial_comm', 'catkin_cmake_args': None, 'catkin_skip_building_tests': False, 'cmake_args': None, 'cmake_clean_cache': False, 'cmake_clean_first': False, 'cmake_force_configure': False, 'cmake_target': None, 'cmake_target_skip_unavailable': False, 'install_base': '/home/abdulhadi/ROS_Projects/Python/dabom/dabom_ws/install/serial_comm', 'merge_install': False, 'path': '/home/abdulhadi/ROS_Projects/Python/dabom/dabom_ws/src/serial_comm', 'symlink_install': False, 'test_result_base': None}
[0.271s] Level 5:colcon.colcon_core.verb:set package 'sllidar_ros2' build argument 'cmake_args' from command line to 'None'
[0.271s] Level 5:colcon.colcon_core.verb:set package 'sllidar_ros2' build argument 'cmake_target' from command line to 'None'
[0.271s] Level 5:colcon.colcon_core.verb:set package 'sllidar_ros2' build argument 'cmake_target_skip_unavailable' from command line to 'False'
[0.271s] Level 5:colcon.colcon_core.verb:set package 'sllidar_ros2' build argument 'cmake_clean_cache' from command line to 'False'
[0.271s] Level 5:colcon.colcon_core.verb:set package 'sllidar_ros2' build argument 'cmake_clean_first' from command line to 'False'
[0.271s] Level 5:colcon.colcon_core.verb:set package 'sllidar_ros2' build argument 'cmake_force_configure' from command line to 'False'
[0.271s] Level 5:colcon.colcon_core.verb:set package 'sllidar_ros2' build argument 'ament_cmake_args' from command line to 'None'
[0.271s] Level 5:colcon.colcon_core.verb:set package 'sllidar_ros2' build argument 'catkin_cmake_args' from command line to 'None'
[0.271s] Level 5:colcon.colcon_core.verb:set package 'sllidar_ros2' build argument 'catkin_skip_building_tests' from command line to 'False'
[0.271s] DEBUG:colcon.colcon_core.verb:Building package 'sllidar_ros2' with the following arguments: {'ament_cmake_args': None, 'build_base': '/home/abdulhadi/ROS_Projects/Python/dabom/dabom_ws/build/sllidar_ros2', 'catkin_cmake_args': None, 'catkin_skip_building_tests': False, 'cmake_args': None, 'cmake_clean_cache': False, 'cmake_clean_first': False, 'cmake_force_configure': False, 'cmake_target': None, 'cmake_target_skip_unavailable': False, 'install_base': '/home/abdulhadi/ROS_Projects/Python/dabom/dabom_ws/install/sllidar_ros2', 'merge_install': False, 'path': '/home/abdulhadi/ROS_Projects/Python/dabom/dabom_ws/src/sllidar_ros2', 'symlink_install': False, 'test_result_base': None}
[0.271s] Level 5:colcon.colcon_core.verb:set package 'unique_joint_state_publisher' build argument 'cmake_args' from command line to 'None'
[0.271s] Level 5:colcon.colcon_core.verb:set package 'unique_joint_state_publisher' build argument 'cmake_target' from command line to 'None'
[0.271s] Level 5:colcon.colcon_core.verb:set package 'unique_joint_state_publisher' build argument 'cmake_target_skip_unavailable' from command line to 'False'
[0.271s] Level 5:colcon.colcon_core.verb:set package 'unique_joint_state_publisher' build argument 'cmake_clean_cache' from command line to 'False'
[0.271s] Level 5:colcon.colcon_core.verb:set package 'unique_joint_state_publisher' build argument 'cmake_clean_first' from command line to 'False'
[0.271s] Level 5:colcon.colcon_core.verb:set package 'unique_joint_state_publisher' build argument 'cmake_force_configure' from command line to 'False'
[0.271s] Level 5:colcon.colcon_core.verb:set package 'unique_joint_state_publisher' build argument 'ament_cmake_args' from command line to 'None'
[0.271s] Level 5:colcon.colcon_core.verb:set package 'unique_joint_state_publisher' build argument 'catkin_cmake_args' from command line to 'None'
[0.271s] Level 5:colcon.colcon_core.verb:set package 'unique_joint_state_publisher' build argument 'catkin_skip_building_tests' from command line to 'False'
[0.271s] DEBUG:colcon.colcon_core.verb:Building package 'unique_joint_state_publisher' with the following arguments: {'ament_cmake_args': None, 'build_base': '/home/abdulhadi/ROS_Projects/Python/dabom/dabom_ws/build/unique_joint_state_publisher', 'catkin_cmake_args': None, 'catkin_skip_building_tests': False, 'cmake_args': None, 'cmake_clean_cache': False, 'cmake_clean_first': False, 'cmake_force_configure': False, 'cmake_target': None, 'cmake_target_skip_unavailable': False, 'install_base': '/home/abdulhadi/ROS_Projects/Python/dabom/dabom_ws/install/unique_joint_state_publisher', 'merge_install': False, 'path': '/home/abdulhadi/ROS_Projects/Python/dabom/dabom_ws/src/unique_joint_state_publisher', 'symlink_install': False, 'test_result_base': None}
[0.272s] Level 5:colcon.colcon_core.verb:set package 'xbox_controller' build argument 'cmake_args' from command line to 'None'
[0.272s] Level 5:colcon.colcon_core.verb:set package 'xbox_controller' build argument 'cmake_target' from command line to 'None'
[0.272s] Level 5:colcon.colcon_core.verb:set package 'xbox_controller' build argument 'cmake_target_skip_unavailable' from command line to 'False'
[0.272s] Level 5:colcon.colcon_core.verb:set package 'xbox_controller' build argument 'cmake_clean_cache' from command line to 'False'
[0.272s] Level 5:colcon.colcon_core.verb:set package 'xbox_controller' build argument 'cmake_clean_first' from command line to 'False'
[0.272s] Level 5:colcon.colcon_core.verb:set package 'xbox_controller' build argument 'cmake_force_configure' from command line to 'False'
[0.272s] Level 5:colcon.colcon_core.verb:set package 'xbox_controller' build argument 'ament_cmake_args' from command line to 'None'
[0.272s] Level 5:colcon.colcon_core.verb:set package 'xbox_controller' build argument 'catkin_cmake_args' from command line to 'None'
[0.272s] Level 5:colcon.colcon_core.verb:set package 'xbox_controller' build argument 'catkin_skip_building_tests' from command line to 'False'
[0.272s] DEBUG:colcon.colcon_core.verb:Building package 'xbox_controller' with the following arguments: {'ament_cmake_args': None, 'build_base': '/home/abdulhadi/ROS_Projects/Python/dabom/dabom_ws/build/xbox_controller', 'catkin_cmake_args': None, 'catkin_skip_building_tests': False, 'cmake_args': None, 'cmake_clean_cache': False, 'cmake_clean_first': False, 'cmake_force_configure': False, 'cmake_target': None, 'cmake_target_skip_unavailable': False, 'install_base': '/home/abdulhadi/ROS_Projects/Python/dabom/dabom_ws/install/xbox_controller', 'merge_install': False, 'path': '/home/abdulhadi/ROS_Projects/Python/dabom/dabom_ws/src/xbox_controller', 'symlink_install': False, 'test_result_base': None}
[0.272s] INFO:colcon.colcon_core.executor:Executing jobs using 'parallel' executor
[0.272s] DEBUG:colcon.colcon_parallel_executor.executor.parallel:run_until_complete
[0.273s] INFO:colcon.colcon_ros.task.ament_cmake.build:Building ROS package in '/home/abdulhadi/ROS_Projects/Python/dabom/dabom_ws/src/dabomb_description' with build type 'ament_cmake'
[0.273s] INFO:colcon.colcon_cmake.task.cmake.build:Building CMake package in '/home/abdulhadi/ROS_Projects/Python/dabom/dabom_ws/src/dabomb_description'
[0.274s] INFO:colcon.colcon_core.plugin_system:Skipping extension 'colcon_core.shell.bat': Not used on non-Windows systems
[0.274s] INFO:colcon.colcon_core.shell:Skip shell extension 'powershell' for command environment: Not usable outside of PowerShell
[0.274s] DEBUG:colcon.colcon_core.shell:Skip shell extension 'dsv' for command environment
[0.276s] INFO:colcon.colcon_ros.task.ament_cmake.build:Building ROS package in '/home/abdulhadi/ROS_Projects/Python/dabom/dabom_ws/src/inverse_kinematics' with build type 'ament_cmake'
[0.276s] INFO:colcon.colcon_cmake.task.cmake.build:Building CMake package in '/home/abdulhadi/ROS_Projects/Python/dabom/dabom_ws/src/inverse_kinematics'
[0.277s] INFO:colcon.colcon_core.shell:Skip shell extension 'powershell' for command environment: Not usable outside of PowerShell
[0.277s] DEBUG:colcon.colcon_core.shell:Skip shell extension 'dsv' for command environment
[0.279s] INFO:colcon.colcon_ros.task.ament_cmake.build:Building ROS package in '/home/abdulhadi/ROS_Projects/Python/dabom/dabom_ws/src/odom' with build type 'ament_cmake'
[0.279s] INFO:colcon.colcon_cmake.task.cmake.build:Building CMake package in '/home/abdulhadi/ROS_Projects/Python/dabom/dabom_ws/src/odom'
[0.279s] INFO:colcon.colcon_core.shell:Skip shell extension 'powershell' for command environment: Not usable outside of PowerShell
[0.279s] DEBUG:colcon.colcon_core.shell:Skip shell extension 'dsv' for command environment
[0.281s] INFO:colcon.colcon_ros.task.ament_python.build:Building ROS package in '/home/abdulhadi/ROS_Projects/Python/dabom/dabom_ws/src/serial_comm' with build type 'ament_python'
[0.281s] Level 1:colcon.colcon_core.shell:create_environment_hook('serial_comm', 'ament_prefix_path')
[0.281s] INFO:colcon.colcon_core.shell:Creating environment hook '/home/abdulhadi/ROS_Projects/Python/dabom/dabom_ws/install/serial_comm/share/serial_comm/hook/ament_prefix_path.ps1'
[0.281s] INFO:colcon.colcon_core.shell:Creating environment descriptor '/home/abdulhadi/ROS_Projects/Python/dabom/dabom_ws/install/serial_comm/share/serial_comm/hook/ament_prefix_path.dsv'
[0.282s] INFO:colcon.colcon_core.shell:Creating environment hook '/home/abdulhadi/ROS_Projects/Python/dabom/dabom_ws/install/serial_comm/share/serial_comm/hook/ament_prefix_path.sh'
[0.282s] INFO:colcon.colcon_core.shell:Skip shell extension 'powershell' for command environment: Not usable outside of PowerShell
[0.282s] DEBUG:colcon.colcon_core.shell:Skip shell extension 'dsv' for command environment
[0.284s] INFO:colcon.colcon_ros.task.ament_cmake.build:Building ROS package in '/home/abdulhadi/ROS_Projects/Python/dabom/dabom_ws/src/sllidar_ros2' with build type 'ament_cmake'
[0.284s] INFO:colcon.colcon_cmake.task.cmake.build:Building CMake package in '/home/abdulhadi/ROS_Projects/Python/dabom/dabom_ws/src/sllidar_ros2'
[0.284s] INFO:colcon.colcon_core.shell:Skip shell extension 'powershell' for command environment: Not usable outside of PowerShell
[0.284s] DEBUG:colcon.colcon_core.shell:Skip shell extension 'dsv' for command environment
[0.286s] INFO:colcon.colcon_ros.task.ament_cmake.build:Building ROS package in '/home/abdulhadi/ROS_Projects/Python/dabom/dabom_ws/src/unique_joint_state_publisher' with build type 'ament_cmake'
[0.287s] INFO:colcon.colcon_cmake.task.cmake.build:Building CMake package in '/home/abdulhadi/ROS_Projects/Python/dabom/dabom_ws/src/unique_joint_state_publisher'
[0.287s] INFO:colcon.colcon_core.shell:Skip shell extension 'powershell' for command environment: Not usable outside of PowerShell
[0.287s] DEBUG:colcon.colcon_core.shell:Skip shell extension 'dsv' for command environment
[0.289s] INFO:colcon.colcon_ros.task.ament_cmake.build:Building ROS package in '/home/abdulhadi/ROS_Projects/Python/dabom/dabom_ws/src/xbox_controller' with build type 'ament_cmake'
[0.289s] INFO:colcon.colcon_cmake.task.cmake.build:Building CMake package in '/home/abdulhadi/ROS_Projects/Python/dabom/dabom_ws/src/xbox_controller'
[0.289s] INFO:colcon.colcon_core.shell:Skip shell extension 'powershell' for command environment: Not usable outside of PowerShell
[0.289s] DEBUG:colcon.colcon_core.shell:Skip shell extension 'dsv' for command environment
[0.295s] DEBUG:colcon.colcon_core.event_handler.log_command:Invoking command in '/home/abdulhadi/ROS_Projects/Python/dabom/dabom_ws/build/dabomb_description': CMAKE_PREFIX_PATH=${CMAKE_PREFIX_PATH}:/opt/ros/humble /usr/bin/cmake --build /home/abdulhadi/ROS_Projects/Python/dabom/dabom_ws/build/dabomb_description -- -j12 -l12
[0.297s] DEBUG:colcon.colcon_core.event_handler.log_command:Invoking command in '/home/abdulhadi/ROS_Projects/Python/dabom/dabom_ws/build/inverse_kinematics': CMAKE_PREFIX_PATH=${CMAKE_PREFIX_PATH}:/opt/ros/humble /usr/bin/cmake --build /home/abdulhadi/ROS_Projects/Python/dabom/dabom_ws/build/inverse_kinematics -- -j12 -l12
[0.299s] DEBUG:colcon.colcon_core.event_handler.log_command:Invoking command in '/home/abdulhadi/ROS_Projects/Python/dabom/dabom_ws/build/odom': CMAKE_PREFIX_PATH=${CMAKE_PREFIX_PATH}:/opt/ros/humble /usr/bin/cmake --build /home/abdulhadi/ROS_Projects/Python/dabom/dabom_ws/build/odom -- -j12 -l12
[0.485s] INFO:colcon.colcon_core.task.python.build:Building Python package in '/home/abdulhadi/ROS_Projects/Python/dabom/dabom_ws/src/serial_comm'
[0.485s] INFO:colcon.colcon_core.shell:Skip shell extension 'powershell' for command environment: Not usable outside of PowerShell
[0.485s] DEBUG:colcon.colcon_core.shell:Skip shell extension 'dsv' for command environment
[0.489s] DEBUG:colcon.colcon_core.event_handler.log_command:Invoking command in '/home/abdulhadi/ROS_Projects/Python/dabom/dabom_ws/build/sllidar_ros2': CMAKE_PREFIX_PATH=${CMAKE_PREFIX_PATH}:/opt/ros/humble /usr/bin/cmake --build /home/abdulhadi/ROS_Projects/Python/dabom/dabom_ws/build/sllidar_ros2 -- -j12 -l12
[0.491s] DEBUG:colcon.colcon_core.event_handler.log_command:Invoking command in '/home/abdulhadi/ROS_Projects/Python/dabom/dabom_ws/build/unique_joint_state_publisher': CMAKE_PREFIX_PATH=${CMAKE_PREFIX_PATH}:/opt/ros/humble /usr/bin/cmake --build /home/abdulhadi/ROS_Projects/Python/dabom/dabom_ws/build/unique_joint_state_publisher -- -j12 -l12
[0.497s] DEBUG:colcon.colcon_core.event_handler.log_command:Invoking command in '/home/abdulhadi/ROS_Projects/Python/dabom/dabom_ws/build/xbox_controller': CMAKE_PREFIX_PATH=${CMAKE_PREFIX_PATH}:/opt/ros/humble /usr/bin/cmake --build /home/abdulhadi/ROS_Projects/Python/dabom/dabom_ws/build/xbox_controller -- -j12 -l12
[0.498s] DEBUG:colcon.colcon_core.event_handler.log_command:Invoked command in '/home/abdulhadi/ROS_Projects/Python/dabom/dabom_ws/build/dabomb_description' returned '2': CMAKE_PREFIX_PATH=${CMAKE_PREFIX_PATH}:/opt/ros/humble /usr/bin/cmake --build /home/abdulhadi/ROS_Projects/Python/dabom/dabom_ws/build/dabomb_description -- -j12 -l12
[0.499s] DEBUG:colcon.colcon_core.event_handler.log_command:Invoked command in '/home/abdulhadi/ROS_Projects/Python/dabom/dabom_ws/build/inverse_kinematics' returned '0': CMAKE_PREFIX_PATH=${CMAKE_PREFIX_PATH}:/opt/ros/humble /usr/bin/cmake --build /home/abdulhadi/ROS_Projects/Python/dabom/dabom_ws/build/inverse_kinematics -- -j12 -l12
[0.500s] DEBUG:colcon.colcon_core.event_handler.log_command:Invoked command in '/home/abdulhadi/ROS_Projects/Python/dabom/dabom_ws/build/odom' returned '0': CMAKE_PREFIX_PATH=${CMAKE_PREFIX_PATH}:/opt/ros/humble /usr/bin/cmake --build /home/abdulhadi/ROS_Projects/Python/dabom/dabom_ws/build/odom -- -j12 -l12
[0.506s] DEBUG:colcon.colcon_core.event_handler.log_command:Invoked command in '/home/abdulhadi/ROS_Projects/Python/dabom/dabom_ws/build/sllidar_ros2' returned '2': CMAKE_PREFIX_PATH=${CMAKE_PREFIX_PATH}:/opt/ros/humble /usr/bin/cmake --build /home/abdulhadi/ROS_Projects/Python/dabom/dabom_ws/build/sllidar_ros2 -- -j12 -l12
[0.522s] DEBUG:colcon.colcon_core.event_handler.log_command:Invoking command in '/home/abdulhadi/ROS_Projects/Python/dabom/dabom_ws/build/inverse_kinematics': CMAKE_PREFIX_PATH=${CMAKE_PREFIX_PATH}:/opt/ros/humble /usr/bin/cmake --install /home/abdulhadi/ROS_Projects/Python/dabom/dabom_ws/build/inverse_kinematics
[0.524s] Level 1:colcon.colcon_core.environment:create_environment_scripts_only(dabomb_description)
[0.527s] Level 1:colcon.colcon_core.environment:checking '/home/abdulhadi/ROS_Projects/Python/dabom/dabom_ws/install/dabomb_description' for CMake module files
[0.527s] Level 1:colcon.colcon_core.environment:checking '/home/abdulhadi/ROS_Projects/Python/dabom/dabom_ws/install/dabomb_description' for CMake config files
[0.528s] Level 1:colcon.colcon_core.environment:checking '/home/abdulhadi/ROS_Projects/Python/dabom/dabom_ws/install/dabomb_description/bin'
[0.528s] Level 1:colcon.colcon_core.environment:checking '/home/abdulhadi/ROS_Projects/Python/dabom/dabom_ws/install/dabomb_description/lib/pkgconfig/dabomb_description.pc'
[0.528s] Level 1:colcon.colcon_core.environment:checking '/home/abdulhadi/ROS_Projects/Python/dabom/dabom_ws/install/dabomb_description/lib/python3.10/site-packages'
[0.529s] Level 1:colcon.colcon_core.environment:checking '/home/abdulhadi/ROS_Projects/Python/dabom/dabom_ws/install/dabomb_description/bin'
[0.529s] INFO:colcon.colcon_core.shell:Creating package script '/home/abdulhadi/ROS_Projects/Python/dabom/dabom_ws/install/dabomb_description/share/dabomb_description/package.ps1'
[0.530s] INFO:colcon.colcon_core.shell:Creating package descriptor '/home/abdulhadi/ROS_Projects/Python/dabom/dabom_ws/install/dabomb_description/share/dabomb_description/package.dsv'
[0.531s] INFO:colcon.colcon_core.shell:Creating package script '/home/abdulhadi/ROS_Projects/Python/dabom/dabom_ws/install/dabomb_description/share/dabomb_description/package.sh'
[0.533s] INFO:colcon.colcon_core.shell:Creating package script '/home/abdulhadi/ROS_Projects/Python/dabom/dabom_ws/install/dabomb_description/share/dabomb_description/package.bash'
[0.535s] INFO:colcon.colcon_core.shell:Creating package script '/home/abdulhadi/ROS_Projects/Python/dabom/dabom_ws/install/dabomb_description/share/dabomb_description/package.zsh'
[0.535s] Level 1:colcon.colcon_core.environment:create_file_with_runtime_dependencies(/home/abdulhadi/ROS_Projects/Python/dabom/dabom_ws/install/dabomb_description/share/colcon-core/packages/dabomb_description)
[0.536s] DEBUG:colcon.colcon_core.event_handler.log_command:Invoking command in '/home/abdulhadi/ROS_Projects/Python/dabom/dabom_ws/build/odom': CMAKE_PREFIX_PATH=${CMAKE_PREFIX_PATH}:/opt/ros/humble /usr/bin/cmake --install /home/abdulhadi/ROS_Projects/Python/dabom/dabom_ws/build/odom
[0.537s] DEBUG:colcon.colcon_core.event_handler.log_command:Invoked command in '/home/abdulhadi/ROS_Projects/Python/dabom/dabom_ws/build/unique_joint_state_publisher' returned '0': CMAKE_PREFIX_PATH=${CMAKE_PREFIX_PATH}:/opt/ros/humble /usr/bin/cmake --build /home/abdulhadi/ROS_Projects/Python/dabom/dabom_ws/build/unique_joint_state_publisher -- -j12 -l12
[0.748s] DEBUG:colcon.colcon_parallel_executor.executor.parallel:closing loop
[0.748s] DEBUG:colcon.colcon_parallel_executor.executor.parallel:loop closed
[0.748s] DEBUG:colcon.colcon_parallel_executor.executor.parallel:run_until_complete finished with '2'
[0.748s] DEBUG:colcon.colcon_core.event_reactor:joining thread
[0.753s] INFO:colcon.colcon_core.plugin_system:Skipping extension 'colcon_notification.desktop_notification.terminal_notifier': Not used on non-Darwin systems
[0.753s] INFO:colcon.colcon_core.plugin_system:Skipping extension 'colcon_notification.desktop_notification.win32': Not used on non-Windows systems
[0.753s] INFO:colcon.colcon_notification.desktop_notification:Sending desktop notification using 'notify2'
[0.760s] DEBUG:colcon.colcon_core.event_reactor:joined thread
[0.760s] INFO:colcon.colcon_core.shell:Creating prefix script '/home/abdulhadi/ROS_Projects/Python/dabom/dabom_ws/install/local_setup.ps1'
[0.761s] INFO:colcon.colcon_core.shell:Creating prefix util module '/home/abdulhadi/ROS_Projects/Python/dabom/dabom_ws/install/_local_setup_util_ps1.py'
[0.762s] INFO:colcon.colcon_core.shell:Creating prefix chain script '/home/abdulhadi/ROS_Projects/Python/dabom/dabom_ws/install/setup.ps1'
[0.762s] INFO:colcon.colcon_core.shell:Creating prefix script '/home/abdulhadi/ROS_Projects/Python/dabom/dabom_ws/install/local_setup.sh'
[0.763s] INFO:colcon.colcon_core.shell:Creating prefix util module '/home/abdulhadi/ROS_Projects/Python/dabom/dabom_ws/install/_local_setup_util_sh.py'
[0.763s] INFO:colcon.colcon_core.shell:Creating prefix chain script '/home/abdulhadi/ROS_Projects/Python/dabom/dabom_ws/install/setup.sh'
[0.763s] INFO:colcon.colcon_core.shell:Creating prefix script '/home/abdulhadi/ROS_Projects/Python/dabom/dabom_ws/install/local_setup.bash'
[0.764s] INFO:colcon.colcon_core.shell:Creating prefix chain script '/home/abdulhadi/ROS_Projects/Python/dabom/dabom_ws/install/setup.bash'
[0.764s] INFO:colcon.colcon_core.shell:Creating prefix script '/home/abdulhadi/ROS_Projects/Python/dabom/dabom_ws/install/local_setup.zsh'
[0.765s] INFO:colcon.colcon_core.shell:Creating prefix chain script '/home/abdulhadi/ROS_Projects/Python/dabom/dabom_ws/install/setup.zsh'
