[0.571s] Invoking command in '/home/mees/Documents/GitHub/dabom/dabom_ws/src/serial_comm': PYTHONPATH=/home/mees/Documents/GitHub/dabom/dabom_ws/build/serial_comm/prefix_override:/usr/lib/python3/dist-packages/colcon_core/task/python/colcon_distutils_commands:/home/mees/Documents/GitHub/dabom/dabom_ws/install/serial_comm/lib/python3.10/site-packages:${PYTHONPATH} /usr/bin/python3 -W ignore:setup.py install is deprecated setup.py egg_info --egg-base ../../build/serial_comm build --build-base /home/mees/Documents/GitHub/dabom/dabom_ws/build/serial_comm/build install --record /home/mees/Documents/GitHub/dabom/dabom_ws/build/serial_comm/install.log --single-version-externally-managed install_data
[0.762s] running egg_info
[0.762s] creating ../../build/serial_comm/serial_comm.egg-info
[0.762s] writing ../../build/serial_comm/serial_comm.egg-info/PKG-INFO
[0.762s] writing dependency_links to ../../build/serial_comm/serial_comm.egg-info/dependency_links.txt
[0.762s] writing entry points to ../../build/serial_comm/serial_comm.egg-info/entry_points.txt
[0.762s] writing requirements to ../../build/serial_comm/serial_comm.egg-info/requires.txt
[0.762s] writing top-level names to ../../build/serial_comm/serial_comm.egg-info/top_level.txt
[0.762s] writing manifest file '../../build/serial_comm/serial_comm.egg-info/SOURCES.txt'
[0.764s] reading manifest file '../../build/serial_comm/serial_comm.egg-info/SOURCES.txt'
[0.764s] adding license file 'LICENSE'
[0.764s] writing manifest file '../../build/serial_comm/serial_comm.egg-info/SOURCES.txt'
[0.764s] running build
[0.764s] running build_py
[0.764s] creating /home/mees/Documents/GitHub/dabom/dabom_ws/build/serial_comm/build
[0.764s] creating /home/mees/Documents/GitHub/dabom/dabom_ws/build/serial_comm/build/lib
[0.764s] creating /home/mees/Documents/GitHub/dabom/dabom_ws/build/serial_comm/build/lib/serial_comm
[0.764s] copying serial_comm/serial_comm.py -> /home/mees/Documents/GitHub/dabom/dabom_ws/build/serial_comm/build/lib/serial_comm
[0.765s] copying serial_comm/__init__.py -> /home/mees/Documents/GitHub/dabom/dabom_ws/build/serial_comm/build/lib/serial_comm
[0.765s] running install
[0.765s] running install_lib
[0.766s] creating /home/mees/Documents/GitHub/dabom/dabom_ws/install/serial_comm/lib/python3.10/site-packages/serial_comm
[0.766s] copying /home/mees/Documents/GitHub/dabom/dabom_ws/build/serial_comm/build/lib/serial_comm/serial_comm.py -> /home/mees/Documents/GitHub/dabom/dabom_ws/install/serial_comm/lib/python3.10/site-packages/serial_comm
[0.766s] copying /home/mees/Documents/GitHub/dabom/dabom_ws/build/serial_comm/build/lib/serial_comm/__init__.py -> /home/mees/Documents/GitHub/dabom/dabom_ws/install/serial_comm/lib/python3.10/site-packages/serial_comm
[0.766s] byte-compiling /home/mees/Documents/GitHub/dabom/dabom_ws/install/serial_comm/lib/python3.10/site-packages/serial_comm/serial_comm.py to serial_comm.cpython-310.pyc
[0.766s] byte-compiling /home/mees/Documents/GitHub/dabom/dabom_ws/install/serial_comm/lib/python3.10/site-packages/serial_comm/__init__.py to __init__.cpython-310.pyc
[0.767s] running install_data
[0.767s] copying resource/serial_comm -> /home/mees/Documents/GitHub/dabom/dabom_ws/install/serial_comm/share/ament_index/resource_index/packages
[0.767s] copying package.xml -> /home/mees/Documents/GitHub/dabom/dabom_ws/install/serial_comm/share/serial_comm
[0.767s] running install_egg_info
[0.768s] Copying ../../build/serial_comm/serial_comm.egg-info to /home/mees/Documents/GitHub/dabom/dabom_ws/install/serial_comm/lib/python3.10/site-packages/serial_comm-0.0.0-py3.10.egg-info
[0.769s] running install_scripts
[0.783s] writing list of installed files to '/home/mees/Documents/GitHub/dabom/dabom_ws/build/serial_comm/install.log'
[0.800s] Invoked command in '/home/mees/Documents/GitHub/dabom/dabom_ws/src/serial_comm' returned '0': PYTHONPATH=/home/mees/Documents/GitHub/dabom/dabom_ws/build/serial_comm/prefix_override:/usr/lib/python3/dist-packages/colcon_core/task/python/colcon_distutils_commands:/home/mees/Documents/GitHub/dabom/dabom_ws/install/serial_comm/lib/python3.10/site-packages:${PYTHONPATH} /usr/bin/python3 -W ignore:setup.py install is deprecated setup.py egg_info --egg-base ../../build/serial_comm build --build-base /home/mees/Documents/GitHub/dabom/dabom_ws/build/serial_comm/build install --record /home/mees/Documents/GitHub/dabom/dabom_ws/build/serial_comm/install.log --single-version-externally-managed install_data
