[0.522s] Invoking command in '/home/mees/Documents/GitHub/dabom/dabom_ws/src/serial_comm': PYTHONPATH=/home/mees/Documents/GitHub/dabom/dabom_ws/build/serial_comm/prefix_override:/usr/lib/python3/dist-packages/colcon_core/task/python/colcon_distutils_commands:/home/mees/Documents/GitHub/dabom/dabom_ws/install/serial_comm/lib/python3.10/site-packages:${PYTHONPATH} /usr/bin/python3 -W ignore:setup.py install is deprecated setup.py egg_info --egg-base ../../build/serial_comm build --build-base /home/mees/Documents/GitHub/dabom/dabom_ws/build/serial_comm/build install --record /home/mees/Documents/GitHub/dabom/dabom_ws/build/serial_comm/install.log --single-version-externally-managed install_data
[0.726s] running egg_info
[0.726s] writing ../../build/serial_comm/serial_comm.egg-info/PKG-INFO
[0.726s] writing dependency_links to ../../build/serial_comm/serial_comm.egg-info/dependency_links.txt
[0.727s] writing entry points to ../../build/serial_comm/serial_comm.egg-info/entry_points.txt
[0.727s] writing requirements to ../../build/serial_comm/serial_comm.egg-info/requires.txt
[0.727s] writing top-level names to ../../build/serial_comm/serial_comm.egg-info/top_level.txt
[0.728s] reading manifest file '../../build/serial_comm/serial_comm.egg-info/SOURCES.txt'
[0.728s] adding license file 'LICENSE'
[0.729s] writing manifest file '../../build/serial_comm/serial_comm.egg-info/SOURCES.txt'
[0.729s] running build
[0.729s] running build_py
[0.729s] running install
[0.729s] running install_lib
[0.730s] running install_data
[0.731s] running install_egg_info
[0.732s] removing '/home/mees/Documents/GitHub/dabom/dabom_ws/install/serial_comm/lib/python3.10/site-packages/serial_comm-0.0.0-py3.10.egg-info' (and everything under it)
[0.732s] Copying ../../build/serial_comm/serial_comm.egg-info to /home/mees/Documents/GitHub/dabom/dabom_ws/install/serial_comm/lib/python3.10/site-packages/serial_comm-0.0.0-py3.10.egg-info
[0.733s] running install_scripts
[0.748s] Installing serial_talker script to /home/mees/Documents/GitHub/dabom/dabom_ws/install/serial_comm/lib/serial_comm
[0.748s] writing list of installed files to '/home/mees/Documents/GitHub/dabom/dabom_ws/build/serial_comm/install.log'
[0.766s] Invoked command in '/home/mees/Documents/GitHub/dabom/dabom_ws/src/serial_comm' returned '0': PYTHONPATH=/home/mees/Documents/GitHub/dabom/dabom_ws/build/serial_comm/prefix_override:/usr/lib/python3/dist-packages/colcon_core/task/python/colcon_distutils_commands:/home/mees/Documents/GitHub/dabom/dabom_ws/install/serial_comm/lib/python3.10/site-packages:${PYTHONPATH} /usr/bin/python3 -W ignore:setup.py install is deprecated setup.py egg_info --egg-base ../../build/serial_comm build --build-base /home/mees/Documents/GitHub/dabom/dabom_ws/build/serial_comm/build install --record /home/mees/Documents/GitHub/dabom/dabom_ws/build/serial_comm/install.log --single-version-externally-managed install_data
