[0.133s] Invoking command in '/home/pi/dabom/dabom_ws/src/build/dabomb_description': CMAKE_PREFIX_PATH=${CMAKE_PREFIX_PATH}:/home/pi/dabom/dabom_ws/install/dabom_bringup:/home/pi/dabom/dabom_ws/install/x_serial:/home/pi/dabom/dabom_ws/install/serial_comm:/home/pi/dabom/dabom_ws/install/odom:/home/pi/dabom/dabom_ws/install/inv_kin:/home/pi/dabom/dabom_ws/install/dabom_joy:/opt/ros/humble /usr/bin/cmake /home/pi/dabom/dabom_ws/src/dabomb_description -DAMENT_CMAKE_SYMLINK_INSTALL=1 -DCMAKE_INSTALL_PREFIX=/home/pi/dabom/dabom_ws/src/install/dabomb_description
[0.761s] -- The C compiler identification is GNU 11.4.0
[1.176s] -- The CXX compiler identification is GNU 11.4.0
[1.215s] -- Detecting C compiler ABI info
[1.982s] -- Detecting C compiler ABI info - done
[2.065s] -- Check for working C compiler: /usr/bin/cc - skipped
[2.066s] -- Detecting C compile features
[2.067s] -- Detecting C compile features - done
[2.120s] -- Detecting CXX compiler ABI info
[3.189s] -- Detecting CXX compiler ABI info - done
[3.279s] -- Check for working CXX compiler: /usr/bin/c++ - skipped
[3.283s] -- Detecting CXX compile features
[3.293s] -- Detecting CXX compile features - done
[3.351s] -- Found ament_cmake: 1.3.10 (/opt/ros/humble/share/ament_cmake/cmake)
[10.556s] -- Found Python3: /usr/bin/python3 (found version "3.10.12") found components: Interpreter 
[12.014s] -- Override CMake install command with custom implementation using symlinks instead of copying resources
[12.687s] -- Found xacro: 2.0.8 (/opt/ros/humble/share/xacro/cmake)
[12.752s] -- Found urdf: 2.6.1 (/opt/ros/humble/share/urdf/cmake)
[14.435s] -- Found geometry_msgs: 4.2.4 (/opt/ros/humble/share/geometry_msgs/cmake)
[15.246s] -- Found rosidl_generator_c: 3.1.5 (/opt/ros/humble/share/rosidl_generator_c/cmake)
[15.436s] -- Found rosidl_adapter: 3.1.5 (/opt/ros/humble/share/rosidl_adapter/cmake)
[15.657s] -- Found rosidl_generator_cpp: 3.1.5 (/opt/ros/humble/share/rosidl_generator_cpp/cmake)
[16.016s] -- Using all available rosidl_typesupport_c: rosidl_typesupport_fastrtps_c;rosidl_typesupport_introspection_c
[16.377s] -- Using all available rosidl_typesupport_cpp: rosidl_typesupport_fastrtps_cpp;rosidl_typesupport_introspection_cpp
[17.108s] -- Found sensor_msgs: 4.2.4 (/opt/ros/humble/share/sensor_msgs/cmake)
[18.708s] -- Configuring done
[18.826s] -- Generating done
[18.853s] -- Build files have been written to: /home/pi/dabom/dabom_ws/src/build/dabomb_description
[18.940s] Invoked command in '/home/pi/dabom/dabom_ws/src/build/dabomb_description' returned '0': CMAKE_PREFIX_PATH=${CMAKE_PREFIX_PATH}:/home/pi/dabom/dabom_ws/install/dabom_bringup:/home/pi/dabom/dabom_ws/install/x_serial:/home/pi/dabom/dabom_ws/install/serial_comm:/home/pi/dabom/dabom_ws/install/odom:/home/pi/dabom/dabom_ws/install/inv_kin:/home/pi/dabom/dabom_ws/install/dabom_joy:/opt/ros/humble /usr/bin/cmake /home/pi/dabom/dabom_ws/src/dabomb_description -DAMENT_CMAKE_SYMLINK_INSTALL=1 -DCMAKE_INSTALL_PREFIX=/home/pi/dabom/dabom_ws/src/install/dabomb_description
[18.958s] Invoking command in '/home/pi/dabom/dabom_ws/src/build/dabomb_description': CMAKE_PREFIX_PATH=${CMAKE_PREFIX_PATH}:/home/pi/dabom/dabom_ws/install/dabom_bringup:/home/pi/dabom/dabom_ws/install/x_serial:/home/pi/dabom/dabom_ws/install/serial_comm:/home/pi/dabom/dabom_ws/install/odom:/home/pi/dabom/dabom_ws/install/inv_kin:/home/pi/dabom/dabom_ws/install/dabom_joy:/opt/ros/humble /usr/bin/cmake --build /home/pi/dabom/dabom_ws/src/build/dabomb_description -- -j4 -l4
[19.420s] Invoked command in '/home/pi/dabom/dabom_ws/src/build/dabomb_description' returned '0': CMAKE_PREFIX_PATH=${CMAKE_PREFIX_PATH}:/home/pi/dabom/dabom_ws/install/dabom_bringup:/home/pi/dabom/dabom_ws/install/x_serial:/home/pi/dabom/dabom_ws/install/serial_comm:/home/pi/dabom/dabom_ws/install/odom:/home/pi/dabom/dabom_ws/install/inv_kin:/home/pi/dabom/dabom_ws/install/dabom_joy:/opt/ros/humble /usr/bin/cmake --build /home/pi/dabom/dabom_ws/src/build/dabomb_description -- -j4 -l4
[20.098s] Invoking command in '/home/pi/dabom/dabom_ws/src/build/dabomb_description': CMAKE_PREFIX_PATH=${CMAKE_PREFIX_PATH}:/home/pi/dabom/dabom_ws/install/dabom_bringup:/home/pi/dabom/dabom_ws/install/x_serial:/home/pi/dabom/dabom_ws/install/serial_comm:/home/pi/dabom/dabom_ws/install/odom:/home/pi/dabom/dabom_ws/install/inv_kin:/home/pi/dabom/dabom_ws/install/dabom_joy:/opt/ros/humble /usr/bin/cmake --install /home/pi/dabom/dabom_ws/src/build/dabomb_description
[20.236s] -- Install configuration: ""
[20.241s] -- Execute custom install script
[20.258s] -- Symlinking: /home/pi/dabom/dabom_ws/src/install/dabomb_description/share/dabomb_description//launch/robot_state_launch.py
[20.339s] -- Symlinking: /home/pi/dabom/dabom_ws/src/install/dabomb_description/share/dabomb_description//urdf/dabomb.gazebo
[20.438s] -- Symlinking: /home/pi/dabom/dabom_ws/src/install/dabomb_description/share/dabomb_description//urdf/dabomb.trans
[20.599s] -- Symlinking: /home/pi/dabom/dabom_ws/src/install/dabomb_description/share/dabomb_description//urdf/dabomb.xacro
[20.722s] -- Symlinking: /home/pi/dabom/dabom_ws/src/install/dabomb_description/share/dabomb_description//urdf/materials.xacro
[20.843s] -- Symlinking: /home/pi/dabom/dabom_ws/src/install/dabomb_description/share/dabomb_description//meshes/LIDAR_1.stl
[20.922s] -- Symlinking: /home/pi/dabom/dabom_ws/src/install/dabomb_description/share/dabomb_description//meshes/Wheel1_1.stl
[21.104s] -- Symlinking: /home/pi/dabom/dabom_ws/src/install/dabomb_description/share/dabomb_description//meshes/Wheel2_1.stl
[21.217s] -- Symlinking: /home/pi/dabom/dabom_ws/src/install/dabomb_description/share/dabomb_description//meshes/Wheel3_1.stl
[21.342s] -- Symlinking: /home/pi/dabom/dabom_ws/src/install/dabomb_description/share/dabomb_description//meshes/Wheel4_1.stl
[21.464s] -- Symlinking: /home/pi/dabom/dabom_ws/src/install/dabomb_description/share/dabomb_description//meshes/base_link.stl
[21.581s] -- Symlinking: /home/pi/dabom/dabom_ws/src/install/dabomb_description/share/dabomb_description//resource/dabomb_description
[21.811s] -- Symlinking: /home/pi/dabom/dabom_ws/src/install/dabomb_description/share/ament_index/resource_index/package_run_dependencies/dabomb_description
[21.870s] -- Symlinking: /home/pi/dabom/dabom_ws/src/install/dabomb_description/share/ament_index/resource_index/parent_prefix_path/dabomb_description
[21.994s] -- Symlinking: /home/pi/dabom/dabom_ws/src/install/dabomb_description/share/dabomb_description/environment/ament_prefix_path.sh
[22.110s] -- Symlinking: /home/pi/dabom/dabom_ws/src/install/dabomb_description/share/dabomb_description/environment/ament_prefix_path.dsv
[22.242s] -- Symlinking: /home/pi/dabom/dabom_ws/src/install/dabomb_description/share/dabomb_description/environment/path.sh
[22.374s] -- Symlinking: /home/pi/dabom/dabom_ws/src/install/dabomb_description/share/dabomb_description/environment/path.dsv
[22.443s] -- Symlinking: /home/pi/dabom/dabom_ws/src/install/dabomb_description/share/dabomb_description/local_setup.bash
[22.543s] -- Symlinking: /home/pi/dabom/dabom_ws/src/install/dabomb_description/share/dabomb_description/local_setup.sh
[22.663s] -- Symlinking: /home/pi/dabom/dabom_ws/src/install/dabomb_description/share/dabomb_description/local_setup.zsh
[22.776s] -- Symlinking: /home/pi/dabom/dabom_ws/src/install/dabomb_description/share/dabomb_description/local_setup.dsv
[22.849s] -- Symlinking: /home/pi/dabom/dabom_ws/src/install/dabomb_description/share/dabomb_description/package.dsv
[22.909s] -- Symlinking: /home/pi/dabom/dabom_ws/src/install/dabomb_description/share/ament_index/resource_index/packages/dabomb_description
[22.978s] -- Symlinking: /home/pi/dabom/dabom_ws/src/install/dabomb_description/share/dabomb_description/cmake/dabomb_descriptionConfig.cmake
[23.040s] -- Symlinking: /home/pi/dabom/dabom_ws/src/install/dabomb_description/share/dabomb_description/cmake/dabomb_descriptionConfig-version.cmake
[23.151s] -- Symlinking: /home/pi/dabom/dabom_ws/src/install/dabomb_description/share/dabomb_description/package.xml
[23.388s] Invoked command in '/home/pi/dabom/dabom_ws/src/build/dabomb_description' returned '0': CMAKE_PREFIX_PATH=${CMAKE_PREFIX_PATH}:/home/pi/dabom/dabom_ws/install/dabom_bringup:/home/pi/dabom/dabom_ws/install/x_serial:/home/pi/dabom/dabom_ws/install/serial_comm:/home/pi/dabom/dabom_ws/install/odom:/home/pi/dabom/dabom_ws/install/inv_kin:/home/pi/dabom/dabom_ws/install/dabom_joy:/opt/ros/humble /usr/bin/cmake --install /home/pi/dabom/dabom_ws/src/build/dabomb_description
