[0.081s] DEBUG:colcon:Command line arguments: ['/usr/bin/colcon', 'build', '--packages-select', 'serial_comm']
[0.081s] DEBUG:colcon:Parsed command line arguments: Namespace(log_base=None, log_level=None, verb_name='build', build_base='build', install_base='install', merge_install=False, symlink_install=False, test_result_base=None, continue_on_error=False, executor='parallel', parallel_workers=16, event_handlers=None, ignore_user_meta=False, metas=['./colcon.meta'], base_paths=['.'], packages_ignore=None, packages_ignore_regex=None, paths=None, packages_up_to=None, packages_up_to_regex=None, packages_above=None, packages_above_and_dependencies=None, packages_above_depth=None, packages_select_by_dep=None, packages_skip_by_dep=None, packages_skip_up_to=None, packages_select_build_failed=False, packages_skip_build_finished=False, packages_select_test_failures=False, packages_skip_test_passed=False, packages_select=['serial_comm'], packages_skip=None, packages_select_regex=None, packages_skip_regex=None, packages_start=None, packages_end=None, allow_overriding=[], cmake_args=None, cmake_target=None, cmake_target_skip_unavailable=False, cmake_clean_cache=False, cmake_clean_first=False, cmake_force_configure=False, ament_cmake_args=None, catkin_cmake_args=None, catkin_skip_building_tests=False, mixin_files=None, mixin=None, verb_parser=<colcon_mixin.mixin.mixin_argument.MixinArgumentDecorator object at 0x739ec624fca0>, verb_extension=<colcon_core.verb.build.BuildVerb object at 0x739ec624f2e0>, main=<bound method BuildVerb.main of <colcon_core.verb.build.BuildVerb object at 0x739ec624f2e0>>, mixin_verb=('build',))
[0.222s] Level 1:colcon.colcon_core.package_discovery:discover_packages(colcon_meta) check parameters
[0.223s] Level 1:colcon.colcon_core.package_discovery:discover_packages(recursive) check parameters
[0.223s] Level 1:colcon.colcon_core.package_discovery:discover_packages(ignore) check parameters
[0.223s] Level 1:colcon.colcon_core.package_discovery:discover_packages(path) check parameters
[0.223s] Level 1:colcon.colcon_core.package_discovery:discover_packages(colcon_meta) discover
[0.223s] Level 1:colcon.colcon_core.package_discovery:discover_packages(recursive) discover
[0.223s] INFO:colcon.colcon_core.package_discovery:Crawling recursively for packages in '/home/mees/Documents/GitHub/dabom'
[0.223s] Level 1:colcon.colcon_core.package_identification:_identify(.) by extensions ['ignore', 'ignore_ament_install']
[0.223s] Level 1:colcon.colcon_core.package_identification:_identify(.) by extension 'ignore'
[0.223s] Level 1:colcon.colcon_core.package_identification:_identify(.) by extension 'ignore_ament_install'
[0.223s] Level 1:colcon.colcon_core.package_identification:_identify(.) by extensions ['colcon_pkg']
[0.223s] Level 1:colcon.colcon_core.package_identification:_identify(.) by extension 'colcon_pkg'
[0.223s] Level 1:colcon.colcon_core.package_identification:_identify(.) by extensions ['colcon_meta']
[0.223s] Level 1:colcon.colcon_core.package_identification:_identify(.) by extension 'colcon_meta'
[0.223s] Level 1:colcon.colcon_core.package_identification:_identify(.) by extensions ['ros']
[0.223s] Level 1:colcon.colcon_core.package_identification:_identify(.) by extension 'ros'
[0.231s] Level 1:colcon.colcon_core.package_identification:_identify(.) by extensions ['cmake', 'python']
[0.231s] Level 1:colcon.colcon_core.package_identification:_identify(.) by extension 'cmake'
[0.231s] Level 1:colcon.colcon_core.package_identification:_identify(.) by extension 'python'
[0.231s] Level 1:colcon.colcon_core.package_identification:_identify(.) by extensions ['python_setup_py']
[0.231s] Level 1:colcon.colcon_core.package_identification:_identify(.) by extension 'python_setup_py'
[0.231s] Level 1:colcon.colcon_core.package_identification:_identify(build) by extensions ['ignore', 'ignore_ament_install']
[0.231s] Level 1:colcon.colcon_core.package_identification:_identify(build) by extension 'ignore'
[0.231s] Level 1:colcon.colcon_core.package_identification:_identify(build) ignored
[0.231s] Level 1:colcon.colcon_core.package_identification:_identify(dabom_ws) by extensions ['ignore', 'ignore_ament_install']
[0.232s] Level 1:colcon.colcon_core.package_identification:_identify(dabom_ws) by extension 'ignore'
[0.232s] Level 1:colcon.colcon_core.package_identification:_identify(dabom_ws) by extension 'ignore_ament_install'
[0.232s] Level 1:colcon.colcon_core.package_identification:_identify(dabom_ws) by extensions ['colcon_pkg']
[0.232s] Level 1:colcon.colcon_core.package_identification:_identify(dabom_ws) by extension 'colcon_pkg'
[0.232s] Level 1:colcon.colcon_core.package_identification:_identify(dabom_ws) by extensions ['colcon_meta']
[0.232s] Level 1:colcon.colcon_core.package_identification:_identify(dabom_ws) by extension 'colcon_meta'
[0.232s] Level 1:colcon.colcon_core.package_identification:_identify(dabom_ws) by extensions ['ros']
[0.232s] Level 1:colcon.colcon_core.package_identification:_identify(dabom_ws) by extension 'ros'
[0.232s] Level 1:colcon.colcon_core.package_identification:_identify(dabom_ws) by extensions ['cmake', 'python']
[0.232s] Level 1:colcon.colcon_core.package_identification:_identify(dabom_ws) by extension 'cmake'
[0.232s] Level 1:colcon.colcon_core.package_identification:_identify(dabom_ws) by extension 'python'
[0.232s] Level 1:colcon.colcon_core.package_identification:_identify(dabom_ws) by extensions ['python_setup_py']
[0.232s] Level 1:colcon.colcon_core.package_identification:_identify(dabom_ws) by extension 'python_setup_py'
[0.232s] Level 1:colcon.colcon_core.package_identification:_identify(dabom_ws/build) by extensions ['ignore', 'ignore_ament_install']
[0.232s] Level 1:colcon.colcon_core.package_identification:_identify(dabom_ws/build) by extension 'ignore'
[0.232s] Level 1:colcon.colcon_core.package_identification:_identify(dabom_ws/build) ignored
[0.232s] Level 1:colcon.colcon_core.package_identification:_identify(dabom_ws/install) by extensions ['ignore', 'ignore_ament_install']
[0.232s] Level 1:colcon.colcon_core.package_identification:_identify(dabom_ws/install) by extension 'ignore'
[0.232s] Level 1:colcon.colcon_core.package_identification:_identify(dabom_ws/install) ignored
[0.232s] Level 1:colcon.colcon_core.package_identification:_identify(dabom_ws/log) by extensions ['ignore', 'ignore_ament_install']
[0.232s] Level 1:colcon.colcon_core.package_identification:_identify(dabom_ws/log) by extension 'ignore'
[0.232s] Level 1:colcon.colcon_core.package_identification:_identify(dabom_ws/log) ignored
[0.233s] Level 1:colcon.colcon_core.package_identification:_identify(dabom_ws/src) by extensions ['ignore', 'ignore_ament_install']
[0.233s] Level 1:colcon.colcon_core.package_identification:_identify(dabom_ws/src) by extension 'ignore'
[0.233s] Level 1:colcon.colcon_core.package_identification:_identify(dabom_ws/src) by extension 'ignore_ament_install'
[0.233s] Level 1:colcon.colcon_core.package_identification:_identify(dabom_ws/src) by extensions ['colcon_pkg']
[0.233s] Level 1:colcon.colcon_core.package_identification:_identify(dabom_ws/src) by extension 'colcon_pkg'
[0.233s] Level 1:colcon.colcon_core.package_identification:_identify(dabom_ws/src) by extensions ['colcon_meta']
[0.233s] Level 1:colcon.colcon_core.package_identification:_identify(dabom_ws/src) by extension 'colcon_meta'
[0.233s] Level 1:colcon.colcon_core.package_identification:_identify(dabom_ws/src) by extensions ['ros']
[0.233s] Level 1:colcon.colcon_core.package_identification:_identify(dabom_ws/src) by extension 'ros'
[0.233s] Level 1:colcon.colcon_core.package_identification:_identify(dabom_ws/src) by extensions ['cmake', 'python']
[0.233s] Level 1:colcon.colcon_core.package_identification:_identify(dabom_ws/src) by extension 'cmake'
[0.233s] Level 1:colcon.colcon_core.package_identification:_identify(dabom_ws/src) by extension 'python'
[0.233s] Level 1:colcon.colcon_core.package_identification:_identify(dabom_ws/src) by extensions ['python_setup_py']
[0.233s] Level 1:colcon.colcon_core.package_identification:_identify(dabom_ws/src) by extension 'python_setup_py'
[0.233s] Level 1:colcon.colcon_core.package_identification:_identify(dabom_ws/src/config) by extensions ['ignore', 'ignore_ament_install']
[0.233s] Level 1:colcon.colcon_core.package_identification:_identify(dabom_ws/src/config) by extension 'ignore'
[0.233s] Level 1:colcon.colcon_core.package_identification:_identify(dabom_ws/src/config) by extension 'ignore_ament_install'
[0.233s] Level 1:colcon.colcon_core.package_identification:_identify(dabom_ws/src/config) by extensions ['colcon_pkg']
[0.233s] Level 1:colcon.colcon_core.package_identification:_identify(dabom_ws/src/config) by extension 'colcon_pkg'
[0.233s] Level 1:colcon.colcon_core.package_identification:_identify(dabom_ws/src/config) by extensions ['colcon_meta']
[0.233s] Level 1:colcon.colcon_core.package_identification:_identify(dabom_ws/src/config) by extension 'colcon_meta'
[0.233s] Level 1:colcon.colcon_core.package_identification:_identify(dabom_ws/src/config) by extensions ['ros']
[0.233s] Level 1:colcon.colcon_core.package_identification:_identify(dabom_ws/src/config) by extension 'ros'
[0.233s] Level 1:colcon.colcon_core.package_identification:_identify(dabom_ws/src/config) by extensions ['cmake', 'python']
[0.233s] Level 1:colcon.colcon_core.package_identification:_identify(dabom_ws/src/config) by extension 'cmake'
[0.233s] Level 1:colcon.colcon_core.package_identification:_identify(dabom_ws/src/config) by extension 'python'
[0.234s] Level 1:colcon.colcon_core.package_identification:_identify(dabom_ws/src/config) by extensions ['python_setup_py']
[0.234s] Level 1:colcon.colcon_core.package_identification:_identify(dabom_ws/src/config) by extension 'python_setup_py'
[0.234s] Level 1:colcon.colcon_core.package_identification:_identify(dabom_ws/src/dabom_bringup) by extensions ['ignore', 'ignore_ament_install']
[0.234s] Level 1:colcon.colcon_core.package_identification:_identify(dabom_ws/src/dabom_bringup) by extension 'ignore'
[0.234s] Level 1:colcon.colcon_core.package_identification:_identify(dabom_ws/src/dabom_bringup) by extension 'ignore_ament_install'
[0.234s] Level 1:colcon.colcon_core.package_identification:_identify(dabom_ws/src/dabom_bringup) by extensions ['colcon_pkg']
[0.234s] Level 1:colcon.colcon_core.package_identification:_identify(dabom_ws/src/dabom_bringup) by extension 'colcon_pkg'
[0.234s] Level 1:colcon.colcon_core.package_identification:_identify(dabom_ws/src/dabom_bringup) by extensions ['colcon_meta']
[0.234s] Level 1:colcon.colcon_core.package_identification:_identify(dabom_ws/src/dabom_bringup) by extension 'colcon_meta'
[0.234s] Level 1:colcon.colcon_core.package_identification:_identify(dabom_ws/src/dabom_bringup) by extensions ['ros']
[0.234s] Level 1:colcon.colcon_core.package_identification:_identify(dabom_ws/src/dabom_bringup) by extension 'ros'
[0.234s] Level 1:colcon.colcon_core.package_identification:_identify(dabom_ws/src/dabom_bringup) by extensions ['cmake', 'python']
[0.234s] Level 1:colcon.colcon_core.package_identification:_identify(dabom_ws/src/dabom_bringup) by extension 'cmake'
[0.234s] Level 1:colcon.colcon_core.package_identification:_identify(dabom_ws/src/dabom_bringup) by extension 'python'
[0.234s] Level 1:colcon.colcon_core.package_identification:_identify(dabom_ws/src/dabom_bringup) by extensions ['python_setup_py']
[0.234s] Level 1:colcon.colcon_core.package_identification:_identify(dabom_ws/src/dabom_bringup) by extension 'python_setup_py'
[0.234s] Level 1:colcon.colcon_core.package_identification:_identify(dabom_ws/src/dabomb_description) by extensions ['ignore', 'ignore_ament_install']
[0.234s] Level 1:colcon.colcon_core.package_identification:_identify(dabom_ws/src/dabomb_description) by extension 'ignore'
[0.234s] Level 1:colcon.colcon_core.package_identification:_identify(dabom_ws/src/dabomb_description) by extension 'ignore_ament_install'
[0.234s] Level 1:colcon.colcon_core.package_identification:_identify(dabom_ws/src/dabomb_description) by extensions ['colcon_pkg']
[0.234s] Level 1:colcon.colcon_core.package_identification:_identify(dabom_ws/src/dabomb_description) by extension 'colcon_pkg'
[0.234s] Level 1:colcon.colcon_core.package_identification:_identify(dabom_ws/src/dabomb_description) by extensions ['colcon_meta']
[0.234s] Level 1:colcon.colcon_core.package_identification:_identify(dabom_ws/src/dabomb_description) by extension 'colcon_meta'
[0.234s] Level 1:colcon.colcon_core.package_identification:_identify(dabom_ws/src/dabomb_description) by extensions ['ros']
[0.234s] Level 1:colcon.colcon_core.package_identification:_identify(dabom_ws/src/dabomb_description) by extension 'ros'
[0.236s] DEBUG:colcon.colcon_core.package_identification:Package 'dabom_ws/src/dabomb_description' with type 'ros.ament_cmake' and name 'dabomb_description'
[0.236s] Level 1:colcon.colcon_core.package_identification:_identify(dabom_ws/src/inverse_kinematics) by extensions ['ignore', 'ignore_ament_install']
[0.236s] Level 1:colcon.colcon_core.package_identification:_identify(dabom_ws/src/inverse_kinematics) by extension 'ignore'
[0.236s] Level 1:colcon.colcon_core.package_identification:_identify(dabom_ws/src/inverse_kinematics) by extension 'ignore_ament_install'
[0.236s] Level 1:colcon.colcon_core.package_identification:_identify(dabom_ws/src/inverse_kinematics) by extensions ['colcon_pkg']
[0.236s] Level 1:colcon.colcon_core.package_identification:_identify(dabom_ws/src/inverse_kinematics) by extension 'colcon_pkg'
[0.236s] Level 1:colcon.colcon_core.package_identification:_identify(dabom_ws/src/inverse_kinematics) by extensions ['colcon_meta']
[0.236s] Level 1:colcon.colcon_core.package_identification:_identify(dabom_ws/src/inverse_kinematics) by extension 'colcon_meta'
[0.236s] Level 1:colcon.colcon_core.package_identification:_identify(dabom_ws/src/inverse_kinematics) by extensions ['ros']
[0.236s] Level 1:colcon.colcon_core.package_identification:_identify(dabom_ws/src/inverse_kinematics) by extension 'ros'
[0.237s] DEBUG:colcon.colcon_core.package_identification:Package 'dabom_ws/src/inverse_kinematics' with type 'ros.ament_cmake' and name 'inverse_kinematics'
[0.237s] Level 1:colcon.colcon_core.package_identification:_identify(dabom_ws/src/launch) by extensions ['ignore', 'ignore_ament_install']
[0.237s] Level 1:colcon.colcon_core.package_identification:_identify(dabom_ws/src/launch) by extension 'ignore'
[0.237s] Level 1:colcon.colcon_core.package_identification:_identify(dabom_ws/src/launch) by extension 'ignore_ament_install'
[0.237s] Level 1:colcon.colcon_core.package_identification:_identify(dabom_ws/src/launch) by extensions ['colcon_pkg']
[0.237s] Level 1:colcon.colcon_core.package_identification:_identify(dabom_ws/src/launch) by extension 'colcon_pkg'
[0.237s] Level 1:colcon.colcon_core.package_identification:_identify(dabom_ws/src/launch) by extensions ['colcon_meta']
[0.237s] Level 1:colcon.colcon_core.package_identification:_identify(dabom_ws/src/launch) by extension 'colcon_meta'
[0.237s] Level 1:colcon.colcon_core.package_identification:_identify(dabom_ws/src/launch) by extensions ['ros']
[0.237s] Level 1:colcon.colcon_core.package_identification:_identify(dabom_ws/src/launch) by extension 'ros'
[0.237s] Level 1:colcon.colcon_core.package_identification:_identify(dabom_ws/src/launch) by extensions ['cmake', 'python']
[0.237s] Level 1:colcon.colcon_core.package_identification:_identify(dabom_ws/src/launch) by extension 'cmake'
[0.237s] Level 1:colcon.colcon_core.package_identification:_identify(dabom_ws/src/launch) by extension 'python'
[0.237s] Level 1:colcon.colcon_core.package_identification:_identify(dabom_ws/src/launch) by extensions ['python_setup_py']
[0.237s] Level 1:colcon.colcon_core.package_identification:_identify(dabom_ws/src/launch) by extension 'python_setup_py'
[0.238s] Level 1:colcon.colcon_core.package_identification:_identify(dabom_ws/src/odom) by extensions ['ignore', 'ignore_ament_install']
[0.238s] Level 1:colcon.colcon_core.package_identification:_identify(dabom_ws/src/odom) by extension 'ignore'
[0.238s] Level 1:colcon.colcon_core.package_identification:_identify(dabom_ws/src/odom) by extension 'ignore_ament_install'
[0.238s] Level 1:colcon.colcon_core.package_identification:_identify(dabom_ws/src/odom) by extensions ['colcon_pkg']
[0.238s] Level 1:colcon.colcon_core.package_identification:_identify(dabom_ws/src/odom) by extension 'colcon_pkg'
[0.238s] Level 1:colcon.colcon_core.package_identification:_identify(dabom_ws/src/odom) by extensions ['colcon_meta']
[0.238s] Level 1:colcon.colcon_core.package_identification:_identify(dabom_ws/src/odom) by extension 'colcon_meta'
[0.238s] Level 1:colcon.colcon_core.package_identification:_identify(dabom_ws/src/odom) by extensions ['ros']
[0.238s] Level 1:colcon.colcon_core.package_identification:_identify(dabom_ws/src/odom) by extension 'ros'
[0.238s] DEBUG:colcon.colcon_core.package_identification:Package 'dabom_ws/src/odom' with type 'ros.ament_cmake' and name 'odom'
[0.238s] Level 1:colcon.colcon_core.package_identification:_identify(dabom_ws/src/serial_comm) by extensions ['ignore', 'ignore_ament_install']
[0.238s] Level 1:colcon.colcon_core.package_identification:_identify(dabom_ws/src/serial_comm) by extension 'ignore'
[0.238s] Level 1:colcon.colcon_core.package_identification:_identify(dabom_ws/src/serial_comm) by extension 'ignore_ament_install'
[0.239s] Level 1:colcon.colcon_core.package_identification:_identify(dabom_ws/src/serial_comm) by extensions ['colcon_pkg']
[0.239s] Level 1:colcon.colcon_core.package_identification:_identify(dabom_ws/src/serial_comm) by extension 'colcon_pkg'
[0.239s] Level 1:colcon.colcon_core.package_identification:_identify(dabom_ws/src/serial_comm) by extensions ['colcon_meta']
[0.239s] Level 1:colcon.colcon_core.package_identification:_identify(dabom_ws/src/serial_comm) by extension 'colcon_meta'
[0.239s] Level 1:colcon.colcon_core.package_identification:_identify(dabom_ws/src/serial_comm) by extensions ['ros']
[0.239s] Level 1:colcon.colcon_core.package_identification:_identify(dabom_ws/src/serial_comm) by extension 'ros'
[0.239s] DEBUG:colcon.colcon_core.package_identification:Package 'dabom_ws/src/serial_comm' with type 'ros.ament_python' and name 'serial_comm'
[0.239s] Level 1:colcon.colcon_core.package_identification:_identify(dabom_ws/src/xbox_controller) by extensions ['ignore', 'ignore_ament_install']
[0.239s] Level 1:colcon.colcon_core.package_identification:_identify(dabom_ws/src/xbox_controller) by extension 'ignore'
[0.239s] Level 1:colcon.colcon_core.package_identification:_identify(dabom_ws/src/xbox_controller) by extension 'ignore_ament_install'
[0.239s] Level 1:colcon.colcon_core.package_identification:_identify(dabom_ws/src/xbox_controller) by extensions ['colcon_pkg']
[0.239s] Level 1:colcon.colcon_core.package_identification:_identify(dabom_ws/src/xbox_controller) by extension 'colcon_pkg'
[0.239s] Level 1:colcon.colcon_core.package_identification:_identify(dabom_ws/src/xbox_controller) by extensions ['colcon_meta']
[0.239s] Level 1:colcon.colcon_core.package_identification:_identify(dabom_ws/src/xbox_controller) by extension 'colcon_meta'
[0.239s] Level 1:colcon.colcon_core.package_identification:_identify(dabom_ws/src/xbox_controller) by extensions ['ros']
[0.239s] Level 1:colcon.colcon_core.package_identification:_identify(dabom_ws/src/xbox_controller) by extension 'ros'
[0.240s] DEBUG:colcon.colcon_core.package_identification:Package 'dabom_ws/src/xbox_controller' with type 'ros.ament_python' and name 'xbox_controller'
[0.240s] Level 1:colcon.colcon_core.package_identification:_identify(install) by extensions ['ignore', 'ignore_ament_install']
[0.240s] Level 1:colcon.colcon_core.package_identification:_identify(install) by extension 'ignore'
[0.240s] Level 1:colcon.colcon_core.package_identification:_identify(install) ignored
[0.240s] Level 1:colcon.colcon_core.package_identification:_identify(log) by extensions ['ignore', 'ignore_ament_install']
[0.240s] Level 1:colcon.colcon_core.package_identification:_identify(log) by extension 'ignore'
[0.240s] Level 1:colcon.colcon_core.package_identification:_identify(log) ignored
[0.240s] Level 1:colcon.colcon_core.package_discovery:discover_packages(recursive) using defaults
[0.240s] Level 1:colcon.colcon_core.package_discovery:discover_packages(ignore) discover
[0.240s] Level 1:colcon.colcon_core.package_discovery:discover_packages(ignore) using defaults
[0.240s] Level 1:colcon.colcon_core.package_discovery:discover_packages(path) discover
[0.240s] Level 1:colcon.colcon_core.package_discovery:discover_packages(path) using defaults
[0.263s] INFO:colcon.colcon_core.package_selection:Skipping not selected package 'dabomb_description' in 'dabom_ws/src/dabomb_description'
[0.263s] INFO:colcon.colcon_core.package_selection:Skipping not selected package 'inverse_kinematics' in 'dabom_ws/src/inverse_kinematics'
[0.263s] INFO:colcon.colcon_core.package_selection:Skipping not selected package 'odom' in 'dabom_ws/src/odom'
[0.263s] INFO:colcon.colcon_core.package_selection:Skipping not selected package 'xbox_controller' in 'dabom_ws/src/xbox_controller'
[0.263s] Level 1:colcon.colcon_core.package_discovery:discover_packages(prefix_path) check parameters
[0.263s] Level 1:colcon.colcon_core.package_discovery:discover_packages(prefix_path) discover
[0.266s] DEBUG:colcon.colcon_installed_package_information.package_discovery:Found 384 installed packages in /opt/ros/humble
[0.267s] Level 1:colcon.colcon_core.package_discovery:discover_packages(prefix_path) using defaults
[0.305s] Level 5:colcon.colcon_core.verb:set package 'serial_comm' build argument 'cmake_args' from command line to 'None'
[0.305s] Level 5:colcon.colcon_core.verb:set package 'serial_comm' build argument 'cmake_target' from command line to 'None'
[0.305s] Level 5:colcon.colcon_core.verb:set package 'serial_comm' build argument 'cmake_target_skip_unavailable' from command line to 'False'
[0.305s] Level 5:colcon.colcon_core.verb:set package 'serial_comm' build argument 'cmake_clean_cache' from command line to 'False'
[0.305s] Level 5:colcon.colcon_core.verb:set package 'serial_comm' build argument 'cmake_clean_first' from command line to 'False'
[0.305s] Level 5:colcon.colcon_core.verb:set package 'serial_comm' build argument 'cmake_force_configure' from command line to 'False'
[0.305s] Level 5:colcon.colcon_core.verb:set package 'serial_comm' build argument 'ament_cmake_args' from command line to 'None'
[0.305s] Level 5:colcon.colcon_core.verb:set package 'serial_comm' build argument 'catkin_cmake_args' from command line to 'None'
[0.305s] Level 5:colcon.colcon_core.verb:set package 'serial_comm' build argument 'catkin_skip_building_tests' from command line to 'False'
[0.305s] DEBUG:colcon.colcon_core.verb:Building package 'serial_comm' with the following arguments: {'ament_cmake_args': None, 'build_base': '/home/mees/Documents/GitHub/dabom/build/serial_comm', 'catkin_cmake_args': None, 'catkin_skip_building_tests': False, 'cmake_args': None, 'cmake_clean_cache': False, 'cmake_clean_first': False, 'cmake_force_configure': False, 'cmake_target': None, 'cmake_target_skip_unavailable': False, 'install_base': '/home/mees/Documents/GitHub/dabom/install/serial_comm', 'merge_install': False, 'path': '/home/mees/Documents/GitHub/dabom/dabom_ws/src/serial_comm', 'symlink_install': False, 'test_result_base': None}
[0.305s] INFO:colcon.colcon_core.executor:Executing jobs using 'parallel' executor
[0.306s] DEBUG:colcon.colcon_parallel_executor.executor.parallel:run_until_complete
[0.306s] INFO:colcon.colcon_ros.task.ament_python.build:Building ROS package in '/home/mees/Documents/GitHub/dabom/dabom_ws/src/serial_comm' with build type 'ament_python'
[0.306s] Level 1:colcon.colcon_core.shell:create_environment_hook('serial_comm', 'ament_prefix_path')
[0.308s] INFO:colcon.colcon_core.plugin_system:Skipping extension 'colcon_core.shell.bat': Not used on non-Windows systems
[0.309s] INFO:colcon.colcon_core.shell:Creating environment hook '/home/mees/Documents/GitHub/dabom/install/serial_comm/share/serial_comm/hook/ament_prefix_path.ps1'
[0.309s] INFO:colcon.colcon_core.shell:Creating environment descriptor '/home/mees/Documents/GitHub/dabom/install/serial_comm/share/serial_comm/hook/ament_prefix_path.dsv'
[0.309s] INFO:colcon.colcon_core.shell:Creating environment hook '/home/mees/Documents/GitHub/dabom/install/serial_comm/share/serial_comm/hook/ament_prefix_path.sh'
[0.310s] INFO:colcon.colcon_core.shell:Skip shell extension 'powershell' for command environment: Not usable outside of PowerShell
[0.310s] DEBUG:colcon.colcon_core.shell:Skip shell extension 'dsv' for command environment
[0.550s] INFO:colcon.colcon_core.task.python.build:Building Python package in '/home/mees/Documents/GitHub/dabom/dabom_ws/src/serial_comm'
[0.551s] INFO:colcon.colcon_core.shell:Skip shell extension 'powershell' for command environment: Not usable outside of PowerShell
[0.551s] DEBUG:colcon.colcon_core.shell:Skip shell extension 'dsv' for command environment
[0.835s] DEBUG:colcon.colcon_core.event_handler.log_command:Invoking command in '/home/mees/Documents/GitHub/dabom/dabom_ws/src/serial_comm': PYTHONPATH=/home/mees/Documents/GitHub/dabom/build/serial_comm/prefix_override:/usr/lib/python3/dist-packages/colcon_core/task/python/colcon_distutils_commands:/home/mees/Documents/GitHub/dabom/install/serial_comm/lib/python3.10/site-packages:${PYTHONPATH} /usr/bin/python3 -W ignore:setup.py install is deprecated setup.py egg_info --egg-base ../../../build/serial_comm build --build-base /home/mees/Documents/GitHub/dabom/build/serial_comm/build install --record /home/mees/Documents/GitHub/dabom/build/serial_comm/install.log --single-version-externally-managed install_data
[1.064s] DEBUG:colcon.colcon_core.event_handler.log_command:Invoked command in '/home/mees/Documents/GitHub/dabom/dabom_ws/src/serial_comm' returned '0': PYTHONPATH=/home/mees/Documents/GitHub/dabom/build/serial_comm/prefix_override:/usr/lib/python3/dist-packages/colcon_core/task/python/colcon_distutils_commands:/home/mees/Documents/GitHub/dabom/install/serial_comm/lib/python3.10/site-packages:${PYTHONPATH} /usr/bin/python3 -W ignore:setup.py install is deprecated setup.py egg_info --egg-base ../../../build/serial_comm build --build-base /home/mees/Documents/GitHub/dabom/build/serial_comm/build install --record /home/mees/Documents/GitHub/dabom/build/serial_comm/install.log --single-version-externally-managed install_data
[1.065s] Level 1:colcon.colcon_core.environment:checking '/home/mees/Documents/GitHub/dabom/install/serial_comm' for CMake module files
[1.066s] Level 1:colcon.colcon_core.environment:checking '/home/mees/Documents/GitHub/dabom/install/serial_comm' for CMake config files
[1.066s] Level 1:colcon.colcon_core.environment:checking '/home/mees/Documents/GitHub/dabom/install/serial_comm/lib'
[1.066s] Level 1:colcon.colcon_core.environment:checking '/home/mees/Documents/GitHub/dabom/install/serial_comm/bin'
[1.066s] Level 1:colcon.colcon_core.environment:checking '/home/mees/Documents/GitHub/dabom/install/serial_comm/lib/pkgconfig/serial_comm.pc'
[1.067s] Level 1:colcon.colcon_core.environment:checking '/home/mees/Documents/GitHub/dabom/install/serial_comm/lib/python3.10/site-packages'
[1.067s] Level 1:colcon.colcon_core.shell:create_environment_hook('serial_comm', 'pythonpath')
[1.067s] INFO:colcon.colcon_core.shell:Creating environment hook '/home/mees/Documents/GitHub/dabom/install/serial_comm/share/serial_comm/hook/pythonpath.ps1'
[1.067s] INFO:colcon.colcon_core.shell:Creating environment descriptor '/home/mees/Documents/GitHub/dabom/install/serial_comm/share/serial_comm/hook/pythonpath.dsv'
[1.068s] INFO:colcon.colcon_core.shell:Creating environment hook '/home/mees/Documents/GitHub/dabom/install/serial_comm/share/serial_comm/hook/pythonpath.sh'
[1.068s] Level 1:colcon.colcon_core.environment:checking '/home/mees/Documents/GitHub/dabom/install/serial_comm/bin'
[1.068s] Level 1:colcon.colcon_core.environment:create_environment_scripts_only(serial_comm)
[1.068s] INFO:colcon.colcon_core.shell:Creating package script '/home/mees/Documents/GitHub/dabom/install/serial_comm/share/serial_comm/package.ps1'
[1.069s] INFO:colcon.colcon_core.shell:Creating package descriptor '/home/mees/Documents/GitHub/dabom/install/serial_comm/share/serial_comm/package.dsv'
[1.069s] INFO:colcon.colcon_core.shell:Creating package script '/home/mees/Documents/GitHub/dabom/install/serial_comm/share/serial_comm/package.sh'
[1.070s] INFO:colcon.colcon_core.shell:Creating package script '/home/mees/Documents/GitHub/dabom/install/serial_comm/share/serial_comm/package.bash'
[1.070s] INFO:colcon.colcon_core.shell:Creating package script '/home/mees/Documents/GitHub/dabom/install/serial_comm/share/serial_comm/package.zsh'
[1.071s] Level 1:colcon.colcon_core.environment:create_file_with_runtime_dependencies(/home/mees/Documents/GitHub/dabom/install/serial_comm/share/colcon-core/packages/serial_comm)
[1.071s] DEBUG:colcon.colcon_parallel_executor.executor.parallel:closing loop
[1.071s] DEBUG:colcon.colcon_parallel_executor.executor.parallel:loop closed
[1.071s] DEBUG:colcon.colcon_parallel_executor.executor.parallel:run_until_complete finished with '0'
[1.071s] DEBUG:colcon.colcon_core.event_reactor:joining thread
[1.075s] INFO:colcon.colcon_core.plugin_system:Skipping extension 'colcon_notification.desktop_notification.terminal_notifier': Not used on non-Darwin systems
[1.075s] INFO:colcon.colcon_core.plugin_system:Skipping extension 'colcon_notification.desktop_notification.win32': Not used on non-Windows systems
[1.075s] INFO:colcon.colcon_notification.desktop_notification:Sending desktop notification using 'notify2'
[1.083s] DEBUG:colcon.colcon_core.event_reactor:joined thread
[1.083s] INFO:colcon.colcon_core.shell:Creating prefix script '/home/mees/Documents/GitHub/dabom/install/local_setup.ps1'
[1.084s] INFO:colcon.colcon_core.shell:Creating prefix util module '/home/mees/Documents/GitHub/dabom/install/_local_setup_util_ps1.py'
[1.085s] INFO:colcon.colcon_core.shell:Creating prefix chain script '/home/mees/Documents/GitHub/dabom/install/setup.ps1'
[1.086s] INFO:colcon.colcon_core.shell:Creating prefix script '/home/mees/Documents/GitHub/dabom/install/local_setup.sh'
[1.086s] INFO:colcon.colcon_core.shell:Creating prefix util module '/home/mees/Documents/GitHub/dabom/install/_local_setup_util_sh.py'
[1.087s] INFO:colcon.colcon_core.shell:Creating prefix chain script '/home/mees/Documents/GitHub/dabom/install/setup.sh'
[1.087s] INFO:colcon.colcon_core.shell:Creating prefix script '/home/mees/Documents/GitHub/dabom/install/local_setup.bash'
[1.088s] INFO:colcon.colcon_core.shell:Creating prefix chain script '/home/mees/Documents/GitHub/dabom/install/setup.bash'
[1.088s] INFO:colcon.colcon_core.shell:Creating prefix script '/home/mees/Documents/GitHub/dabom/install/local_setup.zsh'
[1.089s] INFO:colcon.colcon_core.shell:Creating prefix chain script '/home/mees/Documents/GitHub/dabom/install/setup.zsh'
