[0.504s] Invoking command in '/home/mees/Documents/GitHub/dabom/dabom_ws/src/serial_comm': PYTHONPATH=/home/mees/Documents/GitHub/dabom/dabom_ws/build/serial_comm/prefix_override:/usr/lib/python3/dist-packages/colcon_core/task/python/colcon_distutils_commands:/home/mees/Documents/GitHub/dabom/dabom_ws/install/serial_comm/lib/python3.10/site-packages:${PYTHONPATH} /usr/bin/python3 -W ignore:setup.py install is deprecated setup.py egg_info --egg-base ../../build/serial_comm build --build-base /home/mees/Documents/GitHub/dabom/dabom_ws/build/serial_comm/build install --record /home/mees/Documents/GitHub/dabom/dabom_ws/build/serial_comm/install.log --single-version-externally-managed install_data
[0.698s] running egg_info
[0.698s] creating ../../build/serial_comm/serial_comm.egg-info
[0.698s] writing ../../build/serial_comm/serial_comm.egg-info/PKG-INFO
[0.698s] writing dependency_links to ../../build/serial_comm/serial_comm.egg-info/dependency_links.txt
[0.699s] writing entry points to ../../build/serial_comm/serial_comm.egg-info/entry_points.txt
[0.699s] writing requirements to ../../build/serial_comm/serial_comm.egg-info/requires.txt
[0.699s] writing top-level names to ../../build/serial_comm/serial_comm.egg-info/top_level.txt
[0.699s] writing manifest file '../../build/serial_comm/serial_comm.egg-info/SOURCES.txt'
[0.700s] reading manifest file '../../build/serial_comm/serial_comm.egg-info/SOURCES.txt'
[0.700s] adding license file 'LICENSE'
[0.700s] writing manifest file '../../build/serial_comm/serial_comm.egg-info/SOURCES.txt'
[0.701s] running build
[0.701s] running build_py
[0.701s] creating /home/mees/Documents/GitHub/dabom/dabom_ws/build/serial_comm/build
[0.701s] creating /home/mees/Documents/GitHub/dabom/dabom_ws/build/serial_comm/build/lib
[0.701s] creating /home/mees/Documents/GitHub/dabom/dabom_ws/build/serial_comm/build/lib/serial_comm
[0.701s] copying serial_comm/serial_talker.py -> /home/mees/Documents/GitHub/dabom/dabom_ws/build/serial_comm/build/lib/serial_comm
[0.701s] copying serial_comm/__init__.py -> /home/mees/Documents/GitHub/dabom/dabom_ws/build/serial_comm/build/lib/serial_comm
[0.701s] running install
[0.701s] running install_lib
[0.702s] running install_data
[0.702s] running install_egg_info
[0.704s] removing '/home/mees/Documents/GitHub/dabom/dabom_ws/install/serial_comm/lib/python3.10/site-packages/serial_comm-0.0.0-py3.10.egg-info' (and everything under it)
[0.704s] Copying ../../build/serial_comm/serial_comm.egg-info to /home/mees/Documents/GitHub/dabom/dabom_ws/install/serial_comm/lib/python3.10/site-packages/serial_comm-0.0.0-py3.10.egg-info
[0.705s] running install_scripts
[0.720s] Installing serial_talker script to /home/mees/Documents/GitHub/dabom/dabom_ws/install/serial_comm/lib/serial_comm
[0.720s] writing list of installed files to '/home/mees/Documents/GitHub/dabom/dabom_ws/build/serial_comm/install.log'
[0.739s] Invoked command in '/home/mees/Documents/GitHub/dabom/dabom_ws/src/serial_comm' returned '0': PYTHONPATH=/home/mees/Documents/GitHub/dabom/dabom_ws/build/serial_comm/prefix_override:/usr/lib/python3/dist-packages/colcon_core/task/python/colcon_distutils_commands:/home/mees/Documents/GitHub/dabom/dabom_ws/install/serial_comm/lib/python3.10/site-packages:${PYTHONPATH} /usr/bin/python3 -W ignore:setup.py install is deprecated setup.py egg_info --egg-base ../../build/serial_comm build --build-base /home/mees/Documents/GitHub/dabom/dabom_ws/build/serial_comm/build install --record /home/mees/Documents/GitHub/dabom/dabom_ws/build/serial_comm/install.log --single-version-externally-managed install_data
