-- The C compiler identification is GNU 11.4.0
-- The CXX compiler identification is GNU 11.4.0
-- Detecting C compiler ABI info
-- Detecting C compiler ABI info - done
-- Check for working C compiler: /usr/bin/cc - skipped
-- Detecting C compile features
-- Detecting C compile features - done
-- Detecting CXX compiler ABI info
-- Detecting CXX compiler ABI info - done
-- Check for working CXX compiler: /usr/bin/c++ - skipped
-- Detecting CXX compile features
-- Detecting CXX compile features - done
-- Found ament_cmake: 1.3.10 (/opt/ros/humble/share/ament_cmake/cmake)
-- Found Python3: /usr/bin/python3 (found version "3.10.12") found components: Interpreter 
-- Override CMake install command with custom implementation using symlinks instead of copying resources
-- Found rclpy: 3.3.14 (/opt/ros/humble/share/rclpy/cmake)
-- Found geometry_msgs: 4.2.4 (/opt/ros/humble/share/geometry_msgs/cmake)
-- Found rosidl_generator_c: 3.1.5 (/opt/ros/humble/share/rosidl_generator_c/cmake)
-- Found rosidl_adapter: 3.1.5 (/opt/ros/humble/share/rosidl_adapter/cmake)
-- Found rosidl_generator_cpp: 3.1.5 (/opt/ros/humble/share/rosidl_generator_cpp/cmake)
-- Using all available rosidl_typesupport_c: rosidl_typesupport_fastrtps_c;rosidl_typesupport_introspection_c
-- Using all available rosidl_typesupport_cpp: rosidl_typesupport_fastrtps_cpp;rosidl_typesupport_introspection_cpp
-- Configuring done
-- Generating done
-- Build files have been written to: /home/pi/dabom/dabom_ws/src/build/xbox_controller
-- Install configuration: ""
-- Execute custom install script
-- Symlinking: /home/pi/dabom/dabom_ws/src/install/xbox_controller/lib/xbox_controller/xbox_controller_node.py
-- Symlinking: /home/pi/dabom/dabom_ws/src/install/xbox_controller/share/xbox_controller/launch/xbox_controller_launch.py
-- Symlinking: /home/pi/dabom/dabom_ws/src/install/xbox_controller/share/ament_index/resource_index/package_run_dependencies/xbox_controller
-- Symlinking: /home/pi/dabom/dabom_ws/src/install/xbox_controller/share/ament_index/resource_index/parent_prefix_path/xbox_controller
-- Symlinking: /home/pi/dabom/dabom_ws/src/install/xbox_controller/share/xbox_controller/environment/ament_prefix_path.sh
-- Symlinking: /home/pi/dabom/dabom_ws/src/install/xbox_controller/share/xbox_controller/environment/ament_prefix_path.dsv
-- Symlinking: /home/pi/dabom/dabom_ws/src/install/xbox_controller/share/xbox_controller/environment/path.sh
-- Symlinking: /home/pi/dabom/dabom_ws/src/install/xbox_controller/share/xbox_controller/environment/path.dsv
-- Symlinking: /home/pi/dabom/dabom_ws/src/install/xbox_controller/share/xbox_controller/local_setup.bash
-- Symlinking: /home/pi/dabom/dabom_ws/src/install/xbox_controller/share/xbox_controller/local_setup.sh
-- Symlinking: /home/pi/dabom/dabom_ws/src/install/xbox_controller/share/xbox_controller/local_setup.zsh
-- Symlinking: /home/pi/dabom/dabom_ws/src/install/xbox_controller/share/xbox_controller/local_setup.dsv
-- Symlinking: /home/pi/dabom/dabom_ws/src/install/xbox_controller/share/xbox_controller/package.dsv
-- Symlinking: /home/pi/dabom/dabom_ws/src/install/xbox_controller/share/ament_index/resource_index/packages/xbox_controller
-- Symlinking: /home/pi/dabom/dabom_ws/src/install/xbox_controller/share/xbox_controller/cmake/xbox_controllerConfig.cmake
-- Symlinking: /home/pi/dabom/dabom_ws/src/install/xbox_controller/share/xbox_controller/cmake/xbox_controllerConfig-version.cmake
-- Symlinking: /home/pi/dabom/dabom_ws/src/install/xbox_controller/share/xbox_controller/package.xml
