[0.100s] Invoking command in '/home/pi/dabom/dabom_ws/src/build/xbox_controller': CMAKE_PREFIX_PATH=${CMAKE_PREFIX_PATH}:/home/pi/dabom/dabom_ws/install/dabom_bringup:/home/pi/dabom/dabom_ws/install/x_serial:/home/pi/dabom/dabom_ws/install/serial_comm:/home/pi/dabom/dabom_ws/install/odom:/home/pi/dabom/dabom_ws/install/inv_kin:/home/pi/dabom/dabom_ws/install/dabom_joy:/opt/ros/humble /usr/bin/cmake /home/pi/dabom/dabom_ws/src/xbox_controller -DAMENT_CMAKE_SYMLINK_INSTALL=1 -DCMAKE_INSTALL_PREFIX=/home/pi/dabom/dabom_ws/src/install/xbox_controller
[0.758s] -- The C compiler identification is GNU 11.4.0
[1.327s] -- The CXX compiler identification is GNU 11.4.0
[1.449s] -- Detecting C compiler ABI info
[2.255s] -- Detecting C compiler ABI info - done
[2.303s] -- Check for working C compiler: /usr/bin/cc - skipped
[2.306s] -- Detecting C compile features
[2.309s] -- Detecting C compile features - done
[2.333s] -- Detecting CXX compiler ABI info
[3.047s] -- Detecting CXX compiler ABI info - done
[3.215s] -- Check for working CXX compiler: /usr/bin/c++ - skipped
[3.216s] -- Detecting CXX compile features
[3.218s] -- Detecting CXX compile features - done
[3.350s] -- Found ament_cmake: 1.3.10 (/opt/ros/humble/share/ament_cmake/cmake)
[12.481s] -- Found Python3: /usr/bin/python3 (found version "3.10.12") found components: Interpreter 
[13.025s] -- Override CMake install command with custom implementation using symlinks instead of copying resources
[14.183s] -- Found rclpy: 3.3.14 (/opt/ros/humble/share/rclpy/cmake)
[14.286s] -- Found geometry_msgs: 4.2.4 (/opt/ros/humble/share/geometry_msgs/cmake)
[15.254s] -- Found rosidl_generator_c: 3.1.5 (/opt/ros/humble/share/rosidl_generator_c/cmake)
[15.335s] -- Found rosidl_adapter: 3.1.5 (/opt/ros/humble/share/rosidl_adapter/cmake)
[15.437s] -- Found rosidl_generator_cpp: 3.1.5 (/opt/ros/humble/share/rosidl_generator_cpp/cmake)
[15.555s] -- Using all available rosidl_typesupport_c: rosidl_typesupport_fastrtps_c;rosidl_typesupport_introspection_c
[15.760s] -- Using all available rosidl_typesupport_cpp: rosidl_typesupport_fastrtps_cpp;rosidl_typesupport_introspection_cpp
[17.444s] -- Configuring done
[17.571s] -- Generating done
[17.610s] -- Build files have been written to: /home/pi/dabom/dabom_ws/src/build/xbox_controller
[17.652s] Invoked command in '/home/pi/dabom/dabom_ws/src/build/xbox_controller' returned '0': CMAKE_PREFIX_PATH=${CMAKE_PREFIX_PATH}:/home/pi/dabom/dabom_ws/install/dabom_bringup:/home/pi/dabom/dabom_ws/install/x_serial:/home/pi/dabom/dabom_ws/install/serial_comm:/home/pi/dabom/dabom_ws/install/odom:/home/pi/dabom/dabom_ws/install/inv_kin:/home/pi/dabom/dabom_ws/install/dabom_joy:/opt/ros/humble /usr/bin/cmake /home/pi/dabom/dabom_ws/src/xbox_controller -DAMENT_CMAKE_SYMLINK_INSTALL=1 -DCMAKE_INSTALL_PREFIX=/home/pi/dabom/dabom_ws/src/install/xbox_controller
[17.668s] Invoking command in '/home/pi/dabom/dabom_ws/src/build/xbox_controller': CMAKE_PREFIX_PATH=${CMAKE_PREFIX_PATH}:/home/pi/dabom/dabom_ws/install/dabom_bringup:/home/pi/dabom/dabom_ws/install/x_serial:/home/pi/dabom/dabom_ws/install/serial_comm:/home/pi/dabom/dabom_ws/install/odom:/home/pi/dabom/dabom_ws/install/inv_kin:/home/pi/dabom/dabom_ws/install/dabom_joy:/opt/ros/humble /usr/bin/cmake --build /home/pi/dabom/dabom_ws/src/build/xbox_controller -- -j4 -l4
[18.181s] Invoked command in '/home/pi/dabom/dabom_ws/src/build/xbox_controller' returned '0': CMAKE_PREFIX_PATH=${CMAKE_PREFIX_PATH}:/home/pi/dabom/dabom_ws/install/dabom_bringup:/home/pi/dabom/dabom_ws/install/x_serial:/home/pi/dabom/dabom_ws/install/serial_comm:/home/pi/dabom/dabom_ws/install/odom:/home/pi/dabom/dabom_ws/install/inv_kin:/home/pi/dabom/dabom_ws/install/dabom_joy:/opt/ros/humble /usr/bin/cmake --build /home/pi/dabom/dabom_ws/src/build/xbox_controller -- -j4 -l4
[18.450s] Invoking command in '/home/pi/dabom/dabom_ws/src/build/xbox_controller': CMAKE_PREFIX_PATH=${CMAKE_PREFIX_PATH}:/home/pi/dabom/dabom_ws/install/dabom_bringup:/home/pi/dabom/dabom_ws/install/x_serial:/home/pi/dabom/dabom_ws/install/serial_comm:/home/pi/dabom/dabom_ws/install/odom:/home/pi/dabom/dabom_ws/install/inv_kin:/home/pi/dabom/dabom_ws/install/dabom_joy:/opt/ros/humble /usr/bin/cmake --install /home/pi/dabom/dabom_ws/src/build/xbox_controller
[18.556s] -- Install configuration: ""
[18.563s] -- Execute custom install script
[18.568s] -- Symlinking: /home/pi/dabom/dabom_ws/src/install/xbox_controller/lib/xbox_controller/xbox_controller_node.py
[18.680s] -- Symlinking: /home/pi/dabom/dabom_ws/src/install/xbox_controller/share/xbox_controller/launch/xbox_controller_launch.py
[18.745s] -- Symlinking: /home/pi/dabom/dabom_ws/src/install/xbox_controller/share/ament_index/resource_index/package_run_dependencies/xbox_controller
[18.833s] -- Symlinking: /home/pi/dabom/dabom_ws/src/install/xbox_controller/share/ament_index/resource_index/parent_prefix_path/xbox_controller
[18.953s] -- Symlinking: /home/pi/dabom/dabom_ws/src/install/xbox_controller/share/xbox_controller/environment/ament_prefix_path.sh
[19.057s] -- Symlinking: /home/pi/dabom/dabom_ws/src/install/xbox_controller/share/xbox_controller/environment/ament_prefix_path.dsv
[19.165s] -- Symlinking: /home/pi/dabom/dabom_ws/src/install/xbox_controller/share/xbox_controller/environment/path.sh
[19.261s] -- Symlinking: /home/pi/dabom/dabom_ws/src/install/xbox_controller/share/xbox_controller/environment/path.dsv
[19.326s] -- Symlinking: /home/pi/dabom/dabom_ws/src/install/xbox_controller/share/xbox_controller/local_setup.bash
[19.374s] -- Symlinking: /home/pi/dabom/dabom_ws/src/install/xbox_controller/share/xbox_controller/local_setup.sh
[19.423s] -- Symlinking: /home/pi/dabom/dabom_ws/src/install/xbox_controller/share/xbox_controller/local_setup.zsh
[19.472s] -- Symlinking: /home/pi/dabom/dabom_ws/src/install/xbox_controller/share/xbox_controller/local_setup.dsv
[19.523s] -- Symlinking: /home/pi/dabom/dabom_ws/src/install/xbox_controller/share/xbox_controller/package.dsv
[19.575s] -- Symlinking: /home/pi/dabom/dabom_ws/src/install/xbox_controller/share/ament_index/resource_index/packages/xbox_controller
[19.644s] -- Symlinking: /home/pi/dabom/dabom_ws/src/install/xbox_controller/share/xbox_controller/cmake/xbox_controllerConfig.cmake
[19.749s] -- Symlinking: /home/pi/dabom/dabom_ws/src/install/xbox_controller/share/xbox_controller/cmake/xbox_controllerConfig-version.cmake
[19.858s] -- Symlinking: /home/pi/dabom/dabom_ws/src/install/xbox_controller/share/xbox_controller/package.xml
[19.918s] Invoked command in '/home/pi/dabom/dabom_ws/src/build/xbox_controller' returned '0': CMAKE_PREFIX_PATH=${CMAKE_PREFIX_PATH}:/home/pi/dabom/dabom_ws/install/dabom_bringup:/home/pi/dabom/dabom_ws/install/x_serial:/home/pi/dabom/dabom_ws/install/serial_comm:/home/pi/dabom/dabom_ws/install/odom:/home/pi/dabom/dabom_ws/install/inv_kin:/home/pi/dabom/dabom_ws/install/dabom_joy:/opt/ros/humble /usr/bin/cmake --install /home/pi/dabom/dabom_ws/src/build/xbox_controller
