[0.079s] DEBUG:colcon:Command line arguments: ['/usr/bin/colcon', 'build']
[0.079s] DEBUG:colcon:Parsed command line arguments: Namespace(log_base=None, log_level=None, verb_name='build', build_base='build', install_base='install', merge_install=False, symlink_install=False, test_result_base=None, continue_on_error=False, executor='parallel', parallel_workers=12, event_handlers=None, ignore_user_meta=False, metas=['./colcon.meta'], base_paths=['.'], packages_ignore=None, packages_ignore_regex=None, paths=None, packages_up_to=None, packages_up_to_regex=None, packages_above=None, packages_above_and_dependencies=None, packages_above_depth=None, packages_select_by_dep=None, packages_skip_by_dep=None, packages_skip_up_to=None, packages_select_build_failed=False, packages_skip_build_finished=False, packages_select_test_failures=False, packages_skip_test_passed=False, packages_select=None, packages_skip=None, packages_select_regex=None, packages_skip_regex=None, packages_start=None, packages_end=None, allow_overriding=[], cmake_args=None, cmake_target=None, cmake_target_skip_unavailable=False, cmake_clean_cache=False, cmake_clean_first=False, cmake_force_configure=False, ament_cmake_args=None, catkin_cmake_args=None, catkin_skip_building_tests=False, mixin_files=None, mixin=None, verb_parser=<colcon_mixin.mixin.mixin_argument.MixinArgumentDecorator object at 0x71eec8cb6f80>, verb_extension=<colcon_core.verb.build.BuildVerb object at 0x71eec8cb6a10>, main=<bound method BuildVerb.main of <colcon_core.verb.build.BuildVerb object at 0x71eec8cb6a10>>, mixin_verb=('build',))
[0.195s] Level 1:colcon.colcon_core.package_discovery:discover_packages(colcon_meta) check parameters
[0.195s] Level 1:colcon.colcon_core.package_discovery:discover_packages(recursive) check parameters
[0.195s] Level 1:colcon.colcon_core.package_discovery:discover_packages(ignore) check parameters
[0.195s] Level 1:colcon.colcon_core.package_discovery:discover_packages(path) check parameters
[0.195s] Level 1:colcon.colcon_core.package_discovery:discover_packages(colcon_meta) discover
[0.195s] Level 1:colcon.colcon_core.package_discovery:discover_packages(recursive) discover
[0.195s] INFO:colcon.colcon_core.package_discovery:Crawling recursively for packages in '/home/abdulhadi/ROS_Projects/Python/dabom/dabom_ws'
[0.195s] Level 1:colcon.colcon_core.package_identification:_identify(.) by extensions ['ignore', 'ignore_ament_install']
[0.195s] Level 1:colcon.colcon_core.package_identification:_identify(.) by extension 'ignore'
[0.195s] Level 1:colcon.colcon_core.package_identification:_identify(.) by extension 'ignore_ament_install'
[0.195s] Level 1:colcon.colcon_core.package_identification:_identify(.) by extensions ['colcon_pkg']
[0.195s] Level 1:colcon.colcon_core.package_identification:_identify(.) by extension 'colcon_pkg'
[0.195s] Level 1:colcon.colcon_core.package_identification:_identify(.) by extensions ['colcon_meta']
[0.195s] Level 1:colcon.colcon_core.package_identification:_identify(.) by extension 'colcon_meta'
[0.195s] Level 1:colcon.colcon_core.package_identification:_identify(.) by extensions ['ros']
[0.195s] Level 1:colcon.colcon_core.package_identification:_identify(.) by extension 'ros'
[0.203s] Level 1:colcon.colcon_core.package_identification:_identify(.) by extensions ['cmake', 'python']
[0.203s] Level 1:colcon.colcon_core.package_identification:_identify(.) by extension 'cmake'
[0.203s] Level 1:colcon.colcon_core.package_identification:_identify(.) by extension 'python'
[0.203s] Level 1:colcon.colcon_core.package_identification:_identify(.) by extensions ['python_setup_py']
[0.203s] Level 1:colcon.colcon_core.package_identification:_identify(.) by extension 'python_setup_py'
[0.203s] Level 1:colcon.colcon_core.package_identification:_identify(build) by extensions ['ignore', 'ignore_ament_install']
[0.204s] Level 1:colcon.colcon_core.package_identification:_identify(build) by extension 'ignore'
[0.204s] Level 1:colcon.colcon_core.package_identification:_identify(build) ignored
[0.204s] Level 1:colcon.colcon_core.package_identification:_identify(install) by extensions ['ignore', 'ignore_ament_install']
[0.204s] Level 1:colcon.colcon_core.package_identification:_identify(install) by extension 'ignore'
[0.204s] Level 1:colcon.colcon_core.package_identification:_identify(install) ignored
[0.204s] Level 1:colcon.colcon_core.package_identification:_identify(log) by extensions ['ignore', 'ignore_ament_install']
[0.204s] Level 1:colcon.colcon_core.package_identification:_identify(log) by extension 'ignore'
[0.204s] Level 1:colcon.colcon_core.package_identification:_identify(log) ignored
[0.204s] Level 1:colcon.colcon_core.package_identification:_identify(src) by extensions ['ignore', 'ignore_ament_install']
[0.204s] Level 1:colcon.colcon_core.package_identification:_identify(src) by extension 'ignore'
[0.204s] Level 1:colcon.colcon_core.package_identification:_identify(src) by extension 'ignore_ament_install'
[0.204s] Level 1:colcon.colcon_core.package_identification:_identify(src) by extensions ['colcon_pkg']
[0.204s] Level 1:colcon.colcon_core.package_identification:_identify(src) by extension 'colcon_pkg'
[0.204s] Level 1:colcon.colcon_core.package_identification:_identify(src) by extensions ['colcon_meta']
[0.204s] Level 1:colcon.colcon_core.package_identification:_identify(src) by extension 'colcon_meta'
[0.204s] Level 1:colcon.colcon_core.package_identification:_identify(src) by extensions ['ros']
[0.204s] Level 1:colcon.colcon_core.package_identification:_identify(src) by extension 'ros'
[0.204s] Level 1:colcon.colcon_core.package_identification:_identify(src) by extensions ['cmake', 'python']
[0.204s] Level 1:colcon.colcon_core.package_identification:_identify(src) by extension 'cmake'
[0.204s] Level 1:colcon.colcon_core.package_identification:_identify(src) by extension 'python'
[0.204s] Level 1:colcon.colcon_core.package_identification:_identify(src) by extensions ['python_setup_py']
[0.204s] Level 1:colcon.colcon_core.package_identification:_identify(src) by extension 'python_setup_py'
[0.204s] Level 1:colcon.colcon_core.package_identification:_identify(src/config) by extensions ['ignore', 'ignore_ament_install']
[0.204s] Level 1:colcon.colcon_core.package_identification:_identify(src/config) by extension 'ignore'
[0.204s] Level 1:colcon.colcon_core.package_identification:_identify(src/config) by extension 'ignore_ament_install'
[0.204s] Level 1:colcon.colcon_core.package_identification:_identify(src/config) by extensions ['colcon_pkg']
[0.204s] Level 1:colcon.colcon_core.package_identification:_identify(src/config) by extension 'colcon_pkg'
[0.205s] Level 1:colcon.colcon_core.package_identification:_identify(src/config) by extensions ['colcon_meta']
[0.205s] Level 1:colcon.colcon_core.package_identification:_identify(src/config) by extension 'colcon_meta'
[0.205s] Level 1:colcon.colcon_core.package_identification:_identify(src/config) by extensions ['ros']
[0.205s] Level 1:colcon.colcon_core.package_identification:_identify(src/config) by extension 'ros'
[0.205s] Level 1:colcon.colcon_core.package_identification:_identify(src/config) by extensions ['cmake', 'python']
[0.205s] Level 1:colcon.colcon_core.package_identification:_identify(src/config) by extension 'cmake'
[0.205s] Level 1:colcon.colcon_core.package_identification:_identify(src/config) by extension 'python'
[0.205s] Level 1:colcon.colcon_core.package_identification:_identify(src/config) by extensions ['python_setup_py']
[0.205s] Level 1:colcon.colcon_core.package_identification:_identify(src/config) by extension 'python_setup_py'
[0.205s] Level 1:colcon.colcon_core.package_identification:_identify(src/dabom_bringup) by extensions ['ignore', 'ignore_ament_install']
[0.205s] Level 1:colcon.colcon_core.package_identification:_identify(src/dabom_bringup) by extension 'ignore'
[0.205s] Level 1:colcon.colcon_core.package_identification:_identify(src/dabom_bringup) by extension 'ignore_ament_install'
[0.205s] Level 1:colcon.colcon_core.package_identification:_identify(src/dabom_bringup) by extensions ['colcon_pkg']
[0.205s] Level 1:colcon.colcon_core.package_identification:_identify(src/dabom_bringup) by extension 'colcon_pkg'
[0.205s] Level 1:colcon.colcon_core.package_identification:_identify(src/dabom_bringup) by extensions ['colcon_meta']
[0.205s] Level 1:colcon.colcon_core.package_identification:_identify(src/dabom_bringup) by extension 'colcon_meta'
[0.205s] Level 1:colcon.colcon_core.package_identification:_identify(src/dabom_bringup) by extensions ['ros']
[0.205s] Level 1:colcon.colcon_core.package_identification:_identify(src/dabom_bringup) by extension 'ros'
[0.205s] Level 1:colcon.colcon_core.package_identification:_identify(src/dabom_bringup) by extensions ['cmake', 'python']
[0.205s] Level 1:colcon.colcon_core.package_identification:_identify(src/dabom_bringup) by extension 'cmake'
[0.205s] Level 1:colcon.colcon_core.package_identification:_identify(src/dabom_bringup) by extension 'python'
[0.205s] Level 1:colcon.colcon_core.package_identification:_identify(src/dabom_bringup) by extensions ['python_setup_py']
[0.205s] Level 1:colcon.colcon_core.package_identification:_identify(src/dabom_bringup) by extension 'python_setup_py'
[0.205s] Level 1:colcon.colcon_core.package_identification:_identify(src/dabomb_description) by extensions ['ignore', 'ignore_ament_install']
[0.205s] Level 1:colcon.colcon_core.package_identification:_identify(src/dabomb_description) by extension 'ignore'
[0.205s] Level 1:colcon.colcon_core.package_identification:_identify(src/dabomb_description) by extension 'ignore_ament_install'
[0.205s] Level 1:colcon.colcon_core.package_identification:_identify(src/dabomb_description) by extensions ['colcon_pkg']
[0.205s] Level 1:colcon.colcon_core.package_identification:_identify(src/dabomb_description) by extension 'colcon_pkg'
[0.205s] Level 1:colcon.colcon_core.package_identification:_identify(src/dabomb_description) by extensions ['colcon_meta']
[0.205s] Level 1:colcon.colcon_core.package_identification:_identify(src/dabomb_description) by extension 'colcon_meta'
[0.205s] Level 1:colcon.colcon_core.package_identification:_identify(src/dabomb_description) by extensions ['ros']
[0.205s] Level 1:colcon.colcon_core.package_identification:_identify(src/dabomb_description) by extension 'ros'
[0.207s] DEBUG:colcon.colcon_core.package_identification:Package 'src/dabomb_description' with type 'ros.ament_cmake' and name 'dabomb_description'
[0.207s] Level 1:colcon.colcon_core.package_identification:_identify(src/inverse_kinematics) by extensions ['ignore', 'ignore_ament_install']
[0.208s] Level 1:colcon.colcon_core.package_identification:_identify(src/inverse_kinematics) by extension 'ignore'
[0.208s] Level 1:colcon.colcon_core.package_identification:_identify(src/inverse_kinematics) by extension 'ignore_ament_install'
[0.208s] Level 1:colcon.colcon_core.package_identification:_identify(src/inverse_kinematics) by extensions ['colcon_pkg']
[0.208s] Level 1:colcon.colcon_core.package_identification:_identify(src/inverse_kinematics) by extension 'colcon_pkg'
[0.208s] Level 1:colcon.colcon_core.package_identification:_identify(src/inverse_kinematics) by extensions ['colcon_meta']
[0.208s] Level 1:colcon.colcon_core.package_identification:_identify(src/inverse_kinematics) by extension 'colcon_meta'
[0.208s] Level 1:colcon.colcon_core.package_identification:_identify(src/inverse_kinematics) by extensions ['ros']
[0.208s] Level 1:colcon.colcon_core.package_identification:_identify(src/inverse_kinematics) by extension 'ros'
[0.208s] DEBUG:colcon.colcon_core.package_identification:Package 'src/inverse_kinematics' with type 'ros.ament_cmake' and name 'inverse_kinematics'
[0.208s] Level 1:colcon.colcon_core.package_identification:_identify(src/launch) by extensions ['ignore', 'ignore_ament_install']
[0.208s] Level 1:colcon.colcon_core.package_identification:_identify(src/launch) by extension 'ignore'
[0.208s] Level 1:colcon.colcon_core.package_identification:_identify(src/launch) by extension 'ignore_ament_install'
[0.208s] Level 1:colcon.colcon_core.package_identification:_identify(src/launch) by extensions ['colcon_pkg']
[0.208s] Level 1:colcon.colcon_core.package_identification:_identify(src/launch) by extension 'colcon_pkg'
[0.209s] Level 1:colcon.colcon_core.package_identification:_identify(src/launch) by extensions ['colcon_meta']
[0.209s] Level 1:colcon.colcon_core.package_identification:_identify(src/launch) by extension 'colcon_meta'
[0.209s] Level 1:colcon.colcon_core.package_identification:_identify(src/launch) by extensions ['ros']
[0.209s] Level 1:colcon.colcon_core.package_identification:_identify(src/launch) by extension 'ros'
[0.209s] Level 1:colcon.colcon_core.package_identification:_identify(src/launch) by extensions ['cmake', 'python']
[0.209s] Level 1:colcon.colcon_core.package_identification:_identify(src/launch) by extension 'cmake'
[0.209s] Level 1:colcon.colcon_core.package_identification:_identify(src/launch) by extension 'python'
[0.209s] Level 1:colcon.colcon_core.package_identification:_identify(src/launch) by extensions ['python_setup_py']
[0.209s] Level 1:colcon.colcon_core.package_identification:_identify(src/launch) by extension 'python_setup_py'
[0.209s] Level 1:colcon.colcon_core.package_identification:_identify(src/launch/__pycache__) by extensions ['ignore', 'ignore_ament_install']
[0.209s] Level 1:colcon.colcon_core.package_identification:_identify(src/launch/__pycache__) by extension 'ignore'
[0.209s] Level 1:colcon.colcon_core.package_identification:_identify(src/launch/__pycache__) by extension 'ignore_ament_install'
[0.209s] Level 1:colcon.colcon_core.package_identification:_identify(src/launch/__pycache__) by extensions ['colcon_pkg']
[0.209s] Level 1:colcon.colcon_core.package_identification:_identify(src/launch/__pycache__) by extension 'colcon_pkg'
[0.209s] Level 1:colcon.colcon_core.package_identification:_identify(src/launch/__pycache__) by extensions ['colcon_meta']
[0.209s] Level 1:colcon.colcon_core.package_identification:_identify(src/launch/__pycache__) by extension 'colcon_meta'
[0.209s] Level 1:colcon.colcon_core.package_identification:_identify(src/launch/__pycache__) by extensions ['ros']
[0.209s] Level 1:colcon.colcon_core.package_identification:_identify(src/launch/__pycache__) by extension 'ros'
[0.209s] Level 1:colcon.colcon_core.package_identification:_identify(src/launch/__pycache__) by extensions ['cmake', 'python']
[0.209s] Level 1:colcon.colcon_core.package_identification:_identify(src/launch/__pycache__) by extension 'cmake'
[0.209s] Level 1:colcon.colcon_core.package_identification:_identify(src/launch/__pycache__) by extension 'python'
[0.209s] Level 1:colcon.colcon_core.package_identification:_identify(src/launch/__pycache__) by extensions ['python_setup_py']
[0.209s] Level 1:colcon.colcon_core.package_identification:_identify(src/launch/__pycache__) by extension 'python_setup_py'
[0.209s] Level 1:colcon.colcon_core.package_identification:_identify(src/odom) by extensions ['ignore', 'ignore_ament_install']
[0.209s] Level 1:colcon.colcon_core.package_identification:_identify(src/odom) by extension 'ignore'
[0.209s] Level 1:colcon.colcon_core.package_identification:_identify(src/odom) by extension 'ignore_ament_install'
[0.209s] Level 1:colcon.colcon_core.package_identification:_identify(src/odom) by extensions ['colcon_pkg']
[0.209s] Level 1:colcon.colcon_core.package_identification:_identify(src/odom) by extension 'colcon_pkg'
[0.209s] Level 1:colcon.colcon_core.package_identification:_identify(src/odom) by extensions ['colcon_meta']
[0.209s] Level 1:colcon.colcon_core.package_identification:_identify(src/odom) by extension 'colcon_meta'
[0.209s] Level 1:colcon.colcon_core.package_identification:_identify(src/odom) by extensions ['ros']
[0.209s] Level 1:colcon.colcon_core.package_identification:_identify(src/odom) by extension 'ros'
[0.210s] DEBUG:colcon.colcon_core.package_identification:Package 'src/odom' with type 'ros.ament_cmake' and name 'odom'
[0.210s] Level 1:colcon.colcon_core.package_identification:_identify(src/xbox_controller) by extensions ['ignore', 'ignore_ament_install']
[0.210s] Level 1:colcon.colcon_core.package_identification:_identify(src/xbox_controller) by extension 'ignore'
[0.210s] Level 1:colcon.colcon_core.package_identification:_identify(src/xbox_controller) by extension 'ignore_ament_install'
[0.210s] Level 1:colcon.colcon_core.package_identification:_identify(src/xbox_controller) by extensions ['colcon_pkg']
[0.210s] Level 1:colcon.colcon_core.package_identification:_identify(src/xbox_controller) by extension 'colcon_pkg'
[0.210s] Level 1:colcon.colcon_core.package_identification:_identify(src/xbox_controller) by extensions ['colcon_meta']
[0.210s] Level 1:colcon.colcon_core.package_identification:_identify(src/xbox_controller) by extension 'colcon_meta'
[0.210s] Level 1:colcon.colcon_core.package_identification:_identify(src/xbox_controller) by extensions ['ros']
[0.210s] Level 1:colcon.colcon_core.package_identification:_identify(src/xbox_controller) by extension 'ros'
[0.211s] DEBUG:colcon.colcon_core.package_identification:Package 'src/xbox_controller' with type 'ros.ament_python' and name 'xbox_controller'
[0.211s] Level 1:colcon.colcon_core.package_discovery:discover_packages(recursive) using defaults
[0.211s] Level 1:colcon.colcon_core.package_discovery:discover_packages(ignore) discover
[0.211s] Level 1:colcon.colcon_core.package_discovery:discover_packages(ignore) using defaults
[0.211s] Level 1:colcon.colcon_core.package_discovery:discover_packages(path) discover
[0.211s] Level 1:colcon.colcon_core.package_discovery:discover_packages(path) using defaults
[0.234s] Level 1:colcon.colcon_core.package_discovery:discover_packages(prefix_path) check parameters
[0.234s] Level 1:colcon.colcon_core.package_discovery:discover_packages(prefix_path) discover
[0.236s] DEBUG:colcon.colcon_installed_package_information.package_discovery:Found 1 installed packages in /home/abdulhadi/ROS_Projects/Python/dabom/dabom_ws/install
[0.237s] DEBUG:colcon.colcon_installed_package_information.package_discovery:Found 407 installed packages in /opt/ros/humble
[0.239s] Level 1:colcon.colcon_core.package_discovery:discover_packages(prefix_path) using defaults
[0.276s] Level 5:colcon.colcon_core.verb:set package 'dabomb_description' build argument 'cmake_args' from command line to 'None'
[0.276s] Level 5:colcon.colcon_core.verb:set package 'dabomb_description' build argument 'cmake_target' from command line to 'None'
[0.276s] Level 5:colcon.colcon_core.verb:set package 'dabomb_description' build argument 'cmake_target_skip_unavailable' from command line to 'False'
[0.276s] Level 5:colcon.colcon_core.verb:set package 'dabomb_description' build argument 'cmake_clean_cache' from command line to 'False'
[0.276s] Level 5:colcon.colcon_core.verb:set package 'dabomb_description' build argument 'cmake_clean_first' from command line to 'False'
[0.276s] Level 5:colcon.colcon_core.verb:set package 'dabomb_description' build argument 'cmake_force_configure' from command line to 'False'
[0.276s] Level 5:colcon.colcon_core.verb:set package 'dabomb_description' build argument 'ament_cmake_args' from command line to 'None'
[0.276s] Level 5:colcon.colcon_core.verb:set package 'dabomb_description' build argument 'catkin_cmake_args' from command line to 'None'
[0.276s] Level 5:colcon.colcon_core.verb:set package 'dabomb_description' build argument 'catkin_skip_building_tests' from command line to 'False'
[0.277s] DEBUG:colcon.colcon_core.verb:Building package 'dabomb_description' with the following arguments: {'ament_cmake_args': None, 'build_base': '/home/abdulhadi/ROS_Projects/Python/dabom/dabom_ws/build/dabomb_description', 'catkin_cmake_args': None, 'catkin_skip_building_tests': False, 'cmake_args': None, 'cmake_clean_cache': False, 'cmake_clean_first': False, 'cmake_force_configure': False, 'cmake_target': None, 'cmake_target_skip_unavailable': False, 'install_base': '/home/abdulhadi/ROS_Projects/Python/dabom/dabom_ws/install/dabomb_description', 'merge_install': False, 'path': '/home/abdulhadi/ROS_Projects/Python/dabom/dabom_ws/src/dabomb_description', 'symlink_install': False, 'test_result_base': None}
[0.277s] Level 5:colcon.colcon_core.verb:set package 'inverse_kinematics' build argument 'cmake_args' from command line to 'None'
[0.277s] Level 5:colcon.colcon_core.verb:set package 'inverse_kinematics' build argument 'cmake_target' from command line to 'None'
[0.277s] Level 5:colcon.colcon_core.verb:set package 'inverse_kinematics' build argument 'cmake_target_skip_unavailable' from command line to 'False'
[0.277s] Level 5:colcon.colcon_core.verb:set package 'inverse_kinematics' build argument 'cmake_clean_cache' from command line to 'False'
[0.277s] Level 5:colcon.colcon_core.verb:set package 'inverse_kinematics' build argument 'cmake_clean_first' from command line to 'False'
[0.277s] Level 5:colcon.colcon_core.verb:set package 'inverse_kinematics' build argument 'cmake_force_configure' from command line to 'False'
[0.277s] Level 5:colcon.colcon_core.verb:set package 'inverse_kinematics' build argument 'ament_cmake_args' from command line to 'None'
[0.277s] Level 5:colcon.colcon_core.verb:set package 'inverse_kinematics' build argument 'catkin_cmake_args' from command line to 'None'
[0.277s] Level 5:colcon.colcon_core.verb:set package 'inverse_kinematics' build argument 'catkin_skip_building_tests' from command line to 'False'
[0.277s] DEBUG:colcon.colcon_core.verb:Building package 'inverse_kinematics' with the following arguments: {'ament_cmake_args': None, 'build_base': '/home/abdulhadi/ROS_Projects/Python/dabom/dabom_ws/build/inverse_kinematics', 'catkin_cmake_args': None, 'catkin_skip_building_tests': False, 'cmake_args': None, 'cmake_clean_cache': False, 'cmake_clean_first': False, 'cmake_force_configure': False, 'cmake_target': None, 'cmake_target_skip_unavailable': False, 'install_base': '/home/abdulhadi/ROS_Projects/Python/dabom/dabom_ws/install/inverse_kinematics', 'merge_install': False, 'path': '/home/abdulhadi/ROS_Projects/Python/dabom/dabom_ws/src/inverse_kinematics', 'symlink_install': False, 'test_result_base': None}
[0.277s] Level 5:colcon.colcon_core.verb:set package 'odom' build argument 'cmake_args' from command line to 'None'
[0.277s] Level 5:colcon.colcon_core.verb:set package 'odom' build argument 'cmake_target' from command line to 'None'
[0.277s] Level 5:colcon.colcon_core.verb:set package 'odom' build argument 'cmake_target_skip_unavailable' from command line to 'False'
[0.277s] Level 5:colcon.colcon_core.verb:set package 'odom' build argument 'cmake_clean_cache' from command line to 'False'
[0.277s] Level 5:colcon.colcon_core.verb:set package 'odom' build argument 'cmake_clean_first' from command line to 'False'
[0.277s] Level 5:colcon.colcon_core.verb:set package 'odom' build argument 'cmake_force_configure' from command line to 'False'
[0.277s] Level 5:colcon.colcon_core.verb:set package 'odom' build argument 'ament_cmake_args' from command line to 'None'
[0.277s] Level 5:colcon.colcon_core.verb:set package 'odom' build argument 'catkin_cmake_args' from command line to 'None'
[0.277s] Level 5:colcon.colcon_core.verb:set package 'odom' build argument 'catkin_skip_building_tests' from command line to 'False'
[0.277s] DEBUG:colcon.colcon_core.verb:Building package 'odom' with the following arguments: {'ament_cmake_args': None, 'build_base': '/home/abdulhadi/ROS_Projects/Python/dabom/dabom_ws/build/odom', 'catkin_cmake_args': None, 'catkin_skip_building_tests': False, 'cmake_args': None, 'cmake_clean_cache': False, 'cmake_clean_first': False, 'cmake_force_configure': False, 'cmake_target': None, 'cmake_target_skip_unavailable': False, 'install_base': '/home/abdulhadi/ROS_Projects/Python/dabom/dabom_ws/install/odom', 'merge_install': False, 'path': '/home/abdulhadi/ROS_Projects/Python/dabom/dabom_ws/src/odom', 'symlink_install': False, 'test_result_base': None}
[0.278s] Level 5:colcon.colcon_core.verb:set package 'xbox_controller' build argument 'cmake_args' from command line to 'None'
[0.278s] Level 5:colcon.colcon_core.verb:set package 'xbox_controller' build argument 'cmake_target' from command line to 'None'
[0.278s] Level 5:colcon.colcon_core.verb:set package 'xbox_controller' build argument 'cmake_target_skip_unavailable' from command line to 'False'
[0.278s] Level 5:colcon.colcon_core.verb:set package 'xbox_controller' build argument 'cmake_clean_cache' from command line to 'False'
[0.278s] Level 5:colcon.colcon_core.verb:set package 'xbox_controller' build argument 'cmake_clean_first' from command line to 'False'
[0.278s] Level 5:colcon.colcon_core.verb:set package 'xbox_controller' build argument 'cmake_force_configure' from command line to 'False'
[0.278s] Level 5:colcon.colcon_core.verb:set package 'xbox_controller' build argument 'ament_cmake_args' from command line to 'None'
[0.278s] Level 5:colcon.colcon_core.verb:set package 'xbox_controller' build argument 'catkin_cmake_args' from command line to 'None'
[0.278s] Level 5:colcon.colcon_core.verb:set package 'xbox_controller' build argument 'catkin_skip_building_tests' from command line to 'False'
[0.278s] DEBUG:colcon.colcon_core.verb:Building package 'xbox_controller' with the following arguments: {'ament_cmake_args': None, 'build_base': '/home/abdulhadi/ROS_Projects/Python/dabom/dabom_ws/build/xbox_controller', 'catkin_cmake_args': None, 'catkin_skip_building_tests': False, 'cmake_args': None, 'cmake_clean_cache': False, 'cmake_clean_first': False, 'cmake_force_configure': False, 'cmake_target': None, 'cmake_target_skip_unavailable': False, 'install_base': '/home/abdulhadi/ROS_Projects/Python/dabom/dabom_ws/install/xbox_controller', 'merge_install': False, 'path': '/home/abdulhadi/ROS_Projects/Python/dabom/dabom_ws/src/xbox_controller', 'symlink_install': False, 'test_result_base': None}
[0.278s] INFO:colcon.colcon_core.executor:Executing jobs using 'parallel' executor
[0.279s] DEBUG:colcon.colcon_parallel_executor.executor.parallel:run_until_complete
[0.279s] INFO:colcon.colcon_ros.task.ament_cmake.build:Building ROS package in '/home/abdulhadi/ROS_Projects/Python/dabom/dabom_ws/src/dabomb_description' with build type 'ament_cmake'
[0.280s] INFO:colcon.colcon_cmake.task.cmake.build:Building CMake package in '/home/abdulhadi/ROS_Projects/Python/dabom/dabom_ws/src/dabomb_description'
[0.281s] INFO:colcon.colcon_core.plugin_system:Skipping extension 'colcon_core.shell.bat': Not used on non-Windows systems
[0.281s] INFO:colcon.colcon_core.shell:Skip shell extension 'powershell' for command environment: Not usable outside of PowerShell
[0.281s] DEBUG:colcon.colcon_core.shell:Skip shell extension 'dsv' for command environment
[0.284s] INFO:colcon.colcon_ros.task.ament_cmake.build:Building ROS package in '/home/abdulhadi/ROS_Projects/Python/dabom/dabom_ws/src/inverse_kinematics' with build type 'ament_cmake'
[0.284s] INFO:colcon.colcon_cmake.task.cmake.build:Building CMake package in '/home/abdulhadi/ROS_Projects/Python/dabom/dabom_ws/src/inverse_kinematics'
[0.285s] INFO:colcon.colcon_core.shell:Skip shell extension 'powershell' for command environment: Not usable outside of PowerShell
[0.285s] DEBUG:colcon.colcon_core.shell:Skip shell extension 'dsv' for command environment
[0.287s] INFO:colcon.colcon_ros.task.ament_cmake.build:Building ROS package in '/home/abdulhadi/ROS_Projects/Python/dabom/dabom_ws/src/odom' with build type 'ament_cmake'
[0.287s] INFO:colcon.colcon_cmake.task.cmake.build:Building CMake package in '/home/abdulhadi/ROS_Projects/Python/dabom/dabom_ws/src/odom'
[0.287s] INFO:colcon.colcon_core.shell:Skip shell extension 'powershell' for command environment: Not usable outside of PowerShell
[0.287s] DEBUG:colcon.colcon_core.shell:Skip shell extension 'dsv' for command environment
[0.290s] INFO:colcon.colcon_ros.task.ament_python.build:Building ROS package in '/home/abdulhadi/ROS_Projects/Python/dabom/dabom_ws/src/xbox_controller' with build type 'ament_python'
[0.290s] Level 1:colcon.colcon_core.shell:create_environment_hook('xbox_controller', 'ament_prefix_path')
[0.290s] INFO:colcon.colcon_core.shell:Creating environment hook '/home/abdulhadi/ROS_Projects/Python/dabom/dabom_ws/install/xbox_controller/share/xbox_controller/hook/ament_prefix_path.ps1'
[0.291s] INFO:colcon.colcon_core.shell:Creating environment descriptor '/home/abdulhadi/ROS_Projects/Python/dabom/dabom_ws/install/xbox_controller/share/xbox_controller/hook/ament_prefix_path.dsv'
[0.292s] INFO:colcon.colcon_core.shell:Creating environment hook '/home/abdulhadi/ROS_Projects/Python/dabom/dabom_ws/install/xbox_controller/share/xbox_controller/hook/ament_prefix_path.sh'
[0.292s] INFO:colcon.colcon_core.shell:Skip shell extension 'powershell' for command environment: Not usable outside of PowerShell
[0.292s] DEBUG:colcon.colcon_core.shell:Skip shell extension 'dsv' for command environment
[0.299s] DEBUG:colcon.colcon_core.event_handler.log_command:Invoking command in '/home/abdulhadi/ROS_Projects/Python/dabom/dabom_ws/build/dabomb_description': CMAKE_PREFIX_PATH=${CMAKE_PREFIX_PATH}:/opt/ros/humble /usr/bin/cmake /home/abdulhadi/ROS_Projects/Python/dabom/dabom_ws/src/dabomb_description -DCMAKE_INSTALL_PREFIX=/home/abdulhadi/ROS_Projects/Python/dabom/dabom_ws/install/dabomb_description
[0.301s] DEBUG:colcon.colcon_core.event_handler.log_command:Invoking command in '/home/abdulhadi/ROS_Projects/Python/dabom/dabom_ws/build/inverse_kinematics': CMAKE_PREFIX_PATH=${CMAKE_PREFIX_PATH}:/opt/ros/humble /usr/bin/cmake --build /home/abdulhadi/ROS_Projects/Python/dabom/dabom_ws/build/inverse_kinematics -- -j12 -l12
[0.303s] DEBUG:colcon.colcon_core.event_handler.log_command:Invoking command in '/home/abdulhadi/ROS_Projects/Python/dabom/dabom_ws/build/odom': CMAKE_PREFIX_PATH=${CMAKE_PREFIX_PATH}:/opt/ros/humble /usr/bin/cmake --build /home/abdulhadi/ROS_Projects/Python/dabom/dabom_ws/build/odom -- -j12 -l12
[0.495s] INFO:colcon.colcon_core.task.python.build:Building Python package in '/home/abdulhadi/ROS_Projects/Python/dabom/dabom_ws/src/xbox_controller'
[0.495s] INFO:colcon.colcon_core.shell:Skip shell extension 'powershell' for command environment: Not usable outside of PowerShell
[0.495s] DEBUG:colcon.colcon_core.shell:Skip shell extension 'dsv' for command environment
[0.498s] DEBUG:colcon.colcon_core.event_handler.log_command:Invoked command in '/home/abdulhadi/ROS_Projects/Python/dabom/dabom_ws/build/inverse_kinematics' returned '0': CMAKE_PREFIX_PATH=${CMAKE_PREFIX_PATH}:/opt/ros/humble /usr/bin/cmake --build /home/abdulhadi/ROS_Projects/Python/dabom/dabom_ws/build/inverse_kinematics -- -j12 -l12
[0.499s] DEBUG:colcon.colcon_core.event_handler.log_command:Invoked command in '/home/abdulhadi/ROS_Projects/Python/dabom/dabom_ws/build/odom' returned '0': CMAKE_PREFIX_PATH=${CMAKE_PREFIX_PATH}:/opt/ros/humble /usr/bin/cmake --build /home/abdulhadi/ROS_Projects/Python/dabom/dabom_ws/build/odom -- -j12 -l12
[0.521s] DEBUG:colcon.colcon_core.event_handler.log_command:Invoking command in '/home/abdulhadi/ROS_Projects/Python/dabom/dabom_ws/build/inverse_kinematics': CMAKE_PREFIX_PATH=${CMAKE_PREFIX_PATH}:/opt/ros/humble /usr/bin/cmake --install /home/abdulhadi/ROS_Projects/Python/dabom/dabom_ws/build/inverse_kinematics
[0.523s] DEBUG:colcon.colcon_core.event_handler.log_command:Invoking command in '/home/abdulhadi/ROS_Projects/Python/dabom/dabom_ws/build/odom': CMAKE_PREFIX_PATH=${CMAKE_PREFIX_PATH}:/opt/ros/humble /usr/bin/cmake --install /home/abdulhadi/ROS_Projects/Python/dabom/dabom_ws/build/odom
[0.529s] Level 1:colcon.colcon_core.environment:create_environment_scripts_only(inverse_kinematics)
[0.530s] DEBUG:colcon.colcon_core.event_handler.log_command:Invoked command in '/home/abdulhadi/ROS_Projects/Python/dabom/dabom_ws/build/inverse_kinematics' returned '0': CMAKE_PREFIX_PATH=${CMAKE_PREFIX_PATH}:/opt/ros/humble /usr/bin/cmake --install /home/abdulhadi/ROS_Projects/Python/dabom/dabom_ws/build/inverse_kinematics
[0.531s] Level 1:colcon.colcon_core.environment:checking '/home/abdulhadi/ROS_Projects/Python/dabom/dabom_ws/install/inverse_kinematics' for CMake module files
[0.531s] Level 1:colcon.colcon_core.environment:checking '/home/abdulhadi/ROS_Projects/Python/dabom/dabom_ws/install/inverse_kinematics' for CMake config files
[0.532s] Level 1:colcon.colcon_core.shell:create_environment_hook('inverse_kinematics', 'cmake_prefix_path')
[0.532s] INFO:colcon.colcon_core.shell:Creating environment hook '/home/abdulhadi/ROS_Projects/Python/dabom/dabom_ws/install/inverse_kinematics/share/inverse_kinematics/hook/cmake_prefix_path.ps1'
[0.532s] INFO:colcon.colcon_core.shell:Creating environment descriptor '/home/abdulhadi/ROS_Projects/Python/dabom/dabom_ws/install/inverse_kinematics/share/inverse_kinematics/hook/cmake_prefix_path.dsv'
[0.532s] INFO:colcon.colcon_core.shell:Creating environment hook '/home/abdulhadi/ROS_Projects/Python/dabom/dabom_ws/install/inverse_kinematics/share/inverse_kinematics/hook/cmake_prefix_path.sh'
[0.533s] Level 1:colcon.colcon_core.environment:checking '/home/abdulhadi/ROS_Projects/Python/dabom/dabom_ws/install/inverse_kinematics/lib'
[0.533s] Level 1:colcon.colcon_core.environment:checking '/home/abdulhadi/ROS_Projects/Python/dabom/dabom_ws/install/inverse_kinematics/bin'
[0.533s] Level 1:colcon.colcon_core.environment:checking '/home/abdulhadi/ROS_Projects/Python/dabom/dabom_ws/install/inverse_kinematics/lib/pkgconfig/inverse_kinematics.pc'
[0.533s] Level 1:colcon.colcon_core.environment:checking '/home/abdulhadi/ROS_Projects/Python/dabom/dabom_ws/install/inverse_kinematics/lib/python3.10/site-packages'
[0.534s] Level 1:colcon.colcon_core.environment:checking '/home/abdulhadi/ROS_Projects/Python/dabom/dabom_ws/install/inverse_kinematics/bin'
[0.534s] INFO:colcon.colcon_core.shell:Creating package script '/home/abdulhadi/ROS_Projects/Python/dabom/dabom_ws/install/inverse_kinematics/share/inverse_kinematics/package.ps1'
[0.534s] INFO:colcon.colcon_core.shell:Creating package descriptor '/home/abdulhadi/ROS_Projects/Python/dabom/dabom_ws/install/inverse_kinematics/share/inverse_kinematics/package.dsv'
[0.535s] INFO:colcon.colcon_core.shell:Creating package script '/home/abdulhadi/ROS_Projects/Python/dabom/dabom_ws/install/inverse_kinematics/share/inverse_kinematics/package.sh'
[0.536s] INFO:colcon.colcon_core.shell:Creating package script '/home/abdulhadi/ROS_Projects/Python/dabom/dabom_ws/install/inverse_kinematics/share/inverse_kinematics/package.bash'
[0.536s] INFO:colcon.colcon_core.shell:Creating package script '/home/abdulhadi/ROS_Projects/Python/dabom/dabom_ws/install/inverse_kinematics/share/inverse_kinematics/package.zsh'
[0.536s] Level 1:colcon.colcon_core.environment:create_file_with_runtime_dependencies(/home/abdulhadi/ROS_Projects/Python/dabom/dabom_ws/install/inverse_kinematics/share/colcon-core/packages/inverse_kinematics)
[0.538s] Level 1:colcon.colcon_core.environment:create_environment_scripts_only(odom)
[0.538s] Level 1:colcon.colcon_core.environment:checking '/home/abdulhadi/ROS_Projects/Python/dabom/dabom_ws/install/odom' for CMake module files
[0.538s] DEBUG:colcon.colcon_core.event_handler.log_command:Invoked command in '/home/abdulhadi/ROS_Projects/Python/dabom/dabom_ws/build/odom' returned '0': CMAKE_PREFIX_PATH=${CMAKE_PREFIX_PATH}:/opt/ros/humble /usr/bin/cmake --install /home/abdulhadi/ROS_Projects/Python/dabom/dabom_ws/build/odom
[0.538s] Level 1:colcon.colcon_core.environment:checking '/home/abdulhadi/ROS_Projects/Python/dabom/dabom_ws/install/odom' for CMake config files
[0.538s] Level 1:colcon.colcon_core.shell:create_environment_hook('odom', 'cmake_prefix_path')
[0.539s] INFO:colcon.colcon_core.shell:Creating environment hook '/home/abdulhadi/ROS_Projects/Python/dabom/dabom_ws/install/odom/share/odom/hook/cmake_prefix_path.ps1'
[0.539s] INFO:colcon.colcon_core.shell:Creating environment descriptor '/home/abdulhadi/ROS_Projects/Python/dabom/dabom_ws/install/odom/share/odom/hook/cmake_prefix_path.dsv'
[0.539s] INFO:colcon.colcon_core.shell:Creating environment hook '/home/abdulhadi/ROS_Projects/Python/dabom/dabom_ws/install/odom/share/odom/hook/cmake_prefix_path.sh'
[0.540s] Level 1:colcon.colcon_core.environment:checking '/home/abdulhadi/ROS_Projects/Python/dabom/dabom_ws/install/odom/lib'
[0.540s] Level 1:colcon.colcon_core.environment:checking '/home/abdulhadi/ROS_Projects/Python/dabom/dabom_ws/install/odom/bin'
[0.540s] Level 1:colcon.colcon_core.environment:checking '/home/abdulhadi/ROS_Projects/Python/dabom/dabom_ws/install/odom/lib/pkgconfig/odom.pc'
[0.540s] Level 1:colcon.colcon_core.environment:checking '/home/abdulhadi/ROS_Projects/Python/dabom/dabom_ws/install/odom/lib/python3.10/site-packages'
[0.540s] Level 1:colcon.colcon_core.environment:checking '/home/abdulhadi/ROS_Projects/Python/dabom/dabom_ws/install/odom/bin'
[0.540s] INFO:colcon.colcon_core.shell:Creating package script '/home/abdulhadi/ROS_Projects/Python/dabom/dabom_ws/install/odom/share/odom/package.ps1'
[0.541s] INFO:colcon.colcon_core.shell:Creating package descriptor '/home/abdulhadi/ROS_Projects/Python/dabom/dabom_ws/install/odom/share/odom/package.dsv'
[0.541s] INFO:colcon.colcon_core.shell:Creating package script '/home/abdulhadi/ROS_Projects/Python/dabom/dabom_ws/install/odom/share/odom/package.sh'
[0.541s] INFO:colcon.colcon_core.shell:Creating package script '/home/abdulhadi/ROS_Projects/Python/dabom/dabom_ws/install/odom/share/odom/package.bash'
[0.542s] INFO:colcon.colcon_core.shell:Creating package script '/home/abdulhadi/ROS_Projects/Python/dabom/dabom_ws/install/odom/share/odom/package.zsh'
[0.542s] Level 1:colcon.colcon_core.environment:create_file_with_runtime_dependencies(/home/abdulhadi/ROS_Projects/Python/dabom/dabom_ws/install/odom/share/colcon-core/packages/odom)
[0.552s] Level 1:colcon.colcon_core.environment:create_environment_scripts_only(inverse_kinematics)
[0.552s] Level 1:colcon.colcon_core.environment:checking '/home/abdulhadi/ROS_Projects/Python/dabom/dabom_ws/install/inverse_kinematics' for CMake module files
[0.552s] Level 1:colcon.colcon_core.environment:checking '/home/abdulhadi/ROS_Projects/Python/dabom/dabom_ws/install/inverse_kinematics' for CMake config files
[0.552s] Level 1:colcon.colcon_core.shell:create_environment_hook('inverse_kinematics', 'cmake_prefix_path')
[0.553s] INFO:colcon.colcon_core.shell:Creating environment hook '/home/abdulhadi/ROS_Projects/Python/dabom/dabom_ws/install/inverse_kinematics/share/inverse_kinematics/hook/cmake_prefix_path.ps1'
[0.553s] INFO:colcon.colcon_core.shell:Creating environment descriptor '/home/abdulhadi/ROS_Projects/Python/dabom/dabom_ws/install/inverse_kinematics/share/inverse_kinematics/hook/cmake_prefix_path.dsv'
[0.553s] INFO:colcon.colcon_core.shell:Creating environment hook '/home/abdulhadi/ROS_Projects/Python/dabom/dabom_ws/install/inverse_kinematics/share/inverse_kinematics/hook/cmake_prefix_path.sh'
[0.554s] Level 1:colcon.colcon_core.environment:checking '/home/abdulhadi/ROS_Projects/Python/dabom/dabom_ws/install/inverse_kinematics/lib'
[0.554s] Level 1:colcon.colcon_core.environment:checking '/home/abdulhadi/ROS_Projects/Python/dabom/dabom_ws/install/inverse_kinematics/bin'
[0.554s] Level 1:colcon.colcon_core.environment:checking '/home/abdulhadi/ROS_Projects/Python/dabom/dabom_ws/install/inverse_kinematics/lib/pkgconfig/inverse_kinematics.pc'
[0.554s] Level 1:colcon.colcon_core.environment:checking '/home/abdulhadi/ROS_Projects/Python/dabom/dabom_ws/install/inverse_kinematics/lib/python3.10/site-packages'
[0.554s] Level 1:colcon.colcon_core.environment:checking '/home/abdulhadi/ROS_Projects/Python/dabom/dabom_ws/install/inverse_kinematics/bin'
[0.554s] INFO:colcon.colcon_core.shell:Creating package script '/home/abdulhadi/ROS_Projects/Python/dabom/dabom_ws/install/inverse_kinematics/share/inverse_kinematics/package.ps1'
[0.555s] INFO:colcon.colcon_core.shell:Creating package descriptor '/home/abdulhadi/ROS_Projects/Python/dabom/dabom_ws/install/inverse_kinematics/share/inverse_kinematics/package.dsv'
[0.555s] INFO:colcon.colcon_core.shell:Creating package script '/home/abdulhadi/ROS_Projects/Python/dabom/dabom_ws/install/inverse_kinematics/share/inverse_kinematics/package.sh'
[0.555s] INFO:colcon.colcon_core.shell:Creating package script '/home/abdulhadi/ROS_Projects/Python/dabom/dabom_ws/install/inverse_kinematics/share/inverse_kinematics/package.bash'
[0.555s] INFO:colcon.colcon_core.shell:Creating package script '/home/abdulhadi/ROS_Projects/Python/dabom/dabom_ws/install/inverse_kinematics/share/inverse_kinematics/package.zsh'
[0.556s] Level 1:colcon.colcon_core.environment:create_file_with_runtime_dependencies(/home/abdulhadi/ROS_Projects/Python/dabom/dabom_ws/install/inverse_kinematics/share/colcon-core/packages/inverse_kinematics)
[0.558s] Level 1:colcon.colcon_core.environment:create_environment_scripts_only(odom)
[0.558s] Level 1:colcon.colcon_core.environment:checking '/home/abdulhadi/ROS_Projects/Python/dabom/dabom_ws/install/odom' for CMake module files
[0.558s] Level 1:colcon.colcon_core.environment:checking '/home/abdulhadi/ROS_Projects/Python/dabom/dabom_ws/install/odom' for CMake config files
[0.558s] Level 1:colcon.colcon_core.shell:create_environment_hook('odom', 'cmake_prefix_path')
[0.559s] INFO:colcon.colcon_core.shell:Creating environment hook '/home/abdulhadi/ROS_Projects/Python/dabom/dabom_ws/install/odom/share/odom/hook/cmake_prefix_path.ps1'
[0.559s] INFO:colcon.colcon_core.shell:Creating environment descriptor '/home/abdulhadi/ROS_Projects/Python/dabom/dabom_ws/install/odom/share/odom/hook/cmake_prefix_path.dsv'
[0.559s] INFO:colcon.colcon_core.shell:Creating environment hook '/home/abdulhadi/ROS_Projects/Python/dabom/dabom_ws/install/odom/share/odom/hook/cmake_prefix_path.sh'
[0.559s] Level 1:colcon.colcon_core.environment:checking '/home/abdulhadi/ROS_Projects/Python/dabom/dabom_ws/install/odom/lib'
[0.559s] Level 1:colcon.colcon_core.environment:checking '/home/abdulhadi/ROS_Projects/Python/dabom/dabom_ws/install/odom/bin'
[0.559s] Level 1:colcon.colcon_core.environment:checking '/home/abdulhadi/ROS_Projects/Python/dabom/dabom_ws/install/odom/lib/pkgconfig/odom.pc'
[0.560s] Level 1:colcon.colcon_core.environment:checking '/home/abdulhadi/ROS_Projects/Python/dabom/dabom_ws/install/odom/lib/python3.10/site-packages'
[0.560s] Level 1:colcon.colcon_core.environment:checking '/home/abdulhadi/ROS_Projects/Python/dabom/dabom_ws/install/odom/bin'
[0.560s] INFO:colcon.colcon_core.shell:Creating package script '/home/abdulhadi/ROS_Projects/Python/dabom/dabom_ws/install/odom/share/odom/package.ps1'
[0.560s] INFO:colcon.colcon_core.shell:Creating package descriptor '/home/abdulhadi/ROS_Projects/Python/dabom/dabom_ws/install/odom/share/odom/package.dsv'
[0.561s] INFO:colcon.colcon_core.shell:Creating package script '/home/abdulhadi/ROS_Projects/Python/dabom/dabom_ws/install/odom/share/odom/package.sh'
[0.561s] INFO:colcon.colcon_core.shell:Creating package script '/home/abdulhadi/ROS_Projects/Python/dabom/dabom_ws/install/odom/share/odom/package.bash'
[0.561s] INFO:colcon.colcon_core.shell:Creating package script '/home/abdulhadi/ROS_Projects/Python/dabom/dabom_ws/install/odom/share/odom/package.zsh'
[0.561s] Level 1:colcon.colcon_core.environment:create_file_with_runtime_dependencies(/home/abdulhadi/ROS_Projects/Python/dabom/dabom_ws/install/odom/share/colcon-core/packages/odom)
[0.770s] DEBUG:colcon.colcon_core.event_handler.log_command:Invoking command in '/home/abdulhadi/ROS_Projects/Python/dabom/dabom_ws/src/xbox_controller': PYTHONPATH=/home/abdulhadi/ROS_Projects/Python/dabom/dabom_ws/build/xbox_controller/prefix_override:/usr/lib/python3/dist-packages/colcon_core/task/python/colcon_distutils_commands:/home/abdulhadi/ROS_Projects/Python/dabom/dabom_ws/install/xbox_controller/lib/python3.10/site-packages:${PYTHONPATH} /usr/bin/python3 -W ignore:setup.py install is deprecated setup.py egg_info --egg-base ../../build/xbox_controller build --build-base /home/abdulhadi/ROS_Projects/Python/dabom/dabom_ws/build/xbox_controller/build install --record /home/abdulhadi/ROS_Projects/Python/dabom/dabom_ws/build/xbox_controller/install.log --single-version-externally-managed install_data
[0.995s] Level 1:colcon.colcon_core.environment:checking '/home/abdulhadi/ROS_Projects/Python/dabom/dabom_ws/install/xbox_controller' for CMake module files
[0.995s] DEBUG:colcon.colcon_core.event_handler.log_command:Invoked command in '/home/abdulhadi/ROS_Projects/Python/dabom/dabom_ws/src/xbox_controller' returned '0': PYTHONPATH=/home/abdulhadi/ROS_Projects/Python/dabom/dabom_ws/build/xbox_controller/prefix_override:/usr/lib/python3/dist-packages/colcon_core/task/python/colcon_distutils_commands:/home/abdulhadi/ROS_Projects/Python/dabom/dabom_ws/install/xbox_controller/lib/python3.10/site-packages:${PYTHONPATH} /usr/bin/python3 -W ignore:setup.py install is deprecated setup.py egg_info --egg-base ../../build/xbox_controller build --build-base /home/abdulhadi/ROS_Projects/Python/dabom/dabom_ws/build/xbox_controller/build install --record /home/abdulhadi/ROS_Projects/Python/dabom/dabom_ws/build/xbox_controller/install.log --single-version-externally-managed install_data
[0.995s] Level 1:colcon.colcon_core.environment:checking '/home/abdulhadi/ROS_Projects/Python/dabom/dabom_ws/install/xbox_controller' for CMake config files
[0.996s] Level 1:colcon.colcon_core.environment:checking '/home/abdulhadi/ROS_Projects/Python/dabom/dabom_ws/install/xbox_controller/lib'
[0.996s] Level 1:colcon.colcon_core.environment:checking '/home/abdulhadi/ROS_Projects/Python/dabom/dabom_ws/install/xbox_controller/bin'
[0.996s] Level 1:colcon.colcon_core.environment:checking '/home/abdulhadi/ROS_Projects/Python/dabom/dabom_ws/install/xbox_controller/lib/pkgconfig/xbox_controller.pc'
[0.996s] Level 1:colcon.colcon_core.environment:checking '/home/abdulhadi/ROS_Projects/Python/dabom/dabom_ws/install/xbox_controller/lib/python3.10/site-packages'
[0.996s] Level 1:colcon.colcon_core.shell:create_environment_hook('xbox_controller', 'pythonpath')
[0.997s] INFO:colcon.colcon_core.shell:Creating environment hook '/home/abdulhadi/ROS_Projects/Python/dabom/dabom_ws/install/xbox_controller/share/xbox_controller/hook/pythonpath.ps1'
[0.997s] INFO:colcon.colcon_core.shell:Creating environment descriptor '/home/abdulhadi/ROS_Projects/Python/dabom/dabom_ws/install/xbox_controller/share/xbox_controller/hook/pythonpath.dsv'
[0.998s] INFO:colcon.colcon_core.shell:Creating environment hook '/home/abdulhadi/ROS_Projects/Python/dabom/dabom_ws/install/xbox_controller/share/xbox_controller/hook/pythonpath.sh'
[0.998s] Level 1:colcon.colcon_core.environment:checking '/home/abdulhadi/ROS_Projects/Python/dabom/dabom_ws/install/xbox_controller/bin'
[0.998s] Level 1:colcon.colcon_core.environment:create_environment_scripts_only(xbox_controller)
[0.998s] INFO:colcon.colcon_core.shell:Creating package script '/home/abdulhadi/ROS_Projects/Python/dabom/dabom_ws/install/xbox_controller/share/xbox_controller/package.ps1'
[0.999s] INFO:colcon.colcon_core.shell:Creating package descriptor '/home/abdulhadi/ROS_Projects/Python/dabom/dabom_ws/install/xbox_controller/share/xbox_controller/package.dsv'
[0.999s] INFO:colcon.colcon_core.shell:Creating package script '/home/abdulhadi/ROS_Projects/Python/dabom/dabom_ws/install/xbox_controller/share/xbox_controller/package.sh'
[0.999s] INFO:colcon.colcon_core.shell:Creating package script '/home/abdulhadi/ROS_Projects/Python/dabom/dabom_ws/install/xbox_controller/share/xbox_controller/package.bash'
[0.999s] INFO:colcon.colcon_core.shell:Creating package script '/home/abdulhadi/ROS_Projects/Python/dabom/dabom_ws/install/xbox_controller/share/xbox_controller/package.zsh'
[1.000s] Level 1:colcon.colcon_core.environment:create_file_with_runtime_dependencies(/home/abdulhadi/ROS_Projects/Python/dabom/dabom_ws/install/xbox_controller/share/colcon-core/packages/xbox_controller)
[2.288s] DEBUG:colcon.colcon_core.event_handler.log_command:Invoked command in '/home/abdulhadi/ROS_Projects/Python/dabom/dabom_ws/build/dabomb_description' returned '0': CMAKE_PREFIX_PATH=${CMAKE_PREFIX_PATH}:/opt/ros/humble /usr/bin/cmake /home/abdulhadi/ROS_Projects/Python/dabom/dabom_ws/src/dabomb_description -DCMAKE_INSTALL_PREFIX=/home/abdulhadi/ROS_Projects/Python/dabom/dabom_ws/install/dabomb_description
[2.289s] DEBUG:colcon.colcon_core.event_handler.log_command:Invoking command in '/home/abdulhadi/ROS_Projects/Python/dabom/dabom_ws/build/dabomb_description': CMAKE_PREFIX_PATH=${CMAKE_PREFIX_PATH}:/opt/ros/humble /usr/bin/cmake --build /home/abdulhadi/ROS_Projects/Python/dabom/dabom_ws/build/dabomb_description -- -j12 -l12
[2.320s] DEBUG:colcon.colcon_core.event_handler.log_command:Invoked command in '/home/abdulhadi/ROS_Projects/Python/dabom/dabom_ws/build/dabomb_description' returned '0': CMAKE_PREFIX_PATH=${CMAKE_PREFIX_PATH}:/opt/ros/humble /usr/bin/cmake --build /home/abdulhadi/ROS_Projects/Python/dabom/dabom_ws/build/dabomb_description -- -j12 -l12
[2.336s] DEBUG:colcon.colcon_core.event_handler.log_command:Invoking command in '/home/abdulhadi/ROS_Projects/Python/dabom/dabom_ws/build/dabomb_description': CMAKE_PREFIX_PATH=${CMAKE_PREFIX_PATH}:/opt/ros/humble /usr/bin/cmake --install /home/abdulhadi/ROS_Projects/Python/dabom/dabom_ws/build/dabomb_description
[2.359s] Level 1:colcon.colcon_core.environment:create_environment_scripts_only(dabomb_description)
[2.359s] Level 1:colcon.colcon_core.environment:checking '/home/abdulhadi/ROS_Projects/Python/dabom/dabom_ws/install/dabomb_description' for CMake module files
[2.360s] DEBUG:colcon.colcon_core.event_handler.log_command:Invoked command in '/home/abdulhadi/ROS_Projects/Python/dabom/dabom_ws/build/dabomb_description' returned '0': CMAKE_PREFIX_PATH=${CMAKE_PREFIX_PATH}:/opt/ros/humble /usr/bin/cmake --install /home/abdulhadi/ROS_Projects/Python/dabom/dabom_ws/build/dabomb_description
[2.360s] Level 1:colcon.colcon_core.environment:checking '/home/abdulhadi/ROS_Projects/Python/dabom/dabom_ws/install/dabomb_description' for CMake config files
[2.360s] Level 1:colcon.colcon_core.shell:create_environment_hook('dabomb_description', 'cmake_prefix_path')
[2.360s] INFO:colcon.colcon_core.shell:Creating environment hook '/home/abdulhadi/ROS_Projects/Python/dabom/dabom_ws/install/dabomb_description/share/dabomb_description/hook/cmake_prefix_path.ps1'
[2.361s] INFO:colcon.colcon_core.shell:Creating environment descriptor '/home/abdulhadi/ROS_Projects/Python/dabom/dabom_ws/install/dabomb_description/share/dabomb_description/hook/cmake_prefix_path.dsv'
[2.361s] INFO:colcon.colcon_core.shell:Creating environment hook '/home/abdulhadi/ROS_Projects/Python/dabom/dabom_ws/install/dabomb_description/share/dabomb_description/hook/cmake_prefix_path.sh'
[2.361s] Level 1:colcon.colcon_core.environment:checking '/home/abdulhadi/ROS_Projects/Python/dabom/dabom_ws/install/dabomb_description/bin'
[2.361s] Level 1:colcon.colcon_core.environment:checking '/home/abdulhadi/ROS_Projects/Python/dabom/dabom_ws/install/dabomb_description/lib/pkgconfig/dabomb_description.pc'
[2.361s] Level 1:colcon.colcon_core.environment:checking '/home/abdulhadi/ROS_Projects/Python/dabom/dabom_ws/install/dabomb_description/lib/python3.10/site-packages'
[2.362s] Level 1:colcon.colcon_core.environment:checking '/home/abdulhadi/ROS_Projects/Python/dabom/dabom_ws/install/dabomb_description/bin'
[2.362s] INFO:colcon.colcon_core.shell:Creating package script '/home/abdulhadi/ROS_Projects/Python/dabom/dabom_ws/install/dabomb_description/share/dabomb_description/package.ps1'
[2.362s] INFO:colcon.colcon_core.shell:Creating package descriptor '/home/abdulhadi/ROS_Projects/Python/dabom/dabom_ws/install/dabomb_description/share/dabomb_description/package.dsv'
[2.362s] INFO:colcon.colcon_core.shell:Creating package script '/home/abdulhadi/ROS_Projects/Python/dabom/dabom_ws/install/dabomb_description/share/dabomb_description/package.sh'
[2.363s] INFO:colcon.colcon_core.shell:Creating package script '/home/abdulhadi/ROS_Projects/Python/dabom/dabom_ws/install/dabomb_description/share/dabomb_description/package.bash'
[2.363s] INFO:colcon.colcon_core.shell:Creating package script '/home/abdulhadi/ROS_Projects/Python/dabom/dabom_ws/install/dabomb_description/share/dabomb_description/package.zsh'
[2.363s] Level 1:colcon.colcon_core.environment:create_file_with_runtime_dependencies(/home/abdulhadi/ROS_Projects/Python/dabom/dabom_ws/install/dabomb_description/share/colcon-core/packages/dabomb_description)
[2.380s] Level 1:colcon.colcon_core.environment:create_environment_scripts_only(dabomb_description)
[2.381s] Level 1:colcon.colcon_core.environment:checking '/home/abdulhadi/ROS_Projects/Python/dabom/dabom_ws/install/dabomb_description' for CMake module files
[2.381s] Level 1:colcon.colcon_core.environment:checking '/home/abdulhadi/ROS_Projects/Python/dabom/dabom_ws/install/dabomb_description' for CMake config files
[2.381s] Level 1:colcon.colcon_core.shell:create_environment_hook('dabomb_description', 'cmake_prefix_path')
[2.381s] INFO:colcon.colcon_core.shell:Creating environment hook '/home/abdulhadi/ROS_Projects/Python/dabom/dabom_ws/install/dabomb_description/share/dabomb_description/hook/cmake_prefix_path.ps1'
[2.382s] INFO:colcon.colcon_core.shell:Creating environment descriptor '/home/abdulhadi/ROS_Projects/Python/dabom/dabom_ws/install/dabomb_description/share/dabomb_description/hook/cmake_prefix_path.dsv'
[2.382s] INFO:colcon.colcon_core.shell:Creating environment hook '/home/abdulhadi/ROS_Projects/Python/dabom/dabom_ws/install/dabomb_description/share/dabomb_description/hook/cmake_prefix_path.sh'
[2.382s] Level 1:colcon.colcon_core.environment:checking '/home/abdulhadi/ROS_Projects/Python/dabom/dabom_ws/install/dabomb_description/bin'
[2.383s] Level 1:colcon.colcon_core.environment:checking '/home/abdulhadi/ROS_Projects/Python/dabom/dabom_ws/install/dabomb_description/lib/pkgconfig/dabomb_description.pc'
[2.383s] Level 1:colcon.colcon_core.environment:checking '/home/abdulhadi/ROS_Projects/Python/dabom/dabom_ws/install/dabomb_description/lib/python3.10/site-packages'
[2.383s] Level 1:colcon.colcon_core.environment:checking '/home/abdulhadi/ROS_Projects/Python/dabom/dabom_ws/install/dabomb_description/bin'
[2.383s] INFO:colcon.colcon_core.shell:Creating package script '/home/abdulhadi/ROS_Projects/Python/dabom/dabom_ws/install/dabomb_description/share/dabomb_description/package.ps1'
[2.383s] INFO:colcon.colcon_core.shell:Creating package descriptor '/home/abdulhadi/ROS_Projects/Python/dabom/dabom_ws/install/dabomb_description/share/dabomb_description/package.dsv'
[2.384s] INFO:colcon.colcon_core.shell:Creating package script '/home/abdulhadi/ROS_Projects/Python/dabom/dabom_ws/install/dabomb_description/share/dabomb_description/package.sh'
[2.384s] INFO:colcon.colcon_core.shell:Creating package script '/home/abdulhadi/ROS_Projects/Python/dabom/dabom_ws/install/dabomb_description/share/dabomb_description/package.bash'
[2.384s] INFO:colcon.colcon_core.shell:Creating package script '/home/abdulhadi/ROS_Projects/Python/dabom/dabom_ws/install/dabomb_description/share/dabomb_description/package.zsh'
[2.385s] Level 1:colcon.colcon_core.environment:create_file_with_runtime_dependencies(/home/abdulhadi/ROS_Projects/Python/dabom/dabom_ws/install/dabomb_description/share/colcon-core/packages/dabomb_description)
[2.385s] DEBUG:colcon.colcon_parallel_executor.executor.parallel:closing loop
[2.385s] DEBUG:colcon.colcon_parallel_executor.executor.parallel:loop closed
[2.385s] DEBUG:colcon.colcon_parallel_executor.executor.parallel:run_until_complete finished with '0'
[2.385s] DEBUG:colcon.colcon_core.event_reactor:joining thread
[2.389s] INFO:colcon.colcon_core.plugin_system:Skipping extension 'colcon_notification.desktop_notification.terminal_notifier': Not used on non-Darwin systems
[2.390s] INFO:colcon.colcon_core.plugin_system:Skipping extension 'colcon_notification.desktop_notification.win32': Not used on non-Windows systems
[2.390s] INFO:colcon.colcon_notification.desktop_notification:Sending desktop notification using 'notify2'
[2.398s] DEBUG:colcon.colcon_core.event_reactor:joined thread
[2.398s] INFO:colcon.colcon_core.shell:Creating prefix script '/home/abdulhadi/ROS_Projects/Python/dabom/dabom_ws/install/local_setup.ps1'
[2.399s] INFO:colcon.colcon_core.shell:Creating prefix util module '/home/abdulhadi/ROS_Projects/Python/dabom/dabom_ws/install/_local_setup_util_ps1.py'
[2.400s] INFO:colcon.colcon_core.shell:Creating prefix chain script '/home/abdulhadi/ROS_Projects/Python/dabom/dabom_ws/install/setup.ps1'
[2.401s] INFO:colcon.colcon_core.shell:Creating prefix script '/home/abdulhadi/ROS_Projects/Python/dabom/dabom_ws/install/local_setup.sh'
[2.401s] INFO:colcon.colcon_core.shell:Creating prefix util module '/home/abdulhadi/ROS_Projects/Python/dabom/dabom_ws/install/_local_setup_util_sh.py'
[2.402s] INFO:colcon.colcon_core.shell:Creating prefix chain script '/home/abdulhadi/ROS_Projects/Python/dabom/dabom_ws/install/setup.sh'
[2.403s] INFO:colcon.colcon_core.shell:Creating prefix script '/home/abdulhadi/ROS_Projects/Python/dabom/dabom_ws/install/local_setup.bash'
[2.403s] INFO:colcon.colcon_core.shell:Creating prefix chain script '/home/abdulhadi/ROS_Projects/Python/dabom/dabom_ws/install/setup.bash'
[2.404s] INFO:colcon.colcon_core.shell:Creating prefix script '/home/abdulhadi/ROS_Projects/Python/dabom/dabom_ws/install/local_setup.zsh'
[2.404s] INFO:colcon.colcon_core.shell:Creating prefix chain script '/home/abdulhadi/ROS_Projects/Python/dabom/dabom_ws/install/setup.zsh'
