[0.019s] Invoking command in '/home/abdulhadi/ROS_Projects/Python/dabom/dabom_ws/build/dabomb_description': CMAKE_PREFIX_PATH=${CMAKE_PREFIX_PATH}:/opt/ros/humble /usr/bin/cmake /home/abdulhadi/ROS_Projects/Python/dabom/dabom_ws/src/dabomb_description -DCMAKE_INSTALL_PREFIX=/home/abdulhadi/ROS_Projects/Python/dabom/dabom_ws/install/dabomb_description
[0.164s] -- The C compiler identification is GNU 11.4.0
[0.288s] -- The CXX compiler identification is GNU 11.4.0
[0.295s] -- Detecting C compiler ABI info
[0.349s] -- Detecting C compiler ABI info - done
[0.354s] -- Check for working C compiler: /usr/bin/cc - skipped
[0.355s] -- Detecting C compile features
[0.355s] -- Detecting C compile features - done
[0.358s] -- Detecting CXX compiler ABI info
[0.417s] -- Detecting CXX compiler ABI info - done
[0.422s] -- Check for working CXX compiler: /usr/bin/c++ - skipped
[0.422s] -- Detecting CXX compile features
[0.422s] -- Detecting CXX compile features - done
[0.425s] -- Found ament_cmake: 1.3.10 (/opt/ros/humble/share/ament_cmake/cmake)
[0.544s] -- Found Python3: /usr/bin/python3 (found version "3.10.12") found components: Interpreter 
[0.612s] -- Found xacro: 2.0.8 (/opt/ros/humble/share/xacro/cmake)
[0.614s] -- Found gazebo_ros: 3.7.0 (/opt/ros/humble/share/gazebo_ros/cmake)
[0.648s] -- Found rosidl_generator_c: 3.1.5 (/opt/ros/humble/share/rosidl_generator_c/cmake)
[0.652s] -- Found rosidl_adapter: 3.1.5 (/opt/ros/humble/share/rosidl_adapter/cmake)
[0.658s] -- Found rosidl_generator_cpp: 3.1.5 (/opt/ros/humble/share/rosidl_generator_cpp/cmake)
[0.667s] -- Using all available rosidl_typesupport_c: rosidl_typesupport_fastrtps_c;rosidl_typesupport_introspection_c
[0.679s] -- Using all available rosidl_typesupport_cpp: rosidl_typesupport_fastrtps_cpp;rosidl_typesupport_introspection_cpp
[0.712s] -- Found rmw_implementation_cmake: 6.1.2 (/opt/ros/humble/share/rmw_implementation_cmake/cmake)
[0.714s] -- Found rmw_fastrtps_cpp: 6.2.7 (/opt/ros/humble/share/rmw_fastrtps_cpp/cmake)
[0.776s] -- Found OpenSSL: /usr/lib/x86_64-linux-gnu/libcrypto.so (found version "3.0.2")  
[0.799s] -- Found FastRTPS: /opt/ros/humble/include  
[0.831s] -- Using RMW implementation 'rmw_fastrtps_cpp' as default
[0.844s] -- Looking for pthread.h
[0.905s] -- Looking for pthread.h - found
[0.905s] -- Performing Test CMAKE_HAVE_LIBC_PTHREAD
[0.957s] -- Performing Test CMAKE_HAVE_LIBC_PTHREAD - Success
[0.958s] -- Found Threads: TRUE  
[1.006s] -- Found PkgConfig: /usr/bin/pkg-config (found version "0.29.2") 
[1.007s] -- Checking for module 'bullet>=2.82'
[1.016s] --   Found bullet, version 3.05
[1.098s] -- Found fcl: /usr/include (found suitable version "0.7.0", minimum required is "0.5.0") 
[1.134s] -- Found assimp: /usr/include (found version "5.2.0") 
[1.155s] -- Found DART: /usr/include (Required is at least version "6.6") found components: dart 
[1.181s] -- Found Boost: /usr/lib/x86_64-linux-gnu/cmake/Boost-1.74.0/BoostConfig.cmake (found suitable version "1.74.0", minimum required is "1.40.0") found components: thread system filesystem program_options regex iostreams date_time 
[1.203s] -- Found Protobuf: /usr/lib/x86_64-linux-gnu/libprotobuf.so (found version "3.12.4") 
[1.208s] -- Looking for ignition-math6 -- found version 6.15.1
[1.216s] -- Searching for dependencies of ignition-math6
[1.218s] -- Looking for OGRE...
[1.219s] -- OGRE_PREFIX_WATCH changed.
[1.222s] -- Checking for module 'OGRE'
[1.232s] --   Found OGRE, version 1.9.0
[1.256s] -- Found Ogre Ghadamon (1.9.0)
[1.264s] -- Found OGRE: optimized;/usr/lib/x86_64-linux-gnu/libOgreMain.so;debug;/usr/lib/x86_64-linux-gnu/libOgreMain.so
[1.271s] -- Looking for OGRE_Paging...
[1.277s] -- Found OGRE_Paging: optimized;/usr/lib/x86_64-linux-gnu/libOgrePaging.so;debug;/usr/lib/x86_64-linux-gnu/libOgrePaging.so
[1.277s] -- Looking for OGRE_Terrain...
[1.281s] -- Found OGRE_Terrain: optimized;/usr/lib/x86_64-linux-gnu/libOgreTerrain.so;debug;/usr/lib/x86_64-linux-gnu/libOgreTerrain.so
[1.281s] -- Looking for OGRE_Property...
[1.285s] -- Found OGRE_Property: optimized;/usr/lib/x86_64-linux-gnu/libOgreProperty.so;debug;/usr/lib/x86_64-linux-gnu/libOgreProperty.so
[1.285s] -- Looking for OGRE_RTShaderSystem...
[1.288s] -- Found OGRE_RTShaderSystem: optimized;/usr/lib/x86_64-linux-gnu/libOgreRTShaderSystem.so;debug;/usr/lib/x86_64-linux-gnu/libOgreRTShaderSystem.so
[1.288s] -- Looking for OGRE_Volume...
[1.294s] -- Found OGRE_Volume: optimized;/usr/lib/x86_64-linux-gnu/libOgreVolume.so;debug;/usr/lib/x86_64-linux-gnu/libOgreVolume.so
[1.294s] -- Looking for OGRE_Overlay...
[1.298s] -- Found OGRE_Overlay: optimized;/usr/lib/x86_64-linux-gnu/libOgreOverlay.so;debug;/usr/lib/x86_64-linux-gnu/libOgreOverlay.so
[1.382s] -- Looking for ignition-math6 -- found version 6.15.1
[1.384s] -- Looking for ignition-transport8 -- found version 8.2.1
[1.384s] -- Searching for dependencies of ignition-transport8
[1.397s] -- Found Protobuf: /usr/lib/x86_64-linux-gnu/libprotobuf.so (found suitable version "3.12.4", minimum required is "3") 
[1.404s] -- Config-file not installed for ZeroMQ -- checking for pkg-config
[1.408s] -- Checking for module 'libzmq >= 4'
[1.418s] --   Found libzmq , version 4.3.4
[1.444s] -- Found ZeroMQ: TRUE (Required is at least version "4") 
[1.448s] -- Checking for module 'uuid'
[1.457s] --   Found uuid, version 2.37.2
[1.480s] -- Found UUID: TRUE  
[1.482s] -- Looking for ignition-msgs5 -- found version 5.8.1
[1.483s] -- Searching for dependencies of ignition-msgs5
[1.497s] -- Looking for ignition-math6 -- found version 6.15.1
[1.501s] -- Checking for module 'tinyxml2'
[1.510s] --   Found tinyxml2, version 9.0.0
[1.536s] -- Looking for ignition-msgs5 -- found version 5.8.1
[1.539s] -- Looking for ignition-common3 -- found version 3.14.0
[1.539s] -- Searching for dependencies of ignition-common3
[1.539s] -- Looking for dlfcn.h - found
[1.541s] -- Looking for libdl - found
[1.542s] -- Found DL: TRUE  
[1.553s] -- Found tinyobjloader: /usr/lib/x86_64-linux-gnu/cmake/tinyobjloader/tinyobjloader-config.cmake (found version "2.0.0") 
[1.553s] -- Searching for <ignition-common3> component [graphics]
[1.556s] -- Looking for ignition-common3-graphics -- found version 3.14.0
[1.556s] -- Searching for dependencies of ignition-common3-graphics
[1.556s] -- Looking for ignition-math6 -- found version 6.15.1
[1.560s] -- Looking for ignition-fuel_tools4 -- found version 4.4.0
[1.560s] -- Searching for dependencies of ignition-fuel_tools4
[1.619s] -- Found CURL: /usr/lib/x86_64-linux-gnu/libcurl.so (found version "7.81.0")  
[1.628s] -- Checking for module 'jsoncpp'
[1.638s] --   Found jsoncpp, version 1.9.5
[1.662s] -- Found JSONCPP: TRUE  
[1.667s] -- Checking for module 'libzip'
[1.676s] --   Found libzip, version 1.7.3
[1.699s] -- Found ZIP: TRUE  
[1.699s] -- Looking for ignition-common3 -- found version 3.14.0
[1.699s] -- Looking for ignition-math6 -- found version 6.15.1
[1.699s] -- Looking for ignition-msgs5 -- found version 5.8.1
[1.703s] -- Gazebo version: 11.10
[1.704s] -- Checking for module 'tbb'
[1.715s] --   Found tbb, version 2021.5.0
[1.740s] -- Found robot_state_publisher: 3.0.3 (/opt/ros/humble/share/robot_state_publisher/cmake)
[1.762s] -- Found eigen3_cmake_module: 0.1.1 (/opt/ros/humble/share/eigen3_cmake_module/cmake)
[1.763s] -- Found Eigen3: TRUE (found version "3.4.0") 
[1.764s] -- Ensuring Eigen3 include directory is part of orocos-kdl CMake target
[1.928s] -- Found ament_lint_auto: 0.12.11 (/opt/ros/humble/share/ament_lint_auto/cmake)
[1.986s] -- Added test 'flake8' to check Python code syntax and style conventions
[1.986s] -- Added test 'lint_cmake' to check CMake code style
[1.987s] -- Added test 'pep257' to check Python code against some of the docstring style conventions in PEP 257
[1.988s] -- Added test 'xmllint' to check XML markup files
[1.989s] -- Configuring done
[1.994s] -- Generating done
[1.996s] -- Build files have been written to: /home/abdulhadi/ROS_Projects/Python/dabom/dabom_ws/build/dabomb_description
[2.008s] Invoked command in '/home/abdulhadi/ROS_Projects/Python/dabom/dabom_ws/build/dabomb_description' returned '0': CMAKE_PREFIX_PATH=${CMAKE_PREFIX_PATH}:/opt/ros/humble /usr/bin/cmake /home/abdulhadi/ROS_Projects/Python/dabom/dabom_ws/src/dabomb_description -DCMAKE_INSTALL_PREFIX=/home/abdulhadi/ROS_Projects/Python/dabom/dabom_ws/install/dabomb_description
[2.009s] Invoking command in '/home/abdulhadi/ROS_Projects/Python/dabom/dabom_ws/build/dabomb_description': CMAKE_PREFIX_PATH=${CMAKE_PREFIX_PATH}:/opt/ros/humble /usr/bin/cmake --build /home/abdulhadi/ROS_Projects/Python/dabom/dabom_ws/build/dabomb_description -- -j12 -l12
[2.040s] Invoked command in '/home/abdulhadi/ROS_Projects/Python/dabom/dabom_ws/build/dabomb_description' returned '0': CMAKE_PREFIX_PATH=${CMAKE_PREFIX_PATH}:/opt/ros/humble /usr/bin/cmake --build /home/abdulhadi/ROS_Projects/Python/dabom/dabom_ws/build/dabomb_description -- -j12 -l12
[2.056s] Invoking command in '/home/abdulhadi/ROS_Projects/Python/dabom/dabom_ws/build/dabomb_description': CMAKE_PREFIX_PATH=${CMAKE_PREFIX_PATH}:/opt/ros/humble /usr/bin/cmake --install /home/abdulhadi/ROS_Projects/Python/dabom/dabom_ws/build/dabomb_description
[2.061s] -- Install configuration: ""
[2.062s] -- Installing: /home/abdulhadi/ROS_Projects/Python/dabom/dabom_ws/install/dabomb_description/share/dabomb_description/config
[2.062s] -- Installing: /home/abdulhadi/ROS_Projects/Python/dabom/dabom_ws/install/dabomb_description/share/dabomb_description/config/display.rviz
[2.062s] -- Up-to-date: /home/abdulhadi/ROS_Projects/Python/dabom/dabom_ws/install/dabomb_description/share/dabomb_description/launch
[2.062s] -- Installing: /home/abdulhadi/ROS_Projects/Python/dabom/dabom_ws/install/dabomb_description/share/dabomb_description/launch/display.launch.py
[2.062s] -- Installing: /home/abdulhadi/ROS_Projects/Python/dabom/dabom_ws/install/dabomb_description/share/dabomb_description/launch/headless.launch.py
[2.062s] -- Installing: /home/abdulhadi/ROS_Projects/Python/dabom/dabom_ws/install/dabomb_description/share/dabomb_description/launch/gazebo.launch.py
[2.063s] -- Installing: /home/abdulhadi/ROS_Projects/Python/dabom/dabom_ws/install/dabomb_description/share/dabomb_description/launch/robot_state.launch.py
[2.063s] -- Installing: /home/abdulhadi/ROS_Projects/Python/dabom/dabom_ws/install/dabomb_description/share/dabomb_description/urdf
[2.063s] -- Installing: /home/abdulhadi/ROS_Projects/Python/dabom/dabom_ws/install/dabomb_description/share/dabomb_description/urdf/materials.xacro
[2.063s] -- Installing: /home/abdulhadi/ROS_Projects/Python/dabom/dabom_ws/install/dabomb_description/share/dabomb_description/urdf/dabomb.xacro
[2.063s] -- Installing: /home/abdulhadi/ROS_Projects/Python/dabom/dabom_ws/install/dabomb_description/share/dabomb_description/urdf/dabomb.gazebo
[2.063s] -- Installing: /home/abdulhadi/ROS_Projects/Python/dabom/dabom_ws/install/dabomb_description/share/dabomb_description/urdf/dabomb.trans
[2.064s] -- Installing: /home/abdulhadi/ROS_Projects/Python/dabom/dabom_ws/install/dabomb_description/share/dabomb_description/meshes/base_link.stl
[2.071s] -- Installing: /home/abdulhadi/ROS_Projects/Python/dabom/dabom_ws/install/dabomb_description/share/dabomb_description/meshes/LIDAR_1.stl
[2.075s] -- Installing: /home/abdulhadi/ROS_Projects/Python/dabom/dabom_ws/install/dabomb_description/share/dabomb_description/meshes/Wheel1_1.stl
[2.075s] -- Installing: /home/abdulhadi/ROS_Projects/Python/dabom/dabom_ws/install/dabomb_description/share/dabomb_description/meshes/Wheel2_1.stl
[2.076s] -- Installing: /home/abdulhadi/ROS_Projects/Python/dabom/dabom_ws/install/dabomb_description/share/dabomb_description/meshes/Wheel3_1.stl
[2.076s] -- Installing: /home/abdulhadi/ROS_Projects/Python/dabom/dabom_ws/install/dabomb_description/share/dabomb_description/meshes/Wheel4_1.stl
[2.076s] -- Installing: /home/abdulhadi/ROS_Projects/Python/dabom/dabom_ws/install/dabomb_description/share/dabomb_description/resource
[2.076s] -- Installing: /home/abdulhadi/ROS_Projects/Python/dabom/dabom_ws/install/dabomb_description/share/dabomb_description/resource/dabomb_description
[2.077s] -- Installing: /home/abdulhadi/ROS_Projects/Python/dabom/dabom_ws/install/dabomb_description/share/ament_index/resource_index/package_run_dependencies/dabomb_description
[2.077s] -- Installing: /home/abdulhadi/ROS_Projects/Python/dabom/dabom_ws/install/dabomb_description/share/ament_index/resource_index/parent_prefix_path/dabomb_description
[2.077s] -- Installing: /home/abdulhadi/ROS_Projects/Python/dabom/dabom_ws/install/dabomb_description/share/dabomb_description/environment/ament_prefix_path.sh
[2.077s] -- Installing: /home/abdulhadi/ROS_Projects/Python/dabom/dabom_ws/install/dabomb_description/share/dabomb_description/environment/ament_prefix_path.dsv
[2.077s] -- Installing: /home/abdulhadi/ROS_Projects/Python/dabom/dabom_ws/install/dabomb_description/share/dabomb_description/environment/path.sh
[2.077s] -- Installing: /home/abdulhadi/ROS_Projects/Python/dabom/dabom_ws/install/dabomb_description/share/dabomb_description/environment/path.dsv
[2.077s] -- Installing: /home/abdulhadi/ROS_Projects/Python/dabom/dabom_ws/install/dabomb_description/share/dabomb_description/local_setup.bash
[2.077s] -- Installing: /home/abdulhadi/ROS_Projects/Python/dabom/dabom_ws/install/dabomb_description/share/dabomb_description/local_setup.sh
[2.077s] -- Installing: /home/abdulhadi/ROS_Projects/Python/dabom/dabom_ws/install/dabomb_description/share/dabomb_description/local_setup.zsh
[2.078s] -- Installing: /home/abdulhadi/ROS_Projects/Python/dabom/dabom_ws/install/dabomb_description/share/dabomb_description/local_setup.dsv
[2.078s] -- Installing: /home/abdulhadi/ROS_Projects/Python/dabom/dabom_ws/install/dabomb_description/share/dabomb_description/package.dsv
[2.078s] -- Installing: /home/abdulhadi/ROS_Projects/Python/dabom/dabom_ws/install/dabomb_description/share/ament_index/resource_index/packages/dabomb_description
[2.078s] -- Installing: /home/abdulhadi/ROS_Projects/Python/dabom/dabom_ws/install/dabomb_description/share/dabomb_description/cmake/dabomb_descriptionConfig.cmake
[2.078s] -- Installing: /home/abdulhadi/ROS_Projects/Python/dabom/dabom_ws/install/dabomb_description/share/dabomb_description/cmake/dabomb_descriptionConfig-version.cmake
[2.078s] -- Installing: /home/abdulhadi/ROS_Projects/Python/dabom/dabom_ws/install/dabomb_description/share/dabomb_description/package.xml
[2.080s] Invoked command in '/home/abdulhadi/ROS_Projects/Python/dabom/dabom_ws/build/dabomb_description' returned '0': CMAKE_PREFIX_PATH=${CMAKE_PREFIX_PATH}:/opt/ros/humble /usr/bin/cmake --install /home/abdulhadi/ROS_Projects/Python/dabom/dabom_ws/build/dabomb_description
