[0.494s] Invoking command in '/home/mees/Documents/GitHub/dabom/dabom_ws/src/serial_comm': PYTHONPATH=/home/mees/Documents/GitHub/dabom/build/serial_comm/prefix_override:/usr/lib/python3/dist-packages/colcon_core/task/python/colcon_distutils_commands:/home/mees/Documents/GitHub/dabom/install/serial_comm/lib/python3.10/site-packages:${PYTHONPATH} /usr/bin/python3 -W ignore:setup.py install is deprecated setup.py egg_info --egg-base ../../../build/serial_comm build --build-base /home/mees/Documents/GitHub/dabom/build/serial_comm/build install --record /home/mees/Documents/GitHub/dabom/build/serial_comm/install.log --single-version-externally-managed install_data
[0.687s] running egg_info
[0.688s] creating ../../../build/serial_comm/serial_comm.egg-info
[0.688s] writing ../../../build/serial_comm/serial_comm.egg-info/PKG-INFO
[0.688s] writing dependency_links to ../../../build/serial_comm/serial_comm.egg-info/dependency_links.txt
[0.688s] writing entry points to ../../../build/serial_comm/serial_comm.egg-info/entry_points.txt
[0.688s] writing requirements to ../../../build/serial_comm/serial_comm.egg-info/requires.txt
[0.688s] writing top-level names to ../../../build/serial_comm/serial_comm.egg-info/top_level.txt
[0.688s] writing manifest file '../../../build/serial_comm/serial_comm.egg-info/SOURCES.txt'
[0.689s] reading manifest file '../../../build/serial_comm/serial_comm.egg-info/SOURCES.txt'
[0.690s] adding license file 'LICENSE'
[0.690s] writing manifest file '../../../build/serial_comm/serial_comm.egg-info/SOURCES.txt'
[0.690s] running build
[0.690s] running build_py
[0.690s] creating /home/mees/Documents/GitHub/dabom/build/serial_comm/build
[0.690s] creating /home/mees/Documents/GitHub/dabom/build/serial_comm/build/lib
[0.690s] creating /home/mees/Documents/GitHub/dabom/build/serial_comm/build/lib/serial_comm
[0.690s] copying serial_comm/serial_talker.py -> /home/mees/Documents/GitHub/dabom/build/serial_comm/build/lib/serial_comm
[0.691s] copying serial_comm/__init__.py -> /home/mees/Documents/GitHub/dabom/build/serial_comm/build/lib/serial_comm
[0.691s] running install
[0.691s] running install_lib
[0.691s] creating /home/mees/Documents/GitHub/dabom/install/serial_comm/lib/python3.10/site-packages/serial_comm
[0.691s] copying /home/mees/Documents/GitHub/dabom/build/serial_comm/build/lib/serial_comm/serial_talker.py -> /home/mees/Documents/GitHub/dabom/install/serial_comm/lib/python3.10/site-packages/serial_comm
[0.691s] copying /home/mees/Documents/GitHub/dabom/build/serial_comm/build/lib/serial_comm/__init__.py -> /home/mees/Documents/GitHub/dabom/install/serial_comm/lib/python3.10/site-packages/serial_comm
[0.692s] byte-compiling /home/mees/Documents/GitHub/dabom/install/serial_comm/lib/python3.10/site-packages/serial_comm/serial_talker.py to serial_talker.cpython-310.pyc
[0.692s] byte-compiling /home/mees/Documents/GitHub/dabom/install/serial_comm/lib/python3.10/site-packages/serial_comm/__init__.py to __init__.cpython-310.pyc
[0.692s] running install_data
[0.692s] creating /home/mees/Documents/GitHub/dabom/install/serial_comm/share/ament_index
[0.693s] creating /home/mees/Documents/GitHub/dabom/install/serial_comm/share/ament_index/resource_index
[0.693s] creating /home/mees/Documents/GitHub/dabom/install/serial_comm/share/ament_index/resource_index/packages
[0.693s] copying resource/serial_comm -> /home/mees/Documents/GitHub/dabom/install/serial_comm/share/ament_index/resource_index/packages
[0.693s] copying package.xml -> /home/mees/Documents/GitHub/dabom/install/serial_comm/share/serial_comm
[0.693s] running install_egg_info
[0.694s] Copying ../../../build/serial_comm/serial_comm.egg-info to /home/mees/Documents/GitHub/dabom/install/serial_comm/lib/python3.10/site-packages/serial_comm-0.0.0-py3.10.egg-info
[0.695s] running install_scripts
[0.709s] Installing serial_talker script to /home/mees/Documents/GitHub/dabom/install/serial_comm/lib/serial_comm
[0.709s] writing list of installed files to '/home/mees/Documents/GitHub/dabom/build/serial_comm/install.log'
[0.730s] Invoked command in '/home/mees/Documents/GitHub/dabom/dabom_ws/src/serial_comm' returned '0': PYTHONPATH=/home/mees/Documents/GitHub/dabom/build/serial_comm/prefix_override:/usr/lib/python3/dist-packages/colcon_core/task/python/colcon_distutils_commands:/home/mees/Documents/GitHub/dabom/install/serial_comm/lib/python3.10/site-packages:${PYTHONPATH} /usr/bin/python3 -W ignore:setup.py install is deprecated setup.py egg_info --egg-base ../../../build/serial_comm build --build-base /home/mees/Documents/GitHub/dabom/build/serial_comm/build install --record /home/mees/Documents/GitHub/dabom/build/serial_comm/install.log --single-version-externally-managed install_data
