[2.849s] Invoking command in '/home/pi/dabom/dabom_ws/src/build/dabom_bringup': AMENT_PREFIX_PATH=/home/pi/dabom/dabom_ws/src/install/x_serial:/home/pi/dabom/dabom_ws/src/install/serial_comm:/home/pi/dabom/dabom_ws/src/install/rplidar_ros:/home/pi/dabom/dabom_ws/src/install/odom:/home/pi/dabom/dabom_ws/src/install/inv_kin:${AMENT_PREFIX_PATH} CMAKE_PREFIX_PATH=/home/pi/dabom/dabom_ws/src/install/rplidar_ros:${CMAKE_PREFIX_PATH} PYTHONPATH=/home/pi/dabom/dabom_ws/src/build/dabom_bringup/prefix_override:/usr/lib/python3/dist-packages/colcon_core/task/python/colcon_distutils_commands:/home/pi/dabom/dabom_ws/src/install/dabom_bringup/lib/python3.10/site-packages:/home/pi/dabom/dabom_ws/src/build/x_serial:/home/pi/dabom/dabom_ws/src/install/x_serial/lib/python3.10/site-packages:/home/pi/dabom/dabom_ws/src/build/serial_comm:/home/pi/dabom/dabom_ws/src/install/serial_comm/lib/python3.10/site-packages:/home/pi/dabom/dabom_ws/src/build/odom:/home/pi/dabom/dabom_ws/src/install/odom/lib/python3.10/site-packages:/home/pi/dabom/dabom_ws/src/build/inv_kin:/home/pi/dabom/dabom_ws/src/install/inv_kin/lib/python3.10/site-packages:${PYTHONPATH} /usr/bin/python3 -W ignore:setup.py install is deprecated setup.py develop --editable --build-directory /home/pi/dabom/dabom_ws/src/build/dabom_bringup/build --no-deps symlink_data
[4.365s] running develop
[4.367s] /usr/lib/python3/dist-packages/setuptools/command/easy_install.py:158: EasyInstallDeprecationWarning: easy_install command is deprecated. Use build and pip and other standards-based tools.
[4.368s]   warnings.warn(
[5.592s] running egg_info
[5.594s] creating dabom_bringup.egg-info
[5.595s] writing dabom_bringup.egg-info/PKG-INFO
[5.596s] writing dependency_links to dabom_bringup.egg-info/dependency_links.txt
[5.597s] writing entry points to dabom_bringup.egg-info/entry_points.txt
[5.600s] writing requirements to dabom_bringup.egg-info/requires.txt
[5.600s] writing top-level names to dabom_bringup.egg-info/top_level.txt
[5.601s] writing manifest file 'dabom_bringup.egg-info/SOURCES.txt'
[5.604s] reading manifest file 'dabom_bringup.egg-info/SOURCES.txt'
[5.608s] writing manifest file 'dabom_bringup.egg-info/SOURCES.txt'
[5.618s] running build_ext
[5.622s] Creating /home/pi/dabom/dabom_ws/src/install/dabom_bringup/lib/python3.10/site-packages/dabom-bringup.egg-link (link to .)
[5.632s] 
[5.638s] Installed /home/pi/dabom/dabom_ws/src/build/dabom_bringup
[5.638s] running symlink_data
[5.639s] creating /home/pi/dabom/dabom_ws/src/install/dabom_bringup/share/ament_index
[5.639s] creating /home/pi/dabom/dabom_ws/src/install/dabom_bringup/share/ament_index/resource_index
[5.640s] creating /home/pi/dabom/dabom_ws/src/install/dabom_bringup/share/ament_index/resource_index/packages
[5.641s] symbolically linking /home/pi/dabom/dabom_ws/src/build/dabom_bringup/resource/dabom_bringup -> /home/pi/dabom/dabom_ws/src/install/dabom_bringup/share/ament_index/resource_index/packages
[5.641s] symbolically linking /home/pi/dabom/dabom_ws/src/build/dabom_bringup/package.xml -> /home/pi/dabom/dabom_ws/src/install/dabom_bringup/share/dabom_bringup
[5.642s] creating /home/pi/dabom/dabom_ws/src/install/dabom_bringup/share/dabom_bringup/launch
[5.643s] symbolically linking /home/pi/dabom/dabom_ws/src/build/dabom_bringup/launch/rpi_bringup.py -> /home/pi/dabom/dabom_ws/src/install/dabom_bringup/share/dabom_bringup/launch
[5.643s] symbolically linking /home/pi/dabom/dabom_ws/src/build/dabom_bringup/launch/computer_bringup.py -> /home/pi/dabom/dabom_ws/src/install/dabom_bringup/share/dabom_bringup/launch
[5.644s] creating /home/pi/dabom/dabom_ws/src/install/dabom_bringup/share/dabom_bringup/config
[5.644s] symbolically linking /home/pi/dabom/dabom_ws/src/build/dabom_bringup/config/master.yaml -> /home/pi/dabom/dabom_ws/src/install/dabom_bringup/share/dabom_bringup/config
[5.645s] symbolically linking /home/pi/dabom/dabom_ws/src/build/dabom_bringup/config/mapper_params_online_async.yaml -> /home/pi/dabom/dabom_ws/src/install/dabom_bringup/share/dabom_bringup/config
[5.646s] symbolically linking /home/pi/dabom/dabom_ws/src/build/dabom_bringup/config/launch_config.yaml -> /home/pi/dabom/dabom_ws/src/install/dabom_bringup/share/dabom_bringup/config
[5.646s] symbolically linking /home/pi/dabom/dabom_ws/src/build/dabom_bringup/config/nav2_params.yaml -> /home/pi/dabom/dabom_ws/src/install/dabom_bringup/share/dabom_bringup/config
[5.647s] symbolically linking /home/pi/dabom/dabom_ws/src/build/dabom_bringup/config/common_params.yaml -> /home/pi/dabom/dabom_ws/src/install/dabom_bringup/share/dabom_bringup/config
[5.648s] symbolically linking /home/pi/dabom/dabom_ws/src/build/dabom_bringup/config/dabom.rviz -> /home/pi/dabom/dabom_ws/src/install/dabom_bringup/share/dabom_bringup/config
[5.820s] Invoked command in '/home/pi/dabom/dabom_ws/src/build/dabom_bringup' returned '0': AMENT_PREFIX_PATH=/home/pi/dabom/dabom_ws/src/install/x_serial:/home/pi/dabom/dabom_ws/src/install/serial_comm:/home/pi/dabom/dabom_ws/src/install/rplidar_ros:/home/pi/dabom/dabom_ws/src/install/odom:/home/pi/dabom/dabom_ws/src/install/inv_kin:${AMENT_PREFIX_PATH} CMAKE_PREFIX_PATH=/home/pi/dabom/dabom_ws/src/install/rplidar_ros:${CMAKE_PREFIX_PATH} PYTHONPATH=/home/pi/dabom/dabom_ws/src/build/dabom_bringup/prefix_override:/usr/lib/python3/dist-packages/colcon_core/task/python/colcon_distutils_commands:/home/pi/dabom/dabom_ws/src/install/dabom_bringup/lib/python3.10/site-packages:/home/pi/dabom/dabom_ws/src/build/x_serial:/home/pi/dabom/dabom_ws/src/install/x_serial/lib/python3.10/site-packages:/home/pi/dabom/dabom_ws/src/build/serial_comm:/home/pi/dabom/dabom_ws/src/install/serial_comm/lib/python3.10/site-packages:/home/pi/dabom/dabom_ws/src/build/odom:/home/pi/dabom/dabom_ws/src/install/odom/lib/python3.10/site-packages:/home/pi/dabom/dabom_ws/src/build/inv_kin:/home/pi/dabom/dabom_ws/src/install/inv_kin/lib/python3.10/site-packages:${PYTHONPATH} /usr/bin/python3 -W ignore:setup.py install is deprecated setup.py develop --editable --build-directory /home/pi/dabom/dabom_ws/src/build/dabom_bringup/build --no-deps symlink_data
