running egg_info
writing ../../build/serial_comm/serial_comm.egg-info/PKG-INFO
writing dependency_links to ../../build/serial_comm/serial_comm.egg-info/dependency_links.txt
writing entry points to ../../build/serial_comm/serial_comm.egg-info/entry_points.txt
writing requirements to ../../build/serial_comm/serial_comm.egg-info/requires.txt
writing top-level names to ../../build/serial_comm/serial_comm.egg-info/top_level.txt
reading manifest file '../../build/serial_comm/serial_comm.egg-info/SOURCES.txt'
adding license file 'LICENSE'
writing manifest file '../../build/serial_comm/serial_comm.egg-info/SOURCES.txt'
running build
running build_py
running install
running install_lib
running install_data
running install_egg_info
removing '/home/mees/Documents/GitHub/dabom/dabom_ws/install/serial_comm/lib/python3.10/site-packages/serial_comm-0.0.0-py3.10.egg-info' (and everything under it)
Copying ../../build/serial_comm/serial_comm.egg-info to /home/mees/Documents/GitHub/dabom/dabom_ws/install/serial_comm/lib/python3.10/site-packages/serial_comm-0.0.0-py3.10.egg-info
running install_scripts
Installing serial_talker script to /home/mees/Documents/GitHub/dabom/dabom_ws/install/serial_comm/lib/serial_comm
writing list of installed files to '/home/mees/Documents/GitHub/dabom/dabom_ws/build/serial_comm/install.log'
